<?xml version="1.0" encoding="UTF-8"?>
<testsuites name="Members_My_Profile" time="147.598" tests="1" failures="0" errors="0">
   <testsuite name="Members_My_Profile" tests="1" failures="0" errors="0" time="147.598" timestamp="2019-12-10 08:30:10" hostname="DavidHo - VETTEDSP36RF.check.local" id="Test Suites/Members_My_Profile">
      <properties>
         <property name="deviceName" value=""/>
         <property name="devicePlatform" value=""/>
         <property name="logFolder" value="C:\\Users\\davidho\\Katalon Studio\\Start\\Reports\\20191210_082453\\Members_My_Profile\\20191210_082503"/>
         <property name="logFiles" value="C:\\Users\\davidho\\Katalon Studio\\Start\\Reports\\20191210_082453\\Members_My_Profile\\20191210_082503\\execution0.log"/>
         <property name="attachments" value=""/>
         <property name="hostName" value="DavidHo - VETTEDSP36RF.check.local"/>
         <property name="os" value="Windows 10 32bit"/>
         <property name="katalonVersion" value="7.1.0.1"/>
         <property name="browser" value="Chrome 78.0.3904.108"/>
         <property name="hostAddress" value="10.0.11.243"/>
         <property name="sessionId" value="a063b0902d2ecafd3ff38e427a1c8df1"/>
         <property name="seleniumVersion" value="3.141.59"/>
         <property name="proxyInformation" value="ProxyInformation{proxyOption=NO_PROXY, proxyServerType=HTTP, password=, proxyServerAddress=, proxyServerPort=0}"/>
         <property name="platform" value="Windows 10"/>
      </properties>
      <testcase name="Test Cases/Members_Area/My_Profile_Page" time="146.358" classname="Test Cases/Members_Area/My_Profile_Page" status="PASSED">
         <system-out><![CDATA[2019-12-10 08:30:10 - [TEST_CASE][PASSED] - Test Cases/Members_Area/My_Profile_Page: Test Cases/Members_Area/My_Profile_Page

2019-12-10 08:30:10 - [TEST_STEP][PASSED] - PAGE = "my-profile-page": null

2019-12-10 08:30:11 - [TEST_STEP][PASSED] - for ([row = 1, row <= findTestData("Members_Test_Data").getRowNumbers(), (internal.GlobalVariable.row++)]): Call Test Case 'Test Cases/Reusable_Test_Sequences/Members_Area/Banner_Menu/log_Off' successfully

2019-12-10 08:30:11 - [TEST_STEP][PASSED] - callTestCase(findTestCase("Reusable_Test_Sequences/Members_Area/Start_Up"), [:], OPTIONAL): Call Test Case 'Test Cases/Reusable_Test_Sequences/Members_Area/Start_Up' successfully

2019-12-10 08:30:11 - [TEST_CASE][PASSED] - Test Cases/Reusable_Test_Sequences/Members_Area/Start_Up: Test Cases/Reusable_Test_Sequences/Members_Area/Start_Up

2019-12-10 08:30:12 - [TEST_STEP][PASSED] - "----------------------------------------------------": null

2019-12-10 08:30:12 - [TEST_STEP][PASSED] - FUNCTION_AREA = "Members_Area": null

2019-12-10 08:30:12 - [TEST_STEP][PASSED] - "Do Some Magic with URL(s) See the comments within URL Handler ": null

2019-12-10 08:30:12 - [TEST_STEP][PASSED] - "URL - Set from the ENVIRONMENT PROFILE - Specific Page Address Provided By +GlobalVariable.MembersURL  ": null

2019-12-10 08:30:12 - [TEST_STEP][PASSED] - openBrowser(MembersURL): Browser is opened with url: 'https://preview-ma.checkatrade.com/'

2019-12-10 08:30:12 - [MESSAGE][INFO] - Starting 'Chrome' driver

2019-12-10 08:30:12 - [MESSAGE][INFO] - Action delay is set to 0 seconds

2019-12-10 08:30:40 - [MESSAGE][PASSED] - Browser is opened with url: 'https://preview-ma.checkatrade.com/'

2019-12-10 08:30:40 - [TEST_STEP][PASSED] - waitForPageLoad(60): Wait for page load successfully

2019-12-10 08:30:42 - [MESSAGE][PASSED] - Wait for page load successfully

2019-12-10 08:30:42 - [TEST_STEP][PASSED] - maximizeWindow(): Current window maximized

2019-12-10 08:30:46 - [MESSAGE][PASSED] - Current window maximized

2019-12-10 08:30:46 - [TEST_STEP][PASSED] - verifyTextPresent("EXCLUSIVE ACCESS FOR CHECKATRADE MEMBERS ONLY", false): Text 'EXCLUSIVE ACCESS FOR CHECKATRADE MEMBERS ONLY' is present on page 

2019-12-10 08:30:46 - [MESSAGE][PASSED] - Text 'EXCLUSIVE ACCESS FOR CHECKATRADE MEMBERS ONLY' is present on page 

2019-12-10 08:30:46 - [TEST_STEP][PASSED] - verifyTextPresent("Forgotten password?", false): Text 'Forgotten password?' is present on page 

2019-12-10 08:30:46 - [MESSAGE][PASSED] - Text 'Forgotten password?' is present on page 

2019-12-10 08:30:46 - [TEST_STEP][PASSED] - verifyTextPresent("Forgotten username?", false): Text 'Forgotten username?' is present on page 

2019-12-10 08:30:46 - [MESSAGE][PASSED] - Text 'Forgotten username?' is present on page 

2019-12-10 08:30:46 - [TEST_STEP][PASSED] - verifyTextPresent("Trouble logging in? No username and password? Contact Checkatrade Member Services by", false): Text 'Trouble logging in? No username and password? Contact Checkatrade Member Services by' is present on page 

2019-12-10 08:30:46 - [MESSAGE][PASSED] - Text 'Trouble logging in? No username and password? Contact Checkatrade Member Services by' is present on page 

2019-12-10 08:30:46 - [TEST_STEP][PASSED] - verifyTextPresent("memberservices@checkatrade.com", false): Text 'memberservices@checkatrade.com' is present on page 

2019-12-10 08:30:46 - [MESSAGE][PASSED] - Text 'memberservices@checkatrade.com' is present on page 

2019-12-10 08:30:46 - [MESSAGE][PASSED] - Call Test Case 'Test Cases/Reusable_Test_Sequences/Members_Area/Start_Up' successfully

2019-12-10 08:30:46 - [TEST_STEP][PASSED] - callTestCase(findTestCase("Reusable_Test_Sequences/Members_Area/log_On"), [:], OPTIONAL): Call Test Case 'Test Cases/Reusable_Test_Sequences/Members_Area/log_On' successfully

2019-12-10 08:30:46 - [TEST_CASE][PASSED] - Test Cases/Reusable_Test_Sequences/Members_Area/log_On: Test Cases/Reusable_Test_Sequences/Members_Area/log_On

2019-12-10 08:30:47 - [TEST_STEP][PASSED] - waitForElementPresent(findTestObject("Object Repository/Members/Page_Members Area/button_Log in"), 10): Object 'Object Repository/Members/Page_Members Area/button_Log in' is present

2019-12-10 08:30:47 - [MESSAGE][PASSED] - Object 'Object Repository/Members/Page_Members Area/button_Log in' is present

2019-12-10 08:30:47 - [TEST_STEP][PASSED] - click(findTestObject("Object Repository/Members/Page_Members Area/input_Username_username")): Object: 'Object Repository/Members/Page_Members Area/input_Username_username' is clicked on

2019-12-10 08:30:47 - [MESSAGE][PASSED] - Object: 'Object Repository/Members/Page_Members Area/input_Username_username' is clicked on

2019-12-10 08:30:47 - [TEST_STEP][PASSED] - setText(findTestObject("Object Repository/Members/Page_Members Area/input_Username_username"), Username): Text 'check1234' is set on object 'Object Repository/Members/Page_Members Area/input_Username_username'

2019-12-10 08:30:47 - [MESSAGE][PASSED] - Text 'check1234' is set on object 'Object Repository/Members/Page_Members Area/input_Username_username'

2019-12-10 08:30:47 - [TEST_STEP][PASSED] - click(findTestObject("Object Repository/Members/Page_Members Area/input_Password_password")): Object: 'Object Repository/Members/Page_Members Area/input_Password_password' is clicked on

2019-12-10 08:30:47 - [MESSAGE][PASSED] - Object: 'Object Repository/Members/Page_Members Area/input_Password_password' is clicked on

2019-12-10 08:30:47 - [TEST_STEP][PASSED] - setText(findTestObject("Object Repository/Members/Page_Members Area/input_Password_password"), Password): Text 'testing123' is set on object 'Object Repository/Members/Page_Members Area/input_Password_password'

2019-12-10 08:30:47 - [MESSAGE][PASSED] - Text 'testing123' is set on object 'Object Repository/Members/Page_Members Area/input_Password_password'

2019-12-10 08:30:47 - [TEST_STEP][PASSED] - click(findTestObject("Object Repository/Members/Page_Members Area/button_Log in")): Object: 'Object Repository/Members/Page_Members Area/button_Log in' is clicked on

2019-12-10 08:30:48 - [MESSAGE][PASSED] - Object: 'Object Repository/Members/Page_Members Area/button_Log in' is clicked on

2019-12-10 08:30:48 - [TEST_STEP][PASSED] - waitForElementNotPresent(findTestObject("Object Repository/Members/Page_Members Area/button_Log in"), 25): Web element with id: 'Object Repository/Members/Page_Members Area/button_Log in' located by 'By.xpath: //button[@type = 'submit' and (text() = ' Log in ' or . = ' Log in ')]' is not present after '25' second(s)

2019-12-10 08:30:49 - [MESSAGE][PASSED] - Web element with id: 'Object Repository/Members/Page_Members Area/button_Log in' located by 'By.xpath: //button[@type = 'submit' and (text() = ' Log in ' or . = ' Log in ')]' is not present after '25' second(s)

2019-12-10 08:30:49 - [TEST_STEP][PASSED] - waitForPageLoad(60): Wait for page load successfully

2019-12-10 08:30:50 - [MESSAGE][PASSED] - Wait for page load successfully

2019-12-10 08:30:50 - [TEST_STEP][PASSED] - if ("Object Repository/Page_Members Area/Header_Attention_Text"): Call Test Case 'Test Cases/Reusable_Test_Sequences/Utils/Popout_Handler' successfully

2019-12-10 08:30:50 - [TEST_STEP][PASSED] - waitForElementPresent(findTestObject("Object Repository/Page_Members Area/Header_Attention_Text"), 60): Object 'Object Repository/Page_Members Area/Header_Attention_Text' is present

2019-12-10 08:30:50 - [MESSAGE][PASSED] - Object 'Object Repository/Page_Members Area/Header_Attention_Text' is present

2019-12-10 08:30:50 - [TEST_STEP][PASSED] - callTestCase(findTestCase("Reusable_Test_Sequences/Utils/Popout_Handler"), [:], CONTINUE_ON_FAILURE): Call Test Case 'Test Cases/Reusable_Test_Sequences/Utils/Popout_Handler' successfully

2019-12-10 08:30:50 - [TEST_CASE][PASSED] - Test Cases/Reusable_Test_Sequences/Utils/Popout_Handler: Test Cases/Reusable_Test_Sequences/Utils/Popout_Handler

2019-12-10 08:30:51 - [TEST_STEP][PASSED] - delay(2): Delayed 2 second(s)

2019-12-10 08:30:53 - [MESSAGE][PASSED] - Delayed 2 second(s)

2019-12-10 08:30:53 - [TEST_STEP][PASSED] - waitForPageLoad(60): Wait for page load successfully

2019-12-10 08:30:53 - [MESSAGE][PASSED] - Wait for page load successfully

2019-12-10 08:30:53 - [TEST_STEP][PASSED] - try:  View Our New Website POPOUT Displayed

2019-12-10 08:30:53 - [TEST_STEP][PASSED] - if ("Object Repository/Popout/go_Away"):  View Our New Website POPOUT Displayed

2019-12-10 08:30:53 - [TEST_STEP][PASSED] - click(findTestObject("Object Repository/Popout/go_Away")): Object: 'Object Repository/Popout/go_Away' is clicked on

2019-12-10 08:30:53 - [MESSAGE][PASSED] - Object: 'Object Repository/Popout/go_Away' is clicked on

2019-12-10 08:30:53 - [TEST_STEP][PASSED] - markPassed(" View Our New Website POPOUT Displayed"):  View Our New Website POPOUT Displayed

2019-12-10 08:30:53 - [MESSAGE][PASSED] -  View Our New Website POPOUT Displayed

2019-12-10 08:30:53 - [MESSAGE][PASSED] - Call Test Case 'Test Cases/Reusable_Test_Sequences/Utils/Popout_Handler' successfully

2019-12-10 08:30:53 - [MESSAGE][PASSED] - Call Test Case 'Test Cases/Reusable_Test_Sequences/Members_Area/log_On' successfully

2019-12-10 08:30:53 - [TEST_STEP][PASSED] - callTestCase(findTestCase("Reusable_Test_Sequences/Members_Area/Validation/Dashboard"), [:], CONTINUE_ON_FAILURE): Call Test Case 'Test Cases/Reusable_Test_Sequences/Members_Area/Validation/Dashboard' successfully

2019-12-10 08:30:53 - [TEST_CASE][PASSED] - Test Cases/Reusable_Test_Sequences/Members_Area/Validation/Dashboard: Test Cases/Reusable_Test_Sequences/Members_Area/Validation/Dashboard

2019-12-10 08:30:54 - [TEST_STEP][PASSED] - delay(2): Delayed 2 second(s)

2019-12-10 08:30:56 - [MESSAGE][PASSED] - Delayed 2 second(s)

2019-12-10 08:30:56 - [TEST_STEP][PASSED] - "---------------------------------": null

2019-12-10 08:30:56 - [TEST_STEP][PASSED] - "THIS TAB - DASHBOARD - PRIMARY   |": null

2019-12-10 08:30:56 - [TEST_STEP][PASSED] - verifyTextPresent(findTestData("Members_Test_Data").getValue("MEMBER_ID", 1), false): Text '218630' is present on page 

2019-12-10 08:30:56 - [MESSAGE][PASSED] - Text '218630' is present on page 

2019-12-10 08:30:56 - [TEST_STEP][PASSED] - verifyTextPresent("MEMBER ID", false): Text 'MEMBER ID' is present on page 

2019-12-10 08:30:56 - [MESSAGE][PASSED] - Text 'MEMBER ID' is present on page 

2019-12-10 08:30:56 - [TEST_STEP][PASSED] - verifyTextPresent("Dashboard", false): Text 'Dashboard' is present on page 

2019-12-10 08:30:56 - [MESSAGE][PASSED] - Text 'Dashboard' is present on page 

2019-12-10 08:30:56 - [TEST_STEP][PASSED] - verifyTextPresent("Your Customers", false): Text 'Your Customers' is present on page 

2019-12-10 08:30:57 - [MESSAGE][PASSED] - Text 'Your Customers' is present on page 

2019-12-10 08:30:57 - [TEST_STEP][PASSED] - verifyTextPresent("Grow Your Business", false): Text 'Grow Your Business' is present on page 

2019-12-10 08:30:57 - [MESSAGE][PASSED] - Text 'Grow Your Business' is present on page 

2019-12-10 08:30:57 - [TEST_STEP][PASSED] - verifyTextPresent("Your Account", false): Text 'Your Account' is present on page 

2019-12-10 08:30:57 - [MESSAGE][PASSED] - Text 'Your Account' is present on page 

2019-12-10 08:30:57 - [TEST_STEP][PASSED] - verifyTextPresent("Log off", false): Text 'Log off' is present on page 

2019-12-10 08:30:57 - [MESSAGE][PASSED] - Text 'Log off' is present on page 

2019-12-10 08:30:57 - [TEST_STEP][PASSED] - verifyTextPresent("Contact us", false): Text 'Contact us' is present on page 

2019-12-10 08:30:57 - [MESSAGE][PASSED] - Text 'Contact us' is present on page 

2019-12-10 08:30:57 - [TEST_STEP][PASSED] - verifyTextPresent("Item(s) that need your attention", false): Text 'Item(s) that need your attention' is present on page 

2019-12-10 08:30:58 - [MESSAGE][PASSED] - Text 'Item(s) that need your attention' is present on page 

2019-12-10 08:30:58 - [TEST_STEP][PASSED] - verifyTextPresent("Accreditation(s) have expired", false): Text 'Accreditation(s) have expired' is present on page 

2019-12-10 08:30:58 - [MESSAGE][PASSED] - Text 'Accreditation(s) have expired' is present on page 

2019-12-10 08:30:58 - [TEST_STEP][PASSED] - verifyTextPresent("GAS SAFE REGISTER", false): Text 'GAS SAFE REGISTER' is present on page 

2019-12-10 08:30:58 - [MESSAGE][PASSED] - Text 'GAS SAFE REGISTER' is present on page 

2019-12-10 08:30:58 - [TEST_STEP][PASSED] - verifyTextPresent("Reputation Report Cards", false): Text 'Reputation Report Cards' is present on page 

2019-12-10 08:30:58 - [MESSAGE][PASSED] - Text 'Reputation Report Cards' is present on page 

2019-12-10 08:30:58 - [TEST_STEP][PASSED] - verifyTextPresent("PAST 30 DAYS", false): Text 'PAST 30 DAYS' is present on page 

2019-12-10 08:30:58 - [MESSAGE][PASSED] - Text 'PAST 30 DAYS' is present on page 

2019-12-10 08:30:58 - [TEST_STEP][PASSED] - verifyTextPresent("Add Your Company Logo", false): Text 'Add Your Company Logo' is present on page 

2019-12-10 08:30:58 - [MESSAGE][PASSED] - Text 'Add Your Company Logo' is present on page 

2019-12-10 08:30:58 - [TEST_STEP][PASSED] - verifyTextPresent("WHY NOT DISPLAY IT", false): Text 'WHY NOT DISPLAY IT' is present on page 

2019-12-10 08:30:59 - [MESSAGE][PASSED] - Text 'WHY NOT DISPLAY IT' is present on page 

2019-12-10 08:30:59 - [TEST_STEP][PASSED] - verifyTextPresent("Your membership T", false): Text 'Your membership T' is present on page 

2019-12-10 08:30:59 - [MESSAGE][PASSED] - Text 'Your membership T' is present on page 

2019-12-10 08:30:59 - [TEST_STEP][PASSED] - verifyTextPresent("been updated", false): Text 'been updated' is present on page 

2019-12-10 08:30:59 - [MESSAGE][PASSED] - Text 'been updated' is present on page 

2019-12-10 08:30:59 - [TEST_STEP][PASSED] - verifyTextPresent("Your Visitors", false): Text 'Your Visitors' is present on page 

2019-12-10 08:30:59 - [MESSAGE][PASSED] - Text 'Your Visitors' is present on page 

2019-12-10 08:30:59 - [TEST_STEP][PASSED] - scrollToElement(findTestObject("Object Repository/Page_Members Area/My_Profile_Page_img"), 5): Scroll to object 'Object Repository/Page_Members Area/My_Profile_Page_img' successfully

2019-12-10 08:30:59 - [MESSAGE][PASSED] - Scroll to object 'Object Repository/Page_Members Area/My_Profile_Page_img' successfully

2019-12-10 08:30:59 - [TEST_STEP][PASSED] - verifyTextPresent("My Feedback", false): Text 'My Feedback' is present on page 

2019-12-10 08:30:59 - [MESSAGE][PASSED] - Text 'My Feedback' is present on page 

2019-12-10 08:30:59 - [TEST_STEP][PASSED] - verifyTextPresent("Callback Requests", false): Text 'Callback Requests' is present on page 

2019-12-10 08:30:59 - [MESSAGE][PASSED] - Text 'Callback Requests' is present on page 

2019-12-10 08:30:59 - [TEST_STEP][PASSED] - verifyTextPresent("Received a Negative Review", false): Text 'Received a Negative Review' is present on page 

2019-12-10 08:30:59 - [MESSAGE][PASSED] - Text 'Received a Negative Review' is present on page 

2019-12-10 08:30:59 - [TEST_STEP][PASSED] - verifyTextPresent("My Profile Page", false): Text 'My Profile Page' is present on page 

2019-12-10 08:31:00 - [MESSAGE][PASSED] - Text 'My Profile Page' is present on page 

2019-12-10 08:31:00 - [TEST_STEP][PASSED] - verifyTextPresent("My Photos", false): Text 'My Photos' is present on page 

2019-12-10 08:31:00 - [MESSAGE][PASSED] - Text 'My Photos' is present on page 

2019-12-10 08:31:00 - [TEST_STEP][PASSED] - verifyTextPresent("My Stats", false): Text 'My Stats' is present on page 

2019-12-10 08:31:00 - [MESSAGE][PASSED] - Text 'My Stats' is present on page 

2019-12-10 08:31:00 - [TEST_STEP][PASSED] - verifyTextPresent("Advertise in a Directory", false): Text 'Advertise in a Directory' is present on page 

2019-12-10 08:31:00 - [MESSAGE][PASSED] - Text 'Advertise in a Directory' is present on page 

2019-12-10 08:31:00 - [TEST_STEP][PASSED] - verifyTextPresent("Membership", false): Text 'Membership' is present on page 

2019-12-10 08:31:00 - [MESSAGE][PASSED] - Text 'Membership' is present on page 

2019-12-10 08:31:00 - [TEST_STEP][PASSED] - verifyTextPresent("Useful Documents", false): Text 'Useful Documents' is present on page 

2019-12-10 08:31:00 - [MESSAGE][PASSED] - Text 'Useful Documents' is present on page 

2019-12-10 08:31:00 - [TEST_STEP][PASSED] - verifyTextPresent("Payments", false): Text 'Payments' is present on page 

2019-12-10 08:31:01 - [MESSAGE][PASSED] - Text 'Payments' is present on page 

2019-12-10 08:31:01 - [TEST_STEP][PASSED] - verifyTextPresent("Offers and Discounts", false): Text 'Offers and Discounts' is present on page 

2019-12-10 08:31:01 - [MESSAGE][PASSED] - Text 'Offers and Discounts' is present on page 

2019-12-10 08:31:01 - [TEST_STEP][PASSED] - "----------------------------------------------": null

2019-12-10 08:31:01 - [TEST_STEP][PASSED] - verifyTextPresent("Feedback", false): Text 'Feedback' is present on page 

2019-12-10 08:31:01 - [MESSAGE][PASSED] - Text 'Feedback' is present on page 

2019-12-10 08:31:01 - [TEST_STEP][PASSED] - verifyTextPresent("Score", false): Text 'Score' is present on page 

2019-12-10 08:31:01 - [MESSAGE][PASSED] - Text 'Score' is present on page 

2019-12-10 08:31:01 - [TEST_STEP][PASSED] - verifyTextPresent("Tidiness", false): Text 'Tidiness' is present on page 

2019-12-10 08:31:01 - [MESSAGE][PASSED] - Text 'Tidiness' is present on page 

2019-12-10 08:31:01 - [TEST_STEP][PASSED] - verifyTextPresent("Reliability", false): Text 'Reliability' is present on page 

2019-12-10 08:31:01 - [MESSAGE][PASSED] - Text 'Reliability' is present on page 

2019-12-10 08:31:01 - [TEST_STEP][PASSED] - verifyTextPresent("TimeKeeping", false): Text 'TimeKeeping' is present on page 

2019-12-10 08:31:01 - [MESSAGE][PASSED] - Text 'TimeKeeping' is present on page 

2019-12-10 08:31:01 - [TEST_STEP][PASSED] - verifyTextPresent("Courtesy", false): Text 'Courtesy' is present on page 

2019-12-10 08:31:02 - [MESSAGE][PASSED] - Text 'Courtesy' is present on page 

2019-12-10 08:31:02 - [TEST_STEP][PASSED] - verifyTextPresent("Workmanship", false): Text 'Workmanship' is present on page 

2019-12-10 08:31:02 - [MESSAGE][PASSED] - Text 'Workmanship' is present on page 

2019-12-10 08:31:02 - [TEST_STEP][PASSED] - verifyTextPresent("3w", false): Text '3w' is present on page 

2019-12-10 08:31:02 - [MESSAGE][PASSED] - Text '3w' is present on page 

2019-12-10 08:31:02 - [TEST_STEP][PASSED] - verifyTextPresent("3m", false): Text '3m' is present on page 

2019-12-10 08:31:02 - [MESSAGE][PASSED] - Text '3m' is present on page 

2019-12-10 08:31:02 - [TEST_STEP][PASSED] - verifyTextPresent("3y", false): Text '3y' is present on page 

2019-12-10 08:31:02 - [MESSAGE][PASSED] - Text '3y' is present on page 

2019-12-10 08:31:02 - [MESSAGE][PASSED] - Call Test Case 'Test Cases/Reusable_Test_Sequences/Members_Area/Validation/Dashboard' successfully

2019-12-10 08:31:02 - [TEST_STEP][PASSED] - callTestCase(findTestCase("Reusable_Test_Sequences/Members_Area/Area_Menu/Grow_You_Business/My_Profile"), [:], CONTINUE_ON_FAILURE): Call Test Case 'Test Cases/Reusable_Test_Sequences/Members_Area/Area_Menu/Grow_You_Business/My_Profile' successfully

2019-12-10 08:31:02 - [TEST_CASE][PASSED] - Test Cases/Reusable_Test_Sequences/Members_Area/Area_Menu/Grow_You_Business/My_Profile: Test Cases/Reusable_Test_Sequences/Members_Area/Area_Menu/Grow_You_Business/My_Profile

2019-12-10 08:31:03 - [TEST_STEP][PASSED] - waitForPageLoad(60): Wait for page load successfully

2019-12-10 08:31:03 - [MESSAGE][PASSED] - Wait for page load successfully

2019-12-10 08:31:03 - [TEST_STEP][PASSED] - scrollToElement(findTestObject("Object Repository/Page_Members Area/div_My Profile Page"), 5): Scroll to object 'Object Repository/Page_Members Area/div_My Profile Page' successfully

2019-12-10 08:31:03 - [MESSAGE][PASSED] - Scroll to object 'Object Repository/Page_Members Area/div_My Profile Page' successfully

2019-12-10 08:31:03 - [TEST_STEP][PASSED] - click(findTestObject("Object Repository/Page_Members Area/div_My Profile Page")): Object: 'Object Repository/Page_Members Area/div_My Profile Page' is clicked on

2019-12-10 08:31:03 - [MESSAGE][PASSED] - Object: 'Object Repository/Page_Members Area/div_My Profile Page' is clicked on

2019-12-10 08:31:03 - [MESSAGE][PASSED] - Call Test Case 'Test Cases/Reusable_Test_Sequences/Members_Area/Area_Menu/Grow_You_Business/My_Profile' successfully

2019-12-10 08:31:03 - [TEST_STEP][PASSED] - callTestCase(findTestCase("Reusable_Test_Sequences/Members_Area/Validation/My_Profile"), [:], CONTINUE_ON_FAILURE): Call Test Case 'Test Cases/Reusable_Test_Sequences/Members_Area/Validation/My_Profile' successfully

2019-12-10 08:31:03 - [TEST_CASE][PASSED] - Test Cases/Reusable_Test_Sequences/Members_Area/Validation/My_Profile: Test Cases/Reusable_Test_Sequences/Members_Area/Validation/My_Profile

2019-12-10 08:31:04 - [TEST_STEP][PASSED] - waitForElementPresent(findTestObject("Object Repository/Page_Members Area/i_Profile text_ace-icon fa fa-file-text-o bigger-400"), 60): Object 'Object Repository/Page_Members Area/i_Profile text_ace-icon fa fa-file-text-o bigger-400' is present

2019-12-10 08:31:04 - [MESSAGE][PASSED] - Object 'Object Repository/Page_Members Area/i_Profile text_ace-icon fa fa-file-text-o bigger-400' is present

2019-12-10 08:31:04 - [TEST_STEP][PASSED] - callTestCase(findTestCase("Reusable_Test_Sequences/Utils/Check_URL"), [:], CONTINUE_ON_FAILURE): Call Test Case 'Test Cases/Reusable_Test_Sequences/Utils/Check_URL' successfully

2019-12-10 08:31:04 - [TEST_CASE][PASSED] - Test Cases/Reusable_Test_Sequences/Utils/Check_URL: Test Cases/Reusable_Test_Sequences/Utils/Check_URL

2019-12-10 08:31:04 - [TEST_STEP][PASSED] - waitForPageLoad(10): Wait for page load successfully

2019-12-10 08:31:04 - [MESSAGE][PASSED] - Wait for page load successfully

2019-12-10 08:31:04 - [TEST_STEP][PASSED] - CurrentUrl = getUrl(): Current window's url is: 'https://preview-ma.checkatrade.com/my-profile-page'

2019-12-10 08:31:04 - [MESSAGE][PASSED] - Current window's url is: 'https://preview-ma.checkatrade.com/my-profile-page'

2019-12-10 08:31:04 - [TEST_STEP][PASSED] - step_Passed = "We have been redirected, correctly to the EXPECTED <MEMBERS> URL Page"+GlobalVariable.CurrentUrl": null

2019-12-10 08:31:04 - [TEST_STEP][PASSED] - step_Failed = "We have been redirected, incorrectly to this page "+GlobalVariable.CurrentUrl+" We should be on "+GlobalVariable.MembersURL+GlobalVariable.PAGE": null

2019-12-10 08:31:04 - [TEST_STEP][PASSED] - if (CurrentUrl == MembersURL + PAGE): We have been redirected, correctly to the EXPECTED <MEMBERS> URL Page"+GlobalVariable.CurrentUrl

2019-12-10 08:31:04 - [TEST_STEP][PASSED] - out.println(step_Passed): null

2019-12-10 08:31:04 - [TEST_STEP][PASSED] - markPassed(step_Passed): We have been redirected, correctly to the EXPECTED <MEMBERS> URL Page"+GlobalVariable.CurrentUrl

2019-12-10 08:31:04 - [MESSAGE][PASSED] - We have been redirected, correctly to the EXPECTED <MEMBERS> URL Page"+GlobalVariable.CurrentUrl

2019-12-10 08:31:04 - [MESSAGE][PASSED] - Call Test Case 'Test Cases/Reusable_Test_Sequences/Utils/Check_URL' successfully

2019-12-10 08:31:04 - [TEST_STEP][PASSED] - verifyTextPresent(findTestData("Members_Test_Data").getValue("MEMBER_ID", 1), false): Text '218630' is present on page 

2019-12-10 08:31:04 - [MESSAGE][PASSED] - Text '218630' is present on page 

2019-12-10 08:31:04 - [TEST_STEP][PASSED] - verifyTextPresent("MEMBER ID", false): Text 'MEMBER ID' is present on page 

2019-12-10 08:31:05 - [MESSAGE][PASSED] - Text 'MEMBER ID' is present on page 

2019-12-10 08:31:05 - [TEST_STEP][PASSED] - "----------------------------------------------": null

2019-12-10 08:31:05 - [TEST_STEP][PASSED] - "DEFAULT TAB - My Profile         ": null

2019-12-10 08:31:05 - [TEST_STEP][PASSED] - verifyTextPresent("Profile text", false): Text 'Profile text' is present on page 

2019-12-10 08:31:05 - [MESSAGE][PASSED] - Text 'Profile text' is present on page 

2019-12-10 08:31:05 - [TEST_STEP][PASSED] - verifyTextPresent("Search appearances", false): Text 'Search appearances' is present on page 

2019-12-10 08:31:05 - [MESSAGE][PASSED] - Text 'Search appearances' is present on page 

2019-12-10 08:31:05 - [TEST_STEP][PASSED] - verifyTextPresent("Where you work", false): Text 'Where you work' is present on page 

2019-12-10 08:31:05 - [MESSAGE][PASSED] - Text 'Where you work' is present on page 

2019-12-10 08:31:05 - [TEST_STEP][PASSED] - verifyTextPresent("Company logo", false): Text 'Company logo' is present on page 

2019-12-10 08:31:05 - [MESSAGE][PASSED] - Text 'Company logo' is present on page 

2019-12-10 08:31:05 - [TEST_STEP][PASSED] - verifyTextPresent("Banner image", false): Text 'Banner image' is present on page 

2019-12-10 08:31:05 - [MESSAGE][PASSED] - Text 'Banner image' is present on page 

2019-12-10 08:31:05 - [TEST_STEP][PASSED] - verifyTextPresent("Vetting information", false): Text 'Vetting information' is present on page 

2019-12-10 08:31:05 - [MESSAGE][PASSED] - Text 'Vetting information' is present on page 

2019-12-10 08:31:05 - [TEST_STEP][PASSED] - verifyTextPresent("Insurance", false): Text 'Insurance' is present on page 

2019-12-10 08:31:05 - [MESSAGE][PASSED] - Text 'Insurance' is present on page 

2019-12-10 08:31:05 - [TEST_STEP][PASSED] - verifyTextPresent("'Maximise your profile' video", false): Text ''Maximise your profile' video' is present on page 

2019-12-10 08:31:05 - [MESSAGE][PASSED] - Text ''Maximise your profile' video' is present on page 

2019-12-10 08:31:05 - [TEST_STEP][PASSED] - verifyTextPresent("MEMBER ID", false): Text 'MEMBER ID' is present on page 

2019-12-10 08:31:05 - [MESSAGE][PASSED] - Text 'MEMBER ID' is present on page 

2019-12-10 08:31:05 - [TEST_STEP][PASSED] - verifyTextPresent(findTestData("Members_Test_Data").getValue("MEMBER_ID", 1), false): Text '218630' is present on page 

2019-12-10 08:31:05 - [MESSAGE][PASSED] - Text '218630' is present on page 

2019-12-10 08:31:05 - [MESSAGE][PASSED] - Call Test Case 'Test Cases/Reusable_Test_Sequences/Members_Area/Validation/My_Profile' successfully

2019-12-10 08:31:05 - [TEST_STEP][PASSED] - callTestCase(findTestCase("Reusable_Test_Sequences/Members_Area/Area_Menu/Grow_You_Business/Profiles/Profile_Text"), [:], CONTINUE_ON_FAILURE): Call Test Case 'Test Cases/Reusable_Test_Sequences/Members_Area/Area_Menu/Grow_You_Business/Profiles/Profile_Text' successfully

2019-12-10 08:31:05 - [TEST_CASE][PASSED] - Test Cases/Reusable_Test_Sequences/Members_Area/Area_Menu/Grow_You_Business/Profiles/Profile_Text: Test Cases/Reusable_Test_Sequences/Members_Area/Area_Menu/Grow_You_Business/Profiles/Profile_Text

2019-12-10 08:31:06 - [TEST_STEP][PASSED] - waitForPageLoad(25): Wait for page load successfully

2019-12-10 08:31:06 - [MESSAGE][PASSED] - Wait for page load successfully

2019-12-10 08:31:06 - [TEST_STEP][PASSED] - waitForElementPresent(findTestObject("Object Repository/Profiles_Page/Page_Members Area/a_Profile text"), 25): Object 'Object Repository/Profiles_Page/Page_Members Area/a_Profile text' is present

2019-12-10 08:31:06 - [MESSAGE][PASSED] - Object 'Object Repository/Profiles_Page/Page_Members Area/a_Profile text' is present

2019-12-10 08:31:06 - [TEST_STEP][PASSED] - click(findTestObject("Object Repository/Profiles_Page/Page_Members Area/a_Profile text")): Object: 'Object Repository/Profiles_Page/Page_Members Area/a_Profile text' is clicked on

2019-12-10 08:31:06 - [MESSAGE][PASSED] - Object: 'Object Repository/Profiles_Page/Page_Members Area/a_Profile text' is clicked on

2019-12-10 08:31:06 - [MESSAGE][PASSED] - Call Test Case 'Test Cases/Reusable_Test_Sequences/Members_Area/Area_Menu/Grow_You_Business/Profiles/Profile_Text' successfully

2019-12-10 08:31:06 - [TEST_STEP][PASSED] - callTestCase(findTestCase("Reusable_Test_Sequences/Members_Area/Validation/Profiles/Profile_Text"), [:], CONTINUE_ON_FAILURE): Call Test Case 'Test Cases/Reusable_Test_Sequences/Members_Area/Validation/Profiles/Profile_Text' successfully

2019-12-10 08:31:06 - [TEST_CASE][PASSED] - Test Cases/Reusable_Test_Sequences/Members_Area/Validation/Profiles/Profile_Text: Test Cases/Reusable_Test_Sequences/Members_Area/Validation/Profiles/Profile_Text

2019-12-10 08:31:07 - [TEST_STEP][PASSED] - waitForPageLoad(25): Wait for page load successfully

2019-12-10 08:31:07 - [MESSAGE][PASSED] - Wait for page load successfully

2019-12-10 08:31:07 - [TEST_STEP][PASSED] - waitForElementPresent(findTestObject("Object Repository/Page_Members Area/Profiles/update_Your_Profile_Text_Here"), 25): Object 'Object Repository/Page_Members Area/Profiles/update_Your_Profile_Text_Here' is present

2019-12-10 08:31:07 - [MESSAGE][PASSED] - Object 'Object Repository/Page_Members Area/Profiles/update_Your_Profile_Text_Here' is present

2019-12-10 08:31:07 - [TEST_STEP][PASSED] - PAGE = "profile-text": null

2019-12-10 08:31:07 - [TEST_STEP][PASSED] - "Extra check - tabbing on area, just confirm stable URL": null

2019-12-10 08:31:07 - [TEST_STEP][PASSED] - callTestCase(findTestCase("Reusable_Test_Sequences/Utils/Check_URL"), [:], CONTINUE_ON_FAILURE): Call Test Case 'Test Cases/Reusable_Test_Sequences/Utils/Check_URL' successfully

2019-12-10 08:31:07 - [TEST_CASE][PASSED] - Test Cases/Reusable_Test_Sequences/Utils/Check_URL: Test Cases/Reusable_Test_Sequences/Utils/Check_URL

2019-12-10 08:31:07 - [TEST_STEP][PASSED] - waitForPageLoad(10): Wait for page load successfully

2019-12-10 08:31:07 - [MESSAGE][PASSED] - Wait for page load successfully

2019-12-10 08:31:07 - [TEST_STEP][PASSED] - CurrentUrl = getUrl(): Current window's url is: 'https://preview-ma.checkatrade.com/profile-text'

2019-12-10 08:31:07 - [MESSAGE][PASSED] - Current window's url is: 'https://preview-ma.checkatrade.com/profile-text'

2019-12-10 08:31:07 - [TEST_STEP][PASSED] - step_Passed = "We have been redirected, correctly to the EXPECTED <MEMBERS> URL Page"+GlobalVariable.CurrentUrl": null

2019-12-10 08:31:07 - [TEST_STEP][PASSED] - step_Failed = "We have been redirected, incorrectly to this page "+GlobalVariable.CurrentUrl+" We should be on "+GlobalVariable.MembersURL+GlobalVariable.PAGE": null

2019-12-10 08:31:07 - [TEST_STEP][PASSED] - if (CurrentUrl == MembersURL + PAGE): We have been redirected, correctly to the EXPECTED <MEMBERS> URL Page"+GlobalVariable.CurrentUrl

2019-12-10 08:31:07 - [TEST_STEP][PASSED] - out.println(step_Passed): null

2019-12-10 08:31:07 - [TEST_STEP][PASSED] - markPassed(step_Passed): We have been redirected, correctly to the EXPECTED <MEMBERS> URL Page"+GlobalVariable.CurrentUrl

2019-12-10 08:31:07 - [MESSAGE][PASSED] - We have been redirected, correctly to the EXPECTED <MEMBERS> URL Page"+GlobalVariable.CurrentUrl

2019-12-10 08:31:07 - [MESSAGE][PASSED] - Call Test Case 'Test Cases/Reusable_Test_Sequences/Utils/Check_URL' successfully

2019-12-10 08:31:07 - [TEST_STEP][PASSED] - "---------------------------------": null

2019-12-10 08:31:07 - [TEST_STEP][PASSED] - "THIS TAB - Profile Text          |": null

2019-12-10 08:31:07 - [TEST_STEP][PASSED] - verifyTextPresent(findTestData("Members_Test_Data").getValue("MEMBER_ID", 1), false): Text '218630' is present on page 

2019-12-10 08:31:07 - [MESSAGE][PASSED] - Text '218630' is present on page 

2019-12-10 08:31:07 - [TEST_STEP][PASSED] - verifyTextPresent("MEMBER ID", false): Text 'MEMBER ID' is present on page 

2019-12-10 08:31:07 - [MESSAGE][PASSED] - Text 'MEMBER ID' is present on page 

2019-12-10 08:31:07 - [TEST_STEP][PASSED] - waitForElementPresent(findTestObject("Object Repository/Page_Members Area/text_Alert"), 60): Object 'Object Repository/Page_Members Area/text_Alert' is present

2019-12-10 08:31:07 - [MESSAGE][PASSED] - Object 'Object Repository/Page_Members Area/text_Alert' is present

2019-12-10 08:31:07 - [TEST_STEP][PASSED] - verifyTextPresent("Update your profile text here", false): Text 'Update your profile text here' is present on page 

2019-12-10 08:31:07 - [MESSAGE][PASSED] - Text 'Update your profile text here' is present on page 

2019-12-10 08:31:07 - [TEST_STEP][PASSED] - verifyTextPresent("your own personel web page available on", false): Text 'your own personel web page available on' is present on page 

2019-12-10 08:31:07 - [MESSAGE][PASSED] - Text 'your own personel web page available on' is present on page 

2019-12-10 08:31:07 - [TEST_STEP][PASSED] - verifyTextPresent("Checkatrade web page they see your company profile", false): Text 'Checkatrade web page they see your company profile' is present on page 

2019-12-10 08:31:07 - [MESSAGE][PASSED] - Text 'Checkatrade web page they see your company profile' is present on page 

2019-12-10 08:31:07 - [TEST_STEP][PASSED] - verifyTextPresent("Company profile is important as this will be a consumer’s first insight in to you", false): Text 'Company profile is important as this will be a consumer’s first insight in to you' is present on page 

2019-12-10 08:31:07 - [MESSAGE][PASSED] - Text 'Company profile is important as this will be a consumer’s first insight in to you' is present on page 

2019-12-10 08:31:07 - [TEST_STEP][PASSED] - verifyTextPresent("Are you a family run business, sole trader", false): Text 'Are you a family run business, sole trader' is present on page 

2019-12-10 08:31:07 - [MESSAGE][PASSED] - Text 'Are you a family run business, sole trader' is present on page 

2019-12-10 08:31:07 - [TEST_STEP][PASSED] - verifyTextPresent("How long have you had your Company", false): Text 'How long have you had your Company' is present on page 

2019-12-10 08:31:08 - [MESSAGE][PASSED] - Text 'How long have you had your Company' is present on page 

2019-12-10 08:31:08 - [TEST_STEP][PASSED] - verifyTextPresent("Your profile should be short - customers will only read a few lines", false): Text 'Your profile should be short - customers will only read a few lines' is present on page 

2019-12-10 08:31:08 - [MESSAGE][PASSED] - Text 'Your profile should be short - customers will only read a few lines' is present on page 

2019-12-10 08:31:08 - [TEST_STEP][PASSED] - verifyTextPresent("Please note that only the first 650 characters", false): Text 'Please note that only the first 650 characters' is present on page 

2019-12-10 08:31:08 - [MESSAGE][PASSED] - Text 'Please note that only the first 650 characters' is present on page 

2019-12-10 08:31:08 - [TEST_STEP][PASSED] - back(): Navigate back successfully

2019-12-10 08:31:08 - [MESSAGE][PASSED] - Navigate back successfully

2019-12-10 08:31:08 - [MESSAGE][PASSED] - Call Test Case 'Test Cases/Reusable_Test_Sequences/Members_Area/Validation/Profiles/Profile_Text' successfully

2019-12-10 08:31:08 - [TEST_STEP][PASSED] - callTestCase(findTestCase("Reusable_Test_Sequences/Members_Area/Area_Menu/Grow_You_Business/Profiles/Search_Appearances"), [:], CONTINUE_ON_FAILURE): Call Test Case 'Test Cases/Reusable_Test_Sequences/Members_Area/Area_Menu/Grow_You_Business/Profiles/Search_Appearances' successfully

2019-12-10 08:31:08 - [TEST_CASE][PASSED] - Test Cases/Reusable_Test_Sequences/Members_Area/Area_Menu/Grow_You_Business/Profiles/Search_Appearances: Test Cases/Reusable_Test_Sequences/Members_Area/Area_Menu/Grow_You_Business/Profiles/Search_Appearances

2019-12-10 08:31:08 - [TEST_STEP][PASSED] - waitForElementPresent(findTestObject("Object Repository/Profiles_Page/Page_Members Area/a_Search appearances"), 25): Object 'Object Repository/Profiles_Page/Page_Members Area/a_Search appearances' is present

2019-12-10 08:31:08 - [MESSAGE][PASSED] - Object 'Object Repository/Profiles_Page/Page_Members Area/a_Search appearances' is present

2019-12-10 08:31:08 - [TEST_STEP][PASSED] - click(findTestObject("Object Repository/Profiles_Page/Page_Members Area/a_Search appearances")): Object: 'Object Repository/Profiles_Page/Page_Members Area/a_Search appearances' is clicked on

2019-12-10 08:31:09 - [MESSAGE][PASSED] - Object: 'Object Repository/Profiles_Page/Page_Members Area/a_Search appearances' is clicked on

2019-12-10 08:31:09 - [MESSAGE][PASSED] - Call Test Case 'Test Cases/Reusable_Test_Sequences/Members_Area/Area_Menu/Grow_You_Business/Profiles/Search_Appearances' successfully

2019-12-10 08:31:09 - [TEST_STEP][PASSED] - callTestCase(findTestCase("Reusable_Test_Sequences/Members_Area/Validation/Profiles/Search_Appearances"), [:], CONTINUE_ON_FAILURE): Call Test Case 'Test Cases/Reusable_Test_Sequences/Members_Area/Validation/Profiles/Search_Appearances' successfully

2019-12-10 08:31:09 - [TEST_CASE][PASSED] - Test Cases/Reusable_Test_Sequences/Members_Area/Validation/Profiles/Search_Appearances: Test Cases/Reusable_Test_Sequences/Members_Area/Validation/Profiles/Search_Appearances

2019-12-10 08:31:09 - [TEST_STEP][PASSED] - waitForPageLoad(25): Wait for page load successfully

2019-12-10 08:31:09 - [MESSAGE][PASSED] - Wait for page load successfully

2019-12-10 08:31:09 - [TEST_STEP][PASSED] - waitForElementPresent(findTestObject("Object Repository/Page_Members Area/Profiles/Page_Members Area/button_Save Search Appearance Info"), 25): Object 'Object Repository/Page_Members Area/Profiles/Page_Members Area/button_Save Search Appearance Info' is present

2019-12-10 08:31:09 - [MESSAGE][PASSED] - Object 'Object Repository/Page_Members Area/Profiles/Page_Members Area/button_Save Search Appearance Info' is present

2019-12-10 08:31:09 - [TEST_STEP][PASSED] - PAGE = "search-appearance": null

2019-12-10 08:31:09 - [TEST_STEP][PASSED] - "Extra check - tabbing on area, just confirm stable URL": null

2019-12-10 08:31:09 - [TEST_STEP][PASSED] - callTestCase(findTestCase("Reusable_Test_Sequences/Utils/Check_URL"), [:], CONTINUE_ON_FAILURE): Call Test Case 'Test Cases/Reusable_Test_Sequences/Utils/Check_URL' successfully

2019-12-10 08:31:09 - [TEST_CASE][PASSED] - Test Cases/Reusable_Test_Sequences/Utils/Check_URL: Test Cases/Reusable_Test_Sequences/Utils/Check_URL

2019-12-10 08:31:09 - [TEST_STEP][PASSED] - waitForPageLoad(10): Wait for page load successfully

2019-12-10 08:31:09 - [MESSAGE][PASSED] - Wait for page load successfully

2019-12-10 08:31:09 - [TEST_STEP][PASSED] - CurrentUrl = getUrl(): Current window's url is: 'https://preview-ma.checkatrade.com/search-appearance'

2019-12-10 08:31:10 - [MESSAGE][PASSED] - Current window's url is: 'https://preview-ma.checkatrade.com/search-appearance'

2019-12-10 08:31:10 - [TEST_STEP][PASSED] - step_Passed = "We have been redirected, correctly to the EXPECTED <MEMBERS> URL Page"+GlobalVariable.CurrentUrl": null

2019-12-10 08:31:10 - [TEST_STEP][PASSED] - step_Failed = "We have been redirected, incorrectly to this page "+GlobalVariable.CurrentUrl+" We should be on "+GlobalVariable.MembersURL+GlobalVariable.PAGE": null

2019-12-10 08:31:10 - [TEST_STEP][PASSED] - if (CurrentUrl == MembersURL + PAGE): We have been redirected, correctly to the EXPECTED <MEMBERS> URL Page"+GlobalVariable.CurrentUrl

2019-12-10 08:31:10 - [TEST_STEP][PASSED] - out.println(step_Passed): null

2019-12-10 08:31:10 - [TEST_STEP][PASSED] - markPassed(step_Passed): We have been redirected, correctly to the EXPECTED <MEMBERS> URL Page"+GlobalVariable.CurrentUrl

2019-12-10 08:31:10 - [MESSAGE][PASSED] - We have been redirected, correctly to the EXPECTED <MEMBERS> URL Page"+GlobalVariable.CurrentUrl

2019-12-10 08:31:10 - [MESSAGE][PASSED] - Call Test Case 'Test Cases/Reusable_Test_Sequences/Utils/Check_URL' successfully

2019-12-10 08:31:10 - [TEST_STEP][PASSED] - "---------------------------------": null

2019-12-10 08:31:10 - [TEST_STEP][PASSED] - "THIS TAB - Profile Text          |": null

2019-12-10 08:31:10 - [TEST_STEP][PASSED] - verifyTextPresent(findTestData("Members_Test_Data").getValue("MEMBER_ID", 1), false): Text '218630' is present on page 

2019-12-10 08:31:10 - [MESSAGE][PASSED] - Text '218630' is present on page 

2019-12-10 08:31:10 - [TEST_STEP][PASSED] - verifyTextPresent("MEMBER ID", false): Text 'MEMBER ID' is present on page 

2019-12-10 08:31:10 - [MESSAGE][PASSED] - Text 'MEMBER ID' is present on page 

2019-12-10 08:31:10 - [TEST_STEP][PASSED] - verifyTextPresent("Update your search appearances text here", false): Text 'Update your search appearances text here' is present on page 

2019-12-10 08:31:10 - [MESSAGE][PASSED] - Text 'Update your search appearances text here' is present on page 

2019-12-10 08:31:10 - [TEST_STEP][PASSED] - verifyTextPresent("This is the text that appears in customer search results", false): Text 'This is the text that appears in customer search results' is present on page 

2019-12-10 08:31:10 - [MESSAGE][PASSED] - Text 'This is the text that appears in customer search results' is present on page 

2019-12-10 08:31:10 - [TEST_STEP][PASSED] - verifyTextPresent("You may change the description text that is displayed by editing it in the text box below", false): Text 'You may change the description text that is displayed by editing it in the text box below' is present on page 

2019-12-10 08:31:10 - [MESSAGE][PASSED] - Text 'You may change the description text that is displayed by editing it in the text box below' is present on page 

2019-12-10 08:31:10 - [TEST_STEP][PASSED] - verifyTextPresent("maximum limit of 190 characters", false): Text 'maximum limit of 190 characters' is present on page 

2019-12-10 08:31:11 - [MESSAGE][PASSED] - Text 'maximum limit of 190 characters' is present on page 

2019-12-10 08:31:11 - [TEST_STEP][PASSED] - "----------------------------------------------": null

2019-12-10 08:31:11 - [TEST_STEP][PASSED] - verifyTextPresent("Save Search Appearance Info", false): Text 'Save Search Appearance Info' is present on page 

2019-12-10 08:31:11 - [MESSAGE][PASSED] - Text 'Save Search Appearance Info' is present on page 

2019-12-10 08:31:11 - [TEST_STEP][PASSED] - verifyTextPresent("House rules: All changes will be moderated by Checkatrade staff", false): Text 'House rules: All changes will be moderated by Checkatrade staff' is present on page 

2019-12-10 08:31:11 - [MESSAGE][PASSED] - Text 'House rules: All changes will be moderated by Checkatrade staff' is present on page 

2019-12-10 08:31:11 - [TEST_STEP][PASSED] - "----------------------------------------------": null

2019-12-10 08:31:11 - [TEST_STEP][PASSED] - back(): Navigate back successfully

2019-12-10 08:31:11 - [MESSAGE][PASSED] - Navigate back successfully

2019-12-10 08:31:11 - [MESSAGE][PASSED] - Call Test Case 'Test Cases/Reusable_Test_Sequences/Members_Area/Validation/Profiles/Search_Appearances' successfully

2019-12-10 08:31:11 - [TEST_STEP][PASSED] - callTestCase(findTestCase("Reusable_Test_Sequences/Members_Area/Area_Menu/Grow_You_Business/Profiles/Where_You_Work"), [:], CONTINUE_ON_FAILURE): Call Test Case 'Test Cases/Reusable_Test_Sequences/Members_Area/Area_Menu/Grow_You_Business/Profiles/Where_You_Work' successfully

2019-12-10 08:31:11 - [TEST_CASE][PASSED] - Test Cases/Reusable_Test_Sequences/Members_Area/Area_Menu/Grow_You_Business/Profiles/Where_You_Work: Test Cases/Reusable_Test_Sequences/Members_Area/Area_Menu/Grow_You_Business/Profiles/Where_You_Work

2019-12-10 08:31:12 - [TEST_STEP][PASSED] - waitForElementPresent(findTestObject("Object Repository/Profiles_Page/Page_Members Area/a_Where you work"), 5): Object 'Object Repository/Profiles_Page/Page_Members Area/a_Where you work' is present

2019-12-10 08:31:12 - [MESSAGE][PASSED] - Object 'Object Repository/Profiles_Page/Page_Members Area/a_Where you work' is present

2019-12-10 08:31:12 - [TEST_STEP][PASSED] - click(findTestObject("Object Repository/Profiles_Page/Page_Members Area/a_Where you work")): Object: 'Object Repository/Profiles_Page/Page_Members Area/a_Where you work' is clicked on

2019-12-10 08:31:12 - [MESSAGE][PASSED] - Object: 'Object Repository/Profiles_Page/Page_Members Area/a_Where you work' is clicked on

2019-12-10 08:31:12 - [MESSAGE][PASSED] - Call Test Case 'Test Cases/Reusable_Test_Sequences/Members_Area/Area_Menu/Grow_You_Business/Profiles/Where_You_Work' successfully

2019-12-10 08:31:12 - [TEST_STEP][PASSED] - callTestCase(findTestCase("Reusable_Test_Sequences/Members_Area/Validation/Profiles/Where_You_Work"), [:], CONTINUE_ON_FAILURE): Call Test Case 'Test Cases/Reusable_Test_Sequences/Members_Area/Validation/Profiles/Where_You_Work' successfully

2019-12-10 08:31:12 - [TEST_CASE][PASSED] - Test Cases/Reusable_Test_Sequences/Members_Area/Validation/Profiles/Where_You_Work: Test Cases/Reusable_Test_Sequences/Members_Area/Validation/Profiles/Where_You_Work

2019-12-10 08:31:13 - [TEST_STEP][PASSED] - waitForPageLoad(50): Wait for page load successfully

2019-12-10 08:31:13 - [MESSAGE][PASSED] - Wait for page load successfully

2019-12-10 08:31:13 - [TEST_STEP][PASSED] - waitForElementPresent(findTestObject("Object Repository/Profiles_Page/Page_Members Area/h2_Update your work area here"), 50): Object 'Object Repository/Profiles_Page/Page_Members Area/h2_Update your work area here' is present

2019-12-10 08:31:14 - [MESSAGE][PASSED] - Object 'Object Repository/Profiles_Page/Page_Members Area/h2_Update your work area here' is present

2019-12-10 08:31:14 - [TEST_STEP][PASSED] - PAGE = "work-area": null

2019-12-10 08:31:14 - [TEST_STEP][PASSED] - "Extra check - tabbing on area, just confirm stable URL": null

2019-12-10 08:31:14 - [TEST_STEP][PASSED] - callTestCase(findTestCase("Reusable_Test_Sequences/Utils/Check_URL"), [:], CONTINUE_ON_FAILURE): Call Test Case 'Test Cases/Reusable_Test_Sequences/Utils/Check_URL' successfully

2019-12-10 08:31:14 - [TEST_CASE][PASSED] - Test Cases/Reusable_Test_Sequences/Utils/Check_URL: Test Cases/Reusable_Test_Sequences/Utils/Check_URL

2019-12-10 08:31:14 - [TEST_STEP][PASSED] - waitForPageLoad(10): Wait for page load successfully

2019-12-10 08:31:14 - [MESSAGE][PASSED] - Wait for page load successfully

2019-12-10 08:31:14 - [TEST_STEP][PASSED] - CurrentUrl = getUrl(): Current window's url is: 'https://preview-ma.checkatrade.com/work-area'

2019-12-10 08:31:15 - [MESSAGE][PASSED] - Current window's url is: 'https://preview-ma.checkatrade.com/work-area'

2019-12-10 08:31:15 - [TEST_STEP][PASSED] - step_Passed = "We have been redirected, correctly to the EXPECTED <MEMBERS> URL Page"+GlobalVariable.CurrentUrl": null

2019-12-10 08:31:15 - [TEST_STEP][PASSED] - step_Failed = "We have been redirected, incorrectly to this page "+GlobalVariable.CurrentUrl+" We should be on "+GlobalVariable.MembersURL+GlobalVariable.PAGE": null

2019-12-10 08:31:15 - [TEST_STEP][PASSED] - if (CurrentUrl == MembersURL + PAGE): We have been redirected, correctly to the EXPECTED <MEMBERS> URL Page"+GlobalVariable.CurrentUrl

2019-12-10 08:31:15 - [TEST_STEP][PASSED] - out.println(step_Passed): null

2019-12-10 08:31:15 - [TEST_STEP][PASSED] - markPassed(step_Passed): We have been redirected, correctly to the EXPECTED <MEMBERS> URL Page"+GlobalVariable.CurrentUrl

2019-12-10 08:31:15 - [MESSAGE][PASSED] - We have been redirected, correctly to the EXPECTED <MEMBERS> URL Page"+GlobalVariable.CurrentUrl

2019-12-10 08:31:15 - [MESSAGE][PASSED] - Call Test Case 'Test Cases/Reusable_Test_Sequences/Utils/Check_URL' successfully

2019-12-10 08:31:15 - [TEST_STEP][PASSED] - "---------------------------------": null

2019-12-10 08:31:15 - [TEST_STEP][PASSED] - "THIS TAB - Where You Work        |": null

2019-12-10 08:31:15 - [TEST_STEP][PASSED] - delay(5): Delayed 5 second(s)

2019-12-10 08:31:20 - [MESSAGE][PASSED] - Delayed 5 second(s)

2019-12-10 08:31:20 - [TEST_STEP][PASSED] - verifyTextPresent(findTestData("Members_Test_Data").getValue("MEMBER_ID", 1), false): Text '218630' is present on page 

2019-12-10 08:31:20 - [MESSAGE][PASSED] - Text '218630' is present on page 

2019-12-10 08:31:20 - [TEST_STEP][PASSED] - verifyTextPresent("MEMBER ID", false): Text 'MEMBER ID' is present on page 

2019-12-10 08:31:21 - [MESSAGE][PASSED] - Text 'MEMBER ID' is present on page 

2019-12-10 08:31:21 - [TEST_STEP][PASSED] - verifyTextPresent("Update your work area here", false): Text 'Update your work area here' is present on page 

2019-12-10 08:31:21 - [MESSAGE][PASSED] - Text 'Update your work area here' is present on page 

2019-12-10 08:31:21 - [TEST_STEP][PASSED] - verifyTextPresent("Approximate Coverage", false): Text 'Approximate Coverage' is present on page 

2019-12-10 08:31:21 - [MESSAGE][PASSED] - Text 'Approximate Coverage' is present on page 

2019-12-10 08:31:21 - [TEST_STEP][PASSED] - verifyTextPresent("Work Radius", false): Text 'Work Radius' is present on page 

2019-12-10 08:31:21 - [MESSAGE][PASSED] - Text 'Work Radius' is present on page 

2019-12-10 08:31:21 - [TEST_STEP][PASSED] - verifyTextPresent("Your Checkatrade.com web page describes where you work", false): Text 'Your Checkatrade.com web page describes where you work' is present on page 

2019-12-10 08:31:21 - [MESSAGE][PASSED] - Text 'Your Checkatrade.com web page describes where you work' is present on page 

2019-12-10 08:31:21 - [TEST_STEP][PASSED] - verifyTextPresent("Please enter a comma-separated list of areas that you are prepared to work", false): Text 'Please enter a comma-separated list of areas that you are prepared to work' is present on page 

2019-12-10 08:31:21 - [MESSAGE][PASSED] - Text 'Please enter a comma-separated list of areas that you are prepared to work' is present on page 

2019-12-10 08:31:21 - [TEST_STEP][PASSED] - scrollToElement(findTestObject("Object Repository/Page_Members Area/Profiles/Page_Members Area/button_Save Work Location"), 2): Scroll to object 'Object Repository/Page_Members Area/Profiles/Page_Members Area/button_Save Work Location' successfully

2019-12-10 08:31:21 - [MESSAGE][PASSED] - Scroll to object 'Object Repository/Page_Members Area/Profiles/Page_Members Area/button_Save Work Location' successfully

2019-12-10 08:31:21 - [TEST_STEP][PASSED] - waitForElementPresent(findTestObject("Object Repository/Page_Members Area/Profiles/Page_Members Area/button_Save Work Location"), 2): Object 'Object Repository/Page_Members Area/Profiles/Page_Members Area/button_Save Work Location' is present

2019-12-10 08:31:21 - [MESSAGE][PASSED] - Object 'Object Repository/Page_Members Area/Profiles/Page_Members Area/button_Save Work Location' is present

2019-12-10 08:31:21 - [TEST_STEP][PASSED] - "----------------------------------------------": null

2019-12-10 08:31:21 - [TEST_STEP][PASSED] - "----------------------------------------------": null

2019-12-10 08:31:21 - [TEST_STEP][PASSED] - verifyTextPresent("Southampton Area", false): Text 'Southampton Area' is present on page 

2019-12-10 08:31:22 - [MESSAGE][PASSED] - Text 'Southampton Area' is present on page 

2019-12-10 08:31:22 - [TEST_STEP][PASSED] - verifyTextPresent("Within M25", false): Text 'Within M25' is present on page 

2019-12-10 08:31:22 - [MESSAGE][PASSED] - Text 'Within M25' is present on page 

2019-12-10 08:31:22 - [TEST_STEP][PASSED] - verifyTextPresent("40 miles of Reading", false): Text '40 miles of Reading' is present on page 

2019-12-10 08:31:22 - [MESSAGE][PASSED] - Text '40 miles of Reading' is present on page 

2019-12-10 08:31:22 - [TEST_STEP][PASSED] - verifyTextPresent("All BN postcode areas", false): Text 'All BN postcode areas' is present on page 

2019-12-10 08:31:22 - [MESSAGE][PASSED] - Text 'All BN postcode areas' is present on page 

2019-12-10 08:31:22 - [TEST_STEP][PASSED] - "----------------------------------------------": null

2019-12-10 08:31:22 - [TEST_STEP][PASSED] - verifyTextPresent("To increase your work radius to more than ", false): Text 'To increase your work radius to more than ' is present on page 

2019-12-10 08:31:22 - [MESSAGE][PASSED] - Text 'To increase your work radius to more than ' is present on page 

2019-12-10 08:31:22 - [TEST_STEP][PASSED] - verifyTextPresent("membership call our team on", false): Text 'membership call our team on' is present on page 

2019-12-10 08:31:22 - [MESSAGE][PASSED] - Text 'membership call our team on' is present on page 

2019-12-10 08:31:22 - [TEST_STEP][PASSED] - verifyTextPresent("House rules: All changes will be moderated by Checkatrade staff", false): Text 'House rules: All changes will be moderated by Checkatrade staff' is present on page 

2019-12-10 08:31:22 - [MESSAGE][PASSED] - Text 'House rules: All changes will be moderated by Checkatrade staff' is present on page 

2019-12-10 08:31:22 - [TEST_STEP][PASSED] - verifyTextPresent("Save Work Location", false): Text 'Save Work Location' is present on page 

2019-12-10 08:31:23 - [MESSAGE][PASSED] - Text 'Save Work Location' is present on page 

2019-12-10 08:31:23 - [TEST_STEP][PASSED] - back(): Navigate back successfully

2019-12-10 08:31:23 - [MESSAGE][PASSED] - Navigate back successfully

2019-12-10 08:31:23 - [MESSAGE][PASSED] - Call Test Case 'Test Cases/Reusable_Test_Sequences/Members_Area/Validation/Profiles/Where_You_Work' successfully

2019-12-10 08:31:23 - [TEST_STEP][PASSED] - callTestCase(findTestCase("Reusable_Test_Sequences/Members_Area/Area_Menu/Grow_You_Business/Profiles/Company_Logo"), [:], CONTINUE_ON_FAILURE): Call Test Case 'Test Cases/Reusable_Test_Sequences/Members_Area/Area_Menu/Grow_You_Business/Profiles/Company_Logo' successfully

2019-12-10 08:31:23 - [TEST_CASE][PASSED] - Test Cases/Reusable_Test_Sequences/Members_Area/Area_Menu/Grow_You_Business/Profiles/Company_Logo: Test Cases/Reusable_Test_Sequences/Members_Area/Area_Menu/Grow_You_Business/Profiles/Company_Logo

2019-12-10 08:31:23 - [TEST_STEP][PASSED] - waitForElementPresent(findTestObject("Object Repository/Profiles_Page/Page_Members Area/a_Company logo"), 25): Object 'Object Repository/Profiles_Page/Page_Members Area/a_Company logo' is present

2019-12-10 08:31:23 - [MESSAGE][PASSED] - Object 'Object Repository/Profiles_Page/Page_Members Area/a_Company logo' is present

2019-12-10 08:31:23 - [TEST_STEP][PASSED] - click(findTestObject("Object Repository/Profiles_Page/Page_Members Area/a_Company logo")): Object: 'Object Repository/Profiles_Page/Page_Members Area/a_Company logo' is clicked on

2019-12-10 08:31:23 - [MESSAGE][PASSED] - Object: 'Object Repository/Profiles_Page/Page_Members Area/a_Company logo' is clicked on

2019-12-10 08:31:23 - [MESSAGE][PASSED] - Call Test Case 'Test Cases/Reusable_Test_Sequences/Members_Area/Area_Menu/Grow_You_Business/Profiles/Company_Logo' successfully

2019-12-10 08:31:23 - [TEST_STEP][PASSED] - callTestCase(findTestCase("Reusable_Test_Sequences/Members_Area/Validation/Profiles/Company_Logo"), [:], CONTINUE_ON_FAILURE): Call Test Case 'Test Cases/Reusable_Test_Sequences/Members_Area/Validation/Profiles/Company_Logo' successfully

2019-12-10 08:31:23 - [TEST_CASE][PASSED] - Test Cases/Reusable_Test_Sequences/Members_Area/Validation/Profiles/Company_Logo: Test Cases/Reusable_Test_Sequences/Members_Area/Validation/Profiles/Company_Logo

2019-12-10 08:31:24 - [TEST_STEP][PASSED] - waitForElementPresent(findTestObject("Object Repository/Profiles_Page/Page_Members Area/button_Upload Company Logo"), 25): Object 'Object Repository/Profiles_Page/Page_Members Area/button_Upload Company Logo' is present

2019-12-10 08:31:26 - [MESSAGE][PASSED] - Object 'Object Repository/Profiles_Page/Page_Members Area/button_Upload Company Logo' is present

2019-12-10 08:31:26 - [TEST_STEP][PASSED] - PAGE = "company-logo": null

2019-12-10 08:31:26 - [TEST_STEP][PASSED] - "Extra check - tabbing on area, just confirm stable URL": null

2019-12-10 08:31:26 - [TEST_STEP][PASSED] - callTestCase(findTestCase("Reusable_Test_Sequences/Utils/Check_URL"), [:], CONTINUE_ON_FAILURE): Call Test Case 'Test Cases/Reusable_Test_Sequences/Utils/Check_URL' successfully

2019-12-10 08:31:26 - [TEST_CASE][PASSED] - Test Cases/Reusable_Test_Sequences/Utils/Check_URL: Test Cases/Reusable_Test_Sequences/Utils/Check_URL

2019-12-10 08:31:26 - [TEST_STEP][PASSED] - waitForPageLoad(10): Wait for page load successfully

2019-12-10 08:31:26 - [MESSAGE][PASSED] - Wait for page load successfully

2019-12-10 08:31:26 - [TEST_STEP][PASSED] - CurrentUrl = getUrl(): Current window's url is: 'https://preview-ma.checkatrade.com/company-logo'

2019-12-10 08:31:26 - [MESSAGE][PASSED] - Current window's url is: 'https://preview-ma.checkatrade.com/company-logo'

2019-12-10 08:31:26 - [TEST_STEP][PASSED] - step_Passed = "We have been redirected, correctly to the EXPECTED <MEMBERS> URL Page"+GlobalVariable.CurrentUrl": null

2019-12-10 08:31:26 - [TEST_STEP][PASSED] - step_Failed = "We have been redirected, incorrectly to this page "+GlobalVariable.CurrentUrl+" We should be on "+GlobalVariable.MembersURL+GlobalVariable.PAGE": null

2019-12-10 08:31:26 - [TEST_STEP][PASSED] - if (CurrentUrl == MembersURL + PAGE): We have been redirected, correctly to the EXPECTED <MEMBERS> URL Page"+GlobalVariable.CurrentUrl

2019-12-10 08:31:26 - [TEST_STEP][PASSED] - out.println(step_Passed): null

2019-12-10 08:31:26 - [TEST_STEP][PASSED] - markPassed(step_Passed): We have been redirected, correctly to the EXPECTED <MEMBERS> URL Page"+GlobalVariable.CurrentUrl

2019-12-10 08:31:26 - [MESSAGE][PASSED] - We have been redirected, correctly to the EXPECTED <MEMBERS> URL Page"+GlobalVariable.CurrentUrl

2019-12-10 08:31:26 - [MESSAGE][PASSED] - Call Test Case 'Test Cases/Reusable_Test_Sequences/Utils/Check_URL' successfully

2019-12-10 08:31:26 - [TEST_STEP][PASSED] - "---------------------------------": null

2019-12-10 08:31:26 - [TEST_STEP][PASSED] - "THIS TAB - Company Logo Image    |": null

2019-12-10 08:31:26 - [TEST_STEP][PASSED] - verifyTextPresent(findTestData("Members_Test_Data").getValue("MEMBER_ID", 1), false): Text '218630' is present on page 

2019-12-10 08:31:27 - [MESSAGE][PASSED] - Text '218630' is present on page 

2019-12-10 08:31:27 - [TEST_STEP][PASSED] - verifyTextPresent("MEMBER ID", false): Text 'MEMBER ID' is present on page 

2019-12-10 08:31:27 - [MESSAGE][PASSED] - Text 'MEMBER ID' is present on page 

2019-12-10 08:31:27 - [TEST_STEP][PASSED] - verifyTextPresent("Choose a new image", false): Text 'Choose a new image' is present on page 

2019-12-10 08:31:27 - [MESSAGE][PASSED] - Text 'Choose a new image' is present on page 

2019-12-10 08:31:27 - [TEST_STEP][PASSED] - verifyTextPresent("The new logo needs to be a JPEG", false): Text 'The new logo needs to be a JPEG' is present on page 

2019-12-10 08:31:27 - [MESSAGE][PASSED] - Text 'The new logo needs to be a JPEG' is present on page 

2019-12-10 08:31:27 - [TEST_STEP][PASSED] - verifyTextPresent("For best results, the image should be", false): Text 'For best results, the image should be' is present on page 

2019-12-10 08:31:28 - [MESSAGE][PASSED] - Text 'For best results, the image should be' is present on page 

2019-12-10 08:31:28 - [TEST_STEP][PASSED] - verifyTextPresent("The image has to be 8MB or smaller", false): Text 'The image has to be 8MB or smaller' is present on page 

2019-12-10 08:31:28 - [MESSAGE][PASSED] - Text 'The image has to be 8MB or smaller' is present on page 

2019-12-10 08:31:28 - [TEST_STEP][PASSED] - verifyTextPresent("All changes are monitored by Checkatrade staff", false): Text 'All changes are monitored by Checkatrade staff' is present on page 

2019-12-10 08:31:28 - [MESSAGE][PASSED] - Text 'All changes are monitored by Checkatrade staff' is present on page 

2019-12-10 08:31:28 - [TEST_STEP][PASSED] - verifyTextPresent("Upload Company Logo", false): Text 'Upload Company Logo' is present on page 

2019-12-10 08:31:28 - [MESSAGE][PASSED] - Text 'Upload Company Logo' is present on page 

2019-12-10 08:31:28 - [TEST_STEP][PASSED] - verifyTextPresent("By uploading a logo you are confirming", false): Text 'By uploading a logo you are confirming' is present on page 

2019-12-10 08:31:28 - [MESSAGE][PASSED] - Text 'By uploading a logo you are confirming' is present on page 

2019-12-10 08:31:28 - [TEST_STEP][PASSED] - verifyTextPresent("House rules: All changes will be moderated", false): Text 'House rules: All changes will be moderated' is present on page 

2019-12-10 08:31:29 - [MESSAGE][PASSED] - Text 'House rules: All changes will be moderated' is present on page 

2019-12-10 08:31:29 - [TEST_STEP][PASSED] - "----------------------------------------------": null

2019-12-10 08:31:29 - [TEST_STEP][PASSED] - waitForElementClickable(findTestObject("Page_Members Area/Profiles/Page_Members Area/label_By uploading a logo"), 25): Object 'Object Repository/Page_Members Area/Profiles/Page_Members Area/label_By uploading a logo' is clickable

2019-12-10 08:31:29 - [MESSAGE][PASSED] - Object 'Object Repository/Page_Members Area/Profiles/Page_Members Area/label_By uploading a logo' is clickable

2019-12-10 08:31:29 - [TEST_STEP][PASSED] - click(findTestObject("Page_Members Area/Profiles/Page_Members Area/label_By uploading a logo")): Object: 'Object Repository/Page_Members Area/Profiles/Page_Members Area/label_By uploading a logo' is clicked on

2019-12-10 08:31:29 - [MESSAGE][PASSED] - Object: 'Object Repository/Page_Members Area/Profiles/Page_Members Area/label_By uploading a logo' is clicked on

2019-12-10 08:31:29 - [TEST_STEP][PASSED] - waitForElementClickable(findTestObject("Object Repository/Profiles_Page/Page_Members Area/button_Upload Company Logo"), 25): Object 'Object Repository/Profiles_Page/Page_Members Area/button_Upload Company Logo' is clickable

2019-12-10 08:31:29 - [MESSAGE][PASSED] - Object 'Object Repository/Profiles_Page/Page_Members Area/button_Upload Company Logo' is clickable

2019-12-10 08:31:29 - [TEST_STEP][PASSED] - click(findTestObject("Object Repository/Profiles_Page/Page_Members Area/button_Upload Company Logo")): Object: 'Object Repository/Profiles_Page/Page_Members Area/button_Upload Company Logo' is clicked on

2019-12-10 08:31:29 - [MESSAGE][PASSED] - Object: 'Object Repository/Profiles_Page/Page_Members Area/button_Upload Company Logo' is clicked on

2019-12-10 08:31:29 - [TEST_STEP][PASSED] - "----------------------------------------------": null

2019-12-10 08:31:29 - [TEST_STEP][PASSED] - delay(1): Delayed 1 second(s)

2019-12-10 08:31:30 - [MESSAGE][PASSED] - Delayed 1 second(s)

2019-12-10 08:31:30 - [TEST_STEP][PASSED] - waitForElementPresent(findTestObject("Object Repository/Profiles_Page/Page_Members Area/button_Close"), 25): Object 'Object Repository/Profiles_Page/Page_Members Area/button_Close' is present

2019-12-10 08:31:30 - [MESSAGE][PASSED] - Object 'Object Repository/Profiles_Page/Page_Members Area/button_Close' is present

2019-12-10 08:31:30 - [TEST_STEP][PASSED] - verifyTextPresent("Add Company Logo", false): Text 'Add Company Logo' is present on page 

2019-12-10 08:31:31 - [MESSAGE][PASSED] - Text 'Add Company Logo' is present on page 

2019-12-10 08:31:31 - [TEST_STEP][PASSED] - verifyTextPresent("Your New Logo", false): Text 'Your New Logo' is present on page 

2019-12-10 08:31:31 - [MESSAGE][PASSED] - Text 'Your New Logo' is present on page 

2019-12-10 08:31:31 - [TEST_STEP][PASSED] - verifyTextPresent("Select Logo", false): Text 'Select Logo' is present on page 

2019-12-10 08:31:31 - [MESSAGE][PASSED] - Text 'Select Logo' is present on page 

2019-12-10 08:31:31 - [TEST_STEP][PASSED] - verifyTextPresent("The new photo needs to be a JPEG", false): Text 'The new photo needs to be a JPEG' is present on page 

2019-12-10 08:31:31 - [MESSAGE][PASSED] - Text 'The new photo needs to be a JPEG' is present on page 

2019-12-10 08:31:31 - [TEST_STEP][PASSED] - verifyTextPresent("For best results, the image should be", false): Text 'For best results, the image should be' is present on page 

2019-12-10 08:31:31 - [MESSAGE][PASSED] - Text 'For best results, the image should be' is present on page 

2019-12-10 08:31:31 - [TEST_STEP][PASSED] - verifyTextPresent("The image has to be 8MB or smaller", false): Text 'The image has to be 8MB or smaller' is present on page 

2019-12-10 08:31:31 - [MESSAGE][PASSED] - Text 'The image has to be 8MB or smaller' is present on page 

2019-12-10 08:31:31 - [TEST_STEP][PASSED] - verifyTextPresent("We recommend these browsers", false): Text 'We recommend these browsers' is present on page 

2019-12-10 08:31:31 - [MESSAGE][PASSED] - Text 'We recommend these browsers' is present on page 

2019-12-10 08:31:31 - [TEST_STEP][PASSED] - verifyTextPresent("Close", false): Text 'Close' is present on page 

2019-12-10 08:31:31 - [MESSAGE][PASSED] - Text 'Close' is present on page 

2019-12-10 08:31:31 - [TEST_STEP][PASSED] - "----------------------------------------------": null

2019-12-10 08:31:31 - [TEST_STEP][PASSED] - "----------------------------------------------": null

2019-12-10 08:31:31 - [TEST_STEP][PASSED] - delay(2): Delayed 2 second(s)

2019-12-10 08:31:33 - [MESSAGE][PASSED] - Delayed 2 second(s)

2019-12-10 08:31:33 - [TEST_STEP][PASSED] - "----------------------------------------------": null

2019-12-10 08:31:33 - [TEST_STEP][PASSED] - "----------------------------------------------": null

2019-12-10 08:31:33 - [TEST_STEP][PASSED] - "----------------------------------------------": null

2019-12-10 08:31:33 - [TEST_STEP][PASSED] - waitForElementClickable(findTestObject("Object Repository/Profiles_Page/Page_Members Area/button_Close"), 25): Object 'Object Repository/Profiles_Page/Page_Members Area/button_Close' is clickable

2019-12-10 08:31:34 - [MESSAGE][PASSED] - Object 'Object Repository/Profiles_Page/Page_Members Area/button_Close' is clickable

2019-12-10 08:31:34 - [TEST_STEP][PASSED] - click(findTestObject("Object Repository/Profiles_Page/Page_Members Area/button_Close")): Object: 'Object Repository/Profiles_Page/Page_Members Area/button_Close' is clicked on

2019-12-10 08:31:34 - [MESSAGE][PASSED] - Object: 'Object Repository/Profiles_Page/Page_Members Area/button_Close' is clicked on

2019-12-10 08:31:34 - [TEST_STEP][PASSED] - waitForElementClickable(findTestObject("Object Repository/Profiles_Page/Page_Members Area/button_Upload Company Logo"), 25): Object 'Object Repository/Profiles_Page/Page_Members Area/button_Upload Company Logo' is clickable

2019-12-10 08:31:34 - [MESSAGE][PASSED] - Object 'Object Repository/Profiles_Page/Page_Members Area/button_Upload Company Logo' is clickable

2019-12-10 08:31:34 - [TEST_STEP][PASSED] - back(): Navigate back successfully

2019-12-10 08:31:34 - [MESSAGE][PASSED] - Navigate back successfully

2019-12-10 08:31:34 - [MESSAGE][PASSED] - Call Test Case 'Test Cases/Reusable_Test_Sequences/Members_Area/Validation/Profiles/Company_Logo' successfully

2019-12-10 08:31:34 - [TEST_STEP][PASSED] - callTestCase(findTestCase("Reusable_Test_Sequences/Members_Area/Area_Menu/Grow_You_Business/Profiles/BAnner_Image"), [:], CONTINUE_ON_FAILURE): Call Test Case 'Test Cases/Reusable_Test_Sequences/Members_Area/Area_Menu/Grow_You_Business/Profiles/BAnner_Image' successfully

2019-12-10 08:31:34 - [TEST_CASE][PASSED] - Test Cases/Reusable_Test_Sequences/Members_Area/Area_Menu/Grow_You_Business/Profiles/BAnner_Image: Test Cases/Reusable_Test_Sequences/Members_Area/Area_Menu/Grow_You_Business/Profiles/BAnner_Image

2019-12-10 08:31:34 - [TEST_STEP][PASSED] - waitForElementPresent(findTestObject("Object Repository/Profiles_Page/Page_Members Area/a_Banner image"), 25): Object 'Object Repository/Profiles_Page/Page_Members Area/a_Banner image' is present

2019-12-10 08:31:34 - [MESSAGE][PASSED] - Object 'Object Repository/Profiles_Page/Page_Members Area/a_Banner image' is present

2019-12-10 08:31:34 - [TEST_STEP][PASSED] - click(findTestObject("Object Repository/Profiles_Page/Page_Members Area/a_Banner image")): Object: 'Object Repository/Profiles_Page/Page_Members Area/a_Banner image' is clicked on

2019-12-10 08:31:35 - [MESSAGE][PASSED] - Object: 'Object Repository/Profiles_Page/Page_Members Area/a_Banner image' is clicked on

2019-12-10 08:31:35 - [MESSAGE][PASSED] - Call Test Case 'Test Cases/Reusable_Test_Sequences/Members_Area/Area_Menu/Grow_You_Business/Profiles/BAnner_Image' successfully

2019-12-10 08:31:35 - [TEST_STEP][PASSED] - callTestCase(findTestCase("Reusable_Test_Sequences/Members_Area/Validation/Profiles/Banner_Image"), [:], CONTINUE_ON_FAILURE): Call Test Case 'Test Cases/Reusable_Test_Sequences/Members_Area/Validation/Profiles/Banner_Image' successfully

2019-12-10 08:31:35 - [TEST_CASE][PASSED] - Test Cases/Reusable_Test_Sequences/Members_Area/Validation/Profiles/Banner_Image: Test Cases/Reusable_Test_Sequences/Members_Area/Validation/Profiles/Banner_Image

2019-12-10 08:31:35 - [TEST_STEP][PASSED] - waitForElementPresent(findTestObject("Object Repository/Profiles_Page/Page_Members Area/button_Upload Banner Image"), 25): Object 'Object Repository/Profiles_Page/Page_Members Area/button_Upload Banner Image' is present

2019-12-10 08:31:37 - [MESSAGE][PASSED] - Object 'Object Repository/Profiles_Page/Page_Members Area/button_Upload Banner Image' is present

2019-12-10 08:31:37 - [TEST_STEP][PASSED] - PAGE = "banner-image": null

2019-12-10 08:31:37 - [TEST_STEP][PASSED] - "Extra check - tabbing on area, just confirm stable URL": null

2019-12-10 08:31:37 - [TEST_STEP][PASSED] - callTestCase(findTestCase("Reusable_Test_Sequences/Utils/Check_URL"), [:], CONTINUE_ON_FAILURE): Call Test Case 'Test Cases/Reusable_Test_Sequences/Utils/Check_URL' successfully

2019-12-10 08:31:37 - [TEST_CASE][PASSED] - Test Cases/Reusable_Test_Sequences/Utils/Check_URL: Test Cases/Reusable_Test_Sequences/Utils/Check_URL

2019-12-10 08:31:37 - [TEST_STEP][PASSED] - waitForPageLoad(10): Wait for page load successfully

2019-12-10 08:31:37 - [MESSAGE][PASSED] - Wait for page load successfully

2019-12-10 08:31:37 - [TEST_STEP][PASSED] - CurrentUrl = getUrl(): Current window's url is: 'https://preview-ma.checkatrade.com/banner-image'

2019-12-10 08:31:37 - [MESSAGE][PASSED] - Current window's url is: 'https://preview-ma.checkatrade.com/banner-image'

2019-12-10 08:31:37 - [TEST_STEP][PASSED] - step_Passed = "We have been redirected, correctly to the EXPECTED <MEMBERS> URL Page"+GlobalVariable.CurrentUrl": null

2019-12-10 08:31:37 - [TEST_STEP][PASSED] - step_Failed = "We have been redirected, incorrectly to this page "+GlobalVariable.CurrentUrl+" We should be on "+GlobalVariable.MembersURL+GlobalVariable.PAGE": null

2019-12-10 08:31:37 - [TEST_STEP][PASSED] - if (CurrentUrl == MembersURL + PAGE): We have been redirected, correctly to the EXPECTED <MEMBERS> URL Page"+GlobalVariable.CurrentUrl

2019-12-10 08:31:37 - [TEST_STEP][PASSED] - out.println(step_Passed): null

2019-12-10 08:31:37 - [TEST_STEP][PASSED] - markPassed(step_Passed): We have been redirected, correctly to the EXPECTED <MEMBERS> URL Page"+GlobalVariable.CurrentUrl

2019-12-10 08:31:37 - [MESSAGE][PASSED] - We have been redirected, correctly to the EXPECTED <MEMBERS> URL Page"+GlobalVariable.CurrentUrl

2019-12-10 08:31:37 - [MESSAGE][PASSED] - Call Test Case 'Test Cases/Reusable_Test_Sequences/Utils/Check_URL' successfully

2019-12-10 08:31:37 - [TEST_STEP][PASSED] - "---------------------------------": null

2019-12-10 08:31:37 - [TEST_STEP][PASSED] - "THIS TAB - Banner Image          |": null

2019-12-10 08:31:37 - [TEST_STEP][PASSED] - verifyTextPresent(findTestData("Members_Test_Data").getValue("MEMBER_ID", 1), false): Text '218630' is present on page 

2019-12-10 08:31:37 - [MESSAGE][PASSED] - Text '218630' is present on page 

2019-12-10 08:31:37 - [TEST_STEP][PASSED] - verifyTextPresent("MEMBER ID", false): Text 'MEMBER ID' is present on page 

2019-12-10 08:31:37 - [MESSAGE][PASSED] - Text 'MEMBER ID' is present on page 

2019-12-10 08:31:37 - [TEST_STEP][PASSED] - verifyTextPresent("Update your company banner image here", false): Text 'Update your company banner image here' is present on page 

2019-12-10 08:31:38 - [MESSAGE][PASSED] - Text 'Update your company banner image here' is present on page 

2019-12-10 08:31:38 - [TEST_STEP][PASSED] - verifyTextPresent("Choose a new image", false): Text 'Choose a new image' is present on page 

2019-12-10 08:31:38 - [MESSAGE][PASSED] - Text 'Choose a new image' is present on page 

2019-12-10 08:31:38 - [TEST_STEP][PASSED] - verifyTextPresent("The new photo needs to be a JPEG", false): Text 'The new photo needs to be a JPEG' is present on page 

2019-12-10 08:31:38 - [MESSAGE][PASSED] - Text 'The new photo needs to be a JPEG' is present on page 

2019-12-10 08:31:38 - [TEST_STEP][PASSED] - verifyTextPresent("For best results, the image should be", false): Text 'For best results, the image should be' is present on page 

2019-12-10 08:31:38 - [MESSAGE][PASSED] - Text 'For best results, the image should be' is present on page 

2019-12-10 08:31:38 - [TEST_STEP][PASSED] - verifyTextPresent("The image has to be 8MB or smaller", false): Text 'The image has to be 8MB or smaller' is present on page 

2019-12-10 08:31:38 - [MESSAGE][PASSED] - Text 'The image has to be 8MB or smaller' is present on page 

2019-12-10 08:31:38 - [TEST_STEP][PASSED] - verifyTextPresent("All changes are monitored by Checkatrade staff", false): Text 'All changes are monitored by Checkatrade staff' is present on page 

2019-12-10 08:31:38 - [MESSAGE][PASSED] - Text 'All changes are monitored by Checkatrade staff' is present on page 

2019-12-10 08:31:38 - [TEST_STEP][PASSED] - verifyTextPresent("By uploading an image you are confirming", false): Text 'By uploading an image you are confirming' is present on page 

2019-12-10 08:31:38 - [MESSAGE][PASSED] - Text 'By uploading an image you are confirming' is present on page 

2019-12-10 08:31:38 - [TEST_STEP][PASSED] - verifyTextPresent("House rules: All changes will be moderated", false): Text 'House rules: All changes will be moderated' is present on page 

2019-12-10 08:31:39 - [MESSAGE][PASSED] - Text 'House rules: All changes will be moderated' is present on page 

2019-12-10 08:31:39 - [TEST_STEP][PASSED] - "----------------------------------------------": null

2019-12-10 08:31:39 - [TEST_STEP][PASSED] - waitForElementClickable(findTestObject("Object Repository/Page_Members Area/Profiles/Page_Members Area/label_By uploading an image"), 25): Object 'Object Repository/Page_Members Area/Profiles/Page_Members Area/label_By uploading an image' is clickable

2019-12-10 08:31:39 - [MESSAGE][PASSED] - Object 'Object Repository/Page_Members Area/Profiles/Page_Members Area/label_By uploading an image' is clickable

2019-12-10 08:31:39 - [TEST_STEP][PASSED] - click(findTestObject("Object Repository/Page_Members Area/Profiles/Page_Members Area/label_By uploading an image")): Object: 'Object Repository/Page_Members Area/Profiles/Page_Members Area/label_By uploading an image' is clicked on

2019-12-10 08:31:40 - [MESSAGE][PASSED] - Object: 'Object Repository/Page_Members Area/Profiles/Page_Members Area/label_By uploading an image' is clicked on

2019-12-10 08:31:40 - [TEST_STEP][PASSED] - "----------------------------------------------": null

2019-12-10 08:31:40 - [TEST_STEP][PASSED] - waitForElementClickable(findTestObject("Object Repository/Profiles_Page/Page_Members Area/button_Upload Banner Image"), 25): Object 'Object Repository/Profiles_Page/Page_Members Area/button_Upload Banner Image' is clickable

2019-12-10 08:31:40 - [MESSAGE][PASSED] - Object 'Object Repository/Profiles_Page/Page_Members Area/button_Upload Banner Image' is clickable

2019-12-10 08:31:40 - [TEST_STEP][PASSED] - click(findTestObject("Object Repository/Profiles_Page/Page_Members Area/button_Upload Banner Image")): Object: 'Object Repository/Profiles_Page/Page_Members Area/button_Upload Banner Image' is clicked on

2019-12-10 08:31:40 - [MESSAGE][PASSED] - Object: 'Object Repository/Profiles_Page/Page_Members Area/button_Upload Banner Image' is clicked on

2019-12-10 08:31:40 - [TEST_STEP][PASSED] - "----------------------------------------------": null

2019-12-10 08:31:40 - [TEST_STEP][PASSED] - delay(1): Delayed 1 second(s)

2019-12-10 08:31:41 - [MESSAGE][PASSED] - Delayed 1 second(s)

2019-12-10 08:31:41 - [TEST_STEP][PASSED] - waitForElementClickable(findTestObject("Object Repository/Profiles_Page/Page_Members Area/button_Close"), 25): Object 'Object Repository/Profiles_Page/Page_Members Area/button_Close' is clickable

2019-12-10 08:31:41 - [MESSAGE][PASSED] - Object 'Object Repository/Profiles_Page/Page_Members Area/button_Close' is clickable

2019-12-10 08:31:41 - [TEST_STEP][PASSED] - verifyTextPresent("Add Banner Image", false): Text 'Add Banner Image' is present on page 

2019-12-10 08:31:41 - [MESSAGE][PASSED] - Text 'Add Banner Image' is present on page 

2019-12-10 08:31:41 - [TEST_STEP][PASSED] - verifyTextPresent("Your New Banner Image", false): Text 'Your New Banner Image' is present on page 

2019-12-10 08:31:41 - [MESSAGE][PASSED] - Text 'Your New Banner Image' is present on page 

2019-12-10 08:31:41 - [TEST_STEP][PASSED] - verifyTextPresent("Select Banner Image", false): Text 'Select Banner Image' is present on page 

2019-12-10 08:31:41 - [MESSAGE][PASSED] - Text 'Select Banner Image' is present on page 

2019-12-10 08:31:41 - [TEST_STEP][PASSED] - verifyTextPresent("The new photo needs to be a JPEG", false): Text 'The new photo needs to be a JPEG' is present on page 

2019-12-10 08:31:41 - [MESSAGE][PASSED] - Text 'The new photo needs to be a JPEG' is present on page 

2019-12-10 08:31:41 - [TEST_STEP][PASSED] - verifyTextPresent("For best results, the image should be", false): Text 'For best results, the image should be' is present on page 

2019-12-10 08:31:42 - [MESSAGE][PASSED] - Text 'For best results, the image should be' is present on page 

2019-12-10 08:31:42 - [TEST_STEP][PASSED] - verifyTextPresent("The image has to be 8MB or smaller", false): Text 'The image has to be 8MB or smaller' is present on page 

2019-12-10 08:31:42 - [MESSAGE][PASSED] - Text 'The image has to be 8MB or smaller' is present on page 

2019-12-10 08:31:42 - [TEST_STEP][PASSED] - verifyTextPresent("We recommend these browsers", false): Text 'We recommend these browsers' is present on page 

2019-12-10 08:31:42 - [MESSAGE][PASSED] - Text 'We recommend these browsers' is present on page 

2019-12-10 08:31:42 - [TEST_STEP][PASSED] - verifyTextPresent("Close", false): Text 'Close' is present on page 

2019-12-10 08:31:42 - [MESSAGE][PASSED] - Text 'Close' is present on page 

2019-12-10 08:31:42 - [TEST_STEP][PASSED] - "----------------------------------------------": null

2019-12-10 08:31:42 - [TEST_STEP][PASSED] - waitForElementClickable(findTestObject("Object Repository/Profiles_Page/Page_Members Area/button_Select Banner Image"), 25): Object 'Object Repository/Profiles_Page/Page_Members Area/button_Select Banner Image' is clickable

2019-12-10 08:31:42 - [MESSAGE][PASSED] - Object 'Object Repository/Profiles_Page/Page_Members Area/button_Select Banner Image' is clickable

2019-12-10 08:31:42 - [TEST_STEP][PASSED] - "----------------------------------------------": null

2019-12-10 08:31:42 - [TEST_STEP][PASSED] - "----------------------------------------------": null

2019-12-10 08:31:42 - [TEST_STEP][PASSED] - "----------------------------------------------": null

2019-12-10 08:31:42 - [TEST_STEP][PASSED] - "----------------------------------------------": null

2019-12-10 08:31:42 - [TEST_STEP][PASSED] - waitForElementClickable(findTestObject("Object Repository/Profiles_Page/Page_Members Area/button_Close"), 25): Object 'Object Repository/Profiles_Page/Page_Members Area/button_Close' is clickable

2019-12-10 08:31:42 - [MESSAGE][PASSED] - Object 'Object Repository/Profiles_Page/Page_Members Area/button_Close' is clickable

2019-12-10 08:31:42 - [TEST_STEP][PASSED] - click(findTestObject("Object Repository/Profiles_Page/Page_Members Area/button_Close")): Object: 'Object Repository/Profiles_Page/Page_Members Area/button_Close' is clicked on

2019-12-10 08:31:42 - [MESSAGE][PASSED] - Object: 'Object Repository/Profiles_Page/Page_Members Area/button_Close' is clicked on

2019-12-10 08:31:42 - [TEST_STEP][PASSED] - waitForElementPresent(findTestObject("Object Repository/Profiles_Page/Page_Members Area/button_Upload Banner Image"), 25): Object 'Object Repository/Profiles_Page/Page_Members Area/button_Upload Banner Image' is present

2019-12-10 08:31:43 - [MESSAGE][PASSED] - Object 'Object Repository/Profiles_Page/Page_Members Area/button_Upload Banner Image' is present

2019-12-10 08:31:43 - [TEST_STEP][PASSED] - back(): Navigate back successfully

2019-12-10 08:31:43 - [MESSAGE][PASSED] - Navigate back successfully

2019-12-10 08:31:43 - [MESSAGE][PASSED] - Call Test Case 'Test Cases/Reusable_Test_Sequences/Members_Area/Validation/Profiles/Banner_Image' successfully

2019-12-10 08:31:43 - [TEST_STEP][PASSED] - callTestCase(findTestCase("Reusable_Test_Sequences/Members_Area/Area_Menu/Grow_You_Business/Profiles/Vetting_Information"), [:], CONTINUE_ON_FAILURE): Call Test Case 'Test Cases/Reusable_Test_Sequences/Members_Area/Area_Menu/Grow_You_Business/Profiles/Vetting_Information' successfully

2019-12-10 08:31:43 - [TEST_CASE][PASSED] - Test Cases/Reusable_Test_Sequences/Members_Area/Area_Menu/Grow_You_Business/Profiles/Vetting_Information: Test Cases/Reusable_Test_Sequences/Members_Area/Area_Menu/Grow_You_Business/Profiles/Vetting_Information

2019-12-10 08:31:43 - [TEST_STEP][PASSED] - waitForElementPresent(findTestObject("Object Repository/Profiles_Page/Page_Members Area/a_Vetting information"), 25): Object 'Object Repository/Profiles_Page/Page_Members Area/a_Vetting information' is present

2019-12-10 08:31:44 - [MESSAGE][PASSED] - Object 'Object Repository/Profiles_Page/Page_Members Area/a_Vetting information' is present

2019-12-10 08:31:44 - [TEST_STEP][PASSED] - click(findTestObject("Object Repository/Profiles_Page/Page_Members Area/a_Vetting information")): Object: 'Object Repository/Profiles_Page/Page_Members Area/a_Vetting information' is clicked on

2019-12-10 08:31:45 - [MESSAGE][PASSED] - Object: 'Object Repository/Profiles_Page/Page_Members Area/a_Vetting information' is clicked on

2019-12-10 08:31:45 - [MESSAGE][PASSED] - Call Test Case 'Test Cases/Reusable_Test_Sequences/Members_Area/Area_Menu/Grow_You_Business/Profiles/Vetting_Information' successfully

2019-12-10 08:31:45 - [TEST_STEP][PASSED] - callTestCase(findTestCase("Reusable_Test_Sequences/Members_Area/Validation/Profiles/Vetting_Information"), [:], CONTINUE_ON_FAILURE): Call Test Case 'Test Cases/Reusable_Test_Sequences/Members_Area/Validation/Profiles/Vetting_Information' successfully

2019-12-10 08:31:45 - [TEST_CASE][PASSED] - Test Cases/Reusable_Test_Sequences/Members_Area/Validation/Profiles/Vetting_Information: Test Cases/Reusable_Test_Sequences/Members_Area/Validation/Profiles/Vetting_Information

2019-12-10 08:31:46 - [TEST_STEP][PASSED] - waitForElementPresent(findTestObject("Object Repository/Profiles_Page/Page_Members Area/button_Add Accreditation"), 25): Object 'Object Repository/Profiles_Page/Page_Members Area/button_Add Accreditation' is present

2019-12-10 08:31:46 - [MESSAGE][PASSED] - Object 'Object Repository/Profiles_Page/Page_Members Area/button_Add Accreditation' is present

2019-12-10 08:31:46 - [TEST_STEP][PASSED] - PAGE = "vetting-information": null

2019-12-10 08:31:46 - [TEST_STEP][PASSED] - "Extra check - tabbing on area, just confirm stable URL": null

2019-12-10 08:31:46 - [TEST_STEP][PASSED] - callTestCase(findTestCase("Reusable_Test_Sequences/Utils/Check_URL"), [:], CONTINUE_ON_FAILURE): Call Test Case 'Test Cases/Reusable_Test_Sequences/Utils/Check_URL' successfully

2019-12-10 08:31:46 - [TEST_CASE][PASSED] - Test Cases/Reusable_Test_Sequences/Utils/Check_URL: Test Cases/Reusable_Test_Sequences/Utils/Check_URL

2019-12-10 08:31:46 - [TEST_STEP][PASSED] - waitForPageLoad(10): Wait for page load successfully

2019-12-10 08:31:46 - [MESSAGE][PASSED] - Wait for page load successfully

2019-12-10 08:31:46 - [TEST_STEP][PASSED] - CurrentUrl = getUrl(): Current window's url is: 'https://preview-ma.checkatrade.com/vetting-information'

2019-12-10 08:31:46 - [MESSAGE][PASSED] - Current window's url is: 'https://preview-ma.checkatrade.com/vetting-information'

2019-12-10 08:31:46 - [TEST_STEP][PASSED] - step_Passed = "We have been redirected, correctly to the EXPECTED <MEMBERS> URL Page"+GlobalVariable.CurrentUrl": null

2019-12-10 08:31:46 - [TEST_STEP][PASSED] - step_Failed = "We have been redirected, incorrectly to this page "+GlobalVariable.CurrentUrl+" We should be on "+GlobalVariable.MembersURL+GlobalVariable.PAGE": null

2019-12-10 08:31:46 - [TEST_STEP][PASSED] - if (CurrentUrl == MembersURL + PAGE): We have been redirected, correctly to the EXPECTED <MEMBERS> URL Page"+GlobalVariable.CurrentUrl

2019-12-10 08:31:46 - [TEST_STEP][PASSED] - out.println(step_Passed): null

2019-12-10 08:31:46 - [TEST_STEP][PASSED] - markPassed(step_Passed): We have been redirected, correctly to the EXPECTED <MEMBERS> URL Page"+GlobalVariable.CurrentUrl

2019-12-10 08:31:46 - [MESSAGE][PASSED] - We have been redirected, correctly to the EXPECTED <MEMBERS> URL Page"+GlobalVariable.CurrentUrl

2019-12-10 08:31:46 - [MESSAGE][PASSED] - Call Test Case 'Test Cases/Reusable_Test_Sequences/Utils/Check_URL' successfully

2019-12-10 08:31:46 - [TEST_STEP][PASSED] - "---------------------------------": null

2019-12-10 08:31:46 - [TEST_STEP][PASSED] - "THIS TAB - Vetting Information   |": null

2019-12-10 08:31:46 - [TEST_STEP][PASSED] - verifyTextPresent(findTestData("Members_Test_Data").getValue("MEMBER_ID", 1), false): Text '218630' is present on page 

2019-12-10 08:31:46 - [MESSAGE][PASSED] - Text '218630' is present on page 

2019-12-10 08:31:46 - [TEST_STEP][PASSED] - verifyTextPresent("MEMBER ID", false): Text 'MEMBER ID' is present on page 

2019-12-10 08:31:47 - [MESSAGE][PASSED] - Text 'MEMBER ID' is present on page 

2019-12-10 08:31:47 - [TEST_STEP][PASSED] - verifyTextPresent("Update your accreditations and services here", false): Text 'Update your accreditations and services here' is present on page 

2019-12-10 08:31:47 - [MESSAGE][PASSED] - Text 'Update your accreditations and services here' is present on page 

2019-12-10 08:31:47 - [TEST_STEP][PASSED] - verifyTextPresent("Accreditations & Memberships", false): Text 'Accreditations & Memberships' is present on page 

2019-12-10 08:31:47 - [MESSAGE][PASSED] - Text 'Accreditations & Memberships' is present on page 

2019-12-10 08:31:47 - [TEST_STEP][PASSED] - verifyTextPresent("Below are the accreditations and memberships displayed on your profile page. You can add more by clicking on the link below", false): Text 'Below are the accreditations and memberships displayed on your profile page. You can add more by clicking on the link below' is present on page 

2019-12-10 08:31:47 - [MESSAGE][PASSED] - Text 'Below are the accreditations and memberships displayed on your profile page. You can add more by clicking on the link below' is present on page 

2019-12-10 08:31:47 - [TEST_STEP][PASSED] - waitForPageLoad(25): Wait for page load successfully

2019-12-10 08:31:47 - [MESSAGE][PASSED] - Wait for page load successfully

2019-12-10 08:31:47 - [TEST_STEP][PASSED] - delay(5): Delayed 5 second(s)

2019-12-10 08:31:52 - [MESSAGE][PASSED] - Delayed 5 second(s)

2019-12-10 08:31:52 - [TEST_STEP][PASSED] - verifyTextPresent("Approved", false): Text 'Approved' is present on page 

2019-12-10 08:31:52 - [MESSAGE][PASSED] - Text 'Approved' is present on page 

2019-12-10 08:31:52 - [TEST_STEP][PASSED] - verifyTextPresent("Type", false): Text 'Type' is present on page 

2019-12-10 08:31:53 - [MESSAGE][PASSED] - Text 'Type' is present on page 

2019-12-10 08:31:53 - [TEST_STEP][PASSED] - verifyTextPresent("Description", false): Text 'Description' is present on page 

2019-12-10 08:31:53 - [MESSAGE][PASSED] - Text 'Description' is present on page 

2019-12-10 08:31:53 - [TEST_STEP][PASSED] - verifyTextPresent("Expires", false): Text 'Expires' is present on page 

2019-12-10 08:31:53 - [MESSAGE][PASSED] - Text 'Expires' is present on page 

2019-12-10 08:31:53 - [TEST_STEP][PASSED] - verifyTextPresent("Add Accreditation", false): Text 'Add Accreditation' is present on page 

2019-12-10 08:31:53 - [MESSAGE][PASSED] - Text 'Add Accreditation' is present on page 

2019-12-10 08:31:53 - [TEST_STEP][PASSED] - "----------------------------------------------": null

2019-12-10 08:31:53 - [TEST_STEP][PASSED] - verifyTextPresent("Services", false): Text 'Services' is present on page 

2019-12-10 08:31:54 - [MESSAGE][PASSED] - Text 'Services' is present on page 

2019-12-10 08:31:54 - [TEST_STEP][PASSED] - verifyTextPresent("You may update the services that you offer to customers", false): Text 'You may update the services that you offer to customers' is present on page 

2019-12-10 08:31:54 - [MESSAGE][PASSED] - Text 'You may update the services that you offer to customers' is present on page 

2019-12-10 08:31:54 - [TEST_STEP][PASSED] - "----------------------------------------------": null

2019-12-10 08:31:54 - [TEST_STEP][PASSED] - waitForElementClickable(findTestObject("Object Repository/Profiles_Page/Page_Members Area/button_Add Accreditation"), 25): Object 'Object Repository/Profiles_Page/Page_Members Area/button_Add Accreditation' is clickable

2019-12-10 08:31:54 - [MESSAGE][PASSED] - Object 'Object Repository/Profiles_Page/Page_Members Area/button_Add Accreditation' is clickable

2019-12-10 08:31:54 - [TEST_STEP][PASSED] - click(findTestObject("Object Repository/Profiles_Page/Page_Members Area/button_Add Accreditation")): Object: 'Object Repository/Profiles_Page/Page_Members Area/button_Add Accreditation' is clicked on

2019-12-10 08:31:54 - [MESSAGE][PASSED] - Object: 'Object Repository/Profiles_Page/Page_Members Area/button_Add Accreditation' is clicked on

2019-12-10 08:31:54 - [TEST_STEP][PASSED] - callTestCase(findTestCase("Reusable_Test_Sequences/Members_Area/Validation/Profiles/Vetting_Information_Sub/Add_Accreditation"), [:], CONTINUE_ON_FAILURE): Call Test Case 'Test Cases/Reusable_Test_Sequences/Members_Area/Validation/Profiles/Vetting_Information_Sub/Add_Accreditation' successfully

2019-12-10 08:31:55 - [TEST_CASE][PASSED] - Test Cases/Reusable_Test_Sequences/Members_Area/Validation/Profiles/Vetting_Information_Sub/Add_Accreditation: Test Cases/Reusable_Test_Sequences/Members_Area/Validation/Profiles/Vetting_Information_Sub/Add_Accreditation

2019-12-10 08:31:55 - [TEST_STEP][PASSED] - waitForElementPresent(findTestObject("Object Repository/Page_Members Area/Profiles/Page_Members Area/button_Select Document"), 25): Object 'Object Repository/Page_Members Area/Profiles/Page_Members Area/button_Select Document' is present

2019-12-10 08:31:55 - [MESSAGE][PASSED] - Object 'Object Repository/Page_Members Area/Profiles/Page_Members Area/button_Select Document' is present

2019-12-10 08:31:55 - [TEST_STEP][PASSED] - "---------------------------------------------------": null

2019-12-10 08:31:55 - [TEST_STEP][PASSED] - verifyTextPresent(findTestData("Members_Test_Data").getValue("MEMBER_ID", 1), false): Text '218630' is present on page 

2019-12-10 08:31:56 - [MESSAGE][PASSED] - Text '218630' is present on page 

2019-12-10 08:31:56 - [TEST_STEP][PASSED] - verifyTextPresent("MEMBER ID", false): Text 'MEMBER ID' is present on page 

2019-12-10 08:31:56 - [MESSAGE][PASSED] - Text 'MEMBER ID' is present on page 

2019-12-10 08:31:56 - [TEST_STEP][PASSED] - verifyTextPresent("Add New Accreditation", false): Text 'Add New Accreditation' is present on page 

2019-12-10 08:31:56 - [MESSAGE][PASSED] - Text 'Add New Accreditation' is present on page 

2019-12-10 08:31:56 - [TEST_STEP][PASSED] - verifyTextPresent("Proof of accreditation is required before it can be listed on your web page", false): Text 'Proof of accreditation is required before it can be listed on your web page' is present on page 

2019-12-10 08:31:56 - [MESSAGE][PASSED] - Text 'Proof of accreditation is required before it can be listed on your web page' is present on page 

2019-12-10 08:31:56 - [TEST_STEP][PASSED] - verifyTextPresent("Supporting Documents", false): Text 'Supporting Documents' is present on page 

2019-12-10 08:31:57 - [MESSAGE][PASSED] - Text 'Supporting Documents' is present on page 

2019-12-10 08:31:57 - [TEST_STEP][PASSED] - verifyTextPresent("Select Document", false): Text 'Select Document' is present on page 

2019-12-10 08:31:57 - [MESSAGE][PASSED] - Text 'Select Document' is present on page 

2019-12-10 08:31:57 - [TEST_STEP][PASSED] - verifyTextPresent("Add Accreditation", false): Text 'Add Accreditation' is present on page 

2019-12-10 08:31:57 - [MESSAGE][PASSED] - Text 'Add Accreditation' is present on page 

2019-12-10 08:31:57 - [TEST_STEP][PASSED] - verifyTextPresent("Type", false): Text 'Type' is present on page 

2019-12-10 08:31:58 - [MESSAGE][PASSED] - Text 'Type' is present on page 

2019-12-10 08:31:58 - [TEST_STEP][PASSED] - verifyTextPresent("Notes", false): Text 'Notes' is present on page 

2019-12-10 08:31:58 - [MESSAGE][PASSED] - Text 'Notes' is present on page 

2019-12-10 08:31:58 - [TEST_STEP][PASSED] - verifyTextPresent("The file size must be smaller than 9MB", false): Text 'The file size must be smaller than 9MB' is present on page 

2019-12-10 08:31:59 - [MESSAGE][PASSED] - Text 'The file size must be smaller than 9MB' is present on page 

2019-12-10 08:31:59 - [TEST_STEP][PASSED] - verifyTextPresent("Services", false): Text 'Services' is present on page 

2019-12-10 08:31:59 - [MESSAGE][PASSED] - Text 'Services' is present on page 

2019-12-10 08:31:59 - [TEST_STEP][PASSED] - verifyTextPresent("Close", false): Text 'Close' is present on page 

2019-12-10 08:31:59 - [MESSAGE][PASSED] - Text 'Close' is present on page 

2019-12-10 08:31:59 - [TEST_STEP][PASSED] - selectOptionByValue(findTestObject("Object Repository/Page_Members Area/Profiles/Page_Members Area/select_Select accreditation type"), "128", true): All options with value '128' are selected in object 'Object Repository/Page_Members Area/Profiles/Page_Members Area/select_Select accreditation type'  using regular expression

2019-12-10 08:32:04 - [MESSAGE][PASSED] - All options with value '128' are selected in object 'Object Repository/Page_Members Area/Profiles/Page_Members Area/select_Select accreditation type'  using regular expression

2019-12-10 08:32:04 - [TEST_STEP][PASSED] - setText(findTestObject("Object Repository/Page_Members Area/Profiles/Page_Members Area/textarea_Notes_txtNotes"), "testing, testing, 123"): Text 'testing, testing, 123' is set on object 'Object Repository/Page_Members Area/Profiles/Page_Members Area/textarea_Notes_txtNotes'

2019-12-10 08:32:05 - [MESSAGE][PASSED] - Text 'testing, testing, 123' is set on object 'Object Repository/Page_Members Area/Profiles/Page_Members Area/textarea_Notes_txtNotes'

2019-12-10 08:32:05 - [TEST_STEP][PASSED] - "----------------------------------------------": null

2019-12-10 08:32:05 - [TEST_STEP][PASSED] - verifyElementClickable(findTestObject("Object Repository/Page_Members Area/Profiles/Page_Members Area/button_Select Document")): Object 'Object Repository/Page_Members Area/Profiles/Page_Members Area/button_Select Document' is clickable

2019-12-10 08:32:05 - [MESSAGE][PASSED] - Object 'Object Repository/Page_Members Area/Profiles/Page_Members Area/button_Select Document' is clickable

2019-12-10 08:32:05 - [TEST_STEP][PASSED] - "----------------------------------------------": null

2019-12-10 08:32:05 - [TEST_STEP][PASSED] - "----------------------------------------------": null

2019-12-10 08:32:05 - [TEST_STEP][PASSED] - "----------------------------------------------": null

2019-12-10 08:32:05 - [TEST_STEP][PASSED] - "----------------------------------------------": null

2019-12-10 08:32:05 - [TEST_STEP][PASSED] - scrollToElement(findTestObject("Object Repository/Page_Members Area/Profiles/Page_Members Area/button_Close"), 5): Scroll to object 'Object Repository/Page_Members Area/Profiles/Page_Members Area/button_Close' successfully

2019-12-10 08:32:06 - [MESSAGE][PASSED] - Scroll to object 'Object Repository/Page_Members Area/Profiles/Page_Members Area/button_Close' successfully

2019-12-10 08:32:06 - [TEST_STEP][PASSED] - verifyElementClickable(findTestObject("Object Repository/Page_Members Area/Profiles/Page_Members Area/button_Close")): Object 'Object Repository/Page_Members Area/Profiles/Page_Members Area/button_Close' is clickable

2019-12-10 08:32:06 - [MESSAGE][PASSED] - Object 'Object Repository/Page_Members Area/Profiles/Page_Members Area/button_Close' is clickable

2019-12-10 08:32:06 - [TEST_STEP][PASSED] - click(findTestObject("Object Repository/Page_Members Area/Profiles/Page_Members Area/button_Close")): Object: 'Object Repository/Page_Members Area/Profiles/Page_Members Area/button_Close' is clicked on

2019-12-10 08:32:06 - [MESSAGE][PASSED] - Object: 'Object Repository/Page_Members Area/Profiles/Page_Members Area/button_Close' is clicked on

2019-12-10 08:32:06 - [MESSAGE][PASSED] - Call Test Case 'Test Cases/Reusable_Test_Sequences/Members_Area/Validation/Profiles/Vetting_Information_Sub/Add_Accreditation' successfully

2019-12-10 08:32:06 - [TEST_STEP][PASSED] - callTestCase(findTestCase("Reusable_Test_Sequences/Members_Area/Validation/Profiles/Vetting_Information_Sub/Services_Section"), [:], CONTINUE_ON_FAILURE): Call Test Case 'Test Cases/Reusable_Test_Sequences/Members_Area/Validation/Profiles/Vetting_Information_Sub/Services_Section' successfully

2019-12-10 08:32:06 - [TEST_CASE][PASSED] - Test Cases/Reusable_Test_Sequences/Members_Area/Validation/Profiles/Vetting_Information_Sub/Services_Section: Test Cases/Reusable_Test_Sequences/Members_Area/Validation/Profiles/Vetting_Information_Sub/Services_Section

2019-12-10 08:32:06 - [TEST_STEP][PASSED] - scrollToElement(findTestObject("Object Repository/Page_Members Area/Profiles/Page_Members Area/button_Save Vetting Information"), 5): Scroll to object 'Object Repository/Page_Members Area/Profiles/Page_Members Area/button_Save Vetting Information' successfully

2019-12-10 08:32:07 - [MESSAGE][PASSED] - Scroll to object 'Object Repository/Page_Members Area/Profiles/Page_Members Area/button_Save Vetting Information' successfully

2019-12-10 08:32:07 - [TEST_STEP][PASSED] - verifyTextPresent(findTestData("Members_Test_Data").getValue("MEMBER_ID", 1), false): Text '218630' is present on page 

2019-12-10 08:32:07 - [MESSAGE][PASSED] - Text '218630' is present on page 

2019-12-10 08:32:07 - [TEST_STEP][PASSED] - verifyTextPresent("MEMBER ID", false): Text 'MEMBER ID' is present on page 

2019-12-10 08:32:07 - [MESSAGE][PASSED] - Text 'MEMBER ID' is present on page 

2019-12-10 08:32:07 - [TEST_STEP][PASSED] - verifyTextPresent("Services", false): Text 'Services' is present on page 

2019-12-10 08:32:07 - [MESSAGE][PASSED] - Text 'Services' is present on page 

2019-12-10 08:32:07 - [TEST_STEP][PASSED] - verifyTextPresent("You may update the services that you offer to customers", false): Text 'You may update the services that you offer to customers' is present on page 

2019-12-10 08:32:07 - [MESSAGE][PASSED] - Text 'You may update the services that you offer to customers' is present on page 

2019-12-10 08:32:07 - [TEST_STEP][PASSED] - verifyTextPresent("Domestic Work", false): Text 'Domestic Work' is present on page 

2019-12-10 08:32:07 - [MESSAGE][PASSED] - Text 'Domestic Work' is present on page 

2019-12-10 08:32:07 - [TEST_STEP][PASSED] - verifyTextPresent("Commercial Work", false): Text 'Commercial Work' is present on page 

2019-12-10 08:32:07 - [MESSAGE][PASSED] - Text 'Commercial Work' is present on page 

2019-12-10 08:32:07 - [TEST_STEP][PASSED] - verifyTextPresent("24hr Call-out", false): Text '24hr Call-out' is present on page 

2019-12-10 08:32:07 - [MESSAGE][PASSED] - Text '24hr Call-out' is present on page 

2019-12-10 08:32:07 - [TEST_STEP][PASSED] - verifyTextPresent("Free Estimates", false): Text 'Free Estimates' is present on page 

2019-12-10 08:32:07 - [MESSAGE][PASSED] - Text 'Free Estimates' is present on page 

2019-12-10 08:32:07 - [TEST_STEP][PASSED] - verifyTextPresent("Insurance Work Undertaken", false): Text 'Insurance Work Undertaken' is present on page 

2019-12-10 08:32:07 - [MESSAGE][PASSED] - Text 'Insurance Work Undertaken' is present on page 

2019-12-10 08:32:07 - [TEST_STEP][PASSED] - verifyTextPresent("Cards accepted", false): Text 'Cards accepted' is present on page 

2019-12-10 08:32:08 - [MESSAGE][PASSED] - Text 'Cards accepted' is present on page 

2019-12-10 08:32:08 - [TEST_STEP][PASSED] - verifyTextPresent("Free Estimates (excl. Insurance)", false): Text 'Free Estimates (excl. Insurance)' is present on page 

2019-12-10 08:32:08 - [MESSAGE][PASSED] - Text 'Free Estimates (excl. Insurance)' is present on page 

2019-12-10 08:32:08 - [TEST_STEP][PASSED] - verifyTextPresent("VAT Registration", false): Text 'VAT Registration' is present on page 

2019-12-10 08:32:08 - [MESSAGE][PASSED] - Text 'VAT Registration' is present on page 

2019-12-10 08:32:08 - [TEST_STEP][PASSED] - verifyTextPresent("Are you VAT registered", false): Text 'Are you VAT registered' is present on page 

2019-12-10 08:32:08 - [MESSAGE][PASSED] - Text 'Are you VAT registered' is present on page 

2019-12-10 08:32:08 - [TEST_STEP][PASSED] - verifyTextPresent("update your registration number here", false): Text 'update your registration number here' is present on page 

2019-12-10 08:32:08 - [MESSAGE][PASSED] - Text 'update your registration number here' is present on page 

2019-12-10 08:32:08 - [TEST_STEP][PASSED] - "----------------------------------------------": null

2019-12-10 08:32:08 - [TEST_STEP][PASSED] - verifyTextPresent("House rules: All changes will be moderated by Checkatrade staff", false): Text 'House rules: All changes will be moderated by Checkatrade staff' is present on page 

2019-12-10 08:32:08 - [MESSAGE][PASSED] - Text 'House rules: All changes will be moderated by Checkatrade staff' is present on page 

2019-12-10 08:32:08 - [TEST_STEP][PASSED] - "----------------------------------------------": null

2019-12-10 08:32:08 - [TEST_STEP][PASSED] - "----------------------------------------------": null

2019-12-10 08:32:08 - [TEST_STEP][PASSED] - "DOMESTIC WORK": null

2019-12-10 08:32:08 - [TEST_STEP][PASSED] - waitForElementClickable(findTestObject("Object Repository/Page_Members Area/Profiles/Page_Members Area/input_Domestic Work_workDomestic"), 2): Object 'Object Repository/Page_Members Area/Profiles/Page_Members Area/input_Domestic Work_workDomestic' is clickable

2019-12-10 08:32:08 - [MESSAGE][PASSED] - Object 'Object Repository/Page_Members Area/Profiles/Page_Members Area/input_Domestic Work_workDomestic' is clickable

2019-12-10 08:32:08 - [TEST_STEP][PASSED] - click(findTestObject("Object Repository/Page_Members Area/Profiles/Page_Members Area/input_Domestic Work_workDomestic")): Object: 'Object Repository/Page_Members Area/Profiles/Page_Members Area/input_Domestic Work_workDomestic' is clicked on

2019-12-10 08:32:08 - [MESSAGE][PASSED] - Object: 'Object Repository/Page_Members Area/Profiles/Page_Members Area/input_Domestic Work_workDomestic' is clicked on

2019-12-10 08:32:08 - [TEST_STEP][PASSED] - "----------------------------------------------": null

2019-12-10 08:32:08 - [TEST_STEP][PASSED] - "COMMERCIAL WORK": null

2019-12-10 08:32:08 - [TEST_STEP][PASSED] - waitForElementClickable(findTestObject("Object Repository/Page_Members Area/Profiles/Page_Members Area/input_Commercial Work_workCommercial"), 2): Object 'Object Repository/Page_Members Area/Profiles/Page_Members Area/input_Commercial Work_workCommercial' is clickable

2019-12-10 08:32:08 - [MESSAGE][PASSED] - Object 'Object Repository/Page_Members Area/Profiles/Page_Members Area/input_Commercial Work_workCommercial' is clickable

2019-12-10 08:32:08 - [TEST_STEP][PASSED] - click(findTestObject("Object Repository/Page_Members Area/Profiles/Page_Members Area/input_Commercial Work_workCommercial")): Object: 'Object Repository/Page_Members Area/Profiles/Page_Members Area/input_Commercial Work_workCommercial' is clicked on

2019-12-10 08:32:08 - [MESSAGE][PASSED] - Object: 'Object Repository/Page_Members Area/Profiles/Page_Members Area/input_Commercial Work_workCommercial' is clicked on

2019-12-10 08:32:08 - [TEST_STEP][PASSED] - "----------------------------------------------": null

2019-12-10 08:32:08 - [TEST_STEP][PASSED] - "24 HOUR CALLOUT": null

2019-12-10 08:32:08 - [TEST_STEP][PASSED] - waitForElementClickable(findTestObject("Object Repository/Page_Members Area/Profiles/Page_Members Area/input_Commercial Work_work24Hours"), 2): Object 'Object Repository/Page_Members Area/Profiles/Page_Members Area/input_Commercial Work_work24Hours' is clickable

2019-12-10 08:32:08 - [MESSAGE][PASSED] - Object 'Object Repository/Page_Members Area/Profiles/Page_Members Area/input_Commercial Work_work24Hours' is clickable

2019-12-10 08:32:08 - [TEST_STEP][PASSED] - click(findTestObject("Object Repository/Page_Members Area/Profiles/Page_Members Area/input_Commercial Work_work24Hours")): Object: 'Object Repository/Page_Members Area/Profiles/Page_Members Area/input_Commercial Work_work24Hours' is clicked on

2019-12-10 08:32:09 - [MESSAGE][PASSED] - Object: 'Object Repository/Page_Members Area/Profiles/Page_Members Area/input_Commercial Work_work24Hours' is clicked on

2019-12-10 08:32:09 - [TEST_STEP][PASSED] - "----------------------------------------------": null

2019-12-10 08:32:09 - [TEST_STEP][PASSED] - "FREE ESTIMATES": null

2019-12-10 08:32:09 - [TEST_STEP][PASSED] - waitForElementClickable(findTestObject("Object Repository/Page_Members Area/Profiles/Page_Members Area/input_Free Estimates_workFreeEstimates"), 2): Object 'Object Repository/Page_Members Area/Profiles/Page_Members Area/input_Free Estimates_workFreeEstimates' is clickable

2019-12-10 08:32:09 - [MESSAGE][PASSED] - Object 'Object Repository/Page_Members Area/Profiles/Page_Members Area/input_Free Estimates_workFreeEstimates' is clickable

2019-12-10 08:32:09 - [TEST_STEP][PASSED] - click(findTestObject("Object Repository/Page_Members Area/Profiles/Page_Members Area/input_Free Estimates_workFreeEstimates")): Object: 'Object Repository/Page_Members Area/Profiles/Page_Members Area/input_Free Estimates_workFreeEstimates' is clicked on

2019-12-10 08:32:09 - [MESSAGE][PASSED] - Object: 'Object Repository/Page_Members Area/Profiles/Page_Members Area/input_Free Estimates_workFreeEstimates' is clicked on

2019-12-10 08:32:09 - [TEST_STEP][PASSED] - "----------------------------------------------": null

2019-12-10 08:32:09 - [TEST_STEP][PASSED] - "INSURANCE WORK UNDERTAKEN": null

2019-12-10 08:32:09 - [TEST_STEP][PASSED] - waitForElementClickable(findTestObject("Object Repository/Page_Members Area/Profiles/Page_Members Area/input_Insurance Work Undertaken_workInsurance"), 2): Object 'Object Repository/Page_Members Area/Profiles/Page_Members Area/input_Insurance Work Undertaken_workInsurance' is clickable

2019-12-10 08:32:09 - [MESSAGE][PASSED] - Object 'Object Repository/Page_Members Area/Profiles/Page_Members Area/input_Insurance Work Undertaken_workInsurance' is clickable

2019-12-10 08:32:09 - [TEST_STEP][PASSED] - click(findTestObject("Object Repository/Page_Members Area/Profiles/Page_Members Area/input_Insurance Work Undertaken_workInsurance")): Object: 'Object Repository/Page_Members Area/Profiles/Page_Members Area/input_Insurance Work Undertaken_workInsurance' is clicked on

2019-12-10 08:32:09 - [MESSAGE][PASSED] - Object: 'Object Repository/Page_Members Area/Profiles/Page_Members Area/input_Insurance Work Undertaken_workInsurance' is clicked on

2019-12-10 08:32:09 - [TEST_STEP][PASSED] - "----------------------------------------------": null

2019-12-10 08:32:09 - [TEST_STEP][PASSED] - "CARDS ACCEPTED": null

2019-12-10 08:32:09 - [TEST_STEP][PASSED] - waitForElementClickable(findTestObject("Object Repository/Page_Members Area/Profiles/Page_Members Area/input_Cards accepted_cardsAccepted"), 2): Object 'Object Repository/Page_Members Area/Profiles/Page_Members Area/input_Cards accepted_cardsAccepted' is clickable

2019-12-10 08:32:09 - [MESSAGE][PASSED] - Object 'Object Repository/Page_Members Area/Profiles/Page_Members Area/input_Cards accepted_cardsAccepted' is clickable

2019-12-10 08:32:09 - [TEST_STEP][PASSED] - click(findTestObject("Object Repository/Page_Members Area/Profiles/Page_Members Area/input_Cards accepted_cardsAccepted")): Object: 'Object Repository/Page_Members Area/Profiles/Page_Members Area/input_Cards accepted_cardsAccepted' is clicked on

2019-12-10 08:32:09 - [MESSAGE][PASSED] - Object: 'Object Repository/Page_Members Area/Profiles/Page_Members Area/input_Cards accepted_cardsAccepted' is clicked on

2019-12-10 08:32:09 - [TEST_STEP][PASSED] - "----------------------------------------------": null

2019-12-10 08:32:09 - [TEST_STEP][PASSED] - "FREE ESTIMATES": null

2019-12-10 08:32:09 - [TEST_STEP][PASSED] - waitForElementClickable(findTestObject("Object Repository/Page_Members Area/Profiles/Page_Members Area/input_Free Estimates (excl Insurance)_workFreeEstimatesExclIns"), 2): Object 'Object Repository/Page_Members Area/Profiles/Page_Members Area/input_Free Estimates (excl Insurance)_workFreeEstimatesExclIns' is clickable

2019-12-10 08:32:09 - [MESSAGE][PASSED] - Object 'Object Repository/Page_Members Area/Profiles/Page_Members Area/input_Free Estimates (excl Insurance)_workFreeEstimatesExclIns' is clickable

2019-12-10 08:32:09 - [TEST_STEP][PASSED] - click(findTestObject("Object Repository/Page_Members Area/Profiles/Page_Members Area/input_Free Estimates (excl Insurance)_workFreeEstimatesExclIns")): Object: 'Object Repository/Page_Members Area/Profiles/Page_Members Area/input_Free Estimates (excl Insurance)_workFreeEstimatesExclIns' is clicked on

2019-12-10 08:32:09 - [MESSAGE][PASSED] - Object: 'Object Repository/Page_Members Area/Profiles/Page_Members Area/input_Free Estimates (excl Insurance)_workFreeEstimatesExclIns' is clicked on

2019-12-10 08:32:09 - [TEST_STEP][PASSED] - "----------------------------------------------": null

2019-12-10 08:32:09 - [TEST_STEP][PASSED] - "DOMESTIC WORK": null

2019-12-10 08:32:09 - [TEST_STEP][PASSED] - waitForElementClickable(findTestObject("Object Repository/Page_Members Area/Profiles/Page_Members Area/input_Domestic Work_workDomestic"), 2): Object 'Object Repository/Page_Members Area/Profiles/Page_Members Area/input_Domestic Work_workDomestic' is clickable

2019-12-10 08:32:09 - [MESSAGE][PASSED] - Object 'Object Repository/Page_Members Area/Profiles/Page_Members Area/input_Domestic Work_workDomestic' is clickable

2019-12-10 08:32:09 - [TEST_STEP][PASSED] - click(findTestObject("Object Repository/Page_Members Area/Profiles/Page_Members Area/input_Domestic Work_workDomestic")): Object: 'Object Repository/Page_Members Area/Profiles/Page_Members Area/input_Domestic Work_workDomestic' is clicked on

2019-12-10 08:32:10 - [MESSAGE][PASSED] - Object: 'Object Repository/Page_Members Area/Profiles/Page_Members Area/input_Domestic Work_workDomestic' is clicked on

2019-12-10 08:32:10 - [TEST_STEP][PASSED] - "----------------------------------------------": null

2019-12-10 08:32:10 - [TEST_STEP][PASSED] - "COMMERCIAL WORK": null

2019-12-10 08:32:10 - [TEST_STEP][PASSED] - waitForElementClickable(findTestObject("Object Repository/Page_Members Area/Profiles/Page_Members Area/input_Commercial Work_workCommercial"), 2): Object 'Object Repository/Page_Members Area/Profiles/Page_Members Area/input_Commercial Work_workCommercial' is clickable

2019-12-10 08:32:10 - [MESSAGE][PASSED] - Object 'Object Repository/Page_Members Area/Profiles/Page_Members Area/input_Commercial Work_workCommercial' is clickable

2019-12-10 08:32:10 - [TEST_STEP][PASSED] - click(findTestObject("Object Repository/Page_Members Area/Profiles/Page_Members Area/input_Commercial Work_workCommercial")): Object: 'Object Repository/Page_Members Area/Profiles/Page_Members Area/input_Commercial Work_workCommercial' is clicked on

2019-12-10 08:32:10 - [MESSAGE][PASSED] - Object: 'Object Repository/Page_Members Area/Profiles/Page_Members Area/input_Commercial Work_workCommercial' is clicked on

2019-12-10 08:32:10 - [TEST_STEP][PASSED] - "----------------------------------------------": null

2019-12-10 08:32:10 - [TEST_STEP][PASSED] - "24 HOUR CALLOUT": null

2019-12-10 08:32:10 - [TEST_STEP][PASSED] - waitForElementClickable(findTestObject("Object Repository/Page_Members Area/Profiles/Page_Members Area/input_Commercial Work_work24Hours"), 2): Object 'Object Repository/Page_Members Area/Profiles/Page_Members Area/input_Commercial Work_work24Hours' is clickable

2019-12-10 08:32:10 - [MESSAGE][PASSED] - Object 'Object Repository/Page_Members Area/Profiles/Page_Members Area/input_Commercial Work_work24Hours' is clickable

2019-12-10 08:32:10 - [TEST_STEP][PASSED] - click(findTestObject("Object Repository/Page_Members Area/Profiles/Page_Members Area/input_Commercial Work_work24Hours")): Object: 'Object Repository/Page_Members Area/Profiles/Page_Members Area/input_Commercial Work_work24Hours' is clicked on

2019-12-10 08:32:11 - [MESSAGE][PASSED] - Object: 'Object Repository/Page_Members Area/Profiles/Page_Members Area/input_Commercial Work_work24Hours' is clicked on

2019-12-10 08:32:11 - [TEST_STEP][PASSED] - "----------------------------------------------": null

2019-12-10 08:32:11 - [TEST_STEP][PASSED] - "FREE ESTIMATES": null

2019-12-10 08:32:11 - [TEST_STEP][PASSED] - waitForElementClickable(findTestObject("Object Repository/Page_Members Area/Profiles/Page_Members Area/input_Free Estimates_workFreeEstimates"), 2): Object 'Object Repository/Page_Members Area/Profiles/Page_Members Area/input_Free Estimates_workFreeEstimates' is clickable

2019-12-10 08:32:11 - [MESSAGE][PASSED] - Object 'Object Repository/Page_Members Area/Profiles/Page_Members Area/input_Free Estimates_workFreeEstimates' is clickable

2019-12-10 08:32:11 - [TEST_STEP][PASSED] - click(findTestObject("Object Repository/Page_Members Area/Profiles/Page_Members Area/input_Free Estimates_workFreeEstimates")): Object: 'Object Repository/Page_Members Area/Profiles/Page_Members Area/input_Free Estimates_workFreeEstimates' is clicked on

2019-12-10 08:32:11 - [MESSAGE][PASSED] - Object: 'Object Repository/Page_Members Area/Profiles/Page_Members Area/input_Free Estimates_workFreeEstimates' is clicked on

2019-12-10 08:32:11 - [TEST_STEP][PASSED] - "----------------------------------------------": null

2019-12-10 08:32:11 - [TEST_STEP][PASSED] - "INSURANCE WORK UNDERTAKEN": null

2019-12-10 08:32:11 - [TEST_STEP][PASSED] - waitForElementClickable(findTestObject("Object Repository/Page_Members Area/Profiles/Page_Members Area/input_Insurance Work Undertaken_workInsurance"), 2): Object 'Object Repository/Page_Members Area/Profiles/Page_Members Area/input_Insurance Work Undertaken_workInsurance' is clickable

2019-12-10 08:32:11 - [MESSAGE][PASSED] - Object 'Object Repository/Page_Members Area/Profiles/Page_Members Area/input_Insurance Work Undertaken_workInsurance' is clickable

2019-12-10 08:32:11 - [TEST_STEP][PASSED] - click(findTestObject("Object Repository/Page_Members Area/Profiles/Page_Members Area/input_Insurance Work Undertaken_workInsurance")): Object: 'Object Repository/Page_Members Area/Profiles/Page_Members Area/input_Insurance Work Undertaken_workInsurance' is clicked on

2019-12-10 08:32:11 - [MESSAGE][PASSED] - Object: 'Object Repository/Page_Members Area/Profiles/Page_Members Area/input_Insurance Work Undertaken_workInsurance' is clicked on

2019-12-10 08:32:11 - [TEST_STEP][PASSED] - "----------------------------------------------": null

2019-12-10 08:32:11 - [TEST_STEP][PASSED] - "CARDS ACCEPTED": null

2019-12-10 08:32:11 - [TEST_STEP][PASSED] - waitForElementClickable(findTestObject("Object Repository/Page_Members Area/Profiles/Page_Members Area/input_Cards accepted_cardsAccepted"), 2): Object 'Object Repository/Page_Members Area/Profiles/Page_Members Area/input_Cards accepted_cardsAccepted' is clickable

2019-12-10 08:32:11 - [MESSAGE][PASSED] - Object 'Object Repository/Page_Members Area/Profiles/Page_Members Area/input_Cards accepted_cardsAccepted' is clickable

2019-12-10 08:32:11 - [TEST_STEP][PASSED] - click(findTestObject("Object Repository/Page_Members Area/Profiles/Page_Members Area/input_Cards accepted_cardsAccepted")): Object: 'Object Repository/Page_Members Area/Profiles/Page_Members Area/input_Cards accepted_cardsAccepted' is clicked on

2019-12-10 08:32:12 - [MESSAGE][PASSED] - Object: 'Object Repository/Page_Members Area/Profiles/Page_Members Area/input_Cards accepted_cardsAccepted' is clicked on

2019-12-10 08:32:12 - [TEST_STEP][PASSED] - "----------------------------------------------": null

2019-12-10 08:32:12 - [TEST_STEP][PASSED] - "FREE ESTIMATES": null

2019-12-10 08:32:12 - [TEST_STEP][PASSED] - waitForElementClickable(findTestObject("Object Repository/Page_Members Area/Profiles/Page_Members Area/input_Free Estimates (excl Insurance)_workFreeEstimatesExclIns"), 2): Object 'Object Repository/Page_Members Area/Profiles/Page_Members Area/input_Free Estimates (excl Insurance)_workFreeEstimatesExclIns' is clickable

2019-12-10 08:32:12 - [MESSAGE][PASSED] - Object 'Object Repository/Page_Members Area/Profiles/Page_Members Area/input_Free Estimates (excl Insurance)_workFreeEstimatesExclIns' is clickable

2019-12-10 08:32:12 - [TEST_STEP][PASSED] - click(findTestObject("Object Repository/Page_Members Area/Profiles/Page_Members Area/input_Free Estimates (excl Insurance)_workFreeEstimatesExclIns")): Object: 'Object Repository/Page_Members Area/Profiles/Page_Members Area/input_Free Estimates (excl Insurance)_workFreeEstimatesExclIns' is clicked on

2019-12-10 08:32:12 - [MESSAGE][PASSED] - Object: 'Object Repository/Page_Members Area/Profiles/Page_Members Area/input_Free Estimates (excl Insurance)_workFreeEstimatesExclIns' is clicked on

2019-12-10 08:32:12 - [TEST_STEP][PASSED] - waitForElementClickable(findTestObject("Object Repository/Page_Members Area/Profiles/Page_Members Area/button_Save Vetting Information"), 2): Object 'Object Repository/Page_Members Area/Profiles/Page_Members Area/button_Save Vetting Information' is clickable

2019-12-10 08:32:12 - [MESSAGE][PASSED] - Object 'Object Repository/Page_Members Area/Profiles/Page_Members Area/button_Save Vetting Information' is clickable

2019-12-10 08:32:12 - [TEST_STEP][PASSED] - click(findTestObject("Object Repository/Page_Members Area/Profiles/Page_Members Area/button_Save Vetting Information")): Object: 'Object Repository/Page_Members Area/Profiles/Page_Members Area/button_Save Vetting Information' is clicked on

2019-12-10 08:32:12 - [MESSAGE][PASSED] - Object: 'Object Repository/Page_Members Area/Profiles/Page_Members Area/button_Save Vetting Information' is clicked on

2019-12-10 08:32:12 - [MESSAGE][PASSED] - Call Test Case 'Test Cases/Reusable_Test_Sequences/Members_Area/Validation/Profiles/Vetting_Information_Sub/Services_Section' successfully

2019-12-10 08:32:12 - [TEST_STEP][PASSED] - back(): Navigate back successfully

2019-12-10 08:32:13 - [MESSAGE][PASSED] - Navigate back successfully

2019-12-10 08:32:13 - [MESSAGE][PASSED] - Call Test Case 'Test Cases/Reusable_Test_Sequences/Members_Area/Validation/Profiles/Vetting_Information' successfully

2019-12-10 08:32:13 - [TEST_STEP][PASSED] - callTestCase(findTestCase("Reusable_Test_Sequences/Members_Area/Area_Menu/Grow_You_Business/Profiles/Insurance"), [:], CONTINUE_ON_FAILURE): Call Test Case 'Test Cases/Reusable_Test_Sequences/Members_Area/Area_Menu/Grow_You_Business/Profiles/Insurance' successfully

2019-12-10 08:32:13 - [TEST_CASE][PASSED] - Test Cases/Reusable_Test_Sequences/Members_Area/Area_Menu/Grow_You_Business/Profiles/Insurance: Test Cases/Reusable_Test_Sequences/Members_Area/Area_Menu/Grow_You_Business/Profiles/Insurance

2019-12-10 08:32:13 - [TEST_STEP][PASSED] - waitForElementPresent(findTestObject("Object Repository/Profiles_Page/Page_Members Area/a_Insurance"), 25): Object 'Object Repository/Profiles_Page/Page_Members Area/a_Insurance' is present

2019-12-10 08:32:13 - [MESSAGE][PASSED] - Object 'Object Repository/Profiles_Page/Page_Members Area/a_Insurance' is present

2019-12-10 08:32:13 - [TEST_STEP][PASSED] - click(findTestObject("Object Repository/Profiles_Page/Page_Members Area/a_Insurance")): Object: 'Object Repository/Profiles_Page/Page_Members Area/a_Insurance' is clicked on

2019-12-10 08:32:14 - [MESSAGE][PASSED] - Object: 'Object Repository/Profiles_Page/Page_Members Area/a_Insurance' is clicked on

2019-12-10 08:32:14 - [MESSAGE][PASSED] - Call Test Case 'Test Cases/Reusable_Test_Sequences/Members_Area/Area_Menu/Grow_You_Business/Profiles/Insurance' successfully

2019-12-10 08:32:14 - [TEST_STEP][PASSED] - callTestCase(findTestCase("Reusable_Test_Sequences/Members_Area/Validation/Profiles/Insurance"), [:], CONTINUE_ON_FAILURE): Call Test Case 'Test Cases/Reusable_Test_Sequences/Members_Area/Validation/Profiles/Insurance' successfully

2019-12-10 08:32:14 - [TEST_CASE][PASSED] - Test Cases/Reusable_Test_Sequences/Members_Area/Validation/Profiles/Insurance: Test Cases/Reusable_Test_Sequences/Members_Area/Validation/Profiles/Insurance

2019-12-10 08:32:14 - [TEST_STEP][PASSED] - waitForElementClickable(findTestObject("Object Repository/Profiles_Page/Page_Members Area/Page_Members Area/button_Select Document"), 25): Object 'Object Repository/Profiles_Page/Page_Members Area/Page_Members Area/button_Select Document' is clickable

2019-12-10 08:32:14 - [MESSAGE][PASSED] - Object 'Object Repository/Profiles_Page/Page_Members Area/Page_Members Area/button_Select Document' is clickable

2019-12-10 08:32:14 - [TEST_STEP][PASSED] - PAGE = "insurance": null

2019-12-10 08:32:14 - [TEST_STEP][PASSED] - "Extra check - tabbing on area, just confirm stable URL": null

2019-12-10 08:32:14 - [TEST_STEP][PASSED] - callTestCase(findTestCase("Reusable_Test_Sequences/Utils/Check_URL"), [:], CONTINUE_ON_FAILURE): Call Test Case 'Test Cases/Reusable_Test_Sequences/Utils/Check_URL' successfully

2019-12-10 08:32:15 - [TEST_CASE][PASSED] - Test Cases/Reusable_Test_Sequences/Utils/Check_URL: Test Cases/Reusable_Test_Sequences/Utils/Check_URL

2019-12-10 08:32:15 - [TEST_STEP][PASSED] - waitForPageLoad(10): Wait for page load successfully

2019-12-10 08:32:15 - [MESSAGE][PASSED] - Wait for page load successfully

2019-12-10 08:32:15 - [TEST_STEP][PASSED] - CurrentUrl = getUrl(): Current window's url is: 'https://preview-ma.checkatrade.com/insurance'

2019-12-10 08:32:15 - [MESSAGE][PASSED] - Current window's url is: 'https://preview-ma.checkatrade.com/insurance'

2019-12-10 08:32:15 - [TEST_STEP][PASSED] - step_Passed = "We have been redirected, correctly to the EXPECTED <MEMBERS> URL Page"+GlobalVariable.CurrentUrl": null

2019-12-10 08:32:15 - [TEST_STEP][PASSED] - step_Failed = "We have been redirected, incorrectly to this page "+GlobalVariable.CurrentUrl+" We should be on "+GlobalVariable.MembersURL+GlobalVariable.PAGE": null

2019-12-10 08:32:15 - [TEST_STEP][PASSED] - if (CurrentUrl == MembersURL + PAGE): We have been redirected, correctly to the EXPECTED <MEMBERS> URL Page"+GlobalVariable.CurrentUrl

2019-12-10 08:32:15 - [TEST_STEP][PASSED] - out.println(step_Passed): null

2019-12-10 08:32:15 - [TEST_STEP][PASSED] - markPassed(step_Passed): We have been redirected, correctly to the EXPECTED <MEMBERS> URL Page"+GlobalVariable.CurrentUrl

2019-12-10 08:32:15 - [MESSAGE][PASSED] - We have been redirected, correctly to the EXPECTED <MEMBERS> URL Page"+GlobalVariable.CurrentUrl

2019-12-10 08:32:15 - [MESSAGE][PASSED] - Call Test Case 'Test Cases/Reusable_Test_Sequences/Utils/Check_URL' successfully

2019-12-10 08:32:15 - [TEST_STEP][PASSED] - "---------------------------------": null

2019-12-10 08:32:15 - [TEST_STEP][PASSED] - "THIS TAB - Insurance             |": null

2019-12-10 08:32:15 - [TEST_STEP][PASSED] - verifyTextPresent(findTestData("Members_Test_Data").getValue("MEMBER_ID", 1), false): Text '218630' is present on page 

2019-12-10 08:32:15 - [MESSAGE][PASSED] - Text '218630' is present on page 

2019-12-10 08:32:15 - [TEST_STEP][PASSED] - verifyTextPresent("MEMBER ID", false): Text 'MEMBER ID' is present on page 

2019-12-10 08:32:15 - [MESSAGE][PASSED] - Text 'MEMBER ID' is present on page 

2019-12-10 08:32:15 - [TEST_STEP][PASSED] - verifyTextPresent("Update your Public Liability Insurance Details", false): Text 'Update your Public Liability Insurance Details' is present on page 

2019-12-10 08:32:16 - [MESSAGE][PASSED] - Text 'Update your Public Liability Insurance Details' is present on page 

2019-12-10 08:32:16 - [TEST_STEP][PASSED] - verifyTextPresent("Failure to update your Public Liability Documents may result in", false): Text 'Failure to update your Public Liability Documents may result in' is present on page 

2019-12-10 08:32:16 - [MESSAGE][PASSED] - Text 'Failure to update your Public Liability Documents may result in' is present on page 

2019-12-10 08:32:16 - [TEST_STEP][PASSED] - verifyTextPresent("Policy No", false): Text 'Policy No' is present on page 

2019-12-10 08:32:16 - [MESSAGE][PASSED] - Text 'Policy No' is present on page 

2019-12-10 08:32:16 - [TEST_STEP][PASSED] - verifyTextPresent("Insured By", false): Text 'Insured By' is present on page 

2019-12-10 08:32:16 - [MESSAGE][PASSED] - Text 'Insured By' is present on page 

2019-12-10 08:32:16 - [TEST_STEP][PASSED] - verifyTextPresent("Insured amount (£ GBP)", false): Text 'Insured amount (£ GBP)' is present on page 

2019-12-10 08:32:16 - [MESSAGE][PASSED] - Text 'Insured amount (£ GBP)' is present on page 

2019-12-10 08:32:16 - [TEST_STEP][PASSED] - verifyTextPresent("(not employers liability cover)", false): Text '(not employers liability cover)' is present on page 

2019-12-10 08:32:17 - [MESSAGE][PASSED] - Text '(not employers liability cover)' is present on page 

2019-12-10 08:32:17 - [TEST_STEP][PASSED] - verifyTextPresent("Cost of insurance (£ GBP)", false): Text 'Cost of insurance (£ GBP)' is present on page 

2019-12-10 08:32:17 - [MESSAGE][PASSED] - Text 'Cost of insurance (£ GBP)' is present on page 

2019-12-10 08:32:17 - [TEST_STEP][PASSED] - verifyTextPresent("Expiry Date", false): Text 'Expiry Date' is present on page 

2019-12-10 08:32:17 - [MESSAGE][PASSED] - Text 'Expiry Date' is present on page 

2019-12-10 08:32:17 - [TEST_STEP][PASSED] - verifyTextPresent("Supporting Documents", false): Text 'Supporting Documents' is present on page 

2019-12-10 08:32:17 - [MESSAGE][PASSED] - Text 'Supporting Documents' is present on page 

2019-12-10 08:32:17 - [TEST_STEP][PASSED] - "----------------------------------------------": null

2019-12-10 08:32:17 - [TEST_STEP][PASSED] - scrollToElement(findTestObject("Object Repository/Page_Members Area/Profiles/Page_Members Area/button_Save PLI Details"), 5): Scroll to object 'Object Repository/Page_Members Area/Profiles/Page_Members Area/button_Save PLI Details' successfully

2019-12-10 08:32:17 - [MESSAGE][PASSED] - Scroll to object 'Object Repository/Page_Members Area/Profiles/Page_Members Area/button_Save PLI Details' successfully

2019-12-10 08:32:17 - [TEST_STEP][PASSED] - verifyTextPresent("Save PLI Details", false): Text 'Save PLI Details' is present on page 

2019-12-10 08:32:17 - [MESSAGE][PASSED] - Text 'Save PLI Details' is present on page 

2019-12-10 08:32:17 - [TEST_STEP][PASSED] - verifyTextPresent("You can also provide proof of insurance by the following method", false): Text 'You can also provide proof of insurance by the following method' is present on page 

2019-12-10 08:32:17 - [MESSAGE][PASSED] - Text 'You can also provide proof of insurance by the following method' is present on page 

2019-12-10 08:32:17 - [TEST_STEP][PASSED] - verifyTextPresent("Email memberservices@checkatrade.com", false): Text 'Email memberservices@checkatrade.com' is present on page 

2019-12-10 08:32:18 - [MESSAGE][PASSED] - Text 'Email memberservices@checkatrade.com' is present on page 

2019-12-10 08:32:18 - [TEST_STEP][PASSED] - verifyTextPresent("Post a copy of your Policy", false): Text 'Post a copy of your Policy' is present on page 

2019-12-10 08:32:18 - [MESSAGE][PASSED] - Text 'Post a copy of your Policy' is present on page 

2019-12-10 08:32:18 - [TEST_STEP][PASSED] - verifyTextPresent("Fax a copy to 01243 601246", false): Text 'Fax a copy to 01243 601246' is present on page 

2019-12-10 08:32:18 - [MESSAGE][PASSED] - Text 'Fax a copy to 01243 601246' is present on page 

2019-12-10 08:32:18 - [TEST_STEP][PASSED] - verifyTextPresent("House rules: All changes will be moderated by Checkatrade staff", false): Text 'House rules: All changes will be moderated by Checkatrade staff' is present on page 

2019-12-10 08:32:18 - [MESSAGE][PASSED] - Text 'House rules: All changes will be moderated by Checkatrade staff' is present on page 

2019-12-10 08:32:18 - [TEST_STEP][PASSED] - scrollToElement(findTestObject("Object Repository/Profiles_Page/Page_Members Area/Page_Members Area/button_Select Document"), 5): Scroll to object 'Object Repository/Profiles_Page/Page_Members Area/Page_Members Area/button_Select Document' successfully

2019-12-10 08:32:18 - [MESSAGE][PASSED] - Scroll to object 'Object Repository/Profiles_Page/Page_Members Area/Page_Members Area/button_Select Document' successfully

2019-12-10 08:32:18 - [TEST_STEP][PASSED] - "----------------------------------------------": null

2019-12-10 08:32:18 - [TEST_STEP][PASSED] - verifyElementClickable(findTestObject("Object Repository/Profiles_Page/Page_Members Area/Page_Members Area/button_Select Document")): Object 'Object Repository/Profiles_Page/Page_Members Area/Page_Members Area/button_Select Document' is clickable

2019-12-10 08:32:18 - [MESSAGE][PASSED] - Object 'Object Repository/Profiles_Page/Page_Members Area/Page_Members Area/button_Select Document' is clickable

2019-12-10 08:32:18 - [TEST_STEP][PASSED] - "----------------------------------------------": null

2019-12-10 08:32:18 - [TEST_STEP][PASSED] - "----------------------------------------------": null

2019-12-10 08:32:18 - [TEST_STEP][PASSED] - "----------------------------------------------": null

2019-12-10 08:32:18 - [TEST_STEP][PASSED] - "----------------------------------------------": null

2019-12-10 08:32:18 - [TEST_STEP][PASSED] - "----------------------------------------------": null

2019-12-10 08:32:18 - [TEST_STEP][PASSED] - click(findTestObject("Object Repository/Page_Members Area/Profiles/Page_Members Area/button_Save PLI Details")): Object: 'Object Repository/Page_Members Area/Profiles/Page_Members Area/button_Save PLI Details' is clicked on

2019-12-10 08:32:18 - [MESSAGE][PASSED] - Object: 'Object Repository/Page_Members Area/Profiles/Page_Members Area/button_Save PLI Details' is clicked on

2019-12-10 08:32:18 - [TEST_STEP][PASSED] - back(): Navigate back successfully

2019-12-10 08:32:18 - [MESSAGE][PASSED] - Navigate back successfully

2019-12-10 08:32:18 - [MESSAGE][PASSED] - Call Test Case 'Test Cases/Reusable_Test_Sequences/Members_Area/Validation/Profiles/Insurance' successfully

2019-12-10 08:32:18 - [TEST_STEP][PASSED] - callTestCase(findTestCase("Reusable_Test_Sequences/Members_Area/Area_Menu/Grow_You_Business/Profiles/Maximise_Your_Profile"), [:], CONTINUE_ON_FAILURE): Call Test Case 'Test Cases/Reusable_Test_Sequences/Members_Area/Area_Menu/Grow_You_Business/Profiles/Maximise_Your_Profile' successfully

2019-12-10 08:32:18 - [TEST_CASE][PASSED] - Test Cases/Reusable_Test_Sequences/Members_Area/Area_Menu/Grow_You_Business/Profiles/Maximise_Your_Profile: Test Cases/Reusable_Test_Sequences/Members_Area/Area_Menu/Grow_You_Business/Profiles/Maximise_Your_Profile

2019-12-10 08:32:19 - [TEST_STEP][PASSED] - waitForElementPresent(findTestObject("Object Repository/Profiles_Page/Page_Members Area/a_Maximise your profile video"), 25): Object 'Object Repository/Profiles_Page/Page_Members Area/a_Maximise your profile video' is present

2019-12-10 08:32:19 - [MESSAGE][PASSED] - Object 'Object Repository/Profiles_Page/Page_Members Area/a_Maximise your profile video' is present

2019-12-10 08:32:19 - [TEST_STEP][PASSED] - click(findTestObject("Object Repository/Profiles_Page/Page_Members Area/a_Maximise your profile video")): Object: 'Object Repository/Profiles_Page/Page_Members Area/a_Maximise your profile video' is clicked on

2019-12-10 08:32:19 - [MESSAGE][PASSED] - Object: 'Object Repository/Profiles_Page/Page_Members Area/a_Maximise your profile video' is clicked on

2019-12-10 08:32:19 - [MESSAGE][PASSED] - Call Test Case 'Test Cases/Reusable_Test_Sequences/Members_Area/Area_Menu/Grow_You_Business/Profiles/Maximise_Your_Profile' successfully

2019-12-10 08:32:19 - [TEST_STEP][PASSED] - callTestCase(findTestCase("Reusable_Test_Sequences/Members_Area/Validation/Profiles/Maximise_Your_Profile"), [:], CONTINUE_ON_FAILURE): Call Test Case 'Test Cases/Reusable_Test_Sequences/Members_Area/Validation/Profiles/Maximise_Your_Profile' successfully

2019-12-10 08:32:19 - [TEST_CASE][PASSED] - Test Cases/Reusable_Test_Sequences/Members_Area/Validation/Profiles/Maximise_Your_Profile: Test Cases/Reusable_Test_Sequences/Members_Area/Validation/Profiles/Maximise_Your_Profile

2019-12-10 08:32:20 - [TEST_STEP][PASSED] - "######################################################################################################################################################################": null

2019-12-10 08:32:20 - [TEST_STEP][PASSED] - delay(2): Delayed 2 second(s)

2019-12-10 08:32:22 - [MESSAGE][PASSED] - Delayed 2 second(s)

2019-12-10 08:32:22 - [TEST_STEP][PASSED] - switchToWindowUrl("https://www.youtube.com/watch?v=ujuJlrazzGc&t=3s"): Switched to window with url: 'https://www.youtube.com/watch?v=ujuJlrazzGc&t=3s'

2019-12-10 08:32:31 - [MESSAGE][PASSED] - Switched to window with url: 'https://www.youtube.com/watch?v=ujuJlrazzGc&t=3s'

2019-12-10 08:32:31 - [TEST_STEP][PASSED] - markWarning("Navigating to ->Members->Grow Your Business->My Profile Page->maximise your profile video From the Dashboard takes you to LIVE ... "): Navigating to ->Members->Grow Your Business->My Profile Page->maximise your profile video From the Dashboard takes you to LIVE ... 

2019-12-10 08:32:31 - [MESSAGE][WARNING] - Navigating to ->Members->Grow Your Business->My Profile Page->maximise your profile video From the Dashboard takes you to LIVE ... 

2019-12-10 08:32:31 - [TEST_STEP][PASSED] - markWarning("(from whatever environment you are currently on) - https://www.youtube.com/watch?v=ujuJlrazzGc&t=3s"): (from whatever environment you are currently on) - https://www.youtube.com/watch?v=ujuJlrazzGc&t=3s

2019-12-10 08:32:31 - [MESSAGE][WARNING] - (from whatever environment you are currently on) - https://www.youtube.com/watch?v=ujuJlrazzGc&t=3s

2019-12-10 08:32:31 - [TEST_STEP][PASSED] - "---------------------------------": null

2019-12-10 08:32:31 - [TEST_STEP][PASSED] - "THIS TAB - Maximise Your Profile |": null

2019-12-10 08:32:31 - [TEST_STEP][PASSED] - "---------------------------------": null

2019-12-10 08:32:31 - [TEST_STEP][PASSED] - "----------------------------------------------": null

2019-12-10 08:32:31 - [TEST_STEP][PASSED] - "----------------------------------------------": null

2019-12-10 08:32:31 - [TEST_STEP][PASSED] - delay(2): Delayed 2 second(s)

2019-12-10 08:32:33 - [MESSAGE][PASSED] - Delayed 2 second(s)

2019-12-10 08:32:33 - [TEST_STEP][PASSED] - closeWindowUrl("https://www.youtube.com/watch?v=ujuJlrazzGc&t=3s"): Window with url: 'https://www.youtube.com/watch?v=ujuJlrazzGc&t=3s' is closed

2019-12-10 08:32:33 - [MESSAGE][PASSED] - Window with url: 'https://www.youtube.com/watch?v=ujuJlrazzGc&t=3s' is closed

2019-12-10 08:32:33 - [TEST_STEP][PASSED] - delay(1): Delayed 1 second(s)

2019-12-10 08:32:34 - [MESSAGE][PASSED] - Delayed 1 second(s)

2019-12-10 08:32:34 - [TEST_STEP][PASSED] - switchToWindowUrl("https://preview-ma.checkatrade.com/my-profile-page"): Switched to window with url: 'https://preview-ma.checkatrade.com/my-profile-page'

2019-12-10 08:32:34 - [MESSAGE][PASSED] - Switched to window with url: 'https://preview-ma.checkatrade.com/my-profile-page'

2019-12-10 08:32:34 - [MESSAGE][PASSED] - Call Test Case 'Test Cases/Reusable_Test_Sequences/Members_Area/Validation/Profiles/Maximise_Your_Profile' successfully

2019-12-10 08:32:34 - [TEST_STEP][PASSED] - callTestCase(findTestCase("Reusable_Test_Sequences/Members_Area/Banner_Menu/log_Off"), [:], OPTIONAL): Call Test Case 'Test Cases/Reusable_Test_Sequences/Members_Area/Banner_Menu/log_Off' successfully

2019-12-10 08:32:35 - [TEST_CASE][PASSED] - Test Cases/Reusable_Test_Sequences/Members_Area/Banner_Menu/log_Off: Test Cases/Reusable_Test_Sequences/Members_Area/Banner_Menu/log_Off

2019-12-10 08:32:35 - [TEST_STEP][PASSED] - delay(1): Delayed 1 second(s)

2019-12-10 08:32:36 - [MESSAGE][PASSED] - Delayed 1 second(s)

2019-12-10 08:32:36 - [TEST_STEP][PASSED] - waitForElementClickable(findTestObject("Object Repository/Page_Members Area/a_Log off"), 60): Object 'Object Repository/Page_Members Area/a_Log off' is clickable

2019-12-10 08:32:36 - [MESSAGE][PASSED] - Object 'Object Repository/Page_Members Area/a_Log off' is clickable

2019-12-10 08:32:36 - [TEST_STEP][PASSED] - scrollToElement(findTestObject("Object Repository/Page_Members Area/a_Log off"), 2): Scroll to object 'Object Repository/Page_Members Area/a_Log off' successfully

2019-12-10 08:32:36 - [MESSAGE][PASSED] - Scroll to object 'Object Repository/Page_Members Area/a_Log off' successfully

2019-12-10 08:32:36 - [TEST_STEP][PASSED] - click(findTestObject("Object Repository/Page_Members Area/a_Log off")): Object: 'Object Repository/Page_Members Area/a_Log off' is clicked on

2019-12-10 08:32:36 - [MESSAGE][PASSED] - Object: 'Object Repository/Page_Members Area/a_Log off' is clicked on

2019-12-10 08:32:36 - [MESSAGE][PASSED] - Call Test Case 'Test Cases/Reusable_Test_Sequences/Members_Area/Banner_Menu/log_Off' successfully]]></system-out>
         <system-err><![CDATA[]]></system-err>
      </testcase>
      <system-out><![CDATA[2019-12-10 08:30:10 - [TEST_SUITE][PASSED] - Members_My_Profile: Test Cases/Members_Area/My_Profile_Page]]></system-out>
      <system-err><![CDATA[]]></system-err>
   </testsuite>
</testsuites>
