<?xml version="1.0" encoding="UTF-8"?>
<testsuites name="Members_Callback" time="87.865" tests="1" failures="0" errors="0">
   <testsuite name="Members_Callback" tests="1" failures="0" errors="0" time="87.865" timestamp="2019-10-31 11:44:46" hostname="DavidHo - VETTEDSP36RF.check.local" id="Test Suites/Members_Callback">
      <properties>
         <property name="deviceName" value=""/>
         <property name="devicePlatform" value=""/>
         <property name="logFolder" value="C:\\Users\\davidho\\Katalon Studio\\Start\\Reports\\20191031_113342\\Members_Callback\\20191031_113346"/>
         <property name="logFiles" value="C:\\Users\\davidho\\Katalon Studio\\Start\\Reports\\20191031_113342\\Members_Callback\\20191031_113346\\execution0.log"/>
         <property name="attachments" value=""/>
         <property name="hostName" value="DavidHo - VETTEDSP36RF.check.local"/>
         <property name="os" value="Windows 10 32bit"/>
         <property name="katalonVersion" value="7.0.5.1"/>
         <property name="browser" value="Firefox 69.0"/>
         <property name="hostAddress" value="10.0.11.243"/>
         <property name="sessionId" value="ad6ab02b-a56b-48bd-9421-fd51235f9f28"/>
         <property name="seleniumVersion" value="3.141.59"/>
         <property name="proxyInformation" value="ProxyInformation{proxyOption=NO_PROXY, proxyServerType=HTTP, password=, proxyServerAddress=, proxyServerPort=0}"/>
         <property name="platform" value="Windows 10"/>
      </properties>
      <testcase name="Test Cases/Members_Area/Callback_Requests" time="86.624" classname="Test Cases/Members_Area/Callback_Requests" status="PASSED">
         <system-out><![CDATA[2019-10-31 11:44:47 - [TEST_CASE][PASSED] - Test Cases/Members_Area/Callback_Requests: Test Cases/Members_Area/Callback_Requests

2019-10-31 11:44:47 - [TEST_STEP][PASSED] - PAGE = "//work-alert": null

2019-10-31 11:44:47 - [TEST_STEP][PASSED] - for ([row = 1, row <= findTestData("Members_Test_Data").getRowNumbers(), (internal.GlobalVariable.row++)]): Call Test Case 'Test Cases/Reusable_Test_Sequences/Members_Area/Banner_Menu/log_Off' successfully

2019-10-31 11:44:48 - [TEST_STEP][PASSED] - callTestCase(findTestCase("Reusable_Test_Sequences/Members_Area/Start_Up"), [:], STOP_ON_FAILURE): Call Test Case 'Test Cases/Reusable_Test_Sequences/Members_Area/Start_Up' successfully

2019-10-31 11:44:48 - [TEST_CASE][PASSED] - Test Cases/Reusable_Test_Sequences/Members_Area/Start_Up: Test Cases/Reusable_Test_Sequences/Members_Area/Start_Up

2019-10-31 11:44:48 - [TEST_STEP][PASSED] - data = findTestData("Members_Test_Data"): null

2019-10-31 11:44:48 - [TEST_STEP][PASSED] - Header_Text = "": null

2019-10-31 11:44:48 - [TEST_STEP][PASSED] - Forgotten_Password = "": null

2019-10-31 11:44:48 - [TEST_STEP][PASSED] - Forgotten_Username = "": null

2019-10-31 11:44:48 - [TEST_STEP][PASSED] - Trouble_Logging_In = "": null

2019-10-31 11:44:48 - [TEST_STEP][PASSED] - callTestCase(findTestCase("Reusable_Test_Sequences/URL_Handler"), [:], CONTINUE_ON_FAILURE): Call Test Case 'Test Cases/Reusable_Test_Sequences/URL_Handler' successfully

2019-10-31 11:44:48 - [TEST_CASE][PASSED] - Test Cases/Reusable_Test_Sequences/URL_Handler: Test Cases/Reusable_Test_Sequences/URL_Handler

2019-10-31 11:44:48 - [TEST_STEP][PASSED] - "      CURRENT DEV (MASTER) Environment": null

2019-10-31 11:44:48 - [TEST_STEP][PASSED] - "      Dev Test Environment": null

2019-10-31 11:44:48 - [TEST_STEP][PASSED] - "      Next Dev Environment": null

2019-10-31 11:44:48 - [TEST_STEP][PASSED] - "      Preview Environment": null

2019-10-31 11:44:48 - [TEST_STEP][PASSED] - "      Live": null

2019-10-31 11:44:48 - [TEST_STEP][PASSED] - "######################################################################################################################################################": null

2019-10-31 11:44:48 - [TEST_STEP][PASSED] - "#  OF COURSE, FOR THIS TO WORK THE TEST CREDENTIALS SHOULD BE AVAILABLE ACROSS ALL ENVIRONMENTS - Username = check1234 - & - Password = testing123   #": null

2019-10-31 11:44:48 - [TEST_STEP][PASSED] - switch (URL): null

2019-10-31 11:44:48 - [TEST_STEP][PASSED] - case .*www.preview.checkatrade.*:: null

2019-10-31 11:44:48 - [TEST_STEP][PASSED] - URL = "https://preview-ma.checkatrade.com/login?return=%2Fdashboard": null

2019-10-31 11:44:48 - [TEST_STEP][PASSED] - break: null

2019-10-31 11:44:48 - [TEST_STEP][PASSED] - URL: null

2019-10-31 11:44:48 - [MESSAGE][PASSED] - Call Test Case 'Test Cases/Reusable_Test_Sequences/URL_Handler' successfully

2019-10-31 11:44:48 - [TEST_STEP][PASSED] - "URL - Set from the ENVIRONMENT PROFILE - Specific Page Address Provided By +GlobalVariable.PAGE  ": null

2019-10-31 11:44:48 - [TEST_STEP][PASSED] - openBrowser(URL): Browser is opened with url: 'https://preview-ma.checkatrade.com/login?return=%2Fdashboard'

2019-10-31 11:44:48 - [MESSAGE][INFO] - Starting 'Firefox' driver

2019-10-31 11:44:49 - [MESSAGE][INFO] - Action delay is set to 0 seconds

2019-10-31 11:45:13 - [MESSAGE][PASSED] - Browser is opened with url: 'https://preview-ma.checkatrade.com/login?return=%2Fdashboard'

2019-10-31 11:45:13 - [TEST_STEP][PASSED] - maximizeWindow(): Current window maximized

2019-10-31 11:45:13 - [MESSAGE][PASSED] - Current window maximized

2019-10-31 11:45:13 - [TEST_STEP][PASSED] - waitForPageLoad(60): Wait for page load successfully

2019-10-31 11:45:14 - [MESSAGE][PASSED] - Wait for page load successfully

2019-10-31 11:45:14 - [TEST_STEP][PASSED] - verifyTextPresent(data.getValue("Header_Text", row), false): Text 'EXCLUSIVE ACCESS FOR CHECKATRADE MEMBERS ONLY' is present on page 

2019-10-31 11:45:14 - [MESSAGE][PASSED] - Text 'EXCLUSIVE ACCESS FOR CHECKATRADE MEMBERS ONLY' is present on page 

2019-10-31 11:45:14 - [TEST_STEP][PASSED] - verifyTextPresent(data.getValue("Forgotten_Password", row), false): Text 'Forgotten password?' is present on page 

2019-10-31 11:45:14 - [MESSAGE][PASSED] - Text 'Forgotten password?' is present on page 

2019-10-31 11:45:14 - [TEST_STEP][PASSED] - verifyTextPresent(data.getValue("Forgotten_Username", row), false): Text 'Forgotten username?' is present on page 

2019-10-31 11:45:15 - [MESSAGE][PASSED] - Text 'Forgotten username?' is present on page 

2019-10-31 11:45:15 - [TEST_STEP][PASSED] - verifyTextPresent(data.getValue("Trouble_Logging_In", row), false): Text 'Trouble logging in?' is present on page 

2019-10-31 11:45:15 - [MESSAGE][PASSED] - Text 'Trouble logging in?' is present on page 

2019-10-31 11:45:15 - [MESSAGE][PASSED] - Call Test Case 'Test Cases/Reusable_Test_Sequences/Members_Area/Start_Up' successfully

2019-10-31 11:45:15 - [TEST_STEP][PASSED] - callTestCase(findTestCase("Reusable_Test_Sequences/Members_Area/log_On"), [:], STOP_ON_FAILURE): Call Test Case 'Test Cases/Reusable_Test_Sequences/Members_Area/log_On' successfully

2019-10-31 11:45:15 - [TEST_CASE][PASSED] - Test Cases/Reusable_Test_Sequences/Members_Area/log_On: Test Cases/Reusable_Test_Sequences/Members_Area/log_On

2019-10-31 11:45:15 - [TEST_STEP][PASSED] - waitForElementPresent(findTestObject("Object Repository/Members/Page_Members Area/button_Log in"), 10): Object 'Object Repository/Members/Page_Members Area/button_Log in' is present

2019-10-31 11:45:16 - [MESSAGE][PASSED] - Object 'Object Repository/Members/Page_Members Area/button_Log in' is present

2019-10-31 11:45:16 - [TEST_STEP][PASSED] - click(findTestObject("Object Repository/Members/Page_Members Area/input_Username_username")): Object: 'Object Repository/Members/Page_Members Area/input_Username_username' is clicked on

2019-10-31 11:45:16 - [MESSAGE][PASSED] - Object: 'Object Repository/Members/Page_Members Area/input_Username_username' is clicked on

2019-10-31 11:45:16 - [TEST_STEP][PASSED] - setText(findTestObject("Object Repository/Members/Page_Members Area/input_Username_username"), Username): Text 'check1234' is set on object 'Object Repository/Members/Page_Members Area/input_Username_username'

2019-10-31 11:45:17 - [MESSAGE][PASSED] - Text 'check1234' is set on object 'Object Repository/Members/Page_Members Area/input_Username_username'

2019-10-31 11:45:17 - [TEST_STEP][PASSED] - click(findTestObject("Object Repository/Members/Page_Members Area/input_Password_password")): Object: 'Object Repository/Members/Page_Members Area/input_Password_password' is clicked on

2019-10-31 11:45:18 - [MESSAGE][PASSED] - Object: 'Object Repository/Members/Page_Members Area/input_Password_password' is clicked on

2019-10-31 11:45:18 - [TEST_STEP][PASSED] - setText(findTestObject("Object Repository/Members/Page_Members Area/input_Password_password"), Password): Text 'testing123' is set on object 'Object Repository/Members/Page_Members Area/input_Password_password'

2019-10-31 11:45:18 - [MESSAGE][PASSED] - Text 'testing123' is set on object 'Object Repository/Members/Page_Members Area/input_Password_password'

2019-10-31 11:45:18 - [TEST_STEP][PASSED] - click(findTestObject("Object Repository/Members/Page_Members Area/button_Log in")): Object: 'Object Repository/Members/Page_Members Area/button_Log in' is clicked on

2019-10-31 11:45:19 - [MESSAGE][PASSED] - Object: 'Object Repository/Members/Page_Members Area/button_Log in' is clicked on

2019-10-31 11:45:19 - [MESSAGE][PASSED] - Call Test Case 'Test Cases/Reusable_Test_Sequences/Members_Area/log_On' successfully

2019-10-31 11:45:19 - [TEST_STEP][PASSED] - callTestCase(findTestCase("Reusable_Test_Sequences/Members_Area/Area_Menu/Your_Customers/Callback_Requests"), [:], CONTINUE_ON_FAILURE): Call Test Case 'Test Cases/Reusable_Test_Sequences/Members_Area/Area_Menu/Your_Customers/Callback_Requests' successfully

2019-10-31 11:45:19 - [TEST_CASE][PASSED] - Test Cases/Reusable_Test_Sequences/Members_Area/Area_Menu/Your_Customers/Callback_Requests: Test Cases/Reusable_Test_Sequences/Members_Area/Area_Menu/Your_Customers/Callback_Requests

2019-10-31 11:45:19 - [TEST_STEP][PASSED] - waitForElementPresent(findTestObject("Object Repository/Page_Members Area/div_Callback Requests"), 60): Object 'Object Repository/Page_Members Area/div_Callback Requests' is present

2019-10-31 11:45:20 - [MESSAGE][PASSED] - Object 'Object Repository/Page_Members Area/div_Callback Requests' is present

2019-10-31 11:45:20 - [TEST_STEP][PASSED] - click(findTestObject("Object Repository/Page_Members Area/div_Callback Requests")): Object: 'Object Repository/Page_Members Area/div_Callback Requests' is clicked on

2019-10-31 11:45:21 - [MESSAGE][PASSED] - Object: 'Object Repository/Page_Members Area/div_Callback Requests' is clicked on

2019-10-31 11:45:21 - [MESSAGE][PASSED] - Call Test Case 'Test Cases/Reusable_Test_Sequences/Members_Area/Area_Menu/Your_Customers/Callback_Requests' successfully

2019-10-31 11:45:21 - [TEST_STEP][PASSED] - callTestCase(findTestCase("Reusable_Test_Sequences/Members_Area/Validation/Callback_Requests_Sub/Callback_Request_Settings"), [:], CONTINUE_ON_FAILURE): Call Test Case 'Test Cases/Reusable_Test_Sequences/Members_Area/Validation/Callback_Requests_Sub/Callback_Request_Settings' successfully

2019-10-31 11:45:21 - [TEST_CASE][PASSED] - Test Cases/Reusable_Test_Sequences/Members_Area/Validation/Callback_Requests_Sub/Callback_Request_Settings: Test Cases/Reusable_Test_Sequences/Members_Area/Validation/Callback_Requests_Sub/Callback_Request_Settings

2019-10-31 11:45:22 - [TEST_STEP][PASSED] - waitForPageLoad(25): Wait for page load successfully

2019-10-31 11:45:22 - [MESSAGE][PASSED] - Wait for page load successfully

2019-10-31 11:45:22 - [TEST_STEP][PASSED] - waitForElementPresent(findTestObject("Object Repository/Page_Members Area/a_Settings"), 50): Object 'Object Repository/Page_Members Area/a_Settings' is present

2019-10-31 11:45:22 - [MESSAGE][PASSED] - Object 'Object Repository/Page_Members Area/a_Settings' is present

2019-10-31 11:45:22 - [TEST_STEP][PASSED] - "---------------------------------": null

2019-10-31 11:45:22 - [TEST_STEP][PASSED] - "DEFAULT TAB - Published Feedback ": null

2019-10-31 11:45:22 - [TEST_STEP][PASSED] - "----------------------------------------------": null

2019-10-31 11:45:22 - [TEST_STEP][PASSED] - verifyTextPresent(findTestData("Members_Test_Data").getValue("MEMBER_ID", 1), false): Text '218630' is present on page 

2019-10-31 11:45:23 - [MESSAGE][PASSED] - Text '218630' is present on page 

2019-10-31 11:45:23 - [TEST_STEP][PASSED] - verifyTextPresent("MEMBER ID", false): Text 'MEMBER ID' is present on page 

2019-10-31 11:45:25 - [MESSAGE][PASSED] - Text 'MEMBER ID' is present on page 

2019-10-31 11:45:25 - [TEST_STEP][PASSED] - verifyTextPresent("Your Callback Requests", false): Text 'Your Callback Requests' is present on page 

2019-10-31 11:45:26 - [MESSAGE][PASSED] - Text 'Your Callback Requests' is present on page 

2019-10-31 11:45:26 - [TEST_STEP][PASSED] - verifyTextPresent("Member Notes", false): Text 'Member Notes' is present on page 

2019-10-31 11:45:27 - [MESSAGE][PASSED] - Text 'Member Notes' is present on page 

2019-10-31 11:45:27 - [TEST_STEP][PASSED] - verifyTextPresent("Add/Edit note", false): Text 'Add/Edit note' is present on page 

2019-10-31 11:45:28 - [MESSAGE][PASSED] - Text 'Add/Edit note' is present on page 

2019-10-31 11:45:28 - [TEST_STEP][PASSED] - verifyTextPresent("Customer requests for a Callback appear here and you can also be alerted by text and email", false): Text 'Customer requests for a Callback appear here and you can also be alerted by text and email' is present on page 

2019-10-31 11:45:29 - [MESSAGE][PASSED] - Text 'Customer requests for a Callback appear here and you can also be alerted by text and email' is present on page 

2019-10-31 11:45:29 - [TEST_STEP][PASSED] - verifyTextPresent("These customers are waiting for your call, so even if it’s to let them know", false): Text 'These customers are waiting for your call, so even if it’s to let them know' is present on page 

2019-10-31 11:45:31 - [MESSAGE][PASSED] - Text 'These customers are waiting for your call, so even if it’s to let them know' is present on page 

2019-10-31 11:45:31 - [TEST_STEP][PASSED] - click(findTestObject("Object Repository/Page_Members Area/Page_Members Area/a_Settings")): Object: 'Object Repository/Page_Members Area/Page_Members Area/a_Settings' is clicked on

2019-10-31 11:45:31 - [MESSAGE][PASSED] - Object: 'Object Repository/Page_Members Area/Page_Members Area/a_Settings' is clicked on

2019-10-31 11:45:31 - [TEST_STEP][PASSED] - "----------------------------------------------": null

2019-10-31 11:45:31 - [TEST_STEP][PASSED] - verifyTextPresent("Your Callback Requests", false): Text 'Your Callback Requests' is present on page 

2019-10-31 11:45:33 - [MESSAGE][PASSED] - Text 'Your Callback Requests' is present on page 

2019-10-31 11:45:33 - [TEST_STEP][PASSED] - verifyTextPresent("Where would you like us to send your work alerts", false): Text 'Where would you like us to send your work alerts' is present on page 

2019-10-31 11:45:34 - [MESSAGE][PASSED] - Text 'Where would you like us to send your work alerts' is present on page 

2019-10-31 11:45:34 - [TEST_STEP][PASSED] - verifyTextPresent("Automatic replies", false): Text 'Automatic replies' is present on page 

2019-10-31 11:45:35 - [MESSAGE][PASSED] - Text 'Automatic replies' is present on page 

2019-10-31 11:45:35 - [TEST_STEP][PASSED] - click(findTestObject("Object Repository/Page_Members Area/Page_Members Area/input_Settings_chkDisableWorkAlerts")): Object: 'Object Repository/Page_Members Area/Page_Members Area/input_Settings_chkDisableWorkAlerts' is clicked on

2019-10-31 11:45:36 - [MESSAGE][PASSED] - Object: 'Object Repository/Page_Members Area/Page_Members Area/input_Settings_chkDisableWorkAlerts' is clicked on

2019-10-31 11:45:36 - [TEST_STEP][PASSED] - click(findTestObject("Object Repository/Page_Members Area/Page_Members Area/input_Settings_chkDisableWorkAlerts")): Object: 'Object Repository/Page_Members Area/Page_Members Area/input_Settings_chkDisableWorkAlerts' is clicked on

2019-10-31 11:45:36 - [MESSAGE][PASSED] - Object: 'Object Repository/Page_Members Area/Page_Members Area/input_Settings_chkDisableWorkAlerts' is clicked on

2019-10-31 11:45:36 - [TEST_STEP][PASSED] - selectOptionByValue(findTestObject("Object Repository/Page_Members Area/Page_Members Area/select_Do not send_1"), "3: Object", true): All options with value '3: Object' are selected in object 'Object Repository/Page_Members Area/Page_Members Area/select_Do not send_1'  using regular expression

2019-10-31 11:45:38 - [MESSAGE][PASSED] - All options with value '3: Object' are selected in object 'Object Repository/Page_Members Area/Page_Members Area/select_Do not send_1'  using regular expression

2019-10-31 11:45:38 - [TEST_STEP][PASSED] - selectOptionByValue(findTestObject("Object Repository/Page_Members Area/Page_Members Area/select_Do not send_1"), "14: Object", true): All options with value '14: Object' are selected in object 'Object Repository/Page_Members Area/Page_Members Area/select_Do not send_1'  using regular expression

2019-10-31 11:45:40 - [MESSAGE][PASSED] - All options with value '14: Object' are selected in object 'Object Repository/Page_Members Area/Page_Members Area/select_Do not send_1'  using regular expression

2019-10-31 11:45:40 - [TEST_STEP][PASSED] - selectOptionByValue(findTestObject("Object Repository/Page_Members Area/Page_Members Area/select_Do not send_2"), "3: Object", true): All options with value '3: Object' are selected in object 'Object Repository/Page_Members Area/Page_Members Area/select_Do not send_2'  using regular expression

2019-10-31 11:45:41 - [MESSAGE][PASSED] - All options with value '3: Object' are selected in object 'Object Repository/Page_Members Area/Page_Members Area/select_Do not send_2'  using regular expression

2019-10-31 11:45:41 - [TEST_STEP][PASSED] - selectOptionByValue(findTestObject("Object Repository/Page_Members Area/Page_Members Area/select_Do not send_2"), "1: Object", true): All options with value '1: Object' are selected in object 'Object Repository/Page_Members Area/Page_Members Area/select_Do not send_2'  using regular expression

2019-10-31 11:45:42 - [MESSAGE][PASSED] - All options with value '1: Object' are selected in object 'Object Repository/Page_Members Area/Page_Members Area/select_Do not send_2'  using regular expression

2019-10-31 11:45:42 - [TEST_STEP][PASSED] - scrollToElement(findTestObject("Object Repository/Page_Members Area/Page_Members Area/button_Submit_1"), 2): Scroll to object 'Object Repository/Page_Members Area/Page_Members Area/button_Submit_1' successfully

2019-10-31 11:45:42 - [MESSAGE][PASSED] - Scroll to object 'Object Repository/Page_Members Area/Page_Members Area/button_Submit_1' successfully

2019-10-31 11:45:43 - [TEST_STEP][PASSED] - click(findTestObject("Object Repository/Page_Members Area/Page_Members Area/input_Send your customers initial info")): Object: 'Object Repository/Page_Members Area/Page_Members Area/input_Send your customers initial info' is clicked on

2019-10-31 11:45:44 - [MESSAGE][PASSED] - Object: 'Object Repository/Page_Members Area/Page_Members Area/input_Send your customers initial info' is clicked on

2019-10-31 11:45:44 - [TEST_STEP][PASSED] - click(findTestObject("Object Repository/Page_Members Area/Page_Members Area/input_Send your customers initial info")): Object: 'Object Repository/Page_Members Area/Page_Members Area/input_Send your customers initial info' is clicked on

2019-10-31 11:45:45 - [MESSAGE][PASSED] - Object: 'Object Repository/Page_Members Area/Page_Members Area/input_Send your customers initial info' is clicked on

2019-10-31 11:45:45 - [TEST_STEP][PASSED] - click(findTestObject("Object Repository/Page_Members Area/Page_Members Area/button_Submit_1")): Object: 'Object Repository/Page_Members Area/Page_Members Area/button_Submit_1' is clicked on

2019-10-31 11:45:45 - [MESSAGE][PASSED] - Object: 'Object Repository/Page_Members Area/Page_Members Area/button_Submit_1' is clicked on

2019-10-31 11:45:45 - [TEST_STEP][PASSED] - "----------------------------------------------": null

2019-10-31 11:45:45 - [TEST_STEP][PASSED] - "----------------------------------------------": null

2019-10-31 11:45:45 - [TEST_STEP][PASSED] - "----------------------------------------------": null

2019-10-31 11:45:45 - [TEST_STEP][PASSED] - "----------------------------------------------": null

2019-10-31 11:45:45 - [TEST_STEP][PASSED] - "----------------------------------------------": null

2019-10-31 11:45:45 - [TEST_STEP][PASSED] - callTestCase(findTestCase("Reusable_Test_Sequences/Utils/Dispel_Windows_Dialog"), [:], CONTINUE_ON_FAILURE): Call Test Case 'Test Cases/Reusable_Test_Sequences/Utils/Dispel_Windows_Dialog' successfully

2019-10-31 11:45:45 - [TEST_CASE][PASSED] - Test Cases/Reusable_Test_Sequences/Utils/Dispel_Windows_Dialog: Test Cases/Reusable_Test_Sequences/Utils/Dispel_Windows_Dialog

2019-10-31 11:45:46 - [TEST_STEP][PASSED] - "----------------------------------------------": null

2019-10-31 11:45:46 - [TEST_STEP][PASSED] - delay(2): Delayed 2 second(s)

2019-10-31 11:45:48 - [MESSAGE][PASSED] - Delayed 2 second(s)

2019-10-31 11:45:48 - [TEST_STEP][PASSED] - robot = new java.awt.Robot(): null

2019-10-31 11:45:48 - [TEST_STEP][PASSED] - robot.keyPress(VK_ESCAPE): null

2019-10-31 11:45:48 - [TEST_STEP][PASSED] - delay(1): Delayed 1 second(s)

2019-10-31 11:45:49 - [MESSAGE][PASSED] - Delayed 1 second(s)

2019-10-31 11:45:49 - [TEST_STEP][PASSED] - robot.keyRelease(VK_ESCAPE): null

2019-10-31 11:45:49 - [TEST_STEP][PASSED] - delay(1): Delayed 1 second(s)

2019-10-31 11:45:50 - [MESSAGE][PASSED] - Delayed 1 second(s)

2019-10-31 11:45:50 - [TEST_STEP][PASSED] - robot.keyPress(VK_ESCAPE): null

2019-10-31 11:45:50 - [TEST_STEP][PASSED] - delay(1): Delayed 1 second(s)

2019-10-31 11:45:51 - [MESSAGE][PASSED] - Delayed 1 second(s)

2019-10-31 11:45:51 - [TEST_STEP][PASSED] - robot.keyRelease(VK_ESCAPE): null

2019-10-31 11:45:51 - [TEST_STEP][PASSED] - delay(1): Delayed 1 second(s)

2019-10-31 11:45:52 - [MESSAGE][PASSED] - Delayed 1 second(s)

2019-10-31 11:45:52 - [MESSAGE][PASSED] - Call Test Case 'Test Cases/Reusable_Test_Sequences/Utils/Dispel_Windows_Dialog' successfully

2019-10-31 11:45:52 - [TEST_STEP][PASSED] - "----------------------------------------------": null

2019-10-31 11:45:52 - [TEST_STEP][PASSED] - "----------------------------------------------": null

2019-10-31 11:45:52 - [TEST_STEP][PASSED] - "----------------------------------------------": null

2019-10-31 11:45:52 - [TEST_STEP][PASSED] - "----------------------------------------------": null

2019-10-31 11:45:52 - [TEST_STEP][PASSED] - scrollToElement(findTestObject("Object Repository/Page_Members Area/a_Settings"), 2): Scroll to object 'Object Repository/Page_Members Area/a_Settings' successfully

2019-10-31 11:45:52 - [MESSAGE][PASSED] - Scroll to object 'Object Repository/Page_Members Area/a_Settings' successfully

2019-10-31 11:45:52 - [MESSAGE][PASSED] - Call Test Case 'Test Cases/Reusable_Test_Sequences/Members_Area/Validation/Callback_Requests_Sub/Callback_Request_Settings' successfully

2019-10-31 11:45:52 - [TEST_STEP][PASSED] - callTestCase(findTestCase("Reusable_Test_Sequences/Members_Area/Validation/Callback_Requests_Sub/Callback_Requests_Notes"), [:], CONTINUE_ON_FAILURE): Call Test Case 'Test Cases/Reusable_Test_Sequences/Members_Area/Validation/Callback_Requests_Sub/Callback_Requests_Notes' successfully

2019-10-31 11:45:52 - [TEST_CASE][PASSED] - Test Cases/Reusable_Test_Sequences/Members_Area/Validation/Callback_Requests_Sub/Callback_Requests_Notes: Test Cases/Reusable_Test_Sequences/Members_Area/Validation/Callback_Requests_Sub/Callback_Requests_Notes

2019-10-31 11:45:53 - [TEST_STEP][PASSED] - waitForPageLoad(25): Wait for page load successfully

2019-10-31 11:45:53 - [MESSAGE][PASSED] - Wait for page load successfully

2019-10-31 11:45:53 - [TEST_STEP][PASSED] - waitForElementPresent(findTestObject("Object Repository/Page_Members Area/a_Settings"), 50): Object 'Object Repository/Page_Members Area/a_Settings' is present

2019-10-31 11:45:53 - [MESSAGE][PASSED] - Object 'Object Repository/Page_Members Area/a_Settings' is present

2019-10-31 11:45:53 - [TEST_STEP][PASSED] - "----------------------------------------------": null

2019-10-31 11:45:53 - [TEST_STEP][PASSED] - "----------------------------------------------": null

2019-10-31 11:45:53 - [TEST_STEP][PASSED] - "---------------------------------": null

2019-10-31 11:45:53 - [TEST_STEP][PASSED] - waitForElementClickable(findTestObject("Object Repository/Page_Members Area/Page_Members Area/a_AddEdit note"), 2): Object 'Object Repository/Page_Members Area/Page_Members Area/a_AddEdit note' is clickable

2019-10-31 11:45:54 - [MESSAGE][PASSED] - Object 'Object Repository/Page_Members Area/Page_Members Area/a_AddEdit note' is clickable

2019-10-31 11:45:54 - [TEST_STEP][PASSED] - click(findTestObject("Object Repository/Page_Members Area/Page_Members Area/a_AddEdit note")): Object: 'Object Repository/Page_Members Area/Page_Members Area/a_AddEdit note' is clicked on

2019-10-31 11:45:54 - [MESSAGE][PASSED] - Object: 'Object Repository/Page_Members Area/Page_Members Area/a_AddEdit note' is clicked on

2019-10-31 11:45:54 - [TEST_STEP][PASSED] - verifyTextPresent("this is still a cool note", false): Text 'this is still a cool note' is present on page 

2019-10-31 11:45:58 - [MESSAGE][PASSED] - Text 'this is still a cool note' is present on page 

2019-10-31 11:45:58 - [TEST_STEP][PASSED] - verifyTextPresent("Close", false): Text 'Close' is present on page 

2019-10-31 11:46:02 - [MESSAGE][PASSED] - Text 'Close' is present on page 

2019-10-31 11:46:02 - [TEST_STEP][PASSED] - verifyTextPresent("Submit", false): Text 'Submit' is present on page 

2019-10-31 11:46:06 - [MESSAGE][PASSED] - Text 'Submit' is present on page 

2019-10-31 11:46:06 - [TEST_STEP][PASSED] - callTestCase(findTestCase("Reusable_Test_Sequences/Utils/Dispel_Windows_Dialog"), [:], CONTINUE_ON_FAILURE): Call Test Case 'Test Cases/Reusable_Test_Sequences/Utils/Dispel_Windows_Dialog' successfully

2019-10-31 11:46:06 - [TEST_CASE][PASSED] - Test Cases/Reusable_Test_Sequences/Utils/Dispel_Windows_Dialog: Test Cases/Reusable_Test_Sequences/Utils/Dispel_Windows_Dialog

2019-10-31 11:46:06 - [TEST_STEP][PASSED] - "----------------------------------------------": null

2019-10-31 11:46:06 - [TEST_STEP][PASSED] - delay(2): Delayed 2 second(s)

2019-10-31 11:46:08 - [MESSAGE][PASSED] - Delayed 2 second(s)

2019-10-31 11:46:08 - [TEST_STEP][PASSED] - robot = new java.awt.Robot(): null

2019-10-31 11:46:08 - [TEST_STEP][PASSED] - robot.keyPress(VK_ESCAPE): null

2019-10-31 11:46:08 - [TEST_STEP][PASSED] - delay(1): Delayed 1 second(s)

2019-10-31 11:46:09 - [MESSAGE][PASSED] - Delayed 1 second(s)

2019-10-31 11:46:09 - [TEST_STEP][PASSED] - robot.keyRelease(VK_ESCAPE): null

2019-10-31 11:46:09 - [TEST_STEP][PASSED] - delay(1): Delayed 1 second(s)

2019-10-31 11:46:10 - [MESSAGE][PASSED] - Delayed 1 second(s)

2019-10-31 11:46:10 - [TEST_STEP][PASSED] - robot.keyPress(VK_ESCAPE): null

2019-10-31 11:46:10 - [TEST_STEP][PASSED] - delay(1): Delayed 1 second(s)

2019-10-31 11:46:11 - [MESSAGE][PASSED] - Delayed 1 second(s)

2019-10-31 11:46:11 - [TEST_STEP][PASSED] - robot.keyRelease(VK_ESCAPE): null

2019-10-31 11:46:11 - [TEST_STEP][PASSED] - delay(1): Delayed 1 second(s)

2019-10-31 11:46:12 - [MESSAGE][PASSED] - Delayed 1 second(s)

2019-10-31 11:46:12 - [MESSAGE][PASSED] - Call Test Case 'Test Cases/Reusable_Test_Sequences/Utils/Dispel_Windows_Dialog' successfully

2019-10-31 11:46:12 - [MESSAGE][PASSED] - Call Test Case 'Test Cases/Reusable_Test_Sequences/Members_Area/Validation/Callback_Requests_Sub/Callback_Requests_Notes' successfully

2019-10-31 11:46:12 - [TEST_STEP][PASSED] - callTestCase(findTestCase("Reusable_Test_Sequences/Members_Area/Banner_Menu/log_Off"), [:], STOP_ON_FAILURE): Call Test Case 'Test Cases/Reusable_Test_Sequences/Members_Area/Banner_Menu/log_Off' successfully

2019-10-31 11:46:12 - [TEST_CASE][PASSED] - Test Cases/Reusable_Test_Sequences/Members_Area/Banner_Menu/log_Off: Test Cases/Reusable_Test_Sequences/Members_Area/Banner_Menu/log_Off

2019-10-31 11:46:12 - [TEST_STEP][PASSED] - waitForElementPresent(findTestObject("Object Repository/Page_Members Area/a_Log off"), 5): Object 'Object Repository/Page_Members Area/a_Log off' is present

2019-10-31 11:46:12 - [MESSAGE][PASSED] - Object 'Object Repository/Page_Members Area/a_Log off' is present

2019-10-31 11:46:12 - [TEST_STEP][PASSED] - click(findTestObject("Object Repository/Page_Members Area/a_Log off")): Object: 'Object Repository/Page_Members Area/a_Log off' is clicked on

2019-10-31 11:46:13 - [MESSAGE][PASSED] - Object: 'Object Repository/Page_Members Area/a_Log off' is clicked on

2019-10-31 11:46:13 - [MESSAGE][PASSED] - Call Test Case 'Test Cases/Reusable_Test_Sequences/Members_Area/Banner_Menu/log_Off' successfully]]></system-out>
         <system-err><![CDATA[]]></system-err>
      </testcase>
      <system-out><![CDATA[2019-10-31 11:44:46 - [TEST_SUITE][PASSED] - Members_Callback: Test Cases/Members_Area/Callback_Requests]]></system-out>
      <system-err><![CDATA[]]></system-err>
   </testsuite>
</testsuites>
