<?xml version="1.0" encoding="UTF-8"?>
<testsuites name="Members_My_Community" time="38.791" tests="1" failures="0" errors="0">
   <testsuite name="Members_My_Community" tests="1" failures="0" errors="0" time="38.791" timestamp="2019-12-11 12:21:25" hostname="DavidHo - VETTEDSP36RF.check.local" id="Test Suites/Members_My_Community">
      <properties>
         <property name="deviceName" value=""/>
         <property name="devicePlatform" value=""/>
         <property name="logFolder" value="C:\\Users\\davidho\\Katalon Studio\\Start\\Reports\\20191211_121843\\Members_My_Community\\20191211_121848"/>
         <property name="logFiles" value="C:\\Users\\davidho\\Katalon Studio\\Start\\Reports\\20191211_121843\\Members_My_Community\\20191211_121848\\execution0.log"/>
         <property name="attachments" value=""/>
         <property name="hostName" value="DavidHo - VETTEDSP36RF.check.local"/>
         <property name="os" value="Windows 10 32bit"/>
         <property name="katalonVersion" value="7.1.2.1"/>
         <property name="browser" value="Firefox 70.0"/>
         <property name="hostAddress" value="10.0.11.243"/>
         <property name="sessionId" value="d0cbfc13-985f-484c-aa8e-766ed9473db7"/>
         <property name="seleniumVersion" value="3.141.59"/>
         <property name="proxyInformation" value="ProxyInformation{proxyOption=NO_PROXY, proxyServerType=HTTP, password=, proxyServerAddress=, proxyServerPort=0, executionList=}"/>
         <property name="platform" value="Windows 10"/>
      </properties>
      <testcase name="Test Cases/Members_Area/Community" time="34.498" classname="Test Cases/Members_Area/Community" status="PASSED">
         <system-out><![CDATA[2019-12-11 12:21:26 - [TEST_CASE][PASSED] - Test Cases/Members_Area/Community: Test Cases/Members_Area/Community

2019-12-11 12:21:27 - [TEST_STEP][PASSED] - PAGE = "community": null

2019-12-11 12:21:28 - [TEST_STEP][PASSED] - markWarning("Navigating to ->Members->Your Account->Community-> From the Dashboard takes you to LIVE ... "): Navigating to ->Members->Your Account->Community-> From the Dashboard takes you to LIVE ... 

2019-12-11 12:21:28 - [MESSAGE][WARNING] - Navigating to ->Members->Your Account->Community-> From the Dashboard takes you to LIVE ... 

2019-12-11 12:21:28 - [TEST_STEP][PASSED] - markWarning("(from whatever environment you are currently on) - https://community.checkatrade.com/index.php"): (from whatever environment you are currently on) - https://community.checkatrade.com/index.php

2019-12-11 12:21:28 - [MESSAGE][WARNING] - (from whatever environment you are currently on) - https://community.checkatrade.com/index.php

2019-12-11 12:21:28 - [TEST_STEP][PASSED] - for ([row = 1, row <= findTestData("Members_Test_Data").getRowNumbers(), (internal.GlobalVariable.row++)]): Call Test Case 'Test Cases/Reusable_Test_Sequences/Members_Area/Banner_Menu/log_Off' successfully

2019-12-11 12:21:29 - [TEST_STEP][PASSED] - callTestCase(findTestCase("Reusable_Test_Sequences/Members_Area/Start_Up"), [:], OPTIONAL): Call Test Case 'Test Cases/Reusable_Test_Sequences/Members_Area/Start_Up' successfully

2019-12-11 12:21:29 - [TEST_CASE][PASSED] - Test Cases/Reusable_Test_Sequences/Members_Area/Start_Up: Test Cases/Reusable_Test_Sequences/Members_Area/Start_Up

2019-12-11 12:21:30 - [TEST_STEP][PASSED] - "----------------------------------------------------": null

2019-12-11 12:21:30 - [TEST_STEP][PASSED] - FUNCTION_AREA = "Members_Area": null

2019-12-11 12:21:30 - [TEST_STEP][PASSED] - "Do Some Magic with URL(s) See the comments within URL Handler ": null

2019-12-11 12:21:30 - [TEST_STEP][PASSED] - "URL - Set from the ENVIRONMENT PROFILE - Specific Page Address Provided By +GlobalVariable.MembersURL  ": null

2019-12-11 12:21:30 - [TEST_STEP][PASSED] - openBrowser(MembersURL): Browser is opened with url: 'https://preview-ma.checkatrade.com/'

2019-12-11 12:21:30 - [MESSAGE][INFO] - Starting 'Firefox' driver

2019-12-11 12:21:31 - [MESSAGE][INFO] - Action delay is set to 0 seconds

2019-12-11 12:21:42 - [MESSAGE][PASSED] - Browser is opened with url: 'https://preview-ma.checkatrade.com/'

2019-12-11 12:21:42 - [TEST_STEP][PASSED] - waitForPageLoad(60): Wait for page load successfully

2019-12-11 12:21:42 - [MESSAGE][PASSED] - Wait for page load successfully

2019-12-11 12:21:42 - [TEST_STEP][PASSED] - maximizeWindow(): Current window maximized

2019-12-11 12:21:42 - [MESSAGE][PASSED] - Current window maximized

2019-12-11 12:21:42 - [TEST_STEP][PASSED] - verifyTextPresent("EXCLUSIVE ACCESS FOR CHECKATRADE MEMBERS ONLY", false): Text 'EXCLUSIVE ACCESS FOR CHECKATRADE MEMBERS ONLY' is present on page 

2019-12-11 12:21:43 - [MESSAGE][PASSED] - Text 'EXCLUSIVE ACCESS FOR CHECKATRADE MEMBERS ONLY' is present on page 

2019-12-11 12:21:43 - [TEST_STEP][PASSED] - verifyTextPresent("Forgotten password?", false): Text 'Forgotten password?' is present on page 

2019-12-11 12:21:43 - [MESSAGE][PASSED] - Text 'Forgotten password?' is present on page 

2019-12-11 12:21:43 - [TEST_STEP][PASSED] - verifyTextPresent("Forgotten username?", false): Text 'Forgotten username?' is present on page 

2019-12-11 12:21:43 - [MESSAGE][PASSED] - Text 'Forgotten username?' is present on page 

2019-12-11 12:21:43 - [TEST_STEP][PASSED] - verifyTextPresent("Trouble logging in? No username and password? Contact Checkatrade Member Services by", false): Text 'Trouble logging in? No username and password? Contact Checkatrade Member Services by' is present on page 

2019-12-11 12:21:43 - [MESSAGE][PASSED] - Text 'Trouble logging in? No username and password? Contact Checkatrade Member Services by' is present on page 

2019-12-11 12:21:43 - [TEST_STEP][PASSED] - verifyTextPresent("memberservices@checkatrade.com", false): Text 'memberservices@checkatrade.com' is present on page 

2019-12-11 12:21:43 - [MESSAGE][PASSED] - Text 'memberservices@checkatrade.com' is present on page 

2019-12-11 12:21:43 - [MESSAGE][PASSED] - Call Test Case 'Test Cases/Reusable_Test_Sequences/Members_Area/Start_Up' successfully

2019-12-11 12:21:43 - [TEST_STEP][PASSED] - callTestCase(findTestCase("Reusable_Test_Sequences/Members_Area/log_On"), [:], OPTIONAL): Call Test Case 'Test Cases/Reusable_Test_Sequences/Members_Area/log_On' successfully

2019-12-11 12:21:43 - [TEST_CASE][PASSED] - Test Cases/Reusable_Test_Sequences/Members_Area/log_On: Test Cases/Reusable_Test_Sequences/Members_Area/log_On

2019-12-11 12:21:43 - [TEST_STEP][PASSED] - waitForElementPresent(findTestObject("Object Repository/Members/Page_Members Area/button_Log in"), 10): Object 'Object Repository/Members/Page_Members Area/button_Log in' is present

2019-12-11 12:21:44 - [MESSAGE][PASSED] - Object 'Object Repository/Members/Page_Members Area/button_Log in' is present

2019-12-11 12:21:44 - [TEST_STEP][PASSED] - click(findTestObject("Object Repository/Members/Page_Members Area/input_Username_username")): Object: 'Object Repository/Members/Page_Members Area/input_Username_username' is clicked on

2019-12-11 12:21:44 - [MESSAGE][PASSED] - Object: 'Object Repository/Members/Page_Members Area/input_Username_username' is clicked on

2019-12-11 12:21:44 - [TEST_STEP][PASSED] - setText(findTestObject("Object Repository/Members/Page_Members Area/input_Username_username"), Username): Text 'check1234' is set on object 'Object Repository/Members/Page_Members Area/input_Username_username'

2019-12-11 12:21:44 - [MESSAGE][PASSED] - Text 'check1234' is set on object 'Object Repository/Members/Page_Members Area/input_Username_username'

2019-12-11 12:21:44 - [TEST_STEP][PASSED] - click(findTestObject("Object Repository/Members/Page_Members Area/input_Password_password")): Object: 'Object Repository/Members/Page_Members Area/input_Password_password' is clicked on

2019-12-11 12:21:45 - [MESSAGE][PASSED] - Object: 'Object Repository/Members/Page_Members Area/input_Password_password' is clicked on

2019-12-11 12:21:45 - [TEST_STEP][PASSED] - setText(findTestObject("Object Repository/Members/Page_Members Area/input_Password_password"), Password): Text 'testing123' is set on object 'Object Repository/Members/Page_Members Area/input_Password_password'

2019-12-11 12:21:45 - [MESSAGE][PASSED] - Text 'testing123' is set on object 'Object Repository/Members/Page_Members Area/input_Password_password'

2019-12-11 12:21:45 - [TEST_STEP][PASSED] - click(findTestObject("Object Repository/Members/Page_Members Area/button_Log in")): Object: 'Object Repository/Members/Page_Members Area/button_Log in' is clicked on

2019-12-11 12:21:45 - [MESSAGE][PASSED] - Object: 'Object Repository/Members/Page_Members Area/button_Log in' is clicked on

2019-12-11 12:21:45 - [TEST_STEP][PASSED] - waitForElementNotPresent(findTestObject("Object Repository/Members/Page_Members Area/button_Log in"), 25): Web element with id: 'Object Repository/Members/Page_Members Area/button_Log in' located by 'By.xpath: //button[@type = 'submit' and (text() = ' Log in ' or . = ' Log in ')]' is not present after '25' second(s)

2019-12-11 12:21:46 - [MESSAGE][PASSED] - Web element with id: 'Object Repository/Members/Page_Members Area/button_Log in' located by 'By.xpath: //button[@type = 'submit' and (text() = ' Log in ' or . = ' Log in ')]' is not present after '25' second(s)

2019-12-11 12:21:46 - [TEST_STEP][PASSED] - waitForPageLoad(60): Wait for page load successfully

2019-12-11 12:21:46 - [MESSAGE][PASSED] - Wait for page load successfully

2019-12-11 12:21:46 - [TEST_STEP][PASSED] - if ("Object Repository/Page_Members Area/Header_Attention_Text"): Call Test Case 'Test Cases/Reusable_Test_Sequences/Utils/Popout_Handler' successfully

2019-12-11 12:21:46 - [TEST_STEP][PASSED] - waitForElementPresent(findTestObject("Object Repository/Page_Members Area/Header_Attention_Text"), 60): Object 'Object Repository/Page_Members Area/Header_Attention_Text' is present

2019-12-11 12:21:47 - [MESSAGE][PASSED] - Object 'Object Repository/Page_Members Area/Header_Attention_Text' is present

2019-12-11 12:21:47 - [TEST_STEP][PASSED] - callTestCase(findTestCase("Reusable_Test_Sequences/Utils/Popout_Handler"), [:], CONTINUE_ON_FAILURE): Call Test Case 'Test Cases/Reusable_Test_Sequences/Utils/Popout_Handler' successfully

2019-12-11 12:21:47 - [TEST_CASE][PASSED] - Test Cases/Reusable_Test_Sequences/Utils/Popout_Handler: Test Cases/Reusable_Test_Sequences/Utils/Popout_Handler

2019-12-11 12:21:47 - [TEST_STEP][PASSED] - delay(2): Delayed 2 second(s)

2019-12-11 12:21:49 - [MESSAGE][PASSED] - Delayed 2 second(s)

2019-12-11 12:21:49 - [TEST_STEP][PASSED] - waitForPageLoad(60): Wait for page load successfully

2019-12-11 12:21:49 - [MESSAGE][PASSED] - Wait for page load successfully

2019-12-11 12:21:49 - [TEST_STEP][PASSED] - try:  View Our New Website POPOUT Displayed

2019-12-11 12:21:49 - [TEST_STEP][PASSED] - if ("Object Repository/Popout/go_Away"):  View Our New Website POPOUT Displayed

2019-12-11 12:21:49 - [TEST_STEP][PASSED] - click(findTestObject("Object Repository/Popout/go_Away")): Object: 'Object Repository/Popout/go_Away' is clicked on

2019-12-11 12:21:50 - [MESSAGE][PASSED] - Object: 'Object Repository/Popout/go_Away' is clicked on

2019-12-11 12:21:50 - [TEST_STEP][PASSED] - markPassed(" View Our New Website POPOUT Displayed"):  View Our New Website POPOUT Displayed

2019-12-11 12:21:50 - [MESSAGE][PASSED] -  View Our New Website POPOUT Displayed

2019-12-11 12:21:50 - [MESSAGE][PASSED] - Call Test Case 'Test Cases/Reusable_Test_Sequences/Utils/Popout_Handler' successfully

2019-12-11 12:21:50 - [MESSAGE][PASSED] - Call Test Case 'Test Cases/Reusable_Test_Sequences/Members_Area/log_On' successfully

2019-12-11 12:21:50 - [TEST_STEP][PASSED] - callTestCase(findTestCase("Reusable_Test_Sequences/Members_Area/Area_Menu/Your_Account/Community"), [:], CONTINUE_ON_FAILURE): Call Test Case 'Test Cases/Reusable_Test_Sequences/Members_Area/Area_Menu/Your_Account/Community' successfully

2019-12-11 12:21:50 - [TEST_CASE][PASSED] - Test Cases/Reusable_Test_Sequences/Members_Area/Area_Menu/Your_Account/Community: Test Cases/Reusable_Test_Sequences/Members_Area/Area_Menu/Your_Account/Community

2019-12-11 12:21:50 - [TEST_STEP][PASSED] - waitForElementPresent(findTestObject("Object Repository/Page_Members Area/div_Community"), 60): Object 'Object Repository/Page_Members Area/div_Community' is present

2019-12-11 12:21:50 - [MESSAGE][PASSED] - Object 'Object Repository/Page_Members Area/div_Community' is present

2019-12-11 12:21:50 - [TEST_STEP][PASSED] - scrollToElement(findTestObject("Object Repository/Page_Members Area/div_Community"), 5): Scroll to object 'Object Repository/Page_Members Area/div_Community' successfully

2019-12-11 12:21:50 - [MESSAGE][PASSED] - Scroll to object 'Object Repository/Page_Members Area/div_Community' successfully

2019-12-11 12:21:50 - [TEST_STEP][PASSED] - click(findTestObject("Object Repository/Page_Members Area/div_Community")): Object: 'Object Repository/Page_Members Area/div_Community' is clicked on

2019-12-11 12:21:52 - [MESSAGE][PASSED] - Object: 'Object Repository/Page_Members Area/div_Community' is clicked on

2019-12-11 12:21:52 - [MESSAGE][PASSED] - Call Test Case 'Test Cases/Reusable_Test_Sequences/Members_Area/Area_Menu/Your_Account/Community' successfully

2019-12-11 12:21:52 - [TEST_STEP][PASSED] - callTestCase(findTestCase("Reusable_Test_Sequences/Members_Area/Validation/Community"), [:], CONTINUE_ON_FAILURE): Call Test Case 'Test Cases/Reusable_Test_Sequences/Members_Area/Validation/Community' successfully

2019-12-11 12:21:53 - [TEST_CASE][PASSED] - Test Cases/Reusable_Test_Sequences/Members_Area/Validation/Community: Test Cases/Reusable_Test_Sequences/Members_Area/Validation/Community

2019-12-11 12:21:53 - [TEST_STEP][PASSED] - delay(1): Delayed 1 second(s)

2019-12-11 12:21:54 - [MESSAGE][PASSED] - Delayed 1 second(s)

2019-12-11 12:21:54 - [TEST_STEP][PASSED] - waitForPageLoad(60): Wait for page load successfully

2019-12-11 12:21:54 - [MESSAGE][PASSED] - Wait for page load successfully

2019-12-11 12:21:54 - [TEST_STEP][PASSED] - "----------------------------------------------": null

2019-12-11 12:21:54 - [TEST_STEP][PASSED] - "DEFAULT TAB - None - 1 Page Returned          |": null

2019-12-11 12:21:54 - [TEST_STEP][PASSED] - "----------------------------------------------": null

2019-12-11 12:21:54 - [TEST_STEP][PASSED] - "----------------------------------------------": null

2019-12-11 12:21:54 - [TEST_STEP][PASSED] - verifyTextPresent("Hello", false): Text 'Hello' is present on page 

2019-12-11 12:21:54 - [MESSAGE][PASSED] - Text 'Hello' is present on page 

2019-12-11 12:21:54 - [TEST_STEP][PASSED] - verifyTextPresent("Welcome to the Checkatrade community where you can get involved with all things Checkatrade", false): Text 'Welcome to the Checkatrade community where you can get involved with all things Checkatrade' is present on page 

2019-12-11 12:21:55 - [MESSAGE][PASSED] - Text 'Welcome to the Checkatrade community where you can get involved with all things Checkatrade' is present on page 

2019-12-11 12:21:55 - [TEST_STEP][PASSED] - verifyTextPresent("You can search below to find out if there is already a discussion on something you are looking for", false): Text 'You can search below to find out if there is already a discussion on something you are looking for' is present on page 

2019-12-11 12:21:55 - [MESSAGE][PASSED] - Text 'You can search below to find out if there is already a discussion on something you are looking for' is present on page 

2019-12-11 12:21:55 - [TEST_STEP][PASSED] - "----------------------------------------------": null

2019-12-11 12:21:55 - [TEST_STEP][PASSED] - verifyTextPresent("Community", false): Text 'Community' is present on page 

2019-12-11 12:21:56 - [MESSAGE][PASSED] - Text 'Community' is present on page 

2019-12-11 12:21:56 - [TEST_STEP][PASSED] - verifyTextPresent("NEW POST", false): Text 'NEW POST' is present on page 

2019-12-11 12:21:56 - [MESSAGE][PASSED] - Text 'NEW POST' is present on page 

2019-12-11 12:21:56 - [TEST_STEP][PASSED] - "----------------------------------------------": null

2019-12-11 12:21:56 - [TEST_STEP][PASSED] - back(): Navigate back successfully

2019-12-11 12:21:57 - [MESSAGE][PASSED] - Navigate back successfully

2019-12-11 12:21:57 - [MESSAGE][PASSED] - Call Test Case 'Test Cases/Reusable_Test_Sequences/Members_Area/Validation/Community' successfully

2019-12-11 12:21:57 - [TEST_STEP][PASSED] - callTestCase(findTestCase("Reusable_Test_Sequences/Members_Area/Banner_Menu/log_Off"), [:], OPTIONAL): Call Test Case 'Test Cases/Reusable_Test_Sequences/Members_Area/Banner_Menu/log_Off' successfully

2019-12-11 12:21:57 - [TEST_CASE][PASSED] - Test Cases/Reusable_Test_Sequences/Members_Area/Banner_Menu/log_Off: Test Cases/Reusable_Test_Sequences/Members_Area/Banner_Menu/log_Off

2019-12-11 12:21:58 - [TEST_STEP][PASSED] - delay(1): Delayed 1 second(s)

2019-12-11 12:21:59 - [MESSAGE][PASSED] - Delayed 1 second(s)

2019-12-11 12:21:59 - [TEST_STEP][PASSED] - waitForElementClickable(findTestObject("Object Repository/Page_Members Area/a_Log off"), 60): Object 'Object Repository/Page_Members Area/a_Log off' is clickable

2019-12-11 12:22:00 - [MESSAGE][PASSED] - Object 'Object Repository/Page_Members Area/a_Log off' is clickable

2019-12-11 12:22:00 - [TEST_STEP][PASSED] - scrollToElement(findTestObject("Object Repository/Page_Members Area/a_Log off"), 2): Scroll to object 'Object Repository/Page_Members Area/a_Log off' successfully

2019-12-11 12:22:00 - [MESSAGE][PASSED] - Scroll to object 'Object Repository/Page_Members Area/a_Log off' successfully

2019-12-11 12:22:00 - [TEST_STEP][PASSED] - click(findTestObject("Object Repository/Page_Members Area/a_Log off")): Object: 'Object Repository/Page_Members Area/a_Log off' is clicked on

2019-12-11 12:22:00 - [MESSAGE][PASSED] - Object: 'Object Repository/Page_Members Area/a_Log off' is clicked on

2019-12-11 12:22:00 - [MESSAGE][PASSED] - Call Test Case 'Test Cases/Reusable_Test_Sequences/Members_Area/Banner_Menu/log_Off' successfully]]></system-out>
         <system-err><![CDATA[]]></system-err>
      </testcase>
      <system-out><![CDATA[2019-12-11 12:21:25 - [TEST_SUITE][PASSED] - Members_My_Community: Test Cases/Members_Area/Community]]></system-out>
      <system-err><![CDATA[]]></system-err>
   </testsuite>
</testsuites>
