<?xml version="1.0" encoding="UTF-8"?>
<testsuites name="Trade_Name_Multiple_Search" time="135.007" tests="1" failures="0" errors="0">
   <testsuite name="Trade_Name_Multiple_Search" tests="1" failures="0" errors="0" time="135.007" timestamp="2019-12-17 14:58:19" hostname="DavidHo - VETTEDSP36RF.check.local" id="Test Suites/Trade_Name_Multiple_Search">
      <properties>
         <property name="deviceName" value=""/>
         <property name="devicePlatform" value=""/>
         <property name="logFolder" value="C:\\Users\\davidho\\Katalon Studio\\Start\\Reports\\20191217_145341\\Trade_Name_Multiple_Search\\20191217_145345"/>
         <property name="logFiles" value="C:\\Users\\davidho\\Katalon Studio\\Start\\Reports\\20191217_145341\\Trade_Name_Multiple_Search\\20191217_145345\\execution0.log"/>
         <property name="attachments" value=""/>
         <property name="hostName" value="DavidHo - VETTEDSP36RF.check.local"/>
         <property name="os" value="Windows 10 32bit"/>
         <property name="katalonVersion" value="7.1.2.1"/>
         <property name="browser" value="Firefox 70.0"/>
         <property name="hostAddress" value="10.0.11.243"/>
         <property name="sessionId" value="14f45ee2-562e-47b1-84ad-7f57b48fe836"/>
         <property name="seleniumVersion" value="3.141.59"/>
         <property name="proxyInformation" value="ProxyInformation{proxyOption=NO_PROXY, proxyServerType=HTTP, password=, proxyServerAddress=, proxyServerPort=0, executionList=}"/>
         <property name="platform" value="Windows 10"/>
      </properties>
      <testcase name="Test Cases/Checkatrade_Tradesman_Searches/Trade_Name_Search_Multiple" time="134.739" classname="Test Cases/Checkatrade_Tradesman_Searches/Trade_Name_Search_Multiple" status="PASSED">
         <system-out><![CDATA[2019-12-17 14:58:19 - [TEST_CASE][PASSED] - Test Cases/Checkatrade_Tradesman_Searches/Trade_Name_Search_Multiple: Test Cases/Checkatrade_Tradesman_Searches/Trade_Name_Search_Multiple

2019-12-17 14:58:19 - [TEST_STEP][PASSED] - for ([row = 1, row <= findTestData("Search_CAT_ID_Data (1)").getRowNumbers(), (internal.GlobalVariable.row++)]): Call Test Case 'Test Cases/Reusable_Test_Sequences/CAT_Teardown' successfully

2019-12-17 14:58:20 - [TEST_STEP][PASSED] - callTestCase(findTestCase("Reusable_Test_Sequences/CAT_Setup"), [:], STOP_ON_FAILURE): Call Test Case 'Test Cases/Reusable_Test_Sequences/CAT_Setup' successfully

2019-12-17 14:58:20 - [TEST_CASE][PASSED] - Test Cases/Reusable_Test_Sequences/CAT_Setup: Test Cases/Reusable_Test_Sequences/CAT_Setup

2019-12-17 14:58:20 - [TEST_STEP][PASSED] - "------------------------------": null

2019-12-17 14:58:20 - [TEST_STEP][PASSED] - " Set Mobile Device Testing    |": null

2019-12-17 14:58:20 - [TEST_STEP][PASSED] - if (Mobile_Flag == "true"): null

2019-12-17 14:58:20 - [TEST_STEP][PASSED] - "------------------------------": null

2019-12-17 14:58:20 - [TEST_STEP][PASSED] - " Set Mobile Device Testing    |": null

2019-12-17 14:58:20 - [TEST_STEP][PASSED] - "------------------------------": null

2019-12-17 14:58:20 - [TEST_STEP][PASSED] - "URL - Set from the ENVIRONMENT PROFILE ": null

2019-12-17 14:58:20 - [TEST_STEP][PASSED] - openBrowser(URL): Browser is opened with url: 'https://www.preview.checkatrade.com/'

2019-12-17 14:58:21 - [MESSAGE][INFO] - Starting 'Firefox' driver

2019-12-17 14:58:21 - [MESSAGE][INFO] - Action delay is set to 0 seconds

2019-12-17 14:58:28 - [MESSAGE][PASSED] - Browser is opened with url: 'https://www.preview.checkatrade.com/'

2019-12-17 14:58:28 - [TEST_STEP][PASSED] - maximizeWindow(): Current window maximized

2019-12-17 14:58:28 - [MESSAGE][PASSED] - Current window maximized

2019-12-17 14:58:28 - [TEST_STEP][PASSED] - waitForPageLoad(60): Wait for page load successfully

2019-12-17 14:58:28 - [MESSAGE][PASSED] - Wait for page load successfully

2019-12-17 14:58:28 - [TEST_STEP][PASSED] - try: Text 'Cookie Policy' is not present on page

2019-12-17 14:58:28 - [TEST_STEP][PASSED] - verifyElementPresent(findTestObject("Object Repository/Cookies/Page_Checkatrade Find a tradesperson you can trust/button_Accept All"), 5): Object 'Object Repository/Cookies/Page_Checkatrade Find a tradesperson you can trust/button_Accept All' is present

2019-12-17 14:58:28 - [MESSAGE][PASSED] - Object 'Object Repository/Cookies/Page_Checkatrade Find a tradesperson you can trust/button_Accept All' is present

2019-12-17 14:58:28 - [TEST_STEP][PASSED] - click(findTestObject("Object Repository/Cookies/Page_Checkatrade Find a tradesperson you can trust/button_Accept All")): Object: 'Object Repository/Cookies/Page_Checkatrade Find a tradesperson you can trust/button_Accept All' is clicked on

2019-12-17 14:58:29 - [MESSAGE][PASSED] - Object: 'Object Repository/Cookies/Page_Checkatrade Find a tradesperson you can trust/button_Accept All' is clicked on

2019-12-17 14:58:29 - [TEST_STEP][PASSED] - "---------------------------------": null

2019-12-17 14:58:29 - [TEST_STEP][PASSED] - "COOKIE POPOUT REMOVED - Confirmed": null

2019-12-17 14:58:29 - [TEST_STEP][PASSED] - delay(1): Delayed 1 second(s)

2019-12-17 14:58:30 - [MESSAGE][PASSED] - Delayed 1 second(s)

2019-12-17 14:58:30 - [TEST_STEP][PASSED] - verifyTextNotPresent("We use cookies to personalise content and ads, to provide social media features and to analyse our traffic", false): Text 'We use cookies to personalise content and ads, to provide social media features and to analyse our traffic' is not present on page

2019-12-17 14:58:30 - [MESSAGE][PASSED] - Text 'We use cookies to personalise content and ads, to provide social media features and to analyse our traffic' is not present on page

2019-12-17 14:58:30 - [TEST_STEP][PASSED] - verifyTextNotPresent(" We also share information about your use of our site with our social media, advertising and analytics partners", false): Text ' We also share information about your use of our site with our social media, advertising and analytics partners' is not present on page

2019-12-17 14:58:30 - [MESSAGE][PASSED] - Text ' We also share information about your use of our site with our social media, advertising and analytics partners' is not present on page

2019-12-17 14:58:30 - [TEST_STEP][PASSED] - verifyTextNotPresent("Cookie Policy", false): Text 'Cookie Policy' is not present on page

2019-12-17 14:58:31 - [MESSAGE][PASSED] - Text 'Cookie Policy' is not present on page

2019-12-17 14:58:31 - [TEST_STEP][PASSED] - waitForPageLoad(60): Wait for page load successfully

2019-12-17 14:58:31 - [MESSAGE][PASSED] - Wait for page load successfully

2019-12-17 14:58:31 - [MESSAGE][PASSED] - Call Test Case 'Test Cases/Reusable_Test_Sequences/CAT_Setup' successfully

2019-12-17 14:58:31 - [TEST_STEP][PASSED] - callTestCase(findTestCase("Reusable_Test_Sequences/CAT_Home"), [:], CONTINUE_ON_FAILURE): Call Test Case 'Test Cases/Reusable_Test_Sequences/CAT_Home' successfully

2019-12-17 14:58:31 - [TEST_CASE][PASSED] - Test Cases/Reusable_Test_Sequences/CAT_Home: Test Cases/Reusable_Test_Sequences/CAT_Home

2019-12-17 14:58:31 - [TEST_STEP][PASSED] - waitForPageLoad(10): Wait for page load successfully

2019-12-17 14:58:31 - [MESSAGE][PASSED] - Wait for page load successfully

2019-12-17 14:58:31 - [TEST_STEP][PASSED] - waitForElementClickable(findTestObject("Object Repository/Checkatrade_Trade_Search_Page/Page_Checkatrade Find a tradesperson you can trust/Page_Checkatrade Find a tradesperson you can trust/a_Search"), 60): Object 'Object Repository/Checkatrade_Trade_Search_Page/Page_Checkatrade Find a tradesperson you can trust/Page_Checkatrade Find a tradesperson you can trust/a_Search' is clickable

2019-12-17 14:58:31 - [MESSAGE][PASSED] - Object 'Object Repository/Checkatrade_Trade_Search_Page/Page_Checkatrade Find a tradesperson you can trust/Page_Checkatrade Find a tradesperson you can trust/a_Search' is clickable

2019-12-17 14:58:31 - [TEST_STEP][PASSED] - "------------------------------------": null

2019-12-17 14:58:31 - [TEST_STEP][PASSED] - verifyTextPresent("Helping you find the right trade or service", false): Text 'Helping you find the right trade or service' is present on page 

2019-12-17 14:58:31 - [MESSAGE][PASSED] - Text 'Helping you find the right trade or service' is present on page 

2019-12-17 14:58:31 - [TEST_STEP][PASSED] - verifyTextPresent("Search through over", false): Text 'Search through over' is present on page 

2019-12-17 14:58:32 - [MESSAGE][PASSED] - Text 'Search through over' is present on page 

2019-12-17 14:58:32 - [TEST_STEP][PASSED] - verifyTextPresent("recommended, vetted and monitored trades and service providers for free.", false): Text 'recommended, vetted and monitored trades and service providers for free.' is present on page 

2019-12-17 14:58:32 - [MESSAGE][PASSED] - Text 'recommended, vetted and monitored trades and service providers for free.' is present on page 

2019-12-17 14:58:32 - [TEST_STEP][PASSED] - verifyTextPresent("or look up a member by name", false): Text 'or look up a member by name' is present on page 

2019-12-17 14:58:32 - [MESSAGE][PASSED] - Text 'or look up a member by name' is present on page 

2019-12-17 14:58:32 - [TEST_STEP][PASSED] - verifyTextPresent("reviews published so far – thank you!", false): Text 'reviews published so far – thank you!' is present on page 

2019-12-17 14:58:32 - [MESSAGE][PASSED] - Text 'reviews published so far – thank you!' is present on page 

2019-12-17 14:58:32 - [TEST_STEP][PASSED] - "------------------------------------": null

2019-12-17 14:58:32 - [TEST_STEP][PASSED] - " NEW FOOTER Details - 10/12/2019": null

2019-12-17 14:58:32 - [TEST_STEP][PASSED] - verifyTextPresent("I need a trade or service", false): Text 'I need a trade or service' is present on page 

2019-12-17 14:58:32 - [MESSAGE][PASSED] - Text 'I need a trade or service' is present on page 

2019-12-17 14:58:32 - [TEST_STEP][PASSED] - verifyTextPresent("Every trader thoroughly checked and vetted", false): Text 'Every trader thoroughly checked and vetted' is present on page 

2019-12-17 14:58:33 - [MESSAGE][PASSED] - Text 'Every trader thoroughly checked and vetted' is present on page 

2019-12-17 14:58:33 - [TEST_STEP][PASSED] - verifyTextPresent("Find out more", false): Text 'Find out more' is present on page 

2019-12-17 14:58:33 - [MESSAGE][PASSED] - Text 'Find out more' is present on page 

2019-12-17 14:58:33 - [TEST_STEP][PASSED] - verifyTextPresent("I am a tradesman", false): Text 'I am a tradesman' is present on page 

2019-12-17 14:58:33 - [MESSAGE][PASSED] - Text 'I am a tradesman' is present on page 

2019-12-17 14:58:33 - [TEST_STEP][PASSED] - verifyTextPresent("Over a million visits to Checkatrade each month", false): Text 'Over a million visits to Checkatrade each month' is present on page 

2019-12-17 14:58:33 - [MESSAGE][PASSED] - Text 'Over a million visits to Checkatrade each month' is present on page 

2019-12-17 14:58:33 - [TEST_STEP][PASSED] - verifyTextPresent("Find out more", false): Text 'Find out more' is present on page 

2019-12-17 14:58:34 - [MESSAGE][PASSED] - Text 'Find out more' is present on page 

2019-12-17 14:58:34 - [TEST_STEP][PASSED] - "------------------------------------": null

2019-12-17 14:58:34 - [TEST_STEP][PASSED] - "FOOTER": null

2019-12-17 14:58:34 - [TEST_STEP][PASSED] - verifyTextPresent("Trades", false): Text 'Trades' is present on page 

2019-12-17 14:58:34 - [MESSAGE][PASSED] - Text 'Trades' is present on page 

2019-12-17 14:58:34 - [TEST_STEP][PASSED] - verifyTextPresent("Homeowner", false): Text 'Homeowner' is present on page 

2019-12-17 14:58:34 - [MESSAGE][PASSED] - Text 'Homeowner' is present on page 

2019-12-17 14:58:34 - [TEST_STEP][PASSED] - verifyTextPresent("Company", false): Text 'Company' is present on page 

2019-12-17 14:58:34 - [MESSAGE][PASSED] - Text 'Company' is present on page 

2019-12-17 14:58:34 - [TEST_STEP][PASSED] - "------------------------------------": null

2019-12-17 14:58:34 - [TEST_STEP][PASSED] - "Social Media": null

2019-12-17 14:58:34 - [TEST_STEP][PASSED] - verifyTextPresent("Follow Us On", false): Text 'Follow Us On' is present on page 

2019-12-17 14:58:34 - [MESSAGE][PASSED] - Text 'Follow Us On' is present on page 

2019-12-17 14:58:34 - [MESSAGE][PASSED] - Call Test Case 'Test Cases/Reusable_Test_Sequences/CAT_Home' successfully

2019-12-17 14:58:34 - [TEST_STEP][PASSED] - "---------------------------------------------------------------------": null

2019-12-17 14:58:34 - [TEST_STEP][PASSED] - " Select Search on Trader Name (or ID) From Home page/Search Screen   |": null

2019-12-17 14:58:34 - [TEST_STEP][PASSED] - callTestCase(findTestCase("Reusable_Test_Sequences/CAT_Click_Search_Trade_Name"), [:], CONTINUE_ON_FAILURE): Call Test Case 'Test Cases/Reusable_Test_Sequences/CAT_Click_Search_Trade_Name' successfully

2019-12-17 14:58:34 - [TEST_CASE][PASSED] - Test Cases/Reusable_Test_Sequences/CAT_Click_Search_Trade_Name: Test Cases/Reusable_Test_Sequences/CAT_Click_Search_Trade_Name

2019-12-17 14:58:35 - [TEST_STEP][PASSED] - click(findTestObject("Page_Checkatrade Find a tradesperson you can trust/a_or look up a member by name")): Object: 'Object Repository/Page_Checkatrade Find a tradesperson you can trust/a_or look up a member by name' is clicked on

2019-12-17 14:58:35 - [MESSAGE][PASSED] - Object: 'Object Repository/Page_Checkatrade Find a tradesperson you can trust/a_or look up a member by name' is clicked on

2019-12-17 14:58:35 - [TEST_STEP][PASSED] - waitForPageLoad(60): Wait for page load successfully

2019-12-17 14:58:35 - [MESSAGE][PASSED] - Wait for page load successfully

2019-12-17 14:58:35 - [MESSAGE][PASSED] - Call Test Case 'Test Cases/Reusable_Test_Sequences/CAT_Click_Search_Trade_Name' successfully

2019-12-17 14:58:35 - [TEST_STEP][PASSED] - "---------------------------------------": null

2019-12-17 14:58:35 - [TEST_STEP][PASSED] - " Enter Trader Name (or ID) to Search   |": null

2019-12-17 14:58:35 - [TEST_STEP][PASSED] - callTestCase(findTestCase("Reusable_Test_Sequences/CAT_Enter_Trade_Name"), [:], CONTINUE_ON_FAILURE): Call Test Case 'Test Cases/Reusable_Test_Sequences/CAT_Enter_Trade_Name' successfully

2019-12-17 14:58:35 - [TEST_CASE][PASSED] - Test Cases/Reusable_Test_Sequences/CAT_Enter_Trade_Name: Test Cases/Reusable_Test_Sequences/CAT_Enter_Trade_Name

2019-12-17 14:58:35 - [TEST_STEP][PASSED] - setText(findTestObject("Page_Checkatrade Find a tradesperson you can trust/Trader_Name_To_Search"), findTestData("Search_CAT_ID_Data (1)").getValue("tradeName", row)): Text '218020' is set on object 'Object Repository/Page_Checkatrade Find a tradesperson you can trust/Trader_Name_To_Search'

2019-12-17 14:58:36 - [MESSAGE][PASSED] - Text '218020' is set on object 'Object Repository/Page_Checkatrade Find a tradesperson you can trust/Trader_Name_To_Search'

2019-12-17 14:58:36 - [MESSAGE][PASSED] - Call Test Case 'Test Cases/Reusable_Test_Sequences/CAT_Enter_Trade_Name' successfully

2019-12-17 14:58:36 - [TEST_STEP][PASSED] - "---------------------------------------": null

2019-12-17 14:58:36 - [TEST_STEP][PASSED] - " Search Trader Name (or ID)            |": null

2019-12-17 14:58:36 - [TEST_STEP][PASSED] - callTestCase(findTestCase("Reusable_Test_Sequences/CAT_Search_Trade_Name"), [:], CONTINUE_ON_FAILURE): Call Test Case 'Test Cases/Reusable_Test_Sequences/CAT_Search_Trade_Name' successfully

2019-12-17 14:58:36 - [TEST_CASE][PASSED] - Test Cases/Reusable_Test_Sequences/CAT_Search_Trade_Name: Test Cases/Reusable_Test_Sequences/CAT_Search_Trade_Name

2019-12-17 14:58:36 - [TEST_STEP][PASSED] - "Hit Search Trade Person by Name (or CAT ID) after parameters are entered": null

2019-12-17 14:58:36 - [TEST_STEP][PASSED] - waitForElementPresent(findTestObject("Page_Checkatrade Find a tradesperson you can trust/span_Trade_Name"), 60): Object 'Object Repository/Page_Checkatrade Find a tradesperson you can trust/span_Trade_Name' is present

2019-12-17 14:58:36 - [MESSAGE][PASSED] - Object 'Object Repository/Page_Checkatrade Find a tradesperson you can trust/span_Trade_Name' is present

2019-12-17 14:58:36 - [TEST_STEP][PASSED] - click(findTestObject("Page_Checkatrade Find a tradesperson you can trust/span_Trade_Name")): Object: 'Object Repository/Page_Checkatrade Find a tradesperson you can trust/span_Trade_Name' is clicked on

2019-12-17 14:58:46 - [MESSAGE][PASSED] - Object: 'Object Repository/Page_Checkatrade Find a tradesperson you can trust/span_Trade_Name' is clicked on

2019-12-17 14:58:46 - [TEST_STEP][PASSED] - delay(2): Delayed 2 second(s)

2019-12-17 14:58:48 - [MESSAGE][PASSED] - Delayed 2 second(s)

2019-12-17 14:58:48 - [TEST_STEP][PASSED] - waitForPageLoad(60): Wait for page load successfully

2019-12-17 14:58:48 - [MESSAGE][PASSED] - Wait for page load successfully

2019-12-17 14:58:48 - [MESSAGE][PASSED] - Call Test Case 'Test Cases/Reusable_Test_Sequences/CAT_Search_Trade_Name' successfully

2019-12-17 14:58:48 - [TEST_STEP][PASSED] - "------------------------------------------": null

2019-12-17 14:58:48 - [TEST_STEP][PASSED] - " Scroll to Page Footer to Reveal Results  |": null

2019-12-17 14:58:48 - [TEST_STEP][PASSED] - callTestCase(findTestCase("Reusable_Test_Sequences/CAT_Scroll_to_Footer"), [:], CONTINUE_ON_FAILURE): Call Test Case 'Test Cases/Reusable_Test_Sequences/CAT_Scroll_to_Footer' successfully

2019-12-17 14:58:48 - [TEST_CASE][PASSED] - Test Cases/Reusable_Test_Sequences/CAT_Scroll_to_Footer: Test Cases/Reusable_Test_Sequences/CAT_Scroll_to_Footer

2019-12-17 14:58:48 - [TEST_STEP][PASSED] - "-----------------------------------------------------": null

2019-12-17 14:58:48 - [TEST_STEP][PASSED] - " Major changes factored into function 05/12/2019     |": null

2019-12-17 14:58:48 - [TEST_STEP][PASSED] - "-----------------------------------------------------": null

2019-12-17 14:58:48 - [TEST_STEP][PASSED] - "Animation Removed ": null

2019-12-17 14:58:48 - [TEST_STEP][PASSED] - "Scroll - To Footer on the bottom of the page (sometime off the screen) ": null

2019-12-17 14:58:48 - [TEST_STEP][PASSED] - waitForPageLoad(60): Wait for page load successfully

2019-12-17 14:58:48 - [MESSAGE][PASSED] - Wait for page load successfully

2019-12-17 14:58:48 - [TEST_STEP][PASSED] - scrollToPosition(999, 999): Browser is scrolled to position x = 999, y = 999

2019-12-17 14:58:48 - [MESSAGE][PASSED] - Browser is scrolled to position x = 999, y = 999

2019-12-17 14:58:48 - [TEST_STEP][PASSED] - delay(1): Delayed 1 second(s)

2019-12-17 14:58:49 - [MESSAGE][PASSED] - Delayed 1 second(s)

2019-12-17 14:58:49 - [MESSAGE][PASSED] - Call Test Case 'Test Cases/Reusable_Test_Sequences/CAT_Scroll_to_Footer' successfully

2019-12-17 14:58:49 - [TEST_STEP][PASSED] - "------------------------------------------": null

2019-12-17 14:58:49 - [TEST_STEP][PASSED] - " Verify Correct Location is Returned     |": null

2019-12-17 14:58:49 - [TEST_STEP][PASSED] - callTestCase(findTestCase("Reusable_Test_Sequences/CAT_Verification_Location"), [:], CONTINUE_ON_FAILURE): Call Test Case 'Test Cases/Reusable_Test_Sequences/CAT_Verification_Location' successfully

2019-12-17 14:58:49 - [TEST_CASE][PASSED] - Test Cases/Reusable_Test_Sequences/CAT_Verification_Location: Test Cases/Reusable_Test_Sequences/CAT_Verification_Location

2019-12-17 14:58:49 - [TEST_STEP][PASSED] - verifyTextPresent(findTestData("Search_CAT_ID_Data (1)").getValue("tradeNameLocationVerification", row), false): Text 'Gosport, Hampshire' is present on page 

2019-12-17 14:58:50 - [MESSAGE][PASSED] - Text 'Gosport, Hampshire' is present on page 

2019-12-17 14:58:50 - [MESSAGE][PASSED] - Call Test Case 'Test Cases/Reusable_Test_Sequences/CAT_Verification_Location' successfully

2019-12-17 14:58:50 - [TEST_STEP][PASSED] - "------------------------------------------": null

2019-12-17 14:58:50 - [TEST_STEP][PASSED] - " Verify Primary Contact is Returned     |": null

2019-12-17 14:58:50 - [TEST_STEP][PASSED] - callTestCase(findTestCase("Reusable_Test_Sequences/CAT_Verification_Primary_Contact"), [:], CONTINUE_ON_FAILURE): Call Test Case 'Test Cases/Reusable_Test_Sequences/CAT_Verification_Primary_Contact' successfully

2019-12-17 14:58:50 - [TEST_CASE][PASSED] - Test Cases/Reusable_Test_Sequences/CAT_Verification_Primary_Contact: Test Cases/Reusable_Test_Sequences/CAT_Verification_Primary_Contact

2019-12-17 14:58:50 - [TEST_STEP][PASSED] - verifyTextPresent(findTestData("Search_CAT_ID_Data (1)").getValue("primeContact", row), false): Text 'Jim Foster' is present on page 

2019-12-17 14:58:51 - [MESSAGE][PASSED] - Text 'Jim Foster' is present on page 

2019-12-17 14:58:51 - [MESSAGE][PASSED] - Call Test Case 'Test Cases/Reusable_Test_Sequences/CAT_Verification_Primary_Contact' successfully

2019-12-17 14:58:51 - [TEST_STEP][PASSED] - "--------------------------": null

2019-12-17 14:58:51 - [TEST_STEP][PASSED] - " Teardown - CLose Browser |": null

2019-12-17 14:58:51 - [TEST_STEP][PASSED] - callTestCase(findTestCase("Reusable_Test_Sequences/CAT_Teardown"), [:], OPTIONAL): Call Test Case 'Test Cases/Reusable_Test_Sequences/CAT_Teardown' successfully

2019-12-17 14:58:51 - [TEST_CASE][PASSED] - Test Cases/Reusable_Test_Sequences/CAT_Teardown: Test Cases/Reusable_Test_Sequences/CAT_Teardown

2019-12-17 14:58:51 - [TEST_STEP][PASSED] - closeBrowser(): Browser is closed

2019-12-17 14:58:52 - [MESSAGE][PASSED] - Browser is closed

2019-12-17 14:58:52 - [MESSAGE][PASSED] - Call Test Case 'Test Cases/Reusable_Test_Sequences/CAT_Teardown' successfully

2019-12-17 14:58:52 - [TEST_STEP][PASSED] - callTestCase(findTestCase("Reusable_Test_Sequences/CAT_Setup"), [:], STOP_ON_FAILURE): Call Test Case 'Test Cases/Reusable_Test_Sequences/CAT_Setup' successfully

2019-12-17 14:58:52 - [TEST_CASE][PASSED] - Test Cases/Reusable_Test_Sequences/CAT_Setup: Test Cases/Reusable_Test_Sequences/CAT_Setup

2019-12-17 14:58:52 - [TEST_STEP][PASSED] - "------------------------------": null

2019-12-17 14:58:52 - [TEST_STEP][PASSED] - " Set Mobile Device Testing    |": null

2019-12-17 14:58:52 - [TEST_STEP][PASSED] - if (Mobile_Flag == "true"): null

2019-12-17 14:58:52 - [TEST_STEP][PASSED] - "------------------------------": null

2019-12-17 14:58:52 - [TEST_STEP][PASSED] - " Set Mobile Device Testing    |": null

2019-12-17 14:58:52 - [TEST_STEP][PASSED] - "------------------------------": null

2019-12-17 14:58:52 - [TEST_STEP][PASSED] - "URL - Set from the ENVIRONMENT PROFILE ": null

2019-12-17 14:58:52 - [TEST_STEP][PASSED] - openBrowser(URL): Browser is opened with url: 'https://www.preview.checkatrade.com/'

2019-12-17 14:58:52 - [MESSAGE][INFO] - Starting 'Firefox' driver

2019-12-17 14:58:59 - [MESSAGE][PASSED] - Browser is opened with url: 'https://www.preview.checkatrade.com/'

2019-12-17 14:58:59 - [TEST_STEP][PASSED] - maximizeWindow(): Current window maximized

2019-12-17 14:58:59 - [MESSAGE][PASSED] - Current window maximized

2019-12-17 14:58:59 - [TEST_STEP][PASSED] - waitForPageLoad(60): Wait for page load successfully

2019-12-17 14:58:59 - [MESSAGE][PASSED] - Wait for page load successfully

2019-12-17 14:58:59 - [TEST_STEP][PASSED] - try: Text 'Cookie Policy' is not present on page

2019-12-17 14:58:59 - [TEST_STEP][PASSED] - verifyElementPresent(findTestObject("Object Repository/Cookies/Page_Checkatrade Find a tradesperson you can trust/button_Accept All"), 5): Object 'Object Repository/Cookies/Page_Checkatrade Find a tradesperson you can trust/button_Accept All' is present

2019-12-17 14:58:59 - [MESSAGE][PASSED] - Object 'Object Repository/Cookies/Page_Checkatrade Find a tradesperson you can trust/button_Accept All' is present

2019-12-17 14:58:59 - [TEST_STEP][PASSED] - click(findTestObject("Object Repository/Cookies/Page_Checkatrade Find a tradesperson you can trust/button_Accept All")): Object: 'Object Repository/Cookies/Page_Checkatrade Find a tradesperson you can trust/button_Accept All' is clicked on

2019-12-17 14:58:59 - [MESSAGE][ERROR] - (1785, 980) is out of bounds of viewport width (1920) and height (966)
Build info: version: '3.141.59', revision: 'e82be7d358', time: '2018-11-14T08:25:53'
System info: host: 'VETTEDSP36RF', ip: '10.0.11.243', os.name: 'Windows 10', os.arch: 'x86', os.version: '10.0', java.version: '1.8.0_181'
Driver info: com.kms.katalon.core.webui.driver.firefox.CGeckoDriver
Capabilities {acceptInsecureCerts: true, browserName: firefox, browserVersion: 70.0.1, javascriptEnabled: true, moz:accessibilityChecks: false, moz:buildID: 20191030021342, moz:geckodriverVersion: 0.23.0, moz:headless: false, moz:processID: 14912, moz:profile: C:\Users\davidho\AppData\Lo..., moz:shutdownTimeout: 60000, moz:useNonSpecCompliantPointerOrigin: false, moz:webdriverClick: true, pageLoadStrategy: normal, platform: WINDOWS, platformName: WINDOWS, platformVersion: 10.0, proxy: Proxy(direct), rotatable: false, setWindowRect: true, strictFileInteractability: false, timeouts: {implicit: 0, pageLoad: 300000, script: 30000}, unhandledPromptBehavior: dismiss and notify}
Session ID: bc3feef8-4f0c-4c84-9e86-502b4d836265

2019-12-17 14:59:00 - [MESSAGE][PASSED] - Object: 'Object Repository/Cookies/Page_Checkatrade Find a tradesperson you can trust/button_Accept All' is clicked on

2019-12-17 14:59:00 - [TEST_STEP][PASSED] - "---------------------------------": null

2019-12-17 14:59:00 - [TEST_STEP][PASSED] - "COOKIE POPOUT REMOVED - Confirmed": null

2019-12-17 14:59:00 - [TEST_STEP][PASSED] - delay(1): Delayed 1 second(s)

2019-12-17 14:59:01 - [MESSAGE][PASSED] - Delayed 1 second(s)

2019-12-17 14:59:01 - [TEST_STEP][PASSED] - verifyTextNotPresent("We use cookies to personalise content and ads, to provide social media features and to analyse our traffic", false): Text 'We use cookies to personalise content and ads, to provide social media features and to analyse our traffic' is not present on page

2019-12-17 14:59:02 - [MESSAGE][PASSED] - Text 'We use cookies to personalise content and ads, to provide social media features and to analyse our traffic' is not present on page

2019-12-17 14:59:02 - [TEST_STEP][PASSED] - verifyTextNotPresent(" We also share information about your use of our site with our social media, advertising and analytics partners", false): Text ' We also share information about your use of our site with our social media, advertising and analytics partners' is not present on page

2019-12-17 14:59:02 - [MESSAGE][PASSED] - Text ' We also share information about your use of our site with our social media, advertising and analytics partners' is not present on page

2019-12-17 14:59:02 - [TEST_STEP][PASSED] - verifyTextNotPresent("Cookie Policy", false): Text 'Cookie Policy' is not present on page

2019-12-17 14:59:02 - [MESSAGE][PASSED] - Text 'Cookie Policy' is not present on page

2019-12-17 14:59:02 - [TEST_STEP][PASSED] - waitForPageLoad(60): Wait for page load successfully

2019-12-17 14:59:02 - [MESSAGE][PASSED] - Wait for page load successfully

2019-12-17 14:59:02 - [MESSAGE][PASSED] - Call Test Case 'Test Cases/Reusable_Test_Sequences/CAT_Setup' successfully

2019-12-17 14:59:02 - [TEST_STEP][PASSED] - callTestCase(findTestCase("Reusable_Test_Sequences/CAT_Home"), [:], CONTINUE_ON_FAILURE): Call Test Case 'Test Cases/Reusable_Test_Sequences/CAT_Home' successfully

2019-12-17 14:59:02 - [TEST_CASE][PASSED] - Test Cases/Reusable_Test_Sequences/CAT_Home: Test Cases/Reusable_Test_Sequences/CAT_Home

2019-12-17 14:59:02 - [TEST_STEP][PASSED] - waitForPageLoad(10): Wait for page load successfully

2019-12-17 14:59:02 - [MESSAGE][PASSED] - Wait for page load successfully

2019-12-17 14:59:02 - [TEST_STEP][PASSED] - waitForElementClickable(findTestObject("Object Repository/Checkatrade_Trade_Search_Page/Page_Checkatrade Find a tradesperson you can trust/Page_Checkatrade Find a tradesperson you can trust/a_Search"), 60): Object 'Object Repository/Checkatrade_Trade_Search_Page/Page_Checkatrade Find a tradesperson you can trust/Page_Checkatrade Find a tradesperson you can trust/a_Search' is clickable

2019-12-17 14:59:03 - [MESSAGE][PASSED] - Object 'Object Repository/Checkatrade_Trade_Search_Page/Page_Checkatrade Find a tradesperson you can trust/Page_Checkatrade Find a tradesperson you can trust/a_Search' is clickable

2019-12-17 14:59:03 - [TEST_STEP][PASSED] - "------------------------------------": null

2019-12-17 14:59:03 - [TEST_STEP][PASSED] - verifyTextPresent("Helping you find the right trade or service", false): Text 'Helping you find the right trade or service' is present on page 

2019-12-17 14:59:03 - [MESSAGE][PASSED] - Text 'Helping you find the right trade or service' is present on page 

2019-12-17 14:59:03 - [TEST_STEP][PASSED] - verifyTextPresent("Search through over", false): Text 'Search through over' is present on page 

2019-12-17 14:59:03 - [MESSAGE][PASSED] - Text 'Search through over' is present on page 

2019-12-17 14:59:03 - [TEST_STEP][PASSED] - verifyTextPresent("recommended, vetted and monitored trades and service providers for free.", false): Text 'recommended, vetted and monitored trades and service providers for free.' is present on page 

2019-12-17 14:59:03 - [MESSAGE][PASSED] - Text 'recommended, vetted and monitored trades and service providers for free.' is present on page 

2019-12-17 14:59:03 - [TEST_STEP][PASSED] - verifyTextPresent("or look up a member by name", false): Text 'or look up a member by name' is present on page 

2019-12-17 14:59:03 - [MESSAGE][PASSED] - Text 'or look up a member by name' is present on page 

2019-12-17 14:59:03 - [TEST_STEP][PASSED] - verifyTextPresent("reviews published so far – thank you!", false): Text 'reviews published so far – thank you!' is present on page 

2019-12-17 14:59:04 - [MESSAGE][PASSED] - Text 'reviews published so far – thank you!' is present on page 

2019-12-17 14:59:04 - [TEST_STEP][PASSED] - "------------------------------------": null

2019-12-17 14:59:04 - [TEST_STEP][PASSED] - " NEW FOOTER Details - 10/12/2019": null

2019-12-17 14:59:04 - [TEST_STEP][PASSED] - verifyTextPresent("I need a trade or service", false): Text 'I need a trade or service' is present on page 

2019-12-17 14:59:04 - [MESSAGE][PASSED] - Text 'I need a trade or service' is present on page 

2019-12-17 14:59:04 - [TEST_STEP][PASSED] - verifyTextPresent("Every trader thoroughly checked and vetted", false): Text 'Every trader thoroughly checked and vetted' is present on page 

2019-12-17 14:59:04 - [MESSAGE][PASSED] - Text 'Every trader thoroughly checked and vetted' is present on page 

2019-12-17 14:59:04 - [TEST_STEP][PASSED] - verifyTextPresent("Find out more", false): Text 'Find out more' is present on page 

2019-12-17 14:59:04 - [MESSAGE][PASSED] - Text 'Find out more' is present on page 

2019-12-17 14:59:04 - [TEST_STEP][PASSED] - verifyTextPresent("I am a tradesman", false): Text 'I am a tradesman' is present on page 

2019-12-17 14:59:05 - [MESSAGE][PASSED] - Text 'I am a tradesman' is present on page 

2019-12-17 14:59:05 - [TEST_STEP][PASSED] - verifyTextPresent("Over a million visits to Checkatrade each month", false): Text 'Over a million visits to Checkatrade each month' is present on page 

2019-12-17 14:59:05 - [MESSAGE][PASSED] - Text 'Over a million visits to Checkatrade each month' is present on page 

2019-12-17 14:59:05 - [TEST_STEP][PASSED] - verifyTextPresent("Find out more", false): Text 'Find out more' is present on page 

2019-12-17 14:59:05 - [MESSAGE][PASSED] - Text 'Find out more' is present on page 

2019-12-17 14:59:05 - [TEST_STEP][PASSED] - "------------------------------------": null

2019-12-17 14:59:05 - [TEST_STEP][PASSED] - "FOOTER": null

2019-12-17 14:59:05 - [TEST_STEP][PASSED] - verifyTextPresent("Trades", false): Text 'Trades' is present on page 

2019-12-17 14:59:05 - [MESSAGE][PASSED] - Text 'Trades' is present on page 

2019-12-17 14:59:05 - [TEST_STEP][PASSED] - verifyTextPresent("Homeowner", false): Text 'Homeowner' is present on page 

2019-12-17 14:59:05 - [MESSAGE][PASSED] - Text 'Homeowner' is present on page 

2019-12-17 14:59:05 - [TEST_STEP][PASSED] - verifyTextPresent("Company", false): Text 'Company' is present on page 

2019-12-17 14:59:06 - [MESSAGE][PASSED] - Text 'Company' is present on page 

2019-12-17 14:59:06 - [TEST_STEP][PASSED] - "------------------------------------": null

2019-12-17 14:59:06 - [TEST_STEP][PASSED] - "Social Media": null

2019-12-17 14:59:06 - [TEST_STEP][PASSED] - verifyTextPresent("Follow Us On", false): Text 'Follow Us On' is present on page 

2019-12-17 14:59:06 - [MESSAGE][PASSED] - Text 'Follow Us On' is present on page 

2019-12-17 14:59:06 - [MESSAGE][PASSED] - Call Test Case 'Test Cases/Reusable_Test_Sequences/CAT_Home' successfully

2019-12-17 14:59:06 - [TEST_STEP][PASSED] - "---------------------------------------------------------------------": null

2019-12-17 14:59:06 - [TEST_STEP][PASSED] - " Select Search on Trader Name (or ID) From Home page/Search Screen   |": null

2019-12-17 14:59:06 - [TEST_STEP][PASSED] - callTestCase(findTestCase("Reusable_Test_Sequences/CAT_Click_Search_Trade_Name"), [:], CONTINUE_ON_FAILURE): Call Test Case 'Test Cases/Reusable_Test_Sequences/CAT_Click_Search_Trade_Name' successfully

2019-12-17 14:59:06 - [TEST_CASE][PASSED] - Test Cases/Reusable_Test_Sequences/CAT_Click_Search_Trade_Name: Test Cases/Reusable_Test_Sequences/CAT_Click_Search_Trade_Name

2019-12-17 14:59:06 - [TEST_STEP][PASSED] - click(findTestObject("Page_Checkatrade Find a tradesperson you can trust/a_or look up a member by name")): Object: 'Object Repository/Page_Checkatrade Find a tradesperson you can trust/a_or look up a member by name' is clicked on

2019-12-17 14:59:06 - [MESSAGE][PASSED] - Object: 'Object Repository/Page_Checkatrade Find a tradesperson you can trust/a_or look up a member by name' is clicked on

2019-12-17 14:59:06 - [TEST_STEP][PASSED] - waitForPageLoad(60): Wait for page load successfully

2019-12-17 14:59:06 - [MESSAGE][PASSED] - Wait for page load successfully

2019-12-17 14:59:06 - [MESSAGE][PASSED] - Call Test Case 'Test Cases/Reusable_Test_Sequences/CAT_Click_Search_Trade_Name' successfully

2019-12-17 14:59:06 - [TEST_STEP][PASSED] - "---------------------------------------": null

2019-12-17 14:59:06 - [TEST_STEP][PASSED] - " Enter Trader Name (or ID) to Search   |": null

2019-12-17 14:59:06 - [TEST_STEP][PASSED] - callTestCase(findTestCase("Reusable_Test_Sequences/CAT_Enter_Trade_Name"), [:], CONTINUE_ON_FAILURE): Call Test Case 'Test Cases/Reusable_Test_Sequences/CAT_Enter_Trade_Name' successfully

2019-12-17 14:59:06 - [TEST_CASE][PASSED] - Test Cases/Reusable_Test_Sequences/CAT_Enter_Trade_Name: Test Cases/Reusable_Test_Sequences/CAT_Enter_Trade_Name

2019-12-17 14:59:06 - [TEST_STEP][PASSED] - setText(findTestObject("Page_Checkatrade Find a tradesperson you can trust/Trader_Name_To_Search"), findTestData("Search_CAT_ID_Data (1)").getValue("tradeName", row)): Text '402921' is set on object 'Object Repository/Page_Checkatrade Find a tradesperson you can trust/Trader_Name_To_Search'

2019-12-17 14:59:07 - [MESSAGE][PASSED] - Text '402921' is set on object 'Object Repository/Page_Checkatrade Find a tradesperson you can trust/Trader_Name_To_Search'

2019-12-17 14:59:07 - [MESSAGE][PASSED] - Call Test Case 'Test Cases/Reusable_Test_Sequences/CAT_Enter_Trade_Name' successfully

2019-12-17 14:59:07 - [TEST_STEP][PASSED] - "---------------------------------------": null

2019-12-17 14:59:07 - [TEST_STEP][PASSED] - " Search Trader Name (or ID)            |": null

2019-12-17 14:59:07 - [TEST_STEP][PASSED] - callTestCase(findTestCase("Reusable_Test_Sequences/CAT_Search_Trade_Name"), [:], CONTINUE_ON_FAILURE): Call Test Case 'Test Cases/Reusable_Test_Sequences/CAT_Search_Trade_Name' successfully

2019-12-17 14:59:07 - [TEST_CASE][PASSED] - Test Cases/Reusable_Test_Sequences/CAT_Search_Trade_Name: Test Cases/Reusable_Test_Sequences/CAT_Search_Trade_Name

2019-12-17 14:59:07 - [TEST_STEP][PASSED] - "Hit Search Trade Person by Name (or CAT ID) after parameters are entered": null

2019-12-17 14:59:07 - [TEST_STEP][PASSED] - waitForElementPresent(findTestObject("Page_Checkatrade Find a tradesperson you can trust/span_Trade_Name"), 60): Object 'Object Repository/Page_Checkatrade Find a tradesperson you can trust/span_Trade_Name' is present

2019-12-17 14:59:07 - [MESSAGE][PASSED] - Object 'Object Repository/Page_Checkatrade Find a tradesperson you can trust/span_Trade_Name' is present

2019-12-17 14:59:07 - [TEST_STEP][PASSED] - click(findTestObject("Page_Checkatrade Find a tradesperson you can trust/span_Trade_Name")): Object: 'Object Repository/Page_Checkatrade Find a tradesperson you can trust/span_Trade_Name' is clicked on

2019-12-17 14:59:10 - [MESSAGE][PASSED] - Object: 'Object Repository/Page_Checkatrade Find a tradesperson you can trust/span_Trade_Name' is clicked on

2019-12-17 14:59:10 - [TEST_STEP][PASSED] - delay(2): Delayed 2 second(s)

2019-12-17 14:59:12 - [MESSAGE][PASSED] - Delayed 2 second(s)

2019-12-17 14:59:12 - [TEST_STEP][PASSED] - waitForPageLoad(60): Wait for page load successfully

2019-12-17 14:59:12 - [MESSAGE][PASSED] - Wait for page load successfully

2019-12-17 14:59:12 - [MESSAGE][PASSED] - Call Test Case 'Test Cases/Reusable_Test_Sequences/CAT_Search_Trade_Name' successfully

2019-12-17 14:59:12 - [TEST_STEP][PASSED] - "------------------------------------------": null

2019-12-17 14:59:12 - [TEST_STEP][PASSED] - " Scroll to Page Footer to Reveal Results  |": null

2019-12-17 14:59:12 - [TEST_STEP][PASSED] - callTestCase(findTestCase("Reusable_Test_Sequences/CAT_Scroll_to_Footer"), [:], CONTINUE_ON_FAILURE): Call Test Case 'Test Cases/Reusable_Test_Sequences/CAT_Scroll_to_Footer' successfully

2019-12-17 14:59:12 - [TEST_CASE][PASSED] - Test Cases/Reusable_Test_Sequences/CAT_Scroll_to_Footer: Test Cases/Reusable_Test_Sequences/CAT_Scroll_to_Footer

2019-12-17 14:59:12 - [TEST_STEP][PASSED] - "-----------------------------------------------------": null

2019-12-17 14:59:12 - [TEST_STEP][PASSED] - " Major changes factored into function 05/12/2019     |": null

2019-12-17 14:59:12 - [TEST_STEP][PASSED] - "-----------------------------------------------------": null

2019-12-17 14:59:12 - [TEST_STEP][PASSED] - "Animation Removed ": null

2019-12-17 14:59:12 - [TEST_STEP][PASSED] - "Scroll - To Footer on the bottom of the page (sometime off the screen) ": null

2019-12-17 14:59:12 - [TEST_STEP][PASSED] - waitForPageLoad(60): Wait for page load successfully

2019-12-17 14:59:12 - [MESSAGE][PASSED] - Wait for page load successfully

2019-12-17 14:59:12 - [TEST_STEP][PASSED] - scrollToPosition(999, 999): Browser is scrolled to position x = 999, y = 999

2019-12-17 14:59:12 - [MESSAGE][PASSED] - Browser is scrolled to position x = 999, y = 999

2019-12-17 14:59:12 - [TEST_STEP][PASSED] - delay(1): Delayed 1 second(s)

2019-12-17 14:59:13 - [MESSAGE][PASSED] - Delayed 1 second(s)

2019-12-17 14:59:13 - [MESSAGE][PASSED] - Call Test Case 'Test Cases/Reusable_Test_Sequences/CAT_Scroll_to_Footer' successfully

2019-12-17 14:59:13 - [TEST_STEP][PASSED] - "------------------------------------------": null

2019-12-17 14:59:13 - [TEST_STEP][PASSED] - " Verify Correct Location is Returned     |": null

2019-12-17 14:59:13 - [TEST_STEP][PASSED] - callTestCase(findTestCase("Reusable_Test_Sequences/CAT_Verification_Location"), [:], CONTINUE_ON_FAILURE): Call Test Case 'Test Cases/Reusable_Test_Sequences/CAT_Verification_Location' successfully

2019-12-17 14:59:13 - [TEST_CASE][PASSED] - Test Cases/Reusable_Test_Sequences/CAT_Verification_Location: Test Cases/Reusable_Test_Sequences/CAT_Verification_Location

2019-12-17 14:59:13 - [TEST_STEP][PASSED] - verifyTextPresent(findTestData("Search_CAT_ID_Data (1)").getValue("tradeNameLocationVerification", row), false): Text 'Retford, Nottinghamshire' is present on page 

2019-12-17 14:59:14 - [MESSAGE][PASSED] - Text 'Retford, Nottinghamshire' is present on page 

2019-12-17 14:59:14 - [MESSAGE][PASSED] - Call Test Case 'Test Cases/Reusable_Test_Sequences/CAT_Verification_Location' successfully

2019-12-17 14:59:14 - [TEST_STEP][PASSED] - "------------------------------------------": null

2019-12-17 14:59:14 - [TEST_STEP][PASSED] - " Verify Primary Contact is Returned     |": null

2019-12-17 14:59:14 - [TEST_STEP][PASSED] - callTestCase(findTestCase("Reusable_Test_Sequences/CAT_Verification_Primary_Contact"), [:], CONTINUE_ON_FAILURE): Call Test Case 'Test Cases/Reusable_Test_Sequences/CAT_Verification_Primary_Contact' successfully

2019-12-17 14:59:14 - [TEST_CASE][PASSED] - Test Cases/Reusable_Test_Sequences/CAT_Verification_Primary_Contact: Test Cases/Reusable_Test_Sequences/CAT_Verification_Primary_Contact

2019-12-17 14:59:14 - [TEST_STEP][PASSED] - verifyTextPresent(findTestData("Search_CAT_ID_Data (1)").getValue("primeContact", row), false): Text 'James Burton' is present on page 

2019-12-17 14:59:14 - [MESSAGE][PASSED] - Text 'James Burton' is present on page 

2019-12-17 14:59:14 - [MESSAGE][PASSED] - Call Test Case 'Test Cases/Reusable_Test_Sequences/CAT_Verification_Primary_Contact' successfully

2019-12-17 14:59:14 - [TEST_STEP][PASSED] - "--------------------------": null

2019-12-17 14:59:14 - [TEST_STEP][PASSED] - " Teardown - CLose Browser |": null

2019-12-17 14:59:14 - [TEST_STEP][PASSED] - callTestCase(findTestCase("Reusable_Test_Sequences/CAT_Teardown"), [:], OPTIONAL): Call Test Case 'Test Cases/Reusable_Test_Sequences/CAT_Teardown' successfully

2019-12-17 14:59:14 - [TEST_CASE][PASSED] - Test Cases/Reusable_Test_Sequences/CAT_Teardown: Test Cases/Reusable_Test_Sequences/CAT_Teardown

2019-12-17 14:59:14 - [TEST_STEP][PASSED] - closeBrowser(): Browser is closed

2019-12-17 14:59:17 - [MESSAGE][PASSED] - Browser is closed

2019-12-17 14:59:17 - [MESSAGE][PASSED] - Call Test Case 'Test Cases/Reusable_Test_Sequences/CAT_Teardown' successfully

2019-12-17 14:59:17 - [TEST_STEP][PASSED] - callTestCase(findTestCase("Reusable_Test_Sequences/CAT_Setup"), [:], STOP_ON_FAILURE): Call Test Case 'Test Cases/Reusable_Test_Sequences/CAT_Setup' successfully

2019-12-17 14:59:17 - [TEST_CASE][PASSED] - Test Cases/Reusable_Test_Sequences/CAT_Setup: Test Cases/Reusable_Test_Sequences/CAT_Setup

2019-12-17 14:59:17 - [TEST_STEP][PASSED] - "------------------------------": null

2019-12-17 14:59:17 - [TEST_STEP][PASSED] - " Set Mobile Device Testing    |": null

2019-12-17 14:59:17 - [TEST_STEP][PASSED] - if (Mobile_Flag == "true"): null

2019-12-17 14:59:17 - [TEST_STEP][PASSED] - "------------------------------": null

2019-12-17 14:59:17 - [TEST_STEP][PASSED] - " Set Mobile Device Testing    |": null

2019-12-17 14:59:17 - [TEST_STEP][PASSED] - "------------------------------": null

2019-12-17 14:59:17 - [TEST_STEP][PASSED] - "URL - Set from the ENVIRONMENT PROFILE ": null

2019-12-17 14:59:17 - [TEST_STEP][PASSED] - openBrowser(URL): Browser is opened with url: 'https://www.preview.checkatrade.com/'

2019-12-17 14:59:17 - [MESSAGE][INFO] - Starting 'Firefox' driver

2019-12-17 14:59:23 - [MESSAGE][PASSED] - Browser is opened with url: 'https://www.preview.checkatrade.com/'

2019-12-17 14:59:23 - [TEST_STEP][PASSED] - maximizeWindow(): Current window maximized

2019-12-17 14:59:23 - [MESSAGE][PASSED] - Current window maximized

2019-12-17 14:59:23 - [TEST_STEP][PASSED] - waitForPageLoad(60): Wait for page load successfully

2019-12-17 14:59:23 - [MESSAGE][PASSED] - Wait for page load successfully

2019-12-17 14:59:23 - [TEST_STEP][PASSED] - try: Text 'Cookie Policy' is not present on page

2019-12-17 14:59:23 - [TEST_STEP][PASSED] - verifyElementPresent(findTestObject("Object Repository/Cookies/Page_Checkatrade Find a tradesperson you can trust/button_Accept All"), 5): Object 'Object Repository/Cookies/Page_Checkatrade Find a tradesperson you can trust/button_Accept All' is present

2019-12-17 14:59:23 - [MESSAGE][PASSED] - Object 'Object Repository/Cookies/Page_Checkatrade Find a tradesperson you can trust/button_Accept All' is present

2019-12-17 14:59:23 - [TEST_STEP][PASSED] - click(findTestObject("Object Repository/Cookies/Page_Checkatrade Find a tradesperson you can trust/button_Accept All")): Object: 'Object Repository/Cookies/Page_Checkatrade Find a tradesperson you can trust/button_Accept All' is clicked on

2019-12-17 14:59:23 - [MESSAGE][ERROR] - (1785, 969) is out of bounds of viewport width (1920) and height (966)
Build info: version: '3.141.59', revision: 'e82be7d358', time: '2018-11-14T08:25:53'
System info: host: 'VETTEDSP36RF', ip: '10.0.11.243', os.name: 'Windows 10', os.arch: 'x86', os.version: '10.0', java.version: '1.8.0_181'
Driver info: com.kms.katalon.core.webui.driver.firefox.CGeckoDriver
Capabilities {acceptInsecureCerts: true, browserName: firefox, browserVersion: 70.0.1, javascriptEnabled: true, moz:accessibilityChecks: false, moz:buildID: 20191030021342, moz:geckodriverVersion: 0.23.0, moz:headless: false, moz:processID: 11104, moz:profile: C:\Users\davidho\AppData\Lo..., moz:shutdownTimeout: 60000, moz:useNonSpecCompliantPointerOrigin: false, moz:webdriverClick: true, pageLoadStrategy: normal, platform: WINDOWS, platformName: WINDOWS, platformVersion: 10.0, proxy: Proxy(direct), rotatable: false, setWindowRect: true, strictFileInteractability: false, timeouts: {implicit: 0, pageLoad: 300000, script: 30000}, unhandledPromptBehavior: dismiss and notify}
Session ID: 59fa1233-ea5c-4646-8913-c182fdd993db

2019-12-17 14:59:24 - [MESSAGE][PASSED] - Object: 'Object Repository/Cookies/Page_Checkatrade Find a tradesperson you can trust/button_Accept All' is clicked on

2019-12-17 14:59:24 - [TEST_STEP][PASSED] - "---------------------------------": null

2019-12-17 14:59:24 - [TEST_STEP][PASSED] - "COOKIE POPOUT REMOVED - Confirmed": null

2019-12-17 14:59:24 - [TEST_STEP][PASSED] - delay(1): Delayed 1 second(s)

2019-12-17 14:59:25 - [MESSAGE][PASSED] - Delayed 1 second(s)

2019-12-17 14:59:25 - [TEST_STEP][PASSED] - verifyTextNotPresent("We use cookies to personalise content and ads, to provide social media features and to analyse our traffic", false): Text 'We use cookies to personalise content and ads, to provide social media features and to analyse our traffic' is not present on page

2019-12-17 14:59:25 - [MESSAGE][PASSED] - Text 'We use cookies to personalise content and ads, to provide social media features and to analyse our traffic' is not present on page

2019-12-17 14:59:25 - [TEST_STEP][PASSED] - verifyTextNotPresent(" We also share information about your use of our site with our social media, advertising and analytics partners", false): Text ' We also share information about your use of our site with our social media, advertising and analytics partners' is not present on page

2019-12-17 14:59:25 - [MESSAGE][PASSED] - Text ' We also share information about your use of our site with our social media, advertising and analytics partners' is not present on page

2019-12-17 14:59:25 - [TEST_STEP][PASSED] - verifyTextNotPresent("Cookie Policy", false): Text 'Cookie Policy' is not present on page

2019-12-17 14:59:26 - [MESSAGE][PASSED] - Text 'Cookie Policy' is not present on page

2019-12-17 14:59:26 - [TEST_STEP][PASSED] - waitForPageLoad(60): Wait for page load successfully

2019-12-17 14:59:26 - [MESSAGE][PASSED] - Wait for page load successfully

2019-12-17 14:59:26 - [MESSAGE][PASSED] - Call Test Case 'Test Cases/Reusable_Test_Sequences/CAT_Setup' successfully

2019-12-17 14:59:26 - [TEST_STEP][PASSED] - callTestCase(findTestCase("Reusable_Test_Sequences/CAT_Home"), [:], CONTINUE_ON_FAILURE): Call Test Case 'Test Cases/Reusable_Test_Sequences/CAT_Home' successfully

2019-12-17 14:59:26 - [TEST_CASE][PASSED] - Test Cases/Reusable_Test_Sequences/CAT_Home: Test Cases/Reusable_Test_Sequences/CAT_Home

2019-12-17 14:59:26 - [TEST_STEP][PASSED] - waitForPageLoad(10): Wait for page load successfully

2019-12-17 14:59:26 - [MESSAGE][PASSED] - Wait for page load successfully

2019-12-17 14:59:26 - [TEST_STEP][PASSED] - waitForElementClickable(findTestObject("Object Repository/Checkatrade_Trade_Search_Page/Page_Checkatrade Find a tradesperson you can trust/Page_Checkatrade Find a tradesperson you can trust/a_Search"), 60): Object 'Object Repository/Checkatrade_Trade_Search_Page/Page_Checkatrade Find a tradesperson you can trust/Page_Checkatrade Find a tradesperson you can trust/a_Search' is clickable

2019-12-17 14:59:26 - [MESSAGE][PASSED] - Object 'Object Repository/Checkatrade_Trade_Search_Page/Page_Checkatrade Find a tradesperson you can trust/Page_Checkatrade Find a tradesperson you can trust/a_Search' is clickable

2019-12-17 14:59:26 - [TEST_STEP][PASSED] - "------------------------------------": null

2019-12-17 14:59:26 - [TEST_STEP][PASSED] - verifyTextPresent("Helping you find the right trade or service", false): Text 'Helping you find the right trade or service' is present on page 

2019-12-17 14:59:26 - [MESSAGE][PASSED] - Text 'Helping you find the right trade or service' is present on page 

2019-12-17 14:59:26 - [TEST_STEP][PASSED] - verifyTextPresent("Search through over", false): Text 'Search through over' is present on page 

2019-12-17 14:59:26 - [MESSAGE][PASSED] - Text 'Search through over' is present on page 

2019-12-17 14:59:26 - [TEST_STEP][PASSED] - verifyTextPresent("recommended, vetted and monitored trades and service providers for free.", false): Text 'recommended, vetted and monitored trades and service providers for free.' is present on page 

2019-12-17 14:59:26 - [MESSAGE][PASSED] - Text 'recommended, vetted and monitored trades and service providers for free.' is present on page 

2019-12-17 14:59:26 - [TEST_STEP][PASSED] - verifyTextPresent("or look up a member by name", false): Text 'or look up a member by name' is present on page 

2019-12-17 14:59:27 - [MESSAGE][PASSED] - Text 'or look up a member by name' is present on page 

2019-12-17 14:59:27 - [TEST_STEP][PASSED] - verifyTextPresent("reviews published so far – thank you!", false): Text 'reviews published so far – thank you!' is present on page 

2019-12-17 14:59:27 - [MESSAGE][PASSED] - Text 'reviews published so far – thank you!' is present on page 

2019-12-17 14:59:27 - [TEST_STEP][PASSED] - "------------------------------------": null

2019-12-17 14:59:27 - [TEST_STEP][PASSED] - " NEW FOOTER Details - 10/12/2019": null

2019-12-17 14:59:27 - [TEST_STEP][PASSED] - verifyTextPresent("I need a trade or service", false): Text 'I need a trade or service' is present on page 

2019-12-17 14:59:27 - [MESSAGE][PASSED] - Text 'I need a trade or service' is present on page 

2019-12-17 14:59:27 - [TEST_STEP][PASSED] - verifyTextPresent("Every trader thoroughly checked and vetted", false): Text 'Every trader thoroughly checked and vetted' is present on page 

2019-12-17 14:59:27 - [MESSAGE][PASSED] - Text 'Every trader thoroughly checked and vetted' is present on page 

2019-12-17 14:59:27 - [TEST_STEP][PASSED] - verifyTextPresent("Find out more", false): Text 'Find out more' is present on page 

2019-12-17 14:59:27 - [MESSAGE][PASSED] - Text 'Find out more' is present on page 

2019-12-17 14:59:27 - [TEST_STEP][PASSED] - verifyTextPresent("I am a tradesman", false): Text 'I am a tradesman' is present on page 

2019-12-17 14:59:28 - [MESSAGE][PASSED] - Text 'I am a tradesman' is present on page 

2019-12-17 14:59:28 - [TEST_STEP][PASSED] - verifyTextPresent("Over a million visits to Checkatrade each month", false): Text 'Over a million visits to Checkatrade each month' is present on page 

2019-12-17 14:59:28 - [MESSAGE][PASSED] - Text 'Over a million visits to Checkatrade each month' is present on page 

2019-12-17 14:59:28 - [TEST_STEP][PASSED] - verifyTextPresent("Find out more", false): Text 'Find out more' is present on page 

2019-12-17 14:59:28 - [MESSAGE][PASSED] - Text 'Find out more' is present on page 

2019-12-17 14:59:28 - [TEST_STEP][PASSED] - "------------------------------------": null

2019-12-17 14:59:28 - [TEST_STEP][PASSED] - "FOOTER": null

2019-12-17 14:59:28 - [TEST_STEP][PASSED] - verifyTextPresent("Trades", false): Text 'Trades' is present on page 

2019-12-17 14:59:28 - [MESSAGE][PASSED] - Text 'Trades' is present on page 

2019-12-17 14:59:28 - [TEST_STEP][PASSED] - verifyTextPresent("Homeowner", false): Text 'Homeowner' is present on page 

2019-12-17 14:59:29 - [MESSAGE][PASSED] - Text 'Homeowner' is present on page 

2019-12-17 14:59:29 - [TEST_STEP][PASSED] - verifyTextPresent("Company", false): Text 'Company' is present on page 

2019-12-17 14:59:29 - [MESSAGE][PASSED] - Text 'Company' is present on page 

2019-12-17 14:59:29 - [TEST_STEP][PASSED] - "------------------------------------": null

2019-12-17 14:59:29 - [TEST_STEP][PASSED] - "Social Media": null

2019-12-17 14:59:29 - [TEST_STEP][PASSED] - verifyTextPresent("Follow Us On", false): Text 'Follow Us On' is present on page 

2019-12-17 14:59:29 - [MESSAGE][PASSED] - Text 'Follow Us On' is present on page 

2019-12-17 14:59:29 - [MESSAGE][PASSED] - Call Test Case 'Test Cases/Reusable_Test_Sequences/CAT_Home' successfully

2019-12-17 14:59:29 - [TEST_STEP][PASSED] - "---------------------------------------------------------------------": null

2019-12-17 14:59:29 - [TEST_STEP][PASSED] - " Select Search on Trader Name (or ID) From Home page/Search Screen   |": null

2019-12-17 14:59:29 - [TEST_STEP][PASSED] - callTestCase(findTestCase("Reusable_Test_Sequences/CAT_Click_Search_Trade_Name"), [:], CONTINUE_ON_FAILURE): Call Test Case 'Test Cases/Reusable_Test_Sequences/CAT_Click_Search_Trade_Name' successfully

2019-12-17 14:59:29 - [TEST_CASE][PASSED] - Test Cases/Reusable_Test_Sequences/CAT_Click_Search_Trade_Name: Test Cases/Reusable_Test_Sequences/CAT_Click_Search_Trade_Name

2019-12-17 14:59:29 - [TEST_STEP][PASSED] - click(findTestObject("Page_Checkatrade Find a tradesperson you can trust/a_or look up a member by name")): Object: 'Object Repository/Page_Checkatrade Find a tradesperson you can trust/a_or look up a member by name' is clicked on

2019-12-17 14:59:29 - [MESSAGE][PASSED] - Object: 'Object Repository/Page_Checkatrade Find a tradesperson you can trust/a_or look up a member by name' is clicked on

2019-12-17 14:59:29 - [TEST_STEP][PASSED] - waitForPageLoad(60): Wait for page load successfully

2019-12-17 14:59:29 - [MESSAGE][PASSED] - Wait for page load successfully

2019-12-17 14:59:29 - [MESSAGE][PASSED] - Call Test Case 'Test Cases/Reusable_Test_Sequences/CAT_Click_Search_Trade_Name' successfully

2019-12-17 14:59:29 - [TEST_STEP][PASSED] - "---------------------------------------": null

2019-12-17 14:59:29 - [TEST_STEP][PASSED] - " Enter Trader Name (or ID) to Search   |": null

2019-12-17 14:59:29 - [TEST_STEP][PASSED] - callTestCase(findTestCase("Reusable_Test_Sequences/CAT_Enter_Trade_Name"), [:], CONTINUE_ON_FAILURE): Call Test Case 'Test Cases/Reusable_Test_Sequences/CAT_Enter_Trade_Name' successfully

2019-12-17 14:59:30 - [TEST_CASE][PASSED] - Test Cases/Reusable_Test_Sequences/CAT_Enter_Trade_Name: Test Cases/Reusable_Test_Sequences/CAT_Enter_Trade_Name

2019-12-17 14:59:30 - [TEST_STEP][PASSED] - setText(findTestObject("Page_Checkatrade Find a tradesperson you can trust/Trader_Name_To_Search"), findTestData("Search_CAT_ID_Data (1)").getValue("tradeName", row)): Text '308682' is set on object 'Object Repository/Page_Checkatrade Find a tradesperson you can trust/Trader_Name_To_Search'

2019-12-17 14:59:30 - [MESSAGE][PASSED] - Text '308682' is set on object 'Object Repository/Page_Checkatrade Find a tradesperson you can trust/Trader_Name_To_Search'

2019-12-17 14:59:30 - [MESSAGE][PASSED] - Call Test Case 'Test Cases/Reusable_Test_Sequences/CAT_Enter_Trade_Name' successfully

2019-12-17 14:59:30 - [TEST_STEP][PASSED] - "---------------------------------------": null

2019-12-17 14:59:30 - [TEST_STEP][PASSED] - " Search Trader Name (or ID)            |": null

2019-12-17 14:59:30 - [TEST_STEP][PASSED] - callTestCase(findTestCase("Reusable_Test_Sequences/CAT_Search_Trade_Name"), [:], CONTINUE_ON_FAILURE): Call Test Case 'Test Cases/Reusable_Test_Sequences/CAT_Search_Trade_Name' successfully

2019-12-17 14:59:30 - [TEST_CASE][PASSED] - Test Cases/Reusable_Test_Sequences/CAT_Search_Trade_Name: Test Cases/Reusable_Test_Sequences/CAT_Search_Trade_Name

2019-12-17 14:59:30 - [TEST_STEP][PASSED] - "Hit Search Trade Person by Name (or CAT ID) after parameters are entered": null

2019-12-17 14:59:30 - [TEST_STEP][PASSED] - waitForElementPresent(findTestObject("Page_Checkatrade Find a tradesperson you can trust/span_Trade_Name"), 60): Object 'Object Repository/Page_Checkatrade Find a tradesperson you can trust/span_Trade_Name' is present

2019-12-17 14:59:30 - [MESSAGE][PASSED] - Object 'Object Repository/Page_Checkatrade Find a tradesperson you can trust/span_Trade_Name' is present

2019-12-17 14:59:30 - [TEST_STEP][PASSED] - click(findTestObject("Page_Checkatrade Find a tradesperson you can trust/span_Trade_Name")): Object: 'Object Repository/Page_Checkatrade Find a tradesperson you can trust/span_Trade_Name' is clicked on

2019-12-17 14:59:37 - [MESSAGE][PASSED] - Object: 'Object Repository/Page_Checkatrade Find a tradesperson you can trust/span_Trade_Name' is clicked on

2019-12-17 14:59:37 - [TEST_STEP][PASSED] - delay(2): Delayed 2 second(s)

2019-12-17 14:59:39 - [MESSAGE][PASSED] - Delayed 2 second(s)

2019-12-17 14:59:39 - [TEST_STEP][PASSED] - waitForPageLoad(60): Wait for page load successfully

2019-12-17 14:59:39 - [MESSAGE][PASSED] - Wait for page load successfully

2019-12-17 14:59:39 - [MESSAGE][PASSED] - Call Test Case 'Test Cases/Reusable_Test_Sequences/CAT_Search_Trade_Name' successfully

2019-12-17 14:59:39 - [TEST_STEP][PASSED] - "------------------------------------------": null

2019-12-17 14:59:39 - [TEST_STEP][PASSED] - " Scroll to Page Footer to Reveal Results  |": null

2019-12-17 14:59:39 - [TEST_STEP][PASSED] - callTestCase(findTestCase("Reusable_Test_Sequences/CAT_Scroll_to_Footer"), [:], CONTINUE_ON_FAILURE): Call Test Case 'Test Cases/Reusable_Test_Sequences/CAT_Scroll_to_Footer' successfully

2019-12-17 14:59:39 - [TEST_CASE][PASSED] - Test Cases/Reusable_Test_Sequences/CAT_Scroll_to_Footer: Test Cases/Reusable_Test_Sequences/CAT_Scroll_to_Footer

2019-12-17 14:59:39 - [TEST_STEP][PASSED] - "-----------------------------------------------------": null

2019-12-17 14:59:39 - [TEST_STEP][PASSED] - " Major changes factored into function 05/12/2019     |": null

2019-12-17 14:59:39 - [TEST_STEP][PASSED] - "-----------------------------------------------------": null

2019-12-17 14:59:39 - [TEST_STEP][PASSED] - "Animation Removed ": null

2019-12-17 14:59:39 - [TEST_STEP][PASSED] - "Scroll - To Footer on the bottom of the page (sometime off the screen) ": null

2019-12-17 14:59:39 - [TEST_STEP][PASSED] - waitForPageLoad(60): Wait for page load successfully

2019-12-17 14:59:39 - [MESSAGE][PASSED] - Wait for page load successfully

2019-12-17 14:59:39 - [TEST_STEP][PASSED] - scrollToPosition(999, 999): Browser is scrolled to position x = 999, y = 999

2019-12-17 14:59:39 - [MESSAGE][PASSED] - Browser is scrolled to position x = 999, y = 999

2019-12-17 14:59:39 - [TEST_STEP][PASSED] - delay(1): Delayed 1 second(s)

2019-12-17 14:59:40 - [MESSAGE][PASSED] - Delayed 1 second(s)

2019-12-17 14:59:40 - [MESSAGE][PASSED] - Call Test Case 'Test Cases/Reusable_Test_Sequences/CAT_Scroll_to_Footer' successfully

2019-12-17 14:59:40 - [TEST_STEP][PASSED] - "------------------------------------------": null

2019-12-17 14:59:40 - [TEST_STEP][PASSED] - " Verify Correct Location is Returned     |": null

2019-12-17 14:59:40 - [TEST_STEP][PASSED] - callTestCase(findTestCase("Reusable_Test_Sequences/CAT_Verification_Location"), [:], CONTINUE_ON_FAILURE): Call Test Case 'Test Cases/Reusable_Test_Sequences/CAT_Verification_Location' successfully

2019-12-17 14:59:40 - [TEST_CASE][PASSED] - Test Cases/Reusable_Test_Sequences/CAT_Verification_Location: Test Cases/Reusable_Test_Sequences/CAT_Verification_Location

2019-12-17 14:59:40 - [TEST_STEP][PASSED] - verifyTextPresent(findTestData("Search_CAT_ID_Data (1)").getValue("tradeNameLocationVerification", row), false): Text 'Banbury, Oxfordshire' is present on page 

2019-12-17 14:59:41 - [MESSAGE][PASSED] - Text 'Banbury, Oxfordshire' is present on page 

2019-12-17 14:59:41 - [MESSAGE][PASSED] - Call Test Case 'Test Cases/Reusable_Test_Sequences/CAT_Verification_Location' successfully

2019-12-17 14:59:41 - [TEST_STEP][PASSED] - "------------------------------------------": null

2019-12-17 14:59:41 - [TEST_STEP][PASSED] - " Verify Primary Contact is Returned     |": null

2019-12-17 14:59:41 - [TEST_STEP][PASSED] - callTestCase(findTestCase("Reusable_Test_Sequences/CAT_Verification_Primary_Contact"), [:], CONTINUE_ON_FAILURE): Call Test Case 'Test Cases/Reusable_Test_Sequences/CAT_Verification_Primary_Contact' successfully

2019-12-17 14:59:41 - [TEST_CASE][PASSED] - Test Cases/Reusable_Test_Sequences/CAT_Verification_Primary_Contact: Test Cases/Reusable_Test_Sequences/CAT_Verification_Primary_Contact

2019-12-17 14:59:41 - [TEST_STEP][PASSED] - verifyTextPresent(findTestData("Search_CAT_ID_Data (1)").getValue("primeContact", row), false): Text 'Andrew Whitaker' is present on page 

2019-12-17 14:59:42 - [MESSAGE][PASSED] - Text 'Andrew Whitaker' is present on page 

2019-12-17 14:59:42 - [MESSAGE][PASSED] - Call Test Case 'Test Cases/Reusable_Test_Sequences/CAT_Verification_Primary_Contact' successfully

2019-12-17 14:59:42 - [TEST_STEP][PASSED] - "--------------------------": null

2019-12-17 14:59:42 - [TEST_STEP][PASSED] - " Teardown - CLose Browser |": null

2019-12-17 14:59:42 - [TEST_STEP][PASSED] - callTestCase(findTestCase("Reusable_Test_Sequences/CAT_Teardown"), [:], OPTIONAL): Call Test Case 'Test Cases/Reusable_Test_Sequences/CAT_Teardown' successfully

2019-12-17 14:59:42 - [TEST_CASE][PASSED] - Test Cases/Reusable_Test_Sequences/CAT_Teardown: Test Cases/Reusable_Test_Sequences/CAT_Teardown

2019-12-17 14:59:42 - [TEST_STEP][PASSED] - closeBrowser(): Browser is closed

2019-12-17 14:59:44 - [MESSAGE][PASSED] - Browser is closed

2019-12-17 14:59:44 - [MESSAGE][PASSED] - Call Test Case 'Test Cases/Reusable_Test_Sequences/CAT_Teardown' successfully

2019-12-17 14:59:44 - [TEST_STEP][PASSED] - callTestCase(findTestCase("Reusable_Test_Sequences/CAT_Setup"), [:], STOP_ON_FAILURE): Call Test Case 'Test Cases/Reusable_Test_Sequences/CAT_Setup' successfully

2019-12-17 14:59:44 - [TEST_CASE][PASSED] - Test Cases/Reusable_Test_Sequences/CAT_Setup: Test Cases/Reusable_Test_Sequences/CAT_Setup

2019-12-17 14:59:44 - [TEST_STEP][PASSED] - "------------------------------": null

2019-12-17 14:59:44 - [TEST_STEP][PASSED] - " Set Mobile Device Testing    |": null

2019-12-17 14:59:44 - [TEST_STEP][PASSED] - if (Mobile_Flag == "true"): null

2019-12-17 14:59:44 - [TEST_STEP][PASSED] - "------------------------------": null

2019-12-17 14:59:44 - [TEST_STEP][PASSED] - " Set Mobile Device Testing    |": null

2019-12-17 14:59:44 - [TEST_STEP][PASSED] - "------------------------------": null

2019-12-17 14:59:44 - [TEST_STEP][PASSED] - "URL - Set from the ENVIRONMENT PROFILE ": null

2019-12-17 14:59:44 - [TEST_STEP][PASSED] - openBrowser(URL): Browser is opened with url: 'https://www.preview.checkatrade.com/'

2019-12-17 14:59:44 - [MESSAGE][INFO] - Starting 'Firefox' driver

2019-12-17 14:59:49 - [MESSAGE][PASSED] - Browser is opened with url: 'https://www.preview.checkatrade.com/'

2019-12-17 14:59:49 - [TEST_STEP][PASSED] - maximizeWindow(): Current window maximized

2019-12-17 14:59:49 - [MESSAGE][PASSED] - Current window maximized

2019-12-17 14:59:49 - [TEST_STEP][PASSED] - waitForPageLoad(60): Wait for page load successfully

2019-12-17 14:59:49 - [MESSAGE][PASSED] - Wait for page load successfully

2019-12-17 14:59:49 - [TEST_STEP][PASSED] - try: Text 'Cookie Policy' is not present on page

2019-12-17 14:59:49 - [TEST_STEP][PASSED] - verifyElementPresent(findTestObject("Object Repository/Cookies/Page_Checkatrade Find a tradesperson you can trust/button_Accept All"), 5): Object 'Object Repository/Cookies/Page_Checkatrade Find a tradesperson you can trust/button_Accept All' is present

2019-12-17 14:59:49 - [MESSAGE][PASSED] - Object 'Object Repository/Cookies/Page_Checkatrade Find a tradesperson you can trust/button_Accept All' is present

2019-12-17 14:59:49 - [TEST_STEP][PASSED] - click(findTestObject("Object Repository/Cookies/Page_Checkatrade Find a tradesperson you can trust/button_Accept All")): Object: 'Object Repository/Cookies/Page_Checkatrade Find a tradesperson you can trust/button_Accept All' is clicked on

2019-12-17 14:59:49 - [MESSAGE][ERROR] - (1785, 976) is out of bounds of viewport width (1920) and height (966)
Build info: version: '3.141.59', revision: 'e82be7d358', time: '2018-11-14T08:25:53'
System info: host: 'VETTEDSP36RF', ip: '10.0.11.243', os.name: 'Windows 10', os.arch: 'x86', os.version: '10.0', java.version: '1.8.0_181'
Driver info: com.kms.katalon.core.webui.driver.firefox.CGeckoDriver
Capabilities {acceptInsecureCerts: true, browserName: firefox, browserVersion: 70.0.1, javascriptEnabled: true, moz:accessibilityChecks: false, moz:buildID: 20191030021342, moz:geckodriverVersion: 0.23.0, moz:headless: false, moz:processID: 11388, moz:profile: C:\Users\davidho\AppData\Lo..., moz:shutdownTimeout: 60000, moz:useNonSpecCompliantPointerOrigin: false, moz:webdriverClick: true, pageLoadStrategy: normal, platform: WINDOWS, platformName: WINDOWS, platformVersion: 10.0, proxy: Proxy(direct), rotatable: false, setWindowRect: true, strictFileInteractability: false, timeouts: {implicit: 0, pageLoad: 300000, script: 30000}, unhandledPromptBehavior: dismiss and notify}
Session ID: 1dbc9599-88ee-4600-bd1c-5291d460b2db

2019-12-17 14:59:50 - [MESSAGE][PASSED] - Object: 'Object Repository/Cookies/Page_Checkatrade Find a tradesperson you can trust/button_Accept All' is clicked on

2019-12-17 14:59:50 - [TEST_STEP][PASSED] - "---------------------------------": null

2019-12-17 14:59:50 - [TEST_STEP][PASSED] - "COOKIE POPOUT REMOVED - Confirmed": null

2019-12-17 14:59:50 - [TEST_STEP][PASSED] - delay(1): Delayed 1 second(s)

2019-12-17 14:59:51 - [MESSAGE][PASSED] - Delayed 1 second(s)

2019-12-17 14:59:51 - [TEST_STEP][PASSED] - verifyTextNotPresent("We use cookies to personalise content and ads, to provide social media features and to analyse our traffic", false): Text 'We use cookies to personalise content and ads, to provide social media features and to analyse our traffic' is not present on page

2019-12-17 14:59:52 - [MESSAGE][PASSED] - Text 'We use cookies to personalise content and ads, to provide social media features and to analyse our traffic' is not present on page

2019-12-17 14:59:52 - [TEST_STEP][PASSED] - verifyTextNotPresent(" We also share information about your use of our site with our social media, advertising and analytics partners", false): Text ' We also share information about your use of our site with our social media, advertising and analytics partners' is not present on page

2019-12-17 14:59:52 - [MESSAGE][PASSED] - Text ' We also share information about your use of our site with our social media, advertising and analytics partners' is not present on page

2019-12-17 14:59:52 - [TEST_STEP][PASSED] - verifyTextNotPresent("Cookie Policy", false): Text 'Cookie Policy' is not present on page

2019-12-17 14:59:52 - [MESSAGE][PASSED] - Text 'Cookie Policy' is not present on page

2019-12-17 14:59:52 - [TEST_STEP][PASSED] - waitForPageLoad(60): Wait for page load successfully

2019-12-17 14:59:52 - [MESSAGE][PASSED] - Wait for page load successfully

2019-12-17 14:59:52 - [MESSAGE][PASSED] - Call Test Case 'Test Cases/Reusable_Test_Sequences/CAT_Setup' successfully

2019-12-17 14:59:52 - [TEST_STEP][PASSED] - callTestCase(findTestCase("Reusable_Test_Sequences/CAT_Home"), [:], CONTINUE_ON_FAILURE): Call Test Case 'Test Cases/Reusable_Test_Sequences/CAT_Home' successfully

2019-12-17 14:59:52 - [TEST_CASE][PASSED] - Test Cases/Reusable_Test_Sequences/CAT_Home: Test Cases/Reusable_Test_Sequences/CAT_Home

2019-12-17 14:59:52 - [TEST_STEP][PASSED] - waitForPageLoad(10): Wait for page load successfully

2019-12-17 14:59:52 - [MESSAGE][PASSED] - Wait for page load successfully

2019-12-17 14:59:52 - [TEST_STEP][PASSED] - waitForElementClickable(findTestObject("Object Repository/Checkatrade_Trade_Search_Page/Page_Checkatrade Find a tradesperson you can trust/Page_Checkatrade Find a tradesperson you can trust/a_Search"), 60): Object 'Object Repository/Checkatrade_Trade_Search_Page/Page_Checkatrade Find a tradesperson you can trust/Page_Checkatrade Find a tradesperson you can trust/a_Search' is clickable

2019-12-17 14:59:52 - [MESSAGE][PASSED] - Object 'Object Repository/Checkatrade_Trade_Search_Page/Page_Checkatrade Find a tradesperson you can trust/Page_Checkatrade Find a tradesperson you can trust/a_Search' is clickable

2019-12-17 14:59:52 - [TEST_STEP][PASSED] - "------------------------------------": null

2019-12-17 14:59:52 - [TEST_STEP][PASSED] - verifyTextPresent("Helping you find the right trade or service", false): Text 'Helping you find the right trade or service' is present on page 

2019-12-17 14:59:53 - [MESSAGE][PASSED] - Text 'Helping you find the right trade or service' is present on page 

2019-12-17 14:59:53 - [TEST_STEP][PASSED] - verifyTextPresent("Search through over", false): Text 'Search through over' is present on page 

2019-12-17 14:59:53 - [MESSAGE][PASSED] - Text 'Search through over' is present on page 

2019-12-17 14:59:53 - [TEST_STEP][PASSED] - verifyTextPresent("recommended, vetted and monitored trades and service providers for free.", false): Text 'recommended, vetted and monitored trades and service providers for free.' is present on page 

2019-12-17 14:59:53 - [MESSAGE][PASSED] - Text 'recommended, vetted and monitored trades and service providers for free.' is present on page 

2019-12-17 14:59:53 - [TEST_STEP][PASSED] - verifyTextPresent("or look up a member by name", false): Text 'or look up a member by name' is present on page 

2019-12-17 14:59:53 - [MESSAGE][PASSED] - Text 'or look up a member by name' is present on page 

2019-12-17 14:59:53 - [TEST_STEP][PASSED] - verifyTextPresent("reviews published so far – thank you!", false): Text 'reviews published so far – thank you!' is present on page 

2019-12-17 14:59:53 - [MESSAGE][PASSED] - Text 'reviews published so far – thank you!' is present on page 

2019-12-17 14:59:53 - [TEST_STEP][PASSED] - "------------------------------------": null

2019-12-17 14:59:53 - [TEST_STEP][PASSED] - " NEW FOOTER Details - 10/12/2019": null

2019-12-17 14:59:53 - [TEST_STEP][PASSED] - verifyTextPresent("I need a trade or service", false): Text 'I need a trade or service' is present on page 

2019-12-17 14:59:54 - [MESSAGE][PASSED] - Text 'I need a trade or service' is present on page 

2019-12-17 14:59:54 - [TEST_STEP][PASSED] - verifyTextPresent("Every trader thoroughly checked and vetted", false): Text 'Every trader thoroughly checked and vetted' is present on page 

2019-12-17 14:59:54 - [MESSAGE][PASSED] - Text 'Every trader thoroughly checked and vetted' is present on page 

2019-12-17 14:59:54 - [TEST_STEP][PASSED] - verifyTextPresent("Find out more", false): Text 'Find out more' is present on page 

2019-12-17 14:59:54 - [MESSAGE][PASSED] - Text 'Find out more' is present on page 

2019-12-17 14:59:54 - [TEST_STEP][PASSED] - verifyTextPresent("I am a tradesman", false): Text 'I am a tradesman' is present on page 

2019-12-17 14:59:54 - [MESSAGE][PASSED] - Text 'I am a tradesman' is present on page 

2019-12-17 14:59:54 - [TEST_STEP][PASSED] - verifyTextPresent("Over a million visits to Checkatrade each month", false): Text 'Over a million visits to Checkatrade each month' is present on page 

2019-12-17 14:59:55 - [MESSAGE][PASSED] - Text 'Over a million visits to Checkatrade each month' is present on page 

2019-12-17 14:59:55 - [TEST_STEP][PASSED] - verifyTextPresent("Find out more", false): Text 'Find out more' is present on page 

2019-12-17 14:59:55 - [MESSAGE][PASSED] - Text 'Find out more' is present on page 

2019-12-17 14:59:55 - [TEST_STEP][PASSED] - "------------------------------------": null

2019-12-17 14:59:55 - [TEST_STEP][PASSED] - "FOOTER": null

2019-12-17 14:59:55 - [TEST_STEP][PASSED] - verifyTextPresent("Trades", false): Text 'Trades' is present on page 

2019-12-17 14:59:55 - [MESSAGE][PASSED] - Text 'Trades' is present on page 

2019-12-17 14:59:55 - [TEST_STEP][PASSED] - verifyTextPresent("Homeowner", false): Text 'Homeowner' is present on page 

2019-12-17 14:59:55 - [MESSAGE][PASSED] - Text 'Homeowner' is present on page 

2019-12-17 14:59:55 - [TEST_STEP][PASSED] - verifyTextPresent("Company", false): Text 'Company' is present on page 

2019-12-17 14:59:55 - [MESSAGE][PASSED] - Text 'Company' is present on page 

2019-12-17 14:59:55 - [TEST_STEP][PASSED] - "------------------------------------": null

2019-12-17 14:59:55 - [TEST_STEP][PASSED] - "Social Media": null

2019-12-17 14:59:55 - [TEST_STEP][PASSED] - verifyTextPresent("Follow Us On", false): Text 'Follow Us On' is present on page 

2019-12-17 14:59:56 - [MESSAGE][PASSED] - Text 'Follow Us On' is present on page 

2019-12-17 14:59:56 - [MESSAGE][PASSED] - Call Test Case 'Test Cases/Reusable_Test_Sequences/CAT_Home' successfully

2019-12-17 14:59:56 - [TEST_STEP][PASSED] - "---------------------------------------------------------------------": null

2019-12-17 14:59:56 - [TEST_STEP][PASSED] - " Select Search on Trader Name (or ID) From Home page/Search Screen   |": null

2019-12-17 14:59:56 - [TEST_STEP][PASSED] - callTestCase(findTestCase("Reusable_Test_Sequences/CAT_Click_Search_Trade_Name"), [:], CONTINUE_ON_FAILURE): Call Test Case 'Test Cases/Reusable_Test_Sequences/CAT_Click_Search_Trade_Name' successfully

2019-12-17 14:59:56 - [TEST_CASE][PASSED] - Test Cases/Reusable_Test_Sequences/CAT_Click_Search_Trade_Name: Test Cases/Reusable_Test_Sequences/CAT_Click_Search_Trade_Name

2019-12-17 14:59:56 - [TEST_STEP][PASSED] - click(findTestObject("Page_Checkatrade Find a tradesperson you can trust/a_or look up a member by name")): Object: 'Object Repository/Page_Checkatrade Find a tradesperson you can trust/a_or look up a member by name' is clicked on

2019-12-17 14:59:56 - [MESSAGE][PASSED] - Object: 'Object Repository/Page_Checkatrade Find a tradesperson you can trust/a_or look up a member by name' is clicked on

2019-12-17 14:59:56 - [TEST_STEP][PASSED] - waitForPageLoad(60): Wait for page load successfully

2019-12-17 14:59:56 - [MESSAGE][PASSED] - Wait for page load successfully

2019-12-17 14:59:56 - [MESSAGE][PASSED] - Call Test Case 'Test Cases/Reusable_Test_Sequences/CAT_Click_Search_Trade_Name' successfully

2019-12-17 14:59:56 - [TEST_STEP][PASSED] - "---------------------------------------": null

2019-12-17 14:59:56 - [TEST_STEP][PASSED] - " Enter Trader Name (or ID) to Search   |": null

2019-12-17 14:59:56 - [TEST_STEP][PASSED] - callTestCase(findTestCase("Reusable_Test_Sequences/CAT_Enter_Trade_Name"), [:], CONTINUE_ON_FAILURE): Call Test Case 'Test Cases/Reusable_Test_Sequences/CAT_Enter_Trade_Name' successfully

2019-12-17 14:59:56 - [TEST_CASE][PASSED] - Test Cases/Reusable_Test_Sequences/CAT_Enter_Trade_Name: Test Cases/Reusable_Test_Sequences/CAT_Enter_Trade_Name

2019-12-17 14:59:56 - [TEST_STEP][PASSED] - setText(findTestObject("Page_Checkatrade Find a tradesperson you can trust/Trader_Name_To_Search"), findTestData("Search_CAT_ID_Data (1)").getValue("tradeName", row)): Text '230761' is set on object 'Object Repository/Page_Checkatrade Find a tradesperson you can trust/Trader_Name_To_Search'

2019-12-17 14:59:57 - [MESSAGE][PASSED] - Text '230761' is set on object 'Object Repository/Page_Checkatrade Find a tradesperson you can trust/Trader_Name_To_Search'

2019-12-17 14:59:57 - [MESSAGE][PASSED] - Call Test Case 'Test Cases/Reusable_Test_Sequences/CAT_Enter_Trade_Name' successfully

2019-12-17 14:59:57 - [TEST_STEP][PASSED] - "---------------------------------------": null

2019-12-17 14:59:57 - [TEST_STEP][PASSED] - " Search Trader Name (or ID)            |": null

2019-12-17 14:59:57 - [TEST_STEP][PASSED] - callTestCase(findTestCase("Reusable_Test_Sequences/CAT_Search_Trade_Name"), [:], CONTINUE_ON_FAILURE): Call Test Case 'Test Cases/Reusable_Test_Sequences/CAT_Search_Trade_Name' successfully

2019-12-17 14:59:57 - [TEST_CASE][PASSED] - Test Cases/Reusable_Test_Sequences/CAT_Search_Trade_Name: Test Cases/Reusable_Test_Sequences/CAT_Search_Trade_Name

2019-12-17 14:59:57 - [TEST_STEP][PASSED] - "Hit Search Trade Person by Name (or CAT ID) after parameters are entered": null

2019-12-17 14:59:57 - [TEST_STEP][PASSED] - waitForElementPresent(findTestObject("Page_Checkatrade Find a tradesperson you can trust/span_Trade_Name"), 60): Object 'Object Repository/Page_Checkatrade Find a tradesperson you can trust/span_Trade_Name' is present

2019-12-17 14:59:57 - [MESSAGE][PASSED] - Object 'Object Repository/Page_Checkatrade Find a tradesperson you can trust/span_Trade_Name' is present

2019-12-17 14:59:57 - [TEST_STEP][PASSED] - click(findTestObject("Page_Checkatrade Find a tradesperson you can trust/span_Trade_Name")): Object: 'Object Repository/Page_Checkatrade Find a tradesperson you can trust/span_Trade_Name' is clicked on

2019-12-17 15:00:03 - [MESSAGE][PASSED] - Object: 'Object Repository/Page_Checkatrade Find a tradesperson you can trust/span_Trade_Name' is clicked on

2019-12-17 15:00:03 - [TEST_STEP][PASSED] - delay(2): Delayed 2 second(s)

2019-12-17 15:00:05 - [MESSAGE][PASSED] - Delayed 2 second(s)

2019-12-17 15:00:05 - [TEST_STEP][PASSED] - waitForPageLoad(60): Wait for page load successfully

2019-12-17 15:00:05 - [MESSAGE][PASSED] - Wait for page load successfully

2019-12-17 15:00:05 - [MESSAGE][PASSED] - Call Test Case 'Test Cases/Reusable_Test_Sequences/CAT_Search_Trade_Name' successfully

2019-12-17 15:00:05 - [TEST_STEP][PASSED] - "------------------------------------------": null

2019-12-17 15:00:05 - [TEST_STEP][PASSED] - " Scroll to Page Footer to Reveal Results  |": null

2019-12-17 15:00:05 - [TEST_STEP][PASSED] - callTestCase(findTestCase("Reusable_Test_Sequences/CAT_Scroll_to_Footer"), [:], CONTINUE_ON_FAILURE): Call Test Case 'Test Cases/Reusable_Test_Sequences/CAT_Scroll_to_Footer' successfully

2019-12-17 15:00:05 - [TEST_CASE][PASSED] - Test Cases/Reusable_Test_Sequences/CAT_Scroll_to_Footer: Test Cases/Reusable_Test_Sequences/CAT_Scroll_to_Footer

2019-12-17 15:00:05 - [TEST_STEP][PASSED] - "-----------------------------------------------------": null

2019-12-17 15:00:05 - [TEST_STEP][PASSED] - " Major changes factored into function 05/12/2019     |": null

2019-12-17 15:00:05 - [TEST_STEP][PASSED] - "-----------------------------------------------------": null

2019-12-17 15:00:05 - [TEST_STEP][PASSED] - "Animation Removed ": null

2019-12-17 15:00:05 - [TEST_STEP][PASSED] - "Scroll - To Footer on the bottom of the page (sometime off the screen) ": null

2019-12-17 15:00:05 - [TEST_STEP][PASSED] - waitForPageLoad(60): Wait for page load successfully

2019-12-17 15:00:05 - [MESSAGE][PASSED] - Wait for page load successfully

2019-12-17 15:00:05 - [TEST_STEP][PASSED] - scrollToPosition(999, 999): Browser is scrolled to position x = 999, y = 999

2019-12-17 15:00:05 - [MESSAGE][PASSED] - Browser is scrolled to position x = 999, y = 999

2019-12-17 15:00:05 - [TEST_STEP][PASSED] - delay(1): Delayed 1 second(s)

2019-12-17 15:00:06 - [MESSAGE][PASSED] - Delayed 1 second(s)

2019-12-17 15:00:06 - [MESSAGE][PASSED] - Call Test Case 'Test Cases/Reusable_Test_Sequences/CAT_Scroll_to_Footer' successfully

2019-12-17 15:00:06 - [TEST_STEP][PASSED] - "------------------------------------------": null

2019-12-17 15:00:06 - [TEST_STEP][PASSED] - " Verify Correct Location is Returned     |": null

2019-12-17 15:00:06 - [TEST_STEP][PASSED] - callTestCase(findTestCase("Reusable_Test_Sequences/CAT_Verification_Location"), [:], CONTINUE_ON_FAILURE): Call Test Case 'Test Cases/Reusable_Test_Sequences/CAT_Verification_Location' successfully

2019-12-17 15:00:06 - [TEST_CASE][PASSED] - Test Cases/Reusable_Test_Sequences/CAT_Verification_Location: Test Cases/Reusable_Test_Sequences/CAT_Verification_Location

2019-12-17 15:00:06 - [TEST_STEP][PASSED] - verifyTextPresent(findTestData("Search_CAT_ID_Data (1)").getValue("tradeNameLocationVerification", row), false): Text 'Rustington, West Sussex' is present on page 

2019-12-17 15:00:07 - [MESSAGE][PASSED] - Text 'Rustington, West Sussex' is present on page 

2019-12-17 15:00:07 - [MESSAGE][PASSED] - Call Test Case 'Test Cases/Reusable_Test_Sequences/CAT_Verification_Location' successfully

2019-12-17 15:00:07 - [TEST_STEP][PASSED] - "------------------------------------------": null

2019-12-17 15:00:07 - [TEST_STEP][PASSED] - " Verify Primary Contact is Returned     |": null

2019-12-17 15:00:07 - [TEST_STEP][PASSED] - callTestCase(findTestCase("Reusable_Test_Sequences/CAT_Verification_Primary_Contact"), [:], CONTINUE_ON_FAILURE): Call Test Case 'Test Cases/Reusable_Test_Sequences/CAT_Verification_Primary_Contact' successfully

2019-12-17 15:00:07 - [TEST_CASE][PASSED] - Test Cases/Reusable_Test_Sequences/CAT_Verification_Primary_Contact: Test Cases/Reusable_Test_Sequences/CAT_Verification_Primary_Contact

2019-12-17 15:00:07 - [TEST_STEP][PASSED] - verifyTextPresent(findTestData("Search_CAT_ID_Data (1)").getValue("primeContact", row), false): Text 'David Clarke' is present on page 

2019-12-17 15:00:07 - [MESSAGE][PASSED] - Text 'David Clarke' is present on page 

2019-12-17 15:00:07 - [MESSAGE][PASSED] - Call Test Case 'Test Cases/Reusable_Test_Sequences/CAT_Verification_Primary_Contact' successfully

2019-12-17 15:00:07 - [TEST_STEP][PASSED] - "--------------------------": null

2019-12-17 15:00:07 - [TEST_STEP][PASSED] - " Teardown - CLose Browser |": null

2019-12-17 15:00:07 - [TEST_STEP][PASSED] - callTestCase(findTestCase("Reusable_Test_Sequences/CAT_Teardown"), [:], OPTIONAL): Call Test Case 'Test Cases/Reusable_Test_Sequences/CAT_Teardown' successfully

2019-12-17 15:00:07 - [TEST_CASE][PASSED] - Test Cases/Reusable_Test_Sequences/CAT_Teardown: Test Cases/Reusable_Test_Sequences/CAT_Teardown

2019-12-17 15:00:07 - [TEST_STEP][PASSED] - closeBrowser(): Browser is closed

2019-12-17 15:00:09 - [MESSAGE][PASSED] - Browser is closed

2019-12-17 15:00:09 - [MESSAGE][PASSED] - Call Test Case 'Test Cases/Reusable_Test_Sequences/CAT_Teardown' successfully

2019-12-17 15:00:10 - [TEST_STEP][PASSED] - callTestCase(findTestCase("Reusable_Test_Sequences/CAT_Setup"), [:], STOP_ON_FAILURE): Call Test Case 'Test Cases/Reusable_Test_Sequences/CAT_Setup' successfully

2019-12-17 15:00:10 - [TEST_CASE][PASSED] - Test Cases/Reusable_Test_Sequences/CAT_Setup: Test Cases/Reusable_Test_Sequences/CAT_Setup

2019-12-17 15:00:10 - [TEST_STEP][PASSED] - "------------------------------": null

2019-12-17 15:00:10 - [TEST_STEP][PASSED] - " Set Mobile Device Testing    |": null

2019-12-17 15:00:10 - [TEST_STEP][PASSED] - if (Mobile_Flag == "true"): null

2019-12-17 15:00:10 - [TEST_STEP][PASSED] - "------------------------------": null

2019-12-17 15:00:10 - [TEST_STEP][PASSED] - " Set Mobile Device Testing    |": null

2019-12-17 15:00:10 - [TEST_STEP][PASSED] - "------------------------------": null

2019-12-17 15:00:10 - [TEST_STEP][PASSED] - "URL - Set from the ENVIRONMENT PROFILE ": null

2019-12-17 15:00:10 - [TEST_STEP][PASSED] - openBrowser(URL): Browser is opened with url: 'https://www.preview.checkatrade.com/'

2019-12-17 15:00:10 - [MESSAGE][INFO] - Starting 'Firefox' driver

2019-12-17 15:00:15 - [MESSAGE][PASSED] - Browser is opened with url: 'https://www.preview.checkatrade.com/'

2019-12-17 15:00:15 - [TEST_STEP][PASSED] - maximizeWindow(): Current window maximized

2019-12-17 15:00:15 - [MESSAGE][PASSED] - Current window maximized

2019-12-17 15:00:15 - [TEST_STEP][PASSED] - waitForPageLoad(60): Wait for page load successfully

2019-12-17 15:00:15 - [MESSAGE][PASSED] - Wait for page load successfully

2019-12-17 15:00:15 - [TEST_STEP][PASSED] - try: Text 'Cookie Policy' is not present on page

2019-12-17 15:00:15 - [TEST_STEP][PASSED] - verifyElementPresent(findTestObject("Object Repository/Cookies/Page_Checkatrade Find a tradesperson you can trust/button_Accept All"), 5): Object 'Object Repository/Cookies/Page_Checkatrade Find a tradesperson you can trust/button_Accept All' is present

2019-12-17 15:00:16 - [MESSAGE][PASSED] - Object 'Object Repository/Cookies/Page_Checkatrade Find a tradesperson you can trust/button_Accept All' is present

2019-12-17 15:00:16 - [TEST_STEP][PASSED] - click(findTestObject("Object Repository/Cookies/Page_Checkatrade Find a tradesperson you can trust/button_Accept All")): Object: 'Object Repository/Cookies/Page_Checkatrade Find a tradesperson you can trust/button_Accept All' is clicked on

2019-12-17 15:00:16 - [MESSAGE][ERROR] - (1785, 975) is out of bounds of viewport width (1920) and height (966)
Build info: version: '3.141.59', revision: 'e82be7d358', time: '2018-11-14T08:25:53'
System info: host: 'VETTEDSP36RF', ip: '10.0.11.243', os.name: 'Windows 10', os.arch: 'x86', os.version: '10.0', java.version: '1.8.0_181'
Driver info: com.kms.katalon.core.webui.driver.firefox.CGeckoDriver
Capabilities {acceptInsecureCerts: true, browserName: firefox, browserVersion: 70.0.1, javascriptEnabled: true, moz:accessibilityChecks: false, moz:buildID: 20191030021342, moz:geckodriverVersion: 0.23.0, moz:headless: false, moz:processID: 1680, moz:profile: C:\Users\davidho\AppData\Lo..., moz:shutdownTimeout: 60000, moz:useNonSpecCompliantPointerOrigin: false, moz:webdriverClick: true, pageLoadStrategy: normal, platform: WINDOWS, platformName: WINDOWS, platformVersion: 10.0, proxy: Proxy(direct), rotatable: false, setWindowRect: true, strictFileInteractability: false, timeouts: {implicit: 0, pageLoad: 300000, script: 30000}, unhandledPromptBehavior: dismiss and notify}
Session ID: 14f45ee2-562e-47b1-84ad-7f57b48fe836

2019-12-17 15:00:17 - [MESSAGE][PASSED] - Object: 'Object Repository/Cookies/Page_Checkatrade Find a tradesperson you can trust/button_Accept All' is clicked on

2019-12-17 15:00:17 - [TEST_STEP][PASSED] - "---------------------------------": null

2019-12-17 15:00:17 - [TEST_STEP][PASSED] - "COOKIE POPOUT REMOVED - Confirmed": null

2019-12-17 15:00:17 - [TEST_STEP][PASSED] - delay(1): Delayed 1 second(s)

2019-12-17 15:00:18 - [MESSAGE][PASSED] - Delayed 1 second(s)

2019-12-17 15:00:18 - [TEST_STEP][PASSED] - verifyTextNotPresent("We use cookies to personalise content and ads, to provide social media features and to analyse our traffic", false): Text 'We use cookies to personalise content and ads, to provide social media features and to analyse our traffic' is not present on page

2019-12-17 15:00:18 - [MESSAGE][PASSED] - Text 'We use cookies to personalise content and ads, to provide social media features and to analyse our traffic' is not present on page

2019-12-17 15:00:18 - [TEST_STEP][PASSED] - verifyTextNotPresent(" We also share information about your use of our site with our social media, advertising and analytics partners", false): Text ' We also share information about your use of our site with our social media, advertising and analytics partners' is not present on page

2019-12-17 15:00:18 - [MESSAGE][PASSED] - Text ' We also share information about your use of our site with our social media, advertising and analytics partners' is not present on page

2019-12-17 15:00:18 - [TEST_STEP][PASSED] - verifyTextNotPresent("Cookie Policy", false): Text 'Cookie Policy' is not present on page

2019-12-17 15:00:19 - [MESSAGE][PASSED] - Text 'Cookie Policy' is not present on page

2019-12-17 15:00:19 - [TEST_STEP][PASSED] - waitForPageLoad(60): Wait for page load successfully

2019-12-17 15:00:19 - [MESSAGE][PASSED] - Wait for page load successfully

2019-12-17 15:00:19 - [MESSAGE][PASSED] - Call Test Case 'Test Cases/Reusable_Test_Sequences/CAT_Setup' successfully

2019-12-17 15:00:19 - [TEST_STEP][PASSED] - callTestCase(findTestCase("Reusable_Test_Sequences/CAT_Home"), [:], CONTINUE_ON_FAILURE): Call Test Case 'Test Cases/Reusable_Test_Sequences/CAT_Home' successfully

2019-12-17 15:00:19 - [TEST_CASE][PASSED] - Test Cases/Reusable_Test_Sequences/CAT_Home: Test Cases/Reusable_Test_Sequences/CAT_Home

2019-12-17 15:00:19 - [TEST_STEP][PASSED] - waitForPageLoad(10): Wait for page load successfully

2019-12-17 15:00:19 - [MESSAGE][PASSED] - Wait for page load successfully

2019-12-17 15:00:19 - [TEST_STEP][PASSED] - waitForElementClickable(findTestObject("Object Repository/Checkatrade_Trade_Search_Page/Page_Checkatrade Find a tradesperson you can trust/Page_Checkatrade Find a tradesperson you can trust/a_Search"), 60): Object 'Object Repository/Checkatrade_Trade_Search_Page/Page_Checkatrade Find a tradesperson you can trust/Page_Checkatrade Find a tradesperson you can trust/a_Search' is clickable

2019-12-17 15:00:19 - [MESSAGE][PASSED] - Object 'Object Repository/Checkatrade_Trade_Search_Page/Page_Checkatrade Find a tradesperson you can trust/Page_Checkatrade Find a tradesperson you can trust/a_Search' is clickable

2019-12-17 15:00:19 - [TEST_STEP][PASSED] - "------------------------------------": null

2019-12-17 15:00:19 - [TEST_STEP][PASSED] - verifyTextPresent("Helping you find the right trade or service", false): Text 'Helping you find the right trade or service' is present on page 

2019-12-17 15:00:19 - [MESSAGE][PASSED] - Text 'Helping you find the right trade or service' is present on page 

2019-12-17 15:00:19 - [TEST_STEP][PASSED] - verifyTextPresent("Search through over", false): Text 'Search through over' is present on page 

2019-12-17 15:00:19 - [MESSAGE][PASSED] - Text 'Search through over' is present on page 

2019-12-17 15:00:19 - [TEST_STEP][PASSED] - verifyTextPresent("recommended, vetted and monitored trades and service providers for free.", false): Text 'recommended, vetted and monitored trades and service providers for free.' is present on page 

2019-12-17 15:00:19 - [MESSAGE][PASSED] - Text 'recommended, vetted and monitored trades and service providers for free.' is present on page 

2019-12-17 15:00:19 - [TEST_STEP][PASSED] - verifyTextPresent("or look up a member by name", false): Text 'or look up a member by name' is present on page 

2019-12-17 15:00:20 - [MESSAGE][PASSED] - Text 'or look up a member by name' is present on page 

2019-12-17 15:00:20 - [TEST_STEP][PASSED] - verifyTextPresent("reviews published so far – thank you!", false): Text 'reviews published so far – thank you!' is present on page 

2019-12-17 15:00:20 - [MESSAGE][PASSED] - Text 'reviews published so far – thank you!' is present on page 

2019-12-17 15:00:20 - [TEST_STEP][PASSED] - "------------------------------------": null

2019-12-17 15:00:20 - [TEST_STEP][PASSED] - " NEW FOOTER Details - 10/12/2019": null

2019-12-17 15:00:20 - [TEST_STEP][PASSED] - verifyTextPresent("I need a trade or service", false): Text 'I need a trade or service' is present on page 

2019-12-17 15:00:20 - [MESSAGE][PASSED] - Text 'I need a trade or service' is present on page 

2019-12-17 15:00:20 - [TEST_STEP][PASSED] - verifyTextPresent("Every trader thoroughly checked and vetted", false): Text 'Every trader thoroughly checked and vetted' is present on page 

2019-12-17 15:00:20 - [MESSAGE][PASSED] - Text 'Every trader thoroughly checked and vetted' is present on page 

2019-12-17 15:00:20 - [TEST_STEP][PASSED] - verifyTextPresent("Find out more", false): Text 'Find out more' is present on page 

2019-12-17 15:00:21 - [MESSAGE][PASSED] - Text 'Find out more' is present on page 

2019-12-17 15:00:21 - [TEST_STEP][PASSED] - verifyTextPresent("I am a tradesman", false): Text 'I am a tradesman' is present on page 

2019-12-17 15:00:21 - [MESSAGE][PASSED] - Text 'I am a tradesman' is present on page 

2019-12-17 15:00:21 - [TEST_STEP][PASSED] - verifyTextPresent("Over a million visits to Checkatrade each month", false): Text 'Over a million visits to Checkatrade each month' is present on page 

2019-12-17 15:00:21 - [MESSAGE][PASSED] - Text 'Over a million visits to Checkatrade each month' is present on page 

2019-12-17 15:00:21 - [TEST_STEP][PASSED] - verifyTextPresent("Find out more", false): Text 'Find out more' is present on page 

2019-12-17 15:00:21 - [MESSAGE][PASSED] - Text 'Find out more' is present on page 

2019-12-17 15:00:21 - [TEST_STEP][PASSED] - "------------------------------------": null

2019-12-17 15:00:21 - [TEST_STEP][PASSED] - "FOOTER": null

2019-12-17 15:00:21 - [TEST_STEP][PASSED] - verifyTextPresent("Trades", false): Text 'Trades' is present on page 

2019-12-17 15:00:22 - [MESSAGE][PASSED] - Text 'Trades' is present on page 

2019-12-17 15:00:22 - [TEST_STEP][PASSED] - verifyTextPresent("Homeowner", false): Text 'Homeowner' is present on page 

2019-12-17 15:00:22 - [MESSAGE][PASSED] - Text 'Homeowner' is present on page 

2019-12-17 15:00:22 - [TEST_STEP][PASSED] - verifyTextPresent("Company", false): Text 'Company' is present on page 

2019-12-17 15:00:22 - [MESSAGE][PASSED] - Text 'Company' is present on page 

2019-12-17 15:00:22 - [TEST_STEP][PASSED] - "------------------------------------": null

2019-12-17 15:00:22 - [TEST_STEP][PASSED] - "Social Media": null

2019-12-17 15:00:22 - [TEST_STEP][PASSED] - verifyTextPresent("Follow Us On", false): Text 'Follow Us On' is present on page 

2019-12-17 15:00:22 - [MESSAGE][PASSED] - Text 'Follow Us On' is present on page 

2019-12-17 15:00:22 - [MESSAGE][PASSED] - Call Test Case 'Test Cases/Reusable_Test_Sequences/CAT_Home' successfully

2019-12-17 15:00:22 - [TEST_STEP][PASSED] - "---------------------------------------------------------------------": null

2019-12-17 15:00:22 - [TEST_STEP][PASSED] - " Select Search on Trader Name (or ID) From Home page/Search Screen   |": null

2019-12-17 15:00:22 - [TEST_STEP][PASSED] - callTestCase(findTestCase("Reusable_Test_Sequences/CAT_Click_Search_Trade_Name"), [:], CONTINUE_ON_FAILURE): Call Test Case 'Test Cases/Reusable_Test_Sequences/CAT_Click_Search_Trade_Name' successfully

2019-12-17 15:00:22 - [TEST_CASE][PASSED] - Test Cases/Reusable_Test_Sequences/CAT_Click_Search_Trade_Name: Test Cases/Reusable_Test_Sequences/CAT_Click_Search_Trade_Name

2019-12-17 15:00:22 - [TEST_STEP][PASSED] - click(findTestObject("Page_Checkatrade Find a tradesperson you can trust/a_or look up a member by name")): Object: 'Object Repository/Page_Checkatrade Find a tradesperson you can trust/a_or look up a member by name' is clicked on

2019-12-17 15:00:23 - [MESSAGE][PASSED] - Object: 'Object Repository/Page_Checkatrade Find a tradesperson you can trust/a_or look up a member by name' is clicked on

2019-12-17 15:00:23 - [TEST_STEP][PASSED] - waitForPageLoad(60): Wait for page load successfully

2019-12-17 15:00:23 - [MESSAGE][PASSED] - Wait for page load successfully

2019-12-17 15:00:23 - [MESSAGE][PASSED] - Call Test Case 'Test Cases/Reusable_Test_Sequences/CAT_Click_Search_Trade_Name' successfully

2019-12-17 15:00:23 - [TEST_STEP][PASSED] - "---------------------------------------": null

2019-12-17 15:00:23 - [TEST_STEP][PASSED] - " Enter Trader Name (or ID) to Search   |": null

2019-12-17 15:00:23 - [TEST_STEP][PASSED] - callTestCase(findTestCase("Reusable_Test_Sequences/CAT_Enter_Trade_Name"), [:], CONTINUE_ON_FAILURE): Call Test Case 'Test Cases/Reusable_Test_Sequences/CAT_Enter_Trade_Name' successfully

2019-12-17 15:00:23 - [TEST_CASE][PASSED] - Test Cases/Reusable_Test_Sequences/CAT_Enter_Trade_Name: Test Cases/Reusable_Test_Sequences/CAT_Enter_Trade_Name

2019-12-17 15:00:23 - [TEST_STEP][PASSED] - setText(findTestObject("Page_Checkatrade Find a tradesperson you can trust/Trader_Name_To_Search"), findTestData("Search_CAT_ID_Data (1)").getValue("tradeName", row)): Text '381198' is set on object 'Object Repository/Page_Checkatrade Find a tradesperson you can trust/Trader_Name_To_Search'

2019-12-17 15:00:23 - [MESSAGE][PASSED] - Text '381198' is set on object 'Object Repository/Page_Checkatrade Find a tradesperson you can trust/Trader_Name_To_Search'

2019-12-17 15:00:23 - [MESSAGE][PASSED] - Call Test Case 'Test Cases/Reusable_Test_Sequences/CAT_Enter_Trade_Name' successfully

2019-12-17 15:00:23 - [TEST_STEP][PASSED] - "---------------------------------------": null

2019-12-17 15:00:23 - [TEST_STEP][PASSED] - " Search Trader Name (or ID)            |": null

2019-12-17 15:00:23 - [TEST_STEP][PASSED] - callTestCase(findTestCase("Reusable_Test_Sequences/CAT_Search_Trade_Name"), [:], CONTINUE_ON_FAILURE): Call Test Case 'Test Cases/Reusable_Test_Sequences/CAT_Search_Trade_Name' successfully

2019-12-17 15:00:23 - [TEST_CASE][PASSED] - Test Cases/Reusable_Test_Sequences/CAT_Search_Trade_Name: Test Cases/Reusable_Test_Sequences/CAT_Search_Trade_Name

2019-12-17 15:00:23 - [TEST_STEP][PASSED] - "Hit Search Trade Person by Name (or CAT ID) after parameters are entered": null

2019-12-17 15:00:23 - [TEST_STEP][PASSED] - waitForElementPresent(findTestObject("Page_Checkatrade Find a tradesperson you can trust/span_Trade_Name"), 60): Object 'Object Repository/Page_Checkatrade Find a tradesperson you can trust/span_Trade_Name' is present

2019-12-17 15:00:23 - [MESSAGE][PASSED] - Object 'Object Repository/Page_Checkatrade Find a tradesperson you can trust/span_Trade_Name' is present

2019-12-17 15:00:23 - [TEST_STEP][PASSED] - click(findTestObject("Page_Checkatrade Find a tradesperson you can trust/span_Trade_Name")): Object: 'Object Repository/Page_Checkatrade Find a tradesperson you can trust/span_Trade_Name' is clicked on

2019-12-17 15:00:27 - [MESSAGE][PASSED] - Object: 'Object Repository/Page_Checkatrade Find a tradesperson you can trust/span_Trade_Name' is clicked on

2019-12-17 15:00:27 - [TEST_STEP][PASSED] - delay(2): Delayed 2 second(s)

2019-12-17 15:00:29 - [MESSAGE][PASSED] - Delayed 2 second(s)

2019-12-17 15:00:29 - [TEST_STEP][PASSED] - waitForPageLoad(60): Wait for page load successfully

2019-12-17 15:00:29 - [MESSAGE][PASSED] - Wait for page load successfully

2019-12-17 15:00:29 - [MESSAGE][PASSED] - Call Test Case 'Test Cases/Reusable_Test_Sequences/CAT_Search_Trade_Name' successfully

2019-12-17 15:00:29 - [TEST_STEP][PASSED] - "------------------------------------------": null

2019-12-17 15:00:29 - [TEST_STEP][PASSED] - " Scroll to Page Footer to Reveal Results  |": null

2019-12-17 15:00:29 - [TEST_STEP][PASSED] - callTestCase(findTestCase("Reusable_Test_Sequences/CAT_Scroll_to_Footer"), [:], CONTINUE_ON_FAILURE): Call Test Case 'Test Cases/Reusable_Test_Sequences/CAT_Scroll_to_Footer' successfully

2019-12-17 15:00:29 - [TEST_CASE][PASSED] - Test Cases/Reusable_Test_Sequences/CAT_Scroll_to_Footer: Test Cases/Reusable_Test_Sequences/CAT_Scroll_to_Footer

2019-12-17 15:00:29 - [TEST_STEP][PASSED] - "-----------------------------------------------------": null

2019-12-17 15:00:29 - [TEST_STEP][PASSED] - " Major changes factored into function 05/12/2019     |": null

2019-12-17 15:00:29 - [TEST_STEP][PASSED] - "-----------------------------------------------------": null

2019-12-17 15:00:29 - [TEST_STEP][PASSED] - "Animation Removed ": null

2019-12-17 15:00:29 - [TEST_STEP][PASSED] - "Scroll - To Footer on the bottom of the page (sometime off the screen) ": null

2019-12-17 15:00:29 - [TEST_STEP][PASSED] - waitForPageLoad(60): Wait for page load successfully

2019-12-17 15:00:29 - [MESSAGE][PASSED] - Wait for page load successfully

2019-12-17 15:00:29 - [TEST_STEP][PASSED] - scrollToPosition(999, 999): Browser is scrolled to position x = 999, y = 999

2019-12-17 15:00:29 - [MESSAGE][PASSED] - Browser is scrolled to position x = 999, y = 999

2019-12-17 15:00:29 - [TEST_STEP][PASSED] - delay(1): Delayed 1 second(s)

2019-12-17 15:00:30 - [MESSAGE][PASSED] - Delayed 1 second(s)

2019-12-17 15:00:30 - [MESSAGE][PASSED] - Call Test Case 'Test Cases/Reusable_Test_Sequences/CAT_Scroll_to_Footer' successfully

2019-12-17 15:00:30 - [TEST_STEP][PASSED] - "------------------------------------------": null

2019-12-17 15:00:30 - [TEST_STEP][PASSED] - " Verify Correct Location is Returned     |": null

2019-12-17 15:00:30 - [TEST_STEP][PASSED] - callTestCase(findTestCase("Reusable_Test_Sequences/CAT_Verification_Location"), [:], CONTINUE_ON_FAILURE): Call Test Case 'Test Cases/Reusable_Test_Sequences/CAT_Verification_Location' successfully

2019-12-17 15:00:30 - [TEST_CASE][PASSED] - Test Cases/Reusable_Test_Sequences/CAT_Verification_Location: Test Cases/Reusable_Test_Sequences/CAT_Verification_Location

2019-12-17 15:00:30 - [TEST_STEP][PASSED] - verifyTextPresent(findTestData("Search_CAT_ID_Data (1)").getValue("tradeNameLocationVerification", row), false): Text 'Bognor Regis' is present on page 

2019-12-17 15:00:31 - [MESSAGE][PASSED] - Text 'Bognor Regis' is present on page 

2019-12-17 15:00:31 - [MESSAGE][PASSED] - Call Test Case 'Test Cases/Reusable_Test_Sequences/CAT_Verification_Location' successfully

2019-12-17 15:00:31 - [TEST_STEP][PASSED] - "------------------------------------------": null

2019-12-17 15:00:31 - [TEST_STEP][PASSED] - " Verify Primary Contact is Returned     |": null

2019-12-17 15:00:31 - [TEST_STEP][PASSED] - callTestCase(findTestCase("Reusable_Test_Sequences/CAT_Verification_Primary_Contact"), [:], CONTINUE_ON_FAILURE): Call Test Case 'Test Cases/Reusable_Test_Sequences/CAT_Verification_Primary_Contact' successfully

2019-12-17 15:00:31 - [TEST_CASE][PASSED] - Test Cases/Reusable_Test_Sequences/CAT_Verification_Primary_Contact: Test Cases/Reusable_Test_Sequences/CAT_Verification_Primary_Contact

2019-12-17 15:00:31 - [TEST_STEP][PASSED] - verifyTextPresent(findTestData("Search_CAT_ID_Data (1)").getValue("primeContact", row), false): Text 'Mr Scott Heyburn' is present on page 

2019-12-17 15:00:31 - [MESSAGE][PASSED] - Text 'Mr Scott Heyburn' is present on page 

2019-12-17 15:00:31 - [MESSAGE][PASSED] - Call Test Case 'Test Cases/Reusable_Test_Sequences/CAT_Verification_Primary_Contact' successfully

2019-12-17 15:00:31 - [TEST_STEP][PASSED] - "--------------------------": null

2019-12-17 15:00:31 - [TEST_STEP][PASSED] - " Teardown - CLose Browser |": null

2019-12-17 15:00:31 - [TEST_STEP][PASSED] - callTestCase(findTestCase("Reusable_Test_Sequences/CAT_Teardown"), [:], OPTIONAL): Call Test Case 'Test Cases/Reusable_Test_Sequences/CAT_Teardown' successfully

2019-12-17 15:00:31 - [TEST_CASE][PASSED] - Test Cases/Reusable_Test_Sequences/CAT_Teardown: Test Cases/Reusable_Test_Sequences/CAT_Teardown

2019-12-17 15:00:31 - [TEST_STEP][PASSED] - closeBrowser(): Browser is closed

2019-12-17 15:00:33 - [MESSAGE][PASSED] - Browser is closed

2019-12-17 15:00:33 - [MESSAGE][PASSED] - Call Test Case 'Test Cases/Reusable_Test_Sequences/CAT_Teardown' successfully]]></system-out>
         <system-err><![CDATA[]]></system-err>
      </testcase>
      <system-out><![CDATA[2019-12-17 14:58:19 - [TEST_SUITE][PASSED] - Trade_Name_Multiple_Search: Test Cases/Checkatrade_Tradesman_Searches/Trade_Name_Search_Multiple]]></system-out>
      <system-err><![CDATA[]]></system-err>
   </testsuite>
</testsuites>
