<?xml version="1.0" encoding="UTF-8"?>
<testsuites name="Give_Feedback" time="127.137" tests="2" failures="1" errors="0">
   <testsuite name="Give_Feedback" tests="2" failures="1" errors="0" time="127.137" timestamp="2020-02-11 11:41:18" hostname="DavidHo - VETTEDSP36RF.check.local" id="Test Suites/Give_Feedback">
      <properties>
         <property name="deviceName" value=""/>
         <property name="devicePlatform" value=""/>
         <property name="logFolder" value="C:\\Users\\davidho\\git\\src\\Reports\\20200211_114104\\Give_Feedback\\20200211_114104"/>
         <property name="logFiles" value="C:\\Users\\davidho\\git\\src\\Reports\\20200211_114104\\Give_Feedback\\20200211_114104\\execution0.log"/>
         <property name="attachments" value=""/>
         <property name="hostName" value="DavidHo - VETTEDSP36RF.check.local"/>
         <property name="os" value="Windows 10 32bit"/>
         <property name="katalonVersion" value="7.2.1.1"/>
         <property name="browser" value="Chrome 79.0.3945.130"/>
         <property name="hostAddress" value="10.0.9.154"/>
         <property name="sessionId" value="3bf13f32ec117a69e43ae8a4497d0bce"/>
         <property name="seleniumVersion" value="3.141.59"/>
         <property name="proxyInformation" value="ProxyInformation{proxyOption=NO_PROXY, proxyServerType=HTTP, password=, proxyServerAddress=, proxyServerPort=0, executionList=}"/>
         <property name="platform" value="Windows 10"/>
      </properties>
      <testcase name="Test Cases/Give_Feedback/Give_Feedback" time="21.747" classname="Test Cases/Give_Feedback/Give_Feedback" status="FAILED">
         <failure type="FAILED" message="Test Cases/Give_Feedback/Give_Feedback FAILED.
Reason:
com.kms.katalon.core.exception.StepFailedException: Call Test Case 'Test Cases/Reusable_Test_Sequences/CAT_Setup' failed
	at com.kms.katalon.core.keyword.builtin.CallTestCaseKeyword$_callTestCase_closure1.doCall(CallTestCaseKeyword.groovy:63)
	at com.kms.katalon.core.keyword.builtin.CallTestCaseKeyword$_callTestCase_closure1.call(CallTestCaseKeyword.groovy)
	at com.kms.katalon.core.keyword.internal.KeywordMain.runKeyword(KeywordMain.groovy:68)
	at com.kms.katalon.core.keyword.builtin.CallTestCaseKeyword.callTestCase(CallTestCaseKeyword.groovy:81)
	at com.kms.katalon.core.keyword.builtin.CallTestCaseKeyword.execute(CallTestCaseKeyword.groovy:44)
	at com.kms.katalon.core.keyword.internal.KeywordExecutor.executeKeywordForPlatform(KeywordExecutor.groovy:72)
	at com.kms.katalon.core.keyword.BuiltinKeywords.callTestCase(BuiltinKeywords.groovy:334)
	at Give_Feedback.run(Give_Feedback:78)
	at com.kms.katalon.core.main.ScriptEngine.run(ScriptEngine.java:194)
	at com.kms.katalon.core.main.ScriptEngine.runScriptAsRawText(ScriptEngine.java:119)
	at com.kms.katalon.core.main.TestCaseExecutor.runScript(TestCaseExecutor.java:337)
	at com.kms.katalon.core.main.TestCaseExecutor.doExecute(TestCaseExecutor.java:328)
	at com.kms.katalon.core.main.TestCaseExecutor.processExecutionPhase(TestCaseExecutor.java:307)
	at com.kms.katalon.core.main.TestCaseExecutor.accessMainPhase(TestCaseExecutor.java:299)
	at com.kms.katalon.core.main.TestCaseExecutor.execute(TestCaseExecutor.java:233)
	at com.kms.katalon.core.main.TestSuiteExecutor.accessTestCaseMainPhase(TestSuiteExecutor.java:169)
	at com.kms.katalon.core.main.TestSuiteExecutor.accessTestSuiteMainPhase(TestSuiteExecutor.java:142)
	at com.kms.katalon.core.main.TestSuiteExecutor.execute(TestSuiteExecutor.java:91)
	at com.kms.katalon.core.main.TestCaseMain.startTestSuite(TestCaseMain.java:157)
	at com.kms.katalon.core.main.TestCaseMain$startTestSuite$0.call(Unknown Source)
	at TempTestSuite1581421264335.run(TempTestSuite1581421264335.groovy:36)
Caused by: com.kms.katalon.core.exception.StepFailedException: Text 'Cookie Policy' is present on page  (Root cause: com.kms.katalon.core.exception.StepFailedException: Text 'Cookie Policy' is present on page 
	at com.kms.katalon.core.webui.keyword.internal.WebUIKeywordMain.stepFailed(WebUIKeywordMain.groovy:64)
	at com.kms.katalon.core.webui.keyword.builtin.VerifyTextNotPresentKeyword$_verifyTextNotPresent_closure1.doCall(VerifyTextNotPresentKeyword.groovy:77)
	at com.kms.katalon.core.webui.keyword.builtin.VerifyTextNotPresentKeyword$_verifyTextNotPresent_closure1.call(VerifyTextNotPresentKeyword.groovy)
	at com.kms.katalon.core.webui.keyword.internal.WebUIKeywordMain.runKeyword(WebUIKeywordMain.groovy:20)
	at com.kms.katalon.core.webui.keyword.builtin.VerifyTextNotPresentKeyword.verifyTextNotPresent(VerifyTextNotPresentKeyword.groovy:82)
	at com.kms.katalon.core.webui.keyword.builtin.VerifyTextNotPresentKeyword.execute(VerifyTextNotPresentKeyword.groovy:68)
	at com.kms.katalon.core.keyword.internal.KeywordExecutor.executeKeywordForPlatform(KeywordExecutor.groovy:72)
	at com.kms.katalon.core.webui.keyword.WebUiBuiltInKeywords.verifyTextNotPresent(WebUiBuiltInKeywords.groovy:1726)
	at com.kms.katalon.core.webui.keyword.WebUiBuiltInKeywords$verifyTextNotPresent$4.call(Unknown Source)
	at CAT_Setup.run(CAT_Setup:174)
	at com.kms.katalon.core.main.ScriptEngine.run(ScriptEngine.java:194)
	at com.kms.katalon.core.main.ScriptEngine.runScriptAsRawText(ScriptEngine.java:119)
	at com.kms.katalon.core.main.TestCaseExecutor.runScript(TestCaseExecutor.java:337)
	at com.kms.katalon.core.main.TestCaseExecutor.doExecute(TestCaseExecutor.java:328)
	at com.kms.katalon.core.main.TestCaseExecutor.processExecutionPhase(TestCaseExecutor.java:307)
	at com.kms.katalon.core.main.TestCaseExecutor.accessMainPhase(TestCaseExecutor.java:299)
	at com.kms.katalon.core.main.TestCaseExecutor.execute(TestCaseExecutor.java:233)
	at com.kms.katalon.core.main.TestCaseMain.runTestCase(TestCaseMain.java:114)
	at com.kms.katalon.core.keyword.builtin.CallTestCaseKeyword$_callTestCase_closure1.doCall(CallTestCaseKeyword.groovy:59)
	at com.kms.katalon.core.keyword.builtin.CallTestCaseKeyword$_callTestCase_closure1.call(CallTestCaseKeyword.groovy)
	at com.kms.katalon.core.keyword.internal.KeywordMain.runKeyword(KeywordMain.groovy:68)
	at com.kms.katalon.core.keyword.builtin.CallTestCaseKeyword.callTestCase(CallTestCaseKeyword.groovy:81)
	at com.kms.katalon.core.keyword.builtin.CallTestCaseKeyword.execute(CallTestCaseKeyword.groovy:44)
	at com.kms.katalon.core.keyword.internal.KeywordExecutor.executeKeywordForPlatform(KeywordExecutor.groovy:72)
	at com.kms.katalon.core.keyword.BuiltinKeywords.callTestCase(BuiltinKeywords.groovy:334)
	at Give_Feedback.run(Give_Feedback:78)
	at com.kms.katalon.core.main.ScriptEngine.run(ScriptEngine.java:194)
	at com.kms.katalon.core.main.ScriptEngine.runScriptAsRawText(ScriptEngine.java:119)
	at com.kms.katalon.core.main.TestCaseExecutor.runScript(TestCaseExecutor.java:337)
	at com.kms.katalon.core.main.TestCaseExecutor.doExecute(TestCaseExecutor.java:328)
	at com.kms.katalon.core.main.TestCaseExecutor.processExecutionPhase(TestCaseExecutor.java:307)
	at com.kms.katalon.core.main.TestCaseExecutor.accessMainPhase(TestCaseExecutor.java:299)
	at com.kms.katalon.core.main.TestCaseExecutor.execute(TestCaseExecutor.java:233)
	at com.kms.katalon.core.main.TestSuiteExecutor.accessTestCaseMainPhase(TestSuiteExecutor.java:169)
	at com.kms.katalon.core.main.TestSuiteExecutor.accessTestSuiteMainPhase(TestSuiteExecutor.java:142)
	at com.kms.katalon.core.main.TestSuiteExecutor.execute(TestSuiteExecutor.java:91)
	at com.kms.katalon.core.main.TestCaseMain.startTestSuite(TestCaseMain.java:157)
	at com.kms.katalon.core.main.TestCaseMain$startTestSuite$0.call(Unknown Source)
	at TempTestSuite1581421264335.run(TempTestSuite1581421264335.groovy:36)
)
	at com.kms.katalon.core.keyword.internal.KeywordMain.stepFailed(KeywordMain.groovy:39)
	at com.kms.katalon.core.webui.keyword.internal.WebUIKeywordMain.stepFailed(WebUIKeywordMain.groovy:64)
	at com.kms.katalon.core.webui.keyword.builtin.VerifyTextNotPresentKeyword$_verifyTextNotPresent_closure1.doCall(VerifyTextNotPresentKeyword.groovy:77)
	at com.kms.katalon.core.webui.keyword.builtin.VerifyTextNotPresentKeyword$_verifyTextNotPresent_closure1.call(VerifyTextNotPresentKeyword.groovy)
	at com.kms.katalon.core.webui.keyword.internal.WebUIKeywordMain.runKeyword(WebUIKeywordMain.groovy:20)
	at com.kms.katalon.core.webui.keyword.builtin.VerifyTextNotPresentKeyword.verifyTextNotPresent(VerifyTextNotPresentKeyword.groovy:82)
	at com.kms.katalon.core.webui.keyword.builtin.VerifyTextNotPresentKeyword.execute(VerifyTextNotPresentKeyword.groovy:68)
	at com.kms.katalon.core.keyword.internal.KeywordExecutor.executeKeywordForPlatform(KeywordExecutor.groovy:72)
	at com.kms.katalon.core.webui.keyword.WebUiBuiltInKeywords.verifyTextNotPresent(WebUiBuiltInKeywords.groovy:1726)
	at com.kms.katalon.core.webui.keyword.WebUiBuiltInKeywords$verifyTextNotPresent$4.call(Unknown Source)
	at CAT_Setup.run(CAT_Setup:174)
	at com.kms.katalon.core.main.ScriptEngine.run(ScriptEngine.java:194)
	at com.kms.katalon.core.main.ScriptEngine.runScriptAsRawText(ScriptEngine.java:119)
	at com.kms.katalon.core.main.TestCaseExecutor.runScript(TestCaseExecutor.java:337)
	at com.kms.katalon.core.main.TestCaseExecutor.doExecute(TestCaseExecutor.java:328)
	at com.kms.katalon.core.main.TestCaseExecutor.processExecutionPhase(TestCaseExecutor.java:307)
	at com.kms.katalon.core.main.TestCaseExecutor.accessMainPhase(TestCaseExecutor.java:299)
	at com.kms.katalon.core.main.TestCaseExecutor.execute(TestCaseExecutor.java:233)
	at com.kms.katalon.core.main.TestCaseMain.runTestCase(TestCaseMain.java:114)
	at com.kms.katalon.core.keyword.builtin.CallTestCaseKeyword$_callTestCase_closure1.doCall(CallTestCaseKeyword.groovy:59)
	... 20 more
Caused by: com.kms.katalon.core.exception.StepFailedException: Text 'Cookie Policy' is present on page 
	... 39 more
"/>
         <system-out><![CDATA[2020-02-11 11:41:18 - [TEST_CASE][FAILED] - Test Cases/Give_Feedback/Give_Feedback: Test Cases/Give_Feedback/Give_Feedback FAILED.
Reason:
com.kms.katalon.core.exception.StepFailedException: Call Test Case 'Test Cases/Reusable_Test_Sequences/CAT_Setup' failed
	at com.kms.katalon.core.keyword.builtin.CallTestCaseKeyword$_callTestCase_closure1.doCall(CallTestCaseKeyword.groovy:63)
	at com.kms.katalon.core.keyword.builtin.CallTestCaseKeyword$_callTestCase_closure1.call(CallTestCaseKeyword.groovy)
	at com.kms.katalon.core.keyword.internal.KeywordMain.runKeyword(KeywordMain.groovy:68)
	at com.kms.katalon.core.keyword.builtin.CallTestCaseKeyword.callTestCase(CallTestCaseKeyword.groovy:81)
	at com.kms.katalon.core.keyword.builtin.CallTestCaseKeyword.execute(CallTestCaseKeyword.groovy:44)
	at com.kms.katalon.core.keyword.internal.KeywordExecutor.executeKeywordForPlatform(KeywordExecutor.groovy:72)
	at com.kms.katalon.core.keyword.BuiltinKeywords.callTestCase(BuiltinKeywords.groovy:334)
	at Give_Feedback.run(Give_Feedback:78)
	at com.kms.katalon.core.main.ScriptEngine.run(ScriptEngine.java:194)
	at com.kms.katalon.core.main.ScriptEngine.runScriptAsRawText(ScriptEngine.java:119)
	at com.kms.katalon.core.main.TestCaseExecutor.runScript(TestCaseExecutor.java:337)
	at com.kms.katalon.core.main.TestCaseExecutor.doExecute(TestCaseExecutor.java:328)
	at com.kms.katalon.core.main.TestCaseExecutor.processExecutionPhase(TestCaseExecutor.java:307)
	at com.kms.katalon.core.main.TestCaseExecutor.accessMainPhase(TestCaseExecutor.java:299)
	at com.kms.katalon.core.main.TestCaseExecutor.execute(TestCaseExecutor.java:233)
	at com.kms.katalon.core.main.TestSuiteExecutor.accessTestCaseMainPhase(TestSuiteExecutor.java:169)
	at com.kms.katalon.core.main.TestSuiteExecutor.accessTestSuiteMainPhase(TestSuiteExecutor.java:142)
	at com.kms.katalon.core.main.TestSuiteExecutor.execute(TestSuiteExecutor.java:91)
	at com.kms.katalon.core.main.TestCaseMain.startTestSuite(TestCaseMain.java:157)
	at com.kms.katalon.core.main.TestCaseMain$startTestSuite$0.call(Unknown Source)
	at TempTestSuite1581421264335.run(TempTestSuite1581421264335.groovy:36)
Caused by: com.kms.katalon.core.exception.StepFailedException: Text 'Cookie Policy' is present on page  (Root cause: com.kms.katalon.core.exception.StepFailedException: Text 'Cookie Policy' is present on page 
	at com.kms.katalon.core.webui.keyword.internal.WebUIKeywordMain.stepFailed(WebUIKeywordMain.groovy:64)
	at com.kms.katalon.core.webui.keyword.builtin.VerifyTextNotPresentKeyword$_verifyTextNotPresent_closure1.doCall(VerifyTextNotPresentKeyword.groovy:77)
	at com.kms.katalon.core.webui.keyword.builtin.VerifyTextNotPresentKeyword$_verifyTextNotPresent_closure1.call(VerifyTextNotPresentKeyword.groovy)
	at com.kms.katalon.core.webui.keyword.internal.WebUIKeywordMain.runKeyword(WebUIKeywordMain.groovy:20)
	at com.kms.katalon.core.webui.keyword.builtin.VerifyTextNotPresentKeyword.verifyTextNotPresent(VerifyTextNotPresentKeyword.groovy:82)
	at com.kms.katalon.core.webui.keyword.builtin.VerifyTextNotPresentKeyword.execute(VerifyTextNotPresentKeyword.groovy:68)
	at com.kms.katalon.core.keyword.internal.KeywordExecutor.executeKeywordForPlatform(KeywordExecutor.groovy:72)
	at com.kms.katalon.core.webui.keyword.WebUiBuiltInKeywords.verifyTextNotPresent(WebUiBuiltInKeywords.groovy:1726)
	at com.kms.katalon.core.webui.keyword.WebUiBuiltInKeywords$verifyTextNotPresent$4.call(Unknown Source)
	at CAT_Setup.run(CAT_Setup:174)
	at com.kms.katalon.core.main.ScriptEngine.run(ScriptEngine.java:194)
	at com.kms.katalon.core.main.ScriptEngine.runScriptAsRawText(ScriptEngine.java:119)
	at com.kms.katalon.core.main.TestCaseExecutor.runScript(TestCaseExecutor.java:337)
	at com.kms.katalon.core.main.TestCaseExecutor.doExecute(TestCaseExecutor.java:328)
	at com.kms.katalon.core.main.TestCaseExecutor.processExecutionPhase(TestCaseExecutor.java:307)
	at com.kms.katalon.core.main.TestCaseExecutor.accessMainPhase(TestCaseExecutor.java:299)
	at com.kms.katalon.core.main.TestCaseExecutor.execute(TestCaseExecutor.java:233)
	at com.kms.katalon.core.main.TestCaseMain.runTestCase(TestCaseMain.java:114)
	at com.kms.katalon.core.keyword.builtin.CallTestCaseKeyword$_callTestCase_closure1.doCall(CallTestCaseKeyword.groovy:59)
	at com.kms.katalon.core.keyword.builtin.CallTestCaseKeyword$_callTestCase_closure1.call(CallTestCaseKeyword.groovy)
	at com.kms.katalon.core.keyword.internal.KeywordMain.runKeyword(KeywordMain.groovy:68)
	at com.kms.katalon.core.keyword.builtin.CallTestCaseKeyword.callTestCase(CallTestCaseKeyword.groovy:81)
	at com.kms.katalon.core.keyword.builtin.CallTestCaseKeyword.execute(CallTestCaseKeyword.groovy:44)
	at com.kms.katalon.core.keyword.internal.KeywordExecutor.executeKeywordForPlatform(KeywordExecutor.groovy:72)
	at com.kms.katalon.core.keyword.BuiltinKeywords.callTestCase(BuiltinKeywords.groovy:334)
	at Give_Feedback.run(Give_Feedback:78)
	at com.kms.katalon.core.main.ScriptEngine.run(ScriptEngine.java:194)
	at com.kms.katalon.core.main.ScriptEngine.runScriptAsRawText(ScriptEngine.java:119)
	at com.kms.katalon.core.main.TestCaseExecutor.runScript(TestCaseExecutor.java:337)
	at com.kms.katalon.core.main.TestCaseExecutor.doExecute(TestCaseExecutor.java:328)
	at com.kms.katalon.core.main.TestCaseExecutor.processExecutionPhase(TestCaseExecutor.java:307)
	at com.kms.katalon.core.main.TestCaseExecutor.accessMainPhase(TestCaseExecutor.java:299)
	at com.kms.katalon.core.main.TestCaseExecutor.execute(TestCaseExecutor.java:233)
	at com.kms.katalon.core.main.TestSuiteExecutor.accessTestCaseMainPhase(TestSuiteExecutor.java:169)
	at com.kms.katalon.core.main.TestSuiteExecutor.accessTestSuiteMainPhase(TestSuiteExecutor.java:142)
	at com.kms.katalon.core.main.TestSuiteExecutor.execute(TestSuiteExecutor.java:91)
	at com.kms.katalon.core.main.TestCaseMain.startTestSuite(TestCaseMain.java:157)
	at com.kms.katalon.core.main.TestCaseMain$startTestSuite$0.call(Unknown Source)
	at TempTestSuite1581421264335.run(TempTestSuite1581421264335.groovy:36)
)
	at com.kms.katalon.core.keyword.internal.KeywordMain.stepFailed(KeywordMain.groovy:39)
	at com.kms.katalon.core.webui.keyword.internal.WebUIKeywordMain.stepFailed(WebUIKeywordMain.groovy:64)
	at com.kms.katalon.core.webui.keyword.builtin.VerifyTextNotPresentKeyword$_verifyTextNotPresent_closure1.doCall(VerifyTextNotPresentKeyword.groovy:77)
	at com.kms.katalon.core.webui.keyword.builtin.VerifyTextNotPresentKeyword$_verifyTextNotPresent_closure1.call(VerifyTextNotPresentKeyword.groovy)
	at com.kms.katalon.core.webui.keyword.internal.WebUIKeywordMain.runKeyword(WebUIKeywordMain.groovy:20)
	at com.kms.katalon.core.webui.keyword.builtin.VerifyTextNotPresentKeyword.verifyTextNotPresent(VerifyTextNotPresentKeyword.groovy:82)
	at com.kms.katalon.core.webui.keyword.builtin.VerifyTextNotPresentKeyword.execute(VerifyTextNotPresentKeyword.groovy:68)
	at com.kms.katalon.core.keyword.internal.KeywordExecutor.executeKeywordForPlatform(KeywordExecutor.groovy:72)
	at com.kms.katalon.core.webui.keyword.WebUiBuiltInKeywords.verifyTextNotPresent(WebUiBuiltInKeywords.groovy:1726)
	at com.kms.katalon.core.webui.keyword.WebUiBuiltInKeywords$verifyTextNotPresent$4.call(Unknown Source)
	at CAT_Setup.run(CAT_Setup:174)
	at com.kms.katalon.core.main.ScriptEngine.run(ScriptEngine.java:194)
	at com.kms.katalon.core.main.ScriptEngine.runScriptAsRawText(ScriptEngine.java:119)
	at com.kms.katalon.core.main.TestCaseExecutor.runScript(TestCaseExecutor.java:337)
	at com.kms.katalon.core.main.TestCaseExecutor.doExecute(TestCaseExecutor.java:328)
	at com.kms.katalon.core.main.TestCaseExecutor.processExecutionPhase(TestCaseExecutor.java:307)
	at com.kms.katalon.core.main.TestCaseExecutor.accessMainPhase(TestCaseExecutor.java:299)
	at com.kms.katalon.core.main.TestCaseExecutor.execute(TestCaseExecutor.java:233)
	at com.kms.katalon.core.main.TestCaseMain.runTestCase(TestCaseMain.java:114)
	at com.kms.katalon.core.keyword.builtin.CallTestCaseKeyword$_callTestCase_closure1.doCall(CallTestCaseKeyword.groovy:59)
	... 20 more
Caused by: com.kms.katalon.core.exception.StepFailedException: Text 'Cookie Policy' is present on page 
	... 39 more


2020-02-11 11:41:18 - [TEST_STEP][PASSED] - data = findTestData("Data Files/Give_Feedback (1)"): null

2020-02-11 11:41:19 - [TEST_STEP][PASSED] - YE_Recommend = <not implemented yet for class: org.codehaus.groovy.ast.expr.EmptyExpression>: null

2020-02-11 11:41:19 - [TEST_STEP][PASSED] - YE_WorkCarriedOut = <not implemented yet for class: org.codehaus.groovy.ast.expr.EmptyExpression>: null

2020-02-11 11:41:19 - [TEST_STEP][PASSED] - PAGE = "": null

2020-02-11 11:41:19 - [TEST_STEP][PASSED] - PAGE = "GiveFeedback": null

2020-02-11 11:41:19 - [TEST_STEP][PASSED] - URL = URL + PAGE: null

2020-02-11 11:41:19 - [TEST_STEP][FAILED] - for ([row = 1, row <= findTestData("Give_Feedback (1)").getRowNumbers(), (internal.GlobalVariable.row++)]): Unable to call Test Case 'Test Cases/Reusable_Test_Sequences/CAT_Setup' (Root cause: com.kms.katalon.core.exception.StepFailedException: Call Test Case 'Test Cases/Reusable_Test_Sequences/CAT_Setup' failed
	at com.kms.katalon.core.keyword.builtin.CallTestCaseKeyword$_callTestCase_closure1.doCall(CallTestCaseKeyword.groovy:63)
	at com.kms.katalon.core.keyword.builtin.CallTestCaseKeyword$_callTestCase_closure1.call(CallTestCaseKeyword.groovy)
	at com.kms.katalon.core.keyword.internal.KeywordMain.runKeyword(KeywordMain.groovy:68)
	at com.kms.katalon.core.keyword.builtin.CallTestCaseKeyword.callTestCase(CallTestCaseKeyword.groovy:81)
	at com.kms.katalon.core.keyword.builtin.CallTestCaseKeyword.execute(CallTestCaseKeyword.groovy:44)
	at com.kms.katalon.core.keyword.internal.KeywordExecutor.executeKeywordForPlatform(KeywordExecutor.groovy:72)
	at com.kms.katalon.core.keyword.BuiltinKeywords.callTestCase(BuiltinKeywords.groovy:334)
	at Give_Feedback.run(Give_Feedback:78)
	at com.kms.katalon.core.main.ScriptEngine.run(ScriptEngine.java:194)
	at com.kms.katalon.core.main.ScriptEngine.runScriptAsRawText(ScriptEngine.java:119)
	at com.kms.katalon.core.main.TestCaseExecutor.runScript(TestCaseExecutor.java:337)
	at com.kms.katalon.core.main.TestCaseExecutor.doExecute(TestCaseExecutor.java:328)
	at com.kms.katalon.core.main.TestCaseExecutor.processExecutionPhase(TestCaseExecutor.java:307)
	at com.kms.katalon.core.main.TestCaseExecutor.accessMainPhase(TestCaseExecutor.java:299)
	at com.kms.katalon.core.main.TestCaseExecutor.execute(TestCaseExecutor.java:233)
	at com.kms.katalon.core.main.TestSuiteExecutor.accessTestCaseMainPhase(TestSuiteExecutor.java:169)
	at com.kms.katalon.core.main.TestSuiteExecutor.accessTestSuiteMainPhase(TestSuiteExecutor.java:142)
	at com.kms.katalon.core.main.TestSuiteExecutor.execute(TestSuiteExecutor.java:91)
	at com.kms.katalon.core.main.TestCaseMain.startTestSuite(TestCaseMain.java:157)
	at com.kms.katalon.core.main.TestCaseMain$startTestSuite$0.call(Unknown Source)
	at TempTestSuite1581421264335.run(TempTestSuite1581421264335.groovy:36)
Caused by: com.kms.katalon.core.exception.StepFailedException: Text 'Cookie Policy' is present on page  (Root cause: com.kms.katalon.core.exception.StepFailedException: Text 'Cookie Policy' is present on page 
	at com.kms.katalon.core.webui.keyword.internal.WebUIKeywordMain.stepFailed(WebUIKeywordMain.groovy:64)
	at com.kms.katalon.core.webui.keyword.builtin.VerifyTextNotPresentKeyword$_verifyTextNotPresent_closure1.doCall(VerifyTextNotPresentKeyword.groovy:77)
	at com.kms.katalon.core.webui.keyword.builtin.VerifyTextNotPresentKeyword$_verifyTextNotPresent_closure1.call(VerifyTextNotPresentKeyword.groovy)
	at com.kms.katalon.core.webui.keyword.internal.WebUIKeywordMain.runKeyword(WebUIKeywordMain.groovy:20)
	at com.kms.katalon.core.webui.keyword.builtin.VerifyTextNotPresentKeyword.verifyTextNotPresent(VerifyTextNotPresentKeyword.groovy:82)
	at com.kms.katalon.core.webui.keyword.builtin.VerifyTextNotPresentKeyword.execute(VerifyTextNotPresentKeyword.groovy:68)
	at com.kms.katalon.core.keyword.internal.KeywordExecutor.executeKeywordForPlatform(KeywordExecutor.groovy:72)
	at com.kms.katalon.core.webui.keyword.WebUiBuiltInKeywords.verifyTextNotPresent(WebUiBuiltInKeywords.groovy:1726)
	at com.kms.katalon.core.webui.keyword.WebUiBuiltInKeywords$verifyTextNotPresent$4.call(Unknown Source)
	at CAT_Setup.run(CAT_Setup:174)
	at com.kms.katalon.core.main.ScriptEngine.run(ScriptEngine.java:194)
	at com.kms.katalon.core.main.ScriptEngine.runScriptAsRawText(ScriptEngine.java:119)
	at com.kms.katalon.core.main.TestCaseExecutor.runScript(TestCaseExecutor.java:337)
	at com.kms.katalon.core.main.TestCaseExecutor.doExecute(TestCaseExecutor.java:328)
	at com.kms.katalon.core.main.TestCaseExecutor.processExecutionPhase(TestCaseExecutor.java:307)
	at com.kms.katalon.core.main.TestCaseExecutor.accessMainPhase(TestCaseExecutor.java:299)
	at com.kms.katalon.core.main.TestCaseExecutor.execute(TestCaseExecutor.java:233)
	at com.kms.katalon.core.main.TestCaseMain.runTestCase(TestCaseMain.java:114)
	at com.kms.katalon.core.keyword.builtin.CallTestCaseKeyword$_callTestCase_closure1.doCall(CallTestCaseKeyword.groovy:59)
	at com.kms.katalon.core.keyword.builtin.CallTestCaseKeyword$_callTestCase_closure1.call(CallTestCaseKeyword.groovy)
	at com.kms.katalon.core.keyword.internal.KeywordMain.runKeyword(KeywordMain.groovy:68)
	at com.kms.katalon.core.keyword.builtin.CallTestCaseKeyword.callTestCase(CallTestCaseKeyword.groovy:81)
	at com.kms.katalon.core.keyword.builtin.CallTestCaseKeyword.execute(CallTestCaseKeyword.groovy:44)
	at com.kms.katalon.core.keyword.internal.KeywordExecutor.executeKeywordForPlatform(KeywordExecutor.groovy:72)
	at com.kms.katalon.core.keyword.BuiltinKeywords.callTestCase(BuiltinKeywords.groovy:334)
	at Give_Feedback.run(Give_Feedback:78)
	at com.kms.katalon.core.main.ScriptEngine.run(ScriptEngine.java:194)
	at com.kms.katalon.core.main.ScriptEngine.runScriptAsRawText(ScriptEngine.java:119)
	at com.kms.katalon.core.main.TestCaseExecutor.runScript(TestCaseExecutor.java:337)
	at com.kms.katalon.core.main.TestCaseExecutor.doExecute(TestCaseExecutor.java:328)
	at com.kms.katalon.core.main.TestCaseExecutor.processExecutionPhase(TestCaseExecutor.java:307)
	at com.kms.katalon.core.main.TestCaseExecutor.accessMainPhase(TestCaseExecutor.java:299)
	at com.kms.katalon.core.main.TestCaseExecutor.execute(TestCaseExecutor.java:233)
	at com.kms.katalon.core.main.TestSuiteExecutor.accessTestCaseMainPhase(TestSuiteExecutor.java:169)
	at com.kms.katalon.core.main.TestSuiteExecutor.accessTestSuiteMainPhase(TestSuiteExecutor.java:142)
	at com.kms.katalon.core.main.TestSuiteExecutor.execute(TestSuiteExecutor.java:91)
	at com.kms.katalon.core.main.TestCaseMain.startTestSuite(TestCaseMain.java:157)
	at com.kms.katalon.core.main.TestCaseMain$startTestSuite$0.call(Unknown Source)
	at TempTestSuite1581421264335.run(TempTestSuite1581421264335.groovy:36)
)
	at com.kms.katalon.core.keyword.internal.KeywordMain.stepFailed(KeywordMain.groovy:39)
	at com.kms.katalon.core.webui.keyword.internal.WebUIKeywordMain.stepFailed(WebUIKeywordMain.groovy:64)
	at com.kms.katalon.core.webui.keyword.builtin.VerifyTextNotPresentKeyword$_verifyTextNotPresent_closure1.doCall(VerifyTextNotPresentKeyword.groovy:77)
	at com.kms.katalon.core.webui.keyword.builtin.VerifyTextNotPresentKeyword$_verifyTextNotPresent_closure1.call(VerifyTextNotPresentKeyword.groovy)
	at com.kms.katalon.core.webui.keyword.internal.WebUIKeywordMain.runKeyword(WebUIKeywordMain.groovy:20)
	at com.kms.katalon.core.webui.keyword.builtin.VerifyTextNotPresentKeyword.verifyTextNotPresent(VerifyTextNotPresentKeyword.groovy:82)
	at com.kms.katalon.core.webui.keyword.builtin.VerifyTextNotPresentKeyword.execute(VerifyTextNotPresentKeyword.groovy:68)
	at com.kms.katalon.core.keyword.internal.KeywordExecutor.executeKeywordForPlatform(KeywordExecutor.groovy:72)
	at com.kms.katalon.core.webui.keyword.WebUiBuiltInKeywords.verifyTextNotPresent(WebUiBuiltInKeywords.groovy:1726)
	at com.kms.katalon.core.webui.keyword.WebUiBuiltInKeywords$verifyTextNotPresent$4.call(Unknown Source)
	at CAT_Setup.run(CAT_Setup:174)
	at com.kms.katalon.core.main.ScriptEngine.run(ScriptEngine.java:194)
	at com.kms.katalon.core.main.ScriptEngine.runScriptAsRawText(ScriptEngine.java:119)
	at com.kms.katalon.core.main.TestCaseExecutor.runScript(TestCaseExecutor.java:337)
	at com.kms.katalon.core.main.TestCaseExecutor.doExecute(TestCaseExecutor.java:328)
	at com.kms.katalon.core.main.TestCaseExecutor.processExecutionPhase(TestCaseExecutor.java:307)
	at com.kms.katalon.core.main.TestCaseExecutor.accessMainPhase(TestCaseExecutor.java:299)
	at com.kms.katalon.core.main.TestCaseExecutor.execute(TestCaseExecutor.java:233)
	at com.kms.katalon.core.main.TestCaseMain.runTestCase(TestCaseMain.java:114)
	at com.kms.katalon.core.keyword.builtin.CallTestCaseKeyword$_callTestCase_closure1.doCall(CallTestCaseKeyword.groovy:59)
	... 20 more
Caused by: com.kms.katalon.core.exception.StepFailedException: Text 'Cookie Policy' is present on page 
	... 39 more
)

2020-02-11 11:41:19 - [TEST_STEP][FAILED] - callTestCase(findTestCase("Reusable_Test_Sequences/CAT_Setup"), [:], STOP_ON_FAILURE): Unable to call Test Case 'Test Cases/Reusable_Test_Sequences/CAT_Setup' (Root cause: com.kms.katalon.core.exception.StepFailedException: Call Test Case 'Test Cases/Reusable_Test_Sequences/CAT_Setup' failed
	at com.kms.katalon.core.keyword.builtin.CallTestCaseKeyword$_callTestCase_closure1.doCall(CallTestCaseKeyword.groovy:63)
	at com.kms.katalon.core.keyword.builtin.CallTestCaseKeyword$_callTestCase_closure1.call(CallTestCaseKeyword.groovy)
	at com.kms.katalon.core.keyword.internal.KeywordMain.runKeyword(KeywordMain.groovy:68)
	at com.kms.katalon.core.keyword.builtin.CallTestCaseKeyword.callTestCase(CallTestCaseKeyword.groovy:81)
	at com.kms.katalon.core.keyword.builtin.CallTestCaseKeyword.execute(CallTestCaseKeyword.groovy:44)
	at com.kms.katalon.core.keyword.internal.KeywordExecutor.executeKeywordForPlatform(KeywordExecutor.groovy:72)
	at com.kms.katalon.core.keyword.BuiltinKeywords.callTestCase(BuiltinKeywords.groovy:334)
	at Give_Feedback.run(Give_Feedback:78)
	at com.kms.katalon.core.main.ScriptEngine.run(ScriptEngine.java:194)
	at com.kms.katalon.core.main.ScriptEngine.runScriptAsRawText(ScriptEngine.java:119)
	at com.kms.katalon.core.main.TestCaseExecutor.runScript(TestCaseExecutor.java:337)
	at com.kms.katalon.core.main.TestCaseExecutor.doExecute(TestCaseExecutor.java:328)
	at com.kms.katalon.core.main.TestCaseExecutor.processExecutionPhase(TestCaseExecutor.java:307)
	at com.kms.katalon.core.main.TestCaseExecutor.accessMainPhase(TestCaseExecutor.java:299)
	at com.kms.katalon.core.main.TestCaseExecutor.execute(TestCaseExecutor.java:233)
	at com.kms.katalon.core.main.TestSuiteExecutor.accessTestCaseMainPhase(TestSuiteExecutor.java:169)
	at com.kms.katalon.core.main.TestSuiteExecutor.accessTestSuiteMainPhase(TestSuiteExecutor.java:142)
	at com.kms.katalon.core.main.TestSuiteExecutor.execute(TestSuiteExecutor.java:91)
	at com.kms.katalon.core.main.TestCaseMain.startTestSuite(TestCaseMain.java:157)
	at com.kms.katalon.core.main.TestCaseMain$startTestSuite$0.call(Unknown Source)
	at TempTestSuite1581421264335.run(TempTestSuite1581421264335.groovy:36)
Caused by: com.kms.katalon.core.exception.StepFailedException: Text 'Cookie Policy' is present on page  (Root cause: com.kms.katalon.core.exception.StepFailedException: Text 'Cookie Policy' is present on page 
	at com.kms.katalon.core.webui.keyword.internal.WebUIKeywordMain.stepFailed(WebUIKeywordMain.groovy:64)
	at com.kms.katalon.core.webui.keyword.builtin.VerifyTextNotPresentKeyword$_verifyTextNotPresent_closure1.doCall(VerifyTextNotPresentKeyword.groovy:77)
	at com.kms.katalon.core.webui.keyword.builtin.VerifyTextNotPresentKeyword$_verifyTextNotPresent_closure1.call(VerifyTextNotPresentKeyword.groovy)
	at com.kms.katalon.core.webui.keyword.internal.WebUIKeywordMain.runKeyword(WebUIKeywordMain.groovy:20)
	at com.kms.katalon.core.webui.keyword.builtin.VerifyTextNotPresentKeyword.verifyTextNotPresent(VerifyTextNotPresentKeyword.groovy:82)
	at com.kms.katalon.core.webui.keyword.builtin.VerifyTextNotPresentKeyword.execute(VerifyTextNotPresentKeyword.groovy:68)
	at com.kms.katalon.core.keyword.internal.KeywordExecutor.executeKeywordForPlatform(KeywordExecutor.groovy:72)
	at com.kms.katalon.core.webui.keyword.WebUiBuiltInKeywords.verifyTextNotPresent(WebUiBuiltInKeywords.groovy:1726)
	at com.kms.katalon.core.webui.keyword.WebUiBuiltInKeywords$verifyTextNotPresent$4.call(Unknown Source)
	at CAT_Setup.run(CAT_Setup:174)
	at com.kms.katalon.core.main.ScriptEngine.run(ScriptEngine.java:194)
	at com.kms.katalon.core.main.ScriptEngine.runScriptAsRawText(ScriptEngine.java:119)
	at com.kms.katalon.core.main.TestCaseExecutor.runScript(TestCaseExecutor.java:337)
	at com.kms.katalon.core.main.TestCaseExecutor.doExecute(TestCaseExecutor.java:328)
	at com.kms.katalon.core.main.TestCaseExecutor.processExecutionPhase(TestCaseExecutor.java:307)
	at com.kms.katalon.core.main.TestCaseExecutor.accessMainPhase(TestCaseExecutor.java:299)
	at com.kms.katalon.core.main.TestCaseExecutor.execute(TestCaseExecutor.java:233)
	at com.kms.katalon.core.main.TestCaseMain.runTestCase(TestCaseMain.java:114)
	at com.kms.katalon.core.keyword.builtin.CallTestCaseKeyword$_callTestCase_closure1.doCall(CallTestCaseKeyword.groovy:59)
	at com.kms.katalon.core.keyword.builtin.CallTestCaseKeyword$_callTestCase_closure1.call(CallTestCaseKeyword.groovy)
	at com.kms.katalon.core.keyword.internal.KeywordMain.runKeyword(KeywordMain.groovy:68)
	at com.kms.katalon.core.keyword.builtin.CallTestCaseKeyword.callTestCase(CallTestCaseKeyword.groovy:81)
	at com.kms.katalon.core.keyword.builtin.CallTestCaseKeyword.execute(CallTestCaseKeyword.groovy:44)
	at com.kms.katalon.core.keyword.internal.KeywordExecutor.executeKeywordForPlatform(KeywordExecutor.groovy:72)
	at com.kms.katalon.core.keyword.BuiltinKeywords.callTestCase(BuiltinKeywords.groovy:334)
	at Give_Feedback.run(Give_Feedback:78)
	at com.kms.katalon.core.main.ScriptEngine.run(ScriptEngine.java:194)
	at com.kms.katalon.core.main.ScriptEngine.runScriptAsRawText(ScriptEngine.java:119)
	at com.kms.katalon.core.main.TestCaseExecutor.runScript(TestCaseExecutor.java:337)
	at com.kms.katalon.core.main.TestCaseExecutor.doExecute(TestCaseExecutor.java:328)
	at com.kms.katalon.core.main.TestCaseExecutor.processExecutionPhase(TestCaseExecutor.java:307)
	at com.kms.katalon.core.main.TestCaseExecutor.accessMainPhase(TestCaseExecutor.java:299)
	at com.kms.katalon.core.main.TestCaseExecutor.execute(TestCaseExecutor.java:233)
	at com.kms.katalon.core.main.TestSuiteExecutor.accessTestCaseMainPhase(TestSuiteExecutor.java:169)
	at com.kms.katalon.core.main.TestSuiteExecutor.accessTestSuiteMainPhase(TestSuiteExecutor.java:142)
	at com.kms.katalon.core.main.TestSuiteExecutor.execute(TestSuiteExecutor.java:91)
	at com.kms.katalon.core.main.TestCaseMain.startTestSuite(TestCaseMain.java:157)
	at com.kms.katalon.core.main.TestCaseMain$startTestSuite$0.call(Unknown Source)
	at TempTestSuite1581421264335.run(TempTestSuite1581421264335.groovy:36)
)
	at com.kms.katalon.core.keyword.internal.KeywordMain.stepFailed(KeywordMain.groovy:39)
	at com.kms.katalon.core.webui.keyword.internal.WebUIKeywordMain.stepFailed(WebUIKeywordMain.groovy:64)
	at com.kms.katalon.core.webui.keyword.builtin.VerifyTextNotPresentKeyword$_verifyTextNotPresent_closure1.doCall(VerifyTextNotPresentKeyword.groovy:77)
	at com.kms.katalon.core.webui.keyword.builtin.VerifyTextNotPresentKeyword$_verifyTextNotPresent_closure1.call(VerifyTextNotPresentKeyword.groovy)
	at com.kms.katalon.core.webui.keyword.internal.WebUIKeywordMain.runKeyword(WebUIKeywordMain.groovy:20)
	at com.kms.katalon.core.webui.keyword.builtin.VerifyTextNotPresentKeyword.verifyTextNotPresent(VerifyTextNotPresentKeyword.groovy:82)
	at com.kms.katalon.core.webui.keyword.builtin.VerifyTextNotPresentKeyword.execute(VerifyTextNotPresentKeyword.groovy:68)
	at com.kms.katalon.core.keyword.internal.KeywordExecutor.executeKeywordForPlatform(KeywordExecutor.groovy:72)
	at com.kms.katalon.core.webui.keyword.WebUiBuiltInKeywords.verifyTextNotPresent(WebUiBuiltInKeywords.groovy:1726)
	at com.kms.katalon.core.webui.keyword.WebUiBuiltInKeywords$verifyTextNotPresent$4.call(Unknown Source)
	at CAT_Setup.run(CAT_Setup:174)
	at com.kms.katalon.core.main.ScriptEngine.run(ScriptEngine.java:194)
	at com.kms.katalon.core.main.ScriptEngine.runScriptAsRawText(ScriptEngine.java:119)
	at com.kms.katalon.core.main.TestCaseExecutor.runScript(TestCaseExecutor.java:337)
	at com.kms.katalon.core.main.TestCaseExecutor.doExecute(TestCaseExecutor.java:328)
	at com.kms.katalon.core.main.TestCaseExecutor.processExecutionPhase(TestCaseExecutor.java:307)
	at com.kms.katalon.core.main.TestCaseExecutor.accessMainPhase(TestCaseExecutor.java:299)
	at com.kms.katalon.core.main.TestCaseExecutor.execute(TestCaseExecutor.java:233)
	at com.kms.katalon.core.main.TestCaseMain.runTestCase(TestCaseMain.java:114)
	at com.kms.katalon.core.keyword.builtin.CallTestCaseKeyword$_callTestCase_closure1.doCall(CallTestCaseKeyword.groovy:59)
	... 20 more
Caused by: com.kms.katalon.core.exception.StepFailedException: Text 'Cookie Policy' is present on page 
	... 39 more
)

2020-02-11 11:41:20 - [TEST_CASE][FAILED] - Test Cases/Reusable_Test_Sequences/CAT_Setup: Test Cases/Reusable_Test_Sequences/CAT_Setup FAILED.
Reason:
com.kms.katalon.core.exception.StepFailedException: Text 'Cookie Policy' is present on page  (Root cause: com.kms.katalon.core.exception.StepFailedException: Text 'Cookie Policy' is present on page 
	at com.kms.katalon.core.webui.keyword.internal.WebUIKeywordMain.stepFailed(WebUIKeywordMain.groovy:64)
	at com.kms.katalon.core.webui.keyword.builtin.VerifyTextNotPresentKeyword$_verifyTextNotPresent_closure1.doCall(VerifyTextNotPresentKeyword.groovy:77)
	at com.kms.katalon.core.webui.keyword.builtin.VerifyTextNotPresentKeyword$_verifyTextNotPresent_closure1.call(VerifyTextNotPresentKeyword.groovy)
	at com.kms.katalon.core.webui.keyword.internal.WebUIKeywordMain.runKeyword(WebUIKeywordMain.groovy:20)
	at com.kms.katalon.core.webui.keyword.builtin.VerifyTextNotPresentKeyword.verifyTextNotPresent(VerifyTextNotPresentKeyword.groovy:82)
	at com.kms.katalon.core.webui.keyword.builtin.VerifyTextNotPresentKeyword.execute(VerifyTextNotPresentKeyword.groovy:68)
	at com.kms.katalon.core.keyword.internal.KeywordExecutor.executeKeywordForPlatform(KeywordExecutor.groovy:72)
	at com.kms.katalon.core.webui.keyword.WebUiBuiltInKeywords.verifyTextNotPresent(WebUiBuiltInKeywords.groovy:1726)
	at com.kms.katalon.core.webui.keyword.WebUiBuiltInKeywords$verifyTextNotPresent$4.call(Unknown Source)
	at CAT_Setup.run(CAT_Setup:174)
	at com.kms.katalon.core.main.ScriptEngine.run(ScriptEngine.java:194)
	at com.kms.katalon.core.main.ScriptEngine.runScriptAsRawText(ScriptEngine.java:119)
	at com.kms.katalon.core.main.TestCaseExecutor.runScript(TestCaseExecutor.java:337)
	at com.kms.katalon.core.main.TestCaseExecutor.doExecute(TestCaseExecutor.java:328)
	at com.kms.katalon.core.main.TestCaseExecutor.processExecutionPhase(TestCaseExecutor.java:307)
	at com.kms.katalon.core.main.TestCaseExecutor.accessMainPhase(TestCaseExecutor.java:299)
	at com.kms.katalon.core.main.TestCaseExecutor.execute(TestCaseExecutor.java:233)
	at com.kms.katalon.core.main.TestCaseMain.runTestCase(TestCaseMain.java:114)
	at com.kms.katalon.core.keyword.builtin.CallTestCaseKeyword$_callTestCase_closure1.doCall(CallTestCaseKeyword.groovy:59)
	at com.kms.katalon.core.keyword.builtin.CallTestCaseKeyword$_callTestCase_closure1.call(CallTestCaseKeyword.groovy)
	at com.kms.katalon.core.keyword.internal.KeywordMain.runKeyword(KeywordMain.groovy:68)
	at com.kms.katalon.core.keyword.builtin.CallTestCaseKeyword.callTestCase(CallTestCaseKeyword.groovy:81)
	at com.kms.katalon.core.keyword.builtin.CallTestCaseKeyword.execute(CallTestCaseKeyword.groovy:44)
	at com.kms.katalon.core.keyword.internal.KeywordExecutor.executeKeywordForPlatform(KeywordExecutor.groovy:72)
	at com.kms.katalon.core.keyword.BuiltinKeywords.callTestCase(BuiltinKeywords.groovy:334)
	at Give_Feedback.run(Give_Feedback:78)
	at com.kms.katalon.core.main.ScriptEngine.run(ScriptEngine.java:194)
	at com.kms.katalon.core.main.ScriptEngine.runScriptAsRawText(ScriptEngine.java:119)
	at com.kms.katalon.core.main.TestCaseExecutor.runScript(TestCaseExecutor.java:337)
	at com.kms.katalon.core.main.TestCaseExecutor.doExecute(TestCaseExecutor.java:328)
	at com.kms.katalon.core.main.TestCaseExecutor.processExecutionPhase(TestCaseExecutor.java:307)
	at com.kms.katalon.core.main.TestCaseExecutor.accessMainPhase(TestCaseExecutor.java:299)
	at com.kms.katalon.core.main.TestCaseExecutor.execute(TestCaseExecutor.java:233)
	at com.kms.katalon.core.main.TestSuiteExecutor.accessTestCaseMainPhase(TestSuiteExecutor.java:169)
	at com.kms.katalon.core.main.TestSuiteExecutor.accessTestSuiteMainPhase(TestSuiteExecutor.java:142)
	at com.kms.katalon.core.main.TestSuiteExecutor.execute(TestSuiteExecutor.java:91)
	at com.kms.katalon.core.main.TestCaseMain.startTestSuite(TestCaseMain.java:157)
	at com.kms.katalon.core.main.TestCaseMain$startTestSuite$0.call(Unknown Source)
	at TempTestSuite1581421264335.run(TempTestSuite1581421264335.groovy:36)
)
	at com.kms.katalon.core.keyword.internal.KeywordMain.stepFailed(KeywordMain.groovy:39)
	at com.kms.katalon.core.webui.keyword.internal.WebUIKeywordMain.stepFailed(WebUIKeywordMain.groovy:64)
	at com.kms.katalon.core.webui.keyword.builtin.VerifyTextNotPresentKeyword$_verifyTextNotPresent_closure1.doCall(VerifyTextNotPresentKeyword.groovy:77)
	at com.kms.katalon.core.webui.keyword.builtin.VerifyTextNotPresentKeyword$_verifyTextNotPresent_closure1.call(VerifyTextNotPresentKeyword.groovy)
	at com.kms.katalon.core.webui.keyword.internal.WebUIKeywordMain.runKeyword(WebUIKeywordMain.groovy:20)
	at com.kms.katalon.core.webui.keyword.builtin.VerifyTextNotPresentKeyword.verifyTextNotPresent(VerifyTextNotPresentKeyword.groovy:82)
	at com.kms.katalon.core.webui.keyword.builtin.VerifyTextNotPresentKeyword.execute(VerifyTextNotPresentKeyword.groovy:68)
	at com.kms.katalon.core.keyword.internal.KeywordExecutor.executeKeywordForPlatform(KeywordExecutor.groovy:72)
	at com.kms.katalon.core.webui.keyword.WebUiBuiltInKeywords.verifyTextNotPresent(WebUiBuiltInKeywords.groovy:1726)
	at com.kms.katalon.core.webui.keyword.WebUiBuiltInKeywords$verifyTextNotPresent$4.call(Unknown Source)
	at CAT_Setup.run(CAT_Setup:174)
	at com.kms.katalon.core.main.ScriptEngine.run(ScriptEngine.java:194)
	at com.kms.katalon.core.main.ScriptEngine.runScriptAsRawText(ScriptEngine.java:119)
	at com.kms.katalon.core.main.TestCaseExecutor.runScript(TestCaseExecutor.java:337)
	at com.kms.katalon.core.main.TestCaseExecutor.doExecute(TestCaseExecutor.java:328)
	at com.kms.katalon.core.main.TestCaseExecutor.processExecutionPhase(TestCaseExecutor.java:307)
	at com.kms.katalon.core.main.TestCaseExecutor.accessMainPhase(TestCaseExecutor.java:299)
	at com.kms.katalon.core.main.TestCaseExecutor.execute(TestCaseExecutor.java:233)
	at com.kms.katalon.core.main.TestCaseMain.runTestCase(TestCaseMain.java:114)
	at com.kms.katalon.core.keyword.builtin.CallTestCaseKeyword$_callTestCase_closure1.doCall(CallTestCaseKeyword.groovy:59)
	at com.kms.katalon.core.keyword.builtin.CallTestCaseKeyword$_callTestCase_closure1.call(CallTestCaseKeyword.groovy)
	at com.kms.katalon.core.keyword.internal.KeywordMain.runKeyword(KeywordMain.groovy:68)
	at com.kms.katalon.core.keyword.builtin.CallTestCaseKeyword.callTestCase(CallTestCaseKeyword.groovy:81)
	at com.kms.katalon.core.keyword.builtin.CallTestCaseKeyword.execute(CallTestCaseKeyword.groovy:44)
	at com.kms.katalon.core.keyword.internal.KeywordExecutor.executeKeywordForPlatform(KeywordExecutor.groovy:72)
	at com.kms.katalon.core.keyword.BuiltinKeywords.callTestCase(BuiltinKeywords.groovy:334)
	at Give_Feedback.run(Give_Feedback:78)
	at com.kms.katalon.core.main.ScriptEngine.run(ScriptEngine.java:194)
	at com.kms.katalon.core.main.ScriptEngine.runScriptAsRawText(ScriptEngine.java:119)
	at com.kms.katalon.core.main.TestCaseExecutor.runScript(TestCaseExecutor.java:337)
	at com.kms.katalon.core.main.TestCaseExecutor.doExecute(TestCaseExecutor.java:328)
	at com.kms.katalon.core.main.TestCaseExecutor.processExecutionPhase(TestCaseExecutor.java:307)
	at com.kms.katalon.core.main.TestCaseExecutor.accessMainPhase(TestCaseExecutor.java:299)
	at com.kms.katalon.core.main.TestCaseExecutor.execute(TestCaseExecutor.java:233)
	at com.kms.katalon.core.main.TestSuiteExecutor.accessTestCaseMainPhase(TestSuiteExecutor.java:169)
	at com.kms.katalon.core.main.TestSuiteExecutor.accessTestSuiteMainPhase(TestSuiteExecutor.java:142)
	at com.kms.katalon.core.main.TestSuiteExecutor.execute(TestSuiteExecutor.java:91)
	at com.kms.katalon.core.main.TestCaseMain.startTestSuite(TestCaseMain.java:157)
	at com.kms.katalon.core.main.TestCaseMain$startTestSuite$0.call(Unknown Source)
	at TempTestSuite1581421264335.run(TempTestSuite1581421264335.groovy:36)
Caused by: com.kms.katalon.core.exception.StepFailedException: Text 'Cookie Policy' is present on page 
	... 39 more


2020-02-11 11:41:20 - [TEST_STEP][PASSED] - "------------------------------": null

2020-02-11 11:41:20 - [TEST_STEP][PASSED] - " Set Mobile Device Testing    |": null

2020-02-11 11:41:20 - [TEST_STEP][PASSED] - if (Mobile_Flag == "true"): null

2020-02-11 11:41:20 - [TEST_STEP][PASSED] - "------------------------------": null

2020-02-11 11:41:20 - [TEST_STEP][PASSED] - " Set Mobile Device Testing    |": null

2020-02-11 11:41:20 - [TEST_STEP][PASSED] - "------------------------------": null

2020-02-11 11:41:20 - [TEST_STEP][PASSED] - "URL - Set from the ENVIRONMENT PROFILE ": null

2020-02-11 11:41:20 - [TEST_STEP][PASSED] - openBrowser(URL): Browser is opened with url: 'https://www.preview.checkatrade.com/GiveFeedback'

2020-02-11 11:41:20 - [MESSAGE][INFO] - Starting 'Chrome' driver

2020-02-11 11:41:20 - [MESSAGE][INFO] - Action delay is set to 0 seconds

2020-02-11 11:41:32 - [MESSAGE][PASSED] - Browser is opened with url: 'https://www.preview.checkatrade.com/GiveFeedback'

2020-02-11 11:41:32 - [TEST_STEP][PASSED] - maximizeWindow(): Current window maximized

2020-02-11 11:41:37 - [MESSAGE][PASSED] - Current window maximized

2020-02-11 11:41:37 - [TEST_STEP][PASSED] - waitForPageLoad(60): Wait for page load successfully

2020-02-11 11:41:37 - [MESSAGE][PASSED] - Wait for page load successfully

2020-02-11 11:41:37 - [TEST_STEP][PASSED] - "Previous Functionalilty Left Commented For Ease Of reversion": null

2020-02-11 11:41:37 - [TEST_STEP][FAILED] - try: Text 'Cookie Policy' is present on page  (Root cause: com.kms.katalon.core.exception.StepFailedException: Text 'Cookie Policy' is present on page 
	at com.kms.katalon.core.webui.keyword.internal.WebUIKeywordMain.stepFailed(WebUIKeywordMain.groovy:64)
	at com.kms.katalon.core.webui.keyword.builtin.VerifyTextNotPresentKeyword$_verifyTextNotPresent_closure1.doCall(VerifyTextNotPresentKeyword.groovy:77)
	at com.kms.katalon.core.webui.keyword.builtin.VerifyTextNotPresentKeyword$_verifyTextNotPresent_closure1.call(VerifyTextNotPresentKeyword.groovy)
	at com.kms.katalon.core.webui.keyword.internal.WebUIKeywordMain.runKeyword(WebUIKeywordMain.groovy:20)
	at com.kms.katalon.core.webui.keyword.builtin.VerifyTextNotPresentKeyword.verifyTextNotPresent(VerifyTextNotPresentKeyword.groovy:82)
	at com.kms.katalon.core.webui.keyword.builtin.VerifyTextNotPresentKeyword.execute(VerifyTextNotPresentKeyword.groovy:68)
	at com.kms.katalon.core.keyword.internal.KeywordExecutor.executeKeywordForPlatform(KeywordExecutor.groovy:72)
	at com.kms.katalon.core.webui.keyword.WebUiBuiltInKeywords.verifyTextNotPresent(WebUiBuiltInKeywords.groovy:1726)
	at com.kms.katalon.core.webui.keyword.WebUiBuiltInKeywords$verifyTextNotPresent$4.call(Unknown Source)
	at CAT_Setup.run(CAT_Setup:174)
	at com.kms.katalon.core.main.ScriptEngine.run(ScriptEngine.java:194)
	at com.kms.katalon.core.main.ScriptEngine.runScriptAsRawText(ScriptEngine.java:119)
	at com.kms.katalon.core.main.TestCaseExecutor.runScript(TestCaseExecutor.java:337)
	at com.kms.katalon.core.main.TestCaseExecutor.doExecute(TestCaseExecutor.java:328)
	at com.kms.katalon.core.main.TestCaseExecutor.processExecutionPhase(TestCaseExecutor.java:307)
	at com.kms.katalon.core.main.TestCaseExecutor.accessMainPhase(TestCaseExecutor.java:299)
	at com.kms.katalon.core.main.TestCaseExecutor.execute(TestCaseExecutor.java:233)
	at com.kms.katalon.core.main.TestCaseMain.runTestCase(TestCaseMain.java:114)
	at com.kms.katalon.core.keyword.builtin.CallTestCaseKeyword$_callTestCase_closure1.doCall(CallTestCaseKeyword.groovy:59)
	at com.kms.katalon.core.keyword.builtin.CallTestCaseKeyword$_callTestCase_closure1.call(CallTestCaseKeyword.groovy)
	at com.kms.katalon.core.keyword.internal.KeywordMain.runKeyword(KeywordMain.groovy:68)
	at com.kms.katalon.core.keyword.builtin.CallTestCaseKeyword.callTestCase(CallTestCaseKeyword.groovy:81)
	at com.kms.katalon.core.keyword.builtin.CallTestCaseKeyword.execute(CallTestCaseKeyword.groovy:44)
	at com.kms.katalon.core.keyword.internal.KeywordExecutor.executeKeywordForPlatform(KeywordExecutor.groovy:72)
	at com.kms.katalon.core.keyword.BuiltinKeywords.callTestCase(BuiltinKeywords.groovy:334)
	at Give_Feedback.run(Give_Feedback:78)
	at com.kms.katalon.core.main.ScriptEngine.run(ScriptEngine.java:194)
	at com.kms.katalon.core.main.ScriptEngine.runScriptAsRawText(ScriptEngine.java:119)
	at com.kms.katalon.core.main.TestCaseExecutor.runScript(TestCaseExecutor.java:337)
	at com.kms.katalon.core.main.TestCaseExecutor.doExecute(TestCaseExecutor.java:328)
	at com.kms.katalon.core.main.TestCaseExecutor.processExecutionPhase(TestCaseExecutor.java:307)
	at com.kms.katalon.core.main.TestCaseExecutor.accessMainPhase(TestCaseExecutor.java:299)
	at com.kms.katalon.core.main.TestCaseExecutor.execute(TestCaseExecutor.java:233)
	at com.kms.katalon.core.main.TestSuiteExecutor.accessTestCaseMainPhase(TestSuiteExecutor.java:169)
	at com.kms.katalon.core.main.TestSuiteExecutor.accessTestSuiteMainPhase(TestSuiteExecutor.java:142)
	at com.kms.katalon.core.main.TestSuiteExecutor.execute(TestSuiteExecutor.java:91)
	at com.kms.katalon.core.main.TestCaseMain.startTestSuite(TestCaseMain.java:157)
	at com.kms.katalon.core.main.TestCaseMain$startTestSuite$0.call(Unknown Source)
	at TempTestSuite1581421264335.run(TempTestSuite1581421264335.groovy:36)
)

2020-02-11 11:41:37 - [TEST_STEP][PASSED] - verifyElementPresent(findTestObject("Object Repository/Cookies/Page_Checkatrade Find a tradesperson you can trust/button_Accept All"), 5): Object 'Object Repository/Cookies/Page_Checkatrade Find a tradesperson you can trust/button_Accept All' is present

2020-02-11 11:41:37 - [MESSAGE][PASSED] - Object 'Object Repository/Cookies/Page_Checkatrade Find a tradesperson you can trust/button_Accept All' is present

2020-02-11 11:41:37 - [TEST_STEP][PASSED] - click(findTestObject("Object Repository/Cookies/Page_Checkatrade Find a tradesperson you can trust/button_Accept All")): Object: 'Object Repository/Cookies/Page_Checkatrade Find a tradesperson you can trust/button_Accept All' is clicked on

2020-02-11 11:41:38 - [MESSAGE][PASSED] - Object: 'Object Repository/Cookies/Page_Checkatrade Find a tradesperson you can trust/button_Accept All' is clicked on

2020-02-11 11:41:38 - [TEST_STEP][PASSED] - "---------------------------------": null

2020-02-11 11:41:38 - [TEST_STEP][PASSED] - "COOKIE POPOUT REMOVED - Confirmed": null

2020-02-11 11:41:38 - [TEST_STEP][PASSED] - delay(1): Delayed 1 second(s)

2020-02-11 11:41:39 - [MESSAGE][PASSED] - Delayed 1 second(s)

2020-02-11 11:41:39 - [TEST_STEP][PASSED] - verifyTextNotPresent("We use cookies to personalise content and ads, to provide social media features and to analyse our traffic", false): Text 'We use cookies to personalise content and ads, to provide social media features and to analyse our traffic' is not present on page

2020-02-11 11:41:39 - [MESSAGE][PASSED] - Text 'We use cookies to personalise content and ads, to provide social media features and to analyse our traffic' is not present on page

2020-02-11 11:41:39 - [TEST_STEP][PASSED] - verifyTextNotPresent(" We also share information about your use of our site with our social media, advertising and analytics partners", false): Text ' We also share information about your use of our site with our social media, advertising and analytics partners' is not present on page

2020-02-11 11:41:39 - [MESSAGE][PASSED] - Text ' We also share information about your use of our site with our social media, advertising and analytics partners' is not present on page

2020-02-11 11:41:39 - [TEST_STEP][FAILED] - verifyTextNotPresent("Cookie Policy", false): Text 'Cookie Policy' is present on page  (Root cause: com.kms.katalon.core.exception.StepFailedException: Text 'Cookie Policy' is present on page 
	at com.kms.katalon.core.webui.keyword.internal.WebUIKeywordMain.stepFailed(WebUIKeywordMain.groovy:64)
	at com.kms.katalon.core.webui.keyword.builtin.VerifyTextNotPresentKeyword$_verifyTextNotPresent_closure1.doCall(VerifyTextNotPresentKeyword.groovy:77)
	at com.kms.katalon.core.webui.keyword.builtin.VerifyTextNotPresentKeyword$_verifyTextNotPresent_closure1.call(VerifyTextNotPresentKeyword.groovy)
	at com.kms.katalon.core.webui.keyword.internal.WebUIKeywordMain.runKeyword(WebUIKeywordMain.groovy:20)
	at com.kms.katalon.core.webui.keyword.builtin.VerifyTextNotPresentKeyword.verifyTextNotPresent(VerifyTextNotPresentKeyword.groovy:82)
	at com.kms.katalon.core.webui.keyword.builtin.VerifyTextNotPresentKeyword.execute(VerifyTextNotPresentKeyword.groovy:68)
	at com.kms.katalon.core.keyword.internal.KeywordExecutor.executeKeywordForPlatform(KeywordExecutor.groovy:72)
	at com.kms.katalon.core.webui.keyword.WebUiBuiltInKeywords.verifyTextNotPresent(WebUiBuiltInKeywords.groovy:1726)
	at com.kms.katalon.core.webui.keyword.WebUiBuiltInKeywords$verifyTextNotPresent$4.call(Unknown Source)
	at CAT_Setup.run(CAT_Setup:174)
	at com.kms.katalon.core.main.ScriptEngine.run(ScriptEngine.java:194)
	at com.kms.katalon.core.main.ScriptEngine.runScriptAsRawText(ScriptEngine.java:119)
	at com.kms.katalon.core.main.TestCaseExecutor.runScript(TestCaseExecutor.java:337)
	at com.kms.katalon.core.main.TestCaseExecutor.doExecute(TestCaseExecutor.java:328)
	at com.kms.katalon.core.main.TestCaseExecutor.processExecutionPhase(TestCaseExecutor.java:307)
	at com.kms.katalon.core.main.TestCaseExecutor.accessMainPhase(TestCaseExecutor.java:299)
	at com.kms.katalon.core.main.TestCaseExecutor.execute(TestCaseExecutor.java:233)
	at com.kms.katalon.core.main.TestCaseMain.runTestCase(TestCaseMain.java:114)
	at com.kms.katalon.core.keyword.builtin.CallTestCaseKeyword$_callTestCase_closure1.doCall(CallTestCaseKeyword.groovy:59)
	at com.kms.katalon.core.keyword.builtin.CallTestCaseKeyword$_callTestCase_closure1.call(CallTestCaseKeyword.groovy)
	at com.kms.katalon.core.keyword.internal.KeywordMain.runKeyword(KeywordMain.groovy:68)
	at com.kms.katalon.core.keyword.builtin.CallTestCaseKeyword.callTestCase(CallTestCaseKeyword.groovy:81)
	at com.kms.katalon.core.keyword.builtin.CallTestCaseKeyword.execute(CallTestCaseKeyword.groovy:44)
	at com.kms.katalon.core.keyword.internal.KeywordExecutor.executeKeywordForPlatform(KeywordExecutor.groovy:72)
	at com.kms.katalon.core.keyword.BuiltinKeywords.callTestCase(BuiltinKeywords.groovy:334)
	at Give_Feedback.run(Give_Feedback:78)
	at com.kms.katalon.core.main.ScriptEngine.run(ScriptEngine.java:194)
	at com.kms.katalon.core.main.ScriptEngine.runScriptAsRawText(ScriptEngine.java:119)
	at com.kms.katalon.core.main.TestCaseExecutor.runScript(TestCaseExecutor.java:337)
	at com.kms.katalon.core.main.TestCaseExecutor.doExecute(TestCaseExecutor.java:328)
	at com.kms.katalon.core.main.TestCaseExecutor.processExecutionPhase(TestCaseExecutor.java:307)
	at com.kms.katalon.core.main.TestCaseExecutor.accessMainPhase(TestCaseExecutor.java:299)
	at com.kms.katalon.core.main.TestCaseExecutor.execute(TestCaseExecutor.java:233)
	at com.kms.katalon.core.main.TestSuiteExecutor.accessTestCaseMainPhase(TestSuiteExecutor.java:169)
	at com.kms.katalon.core.main.TestSuiteExecutor.accessTestSuiteMainPhase(TestSuiteExecutor.java:142)
	at com.kms.katalon.core.main.TestSuiteExecutor.execute(TestSuiteExecutor.java:91)
	at com.kms.katalon.core.main.TestCaseMain.startTestSuite(TestCaseMain.java:157)
	at com.kms.katalon.core.main.TestCaseMain$startTestSuite$0.call(Unknown Source)
	at TempTestSuite1581421264335.run(TempTestSuite1581421264335.groovy:36)
)

2020-02-11 11:41:39 - [MESSAGE][FAILED] - Text 'Cookie Policy' is present on page  (Root cause: com.kms.katalon.core.exception.StepFailedException: Text 'Cookie Policy' is present on page 
	at com.kms.katalon.core.webui.keyword.internal.WebUIKeywordMain.stepFailed(WebUIKeywordMain.groovy:64)
	at com.kms.katalon.core.webui.keyword.builtin.VerifyTextNotPresentKeyword$_verifyTextNotPresent_closure1.doCall(VerifyTextNotPresentKeyword.groovy:77)
	at com.kms.katalon.core.webui.keyword.builtin.VerifyTextNotPresentKeyword$_verifyTextNotPresent_closure1.call(VerifyTextNotPresentKeyword.groovy)
	at com.kms.katalon.core.webui.keyword.internal.WebUIKeywordMain.runKeyword(WebUIKeywordMain.groovy:20)
	at com.kms.katalon.core.webui.keyword.builtin.VerifyTextNotPresentKeyword.verifyTextNotPresent(VerifyTextNotPresentKeyword.groovy:82)
	at com.kms.katalon.core.webui.keyword.builtin.VerifyTextNotPresentKeyword.execute(VerifyTextNotPresentKeyword.groovy:68)
	at com.kms.katalon.core.keyword.internal.KeywordExecutor.executeKeywordForPlatform(KeywordExecutor.groovy:72)
	at com.kms.katalon.core.webui.keyword.WebUiBuiltInKeywords.verifyTextNotPresent(WebUiBuiltInKeywords.groovy:1726)
	at com.kms.katalon.core.webui.keyword.WebUiBuiltInKeywords$verifyTextNotPresent$4.call(Unknown Source)
	at CAT_Setup.run(CAT_Setup:174)
	at com.kms.katalon.core.main.ScriptEngine.run(ScriptEngine.java:194)
	at com.kms.katalon.core.main.ScriptEngine.runScriptAsRawText(ScriptEngine.java:119)
	at com.kms.katalon.core.main.TestCaseExecutor.runScript(TestCaseExecutor.java:337)
	at com.kms.katalon.core.main.TestCaseExecutor.doExecute(TestCaseExecutor.java:328)
	at com.kms.katalon.core.main.TestCaseExecutor.processExecutionPhase(TestCaseExecutor.java:307)
	at com.kms.katalon.core.main.TestCaseExecutor.accessMainPhase(TestCaseExecutor.java:299)
	at com.kms.katalon.core.main.TestCaseExecutor.execute(TestCaseExecutor.java:233)
	at com.kms.katalon.core.main.TestCaseMain.runTestCase(TestCaseMain.java:114)
	at com.kms.katalon.core.keyword.builtin.CallTestCaseKeyword$_callTestCase_closure1.doCall(CallTestCaseKeyword.groovy:59)
	at com.kms.katalon.core.keyword.builtin.CallTestCaseKeyword$_callTestCase_closure1.call(CallTestCaseKeyword.groovy)
	at com.kms.katalon.core.keyword.internal.KeywordMain.runKeyword(KeywordMain.groovy:68)
	at com.kms.katalon.core.keyword.builtin.CallTestCaseKeyword.callTestCase(CallTestCaseKeyword.groovy:81)
	at com.kms.katalon.core.keyword.builtin.CallTestCaseKeyword.execute(CallTestCaseKeyword.groovy:44)
	at com.kms.katalon.core.keyword.internal.KeywordExecutor.executeKeywordForPlatform(KeywordExecutor.groovy:72)
	at com.kms.katalon.core.keyword.BuiltinKeywords.callTestCase(BuiltinKeywords.groovy:334)
	at Give_Feedback.run(Give_Feedback:78)
	at com.kms.katalon.core.main.ScriptEngine.run(ScriptEngine.java:194)
	at com.kms.katalon.core.main.ScriptEngine.runScriptAsRawText(ScriptEngine.java:119)
	at com.kms.katalon.core.main.TestCaseExecutor.runScript(TestCaseExecutor.java:337)
	at com.kms.katalon.core.main.TestCaseExecutor.doExecute(TestCaseExecutor.java:328)
	at com.kms.katalon.core.main.TestCaseExecutor.processExecutionPhase(TestCaseExecutor.java:307)
	at com.kms.katalon.core.main.TestCaseExecutor.accessMainPhase(TestCaseExecutor.java:299)
	at com.kms.katalon.core.main.TestCaseExecutor.execute(TestCaseExecutor.java:233)
	at com.kms.katalon.core.main.TestSuiteExecutor.accessTestCaseMainPhase(TestSuiteExecutor.java:169)
	at com.kms.katalon.core.main.TestSuiteExecutor.accessTestSuiteMainPhase(TestSuiteExecutor.java:142)
	at com.kms.katalon.core.main.TestSuiteExecutor.execute(TestSuiteExecutor.java:91)
	at com.kms.katalon.core.main.TestCaseMain.startTestSuite(TestCaseMain.java:157)
	at com.kms.katalon.core.main.TestCaseMain$startTestSuite$0.call(Unknown Source)
	at TempTestSuite1581421264335.run(TempTestSuite1581421264335.groovy:36)
)

2020-02-11 11:41:39 - [TEST_STEP][PASSED] - waitForPageLoad(60): Wait for page load successfully

2020-02-11 11:41:39 - [MESSAGE][PASSED] - Wait for page load successfully

2020-02-11 11:41:39 - [TEST_STEP][PASSED] - "COOKIE - ORIGINAL": null

2020-02-11 11:41:39 - [TEST_STEP][PASSED] - if (waitForElementVisible(findTestObject("Object Repository/Feedback/Page_Checkatrade Give your feedback/input_Member_to_Review"), 5)): null

2020-02-11 11:41:39 - [MESSAGE][PASSED] - Object 'Object Repository/Feedback/Page_Checkatrade Give your feedback/input_Member_to_Review' is visible

2020-02-11 11:41:39 - [TEST_STEP][PASSED] - logInfo("Give Feedback STARTUP Process"): Give Feedback STARTUP Process

2020-02-11 11:41:39 - [MESSAGE][INFO] - Give Feedback STARTUP Process

2020-02-11 11:41:39 - [MESSAGE][FAILED] - Unable to call Test Case 'Test Cases/Reusable_Test_Sequences/CAT_Setup' (Root cause: com.kms.katalon.core.exception.StepFailedException: Call Test Case 'Test Cases/Reusable_Test_Sequences/CAT_Setup' failed
	at com.kms.katalon.core.keyword.builtin.CallTestCaseKeyword$_callTestCase_closure1.doCall(CallTestCaseKeyword.groovy:63)
	at com.kms.katalon.core.keyword.builtin.CallTestCaseKeyword$_callTestCase_closure1.call(CallTestCaseKeyword.groovy)
	at com.kms.katalon.core.keyword.internal.KeywordMain.runKeyword(KeywordMain.groovy:68)
	at com.kms.katalon.core.keyword.builtin.CallTestCaseKeyword.callTestCase(CallTestCaseKeyword.groovy:81)
	at com.kms.katalon.core.keyword.builtin.CallTestCaseKeyword.execute(CallTestCaseKeyword.groovy:44)
	at com.kms.katalon.core.keyword.internal.KeywordExecutor.executeKeywordForPlatform(KeywordExecutor.groovy:72)
	at com.kms.katalon.core.keyword.BuiltinKeywords.callTestCase(BuiltinKeywords.groovy:334)
	at Give_Feedback.run(Give_Feedback:78)
	at com.kms.katalon.core.main.ScriptEngine.run(ScriptEngine.java:194)
	at com.kms.katalon.core.main.ScriptEngine.runScriptAsRawText(ScriptEngine.java:119)
	at com.kms.katalon.core.main.TestCaseExecutor.runScript(TestCaseExecutor.java:337)
	at com.kms.katalon.core.main.TestCaseExecutor.doExecute(TestCaseExecutor.java:328)
	at com.kms.katalon.core.main.TestCaseExecutor.processExecutionPhase(TestCaseExecutor.java:307)
	at com.kms.katalon.core.main.TestCaseExecutor.accessMainPhase(TestCaseExecutor.java:299)
	at com.kms.katalon.core.main.TestCaseExecutor.execute(TestCaseExecutor.java:233)
	at com.kms.katalon.core.main.TestSuiteExecutor.accessTestCaseMainPhase(TestSuiteExecutor.java:169)
	at com.kms.katalon.core.main.TestSuiteExecutor.accessTestSuiteMainPhase(TestSuiteExecutor.java:142)
	at com.kms.katalon.core.main.TestSuiteExecutor.execute(TestSuiteExecutor.java:91)
	at com.kms.katalon.core.main.TestCaseMain.startTestSuite(TestCaseMain.java:157)
	at com.kms.katalon.core.main.TestCaseMain$startTestSuite$0.call(Unknown Source)
	at TempTestSuite1581421264335.run(TempTestSuite1581421264335.groovy:36)
Caused by: com.kms.katalon.core.exception.StepFailedException: Text 'Cookie Policy' is present on page  (Root cause: com.kms.katalon.core.exception.StepFailedException: Text 'Cookie Policy' is present on page 
	at com.kms.katalon.core.webui.keyword.internal.WebUIKeywordMain.stepFailed(WebUIKeywordMain.groovy:64)
	at com.kms.katalon.core.webui.keyword.builtin.VerifyTextNotPresentKeyword$_verifyTextNotPresent_closure1.doCall(VerifyTextNotPresentKeyword.groovy:77)
	at com.kms.katalon.core.webui.keyword.builtin.VerifyTextNotPresentKeyword$_verifyTextNotPresent_closure1.call(VerifyTextNotPresentKeyword.groovy)
	at com.kms.katalon.core.webui.keyword.internal.WebUIKeywordMain.runKeyword(WebUIKeywordMain.groovy:20)
	at com.kms.katalon.core.webui.keyword.builtin.VerifyTextNotPresentKeyword.verifyTextNotPresent(VerifyTextNotPresentKeyword.groovy:82)
	at com.kms.katalon.core.webui.keyword.builtin.VerifyTextNotPresentKeyword.execute(VerifyTextNotPresentKeyword.groovy:68)
	at com.kms.katalon.core.keyword.internal.KeywordExecutor.executeKeywordForPlatform(KeywordExecutor.groovy:72)
	at com.kms.katalon.core.webui.keyword.WebUiBuiltInKeywords.verifyTextNotPresent(WebUiBuiltInKeywords.groovy:1726)
	at com.kms.katalon.core.webui.keyword.WebUiBuiltInKeywords$verifyTextNotPresent$4.call(Unknown Source)
	at CAT_Setup.run(CAT_Setup:174)
	at com.kms.katalon.core.main.ScriptEngine.run(ScriptEngine.java:194)
	at com.kms.katalon.core.main.ScriptEngine.runScriptAsRawText(ScriptEngine.java:119)
	at com.kms.katalon.core.main.TestCaseExecutor.runScript(TestCaseExecutor.java:337)
	at com.kms.katalon.core.main.TestCaseExecutor.doExecute(TestCaseExecutor.java:328)
	at com.kms.katalon.core.main.TestCaseExecutor.processExecutionPhase(TestCaseExecutor.java:307)
	at com.kms.katalon.core.main.TestCaseExecutor.accessMainPhase(TestCaseExecutor.java:299)
	at com.kms.katalon.core.main.TestCaseExecutor.execute(TestCaseExecutor.java:233)
	at com.kms.katalon.core.main.TestCaseMain.runTestCase(TestCaseMain.java:114)
	at com.kms.katalon.core.keyword.builtin.CallTestCaseKeyword$_callTestCase_closure1.doCall(CallTestCaseKeyword.groovy:59)
	at com.kms.katalon.core.keyword.builtin.CallTestCaseKeyword$_callTestCase_closure1.call(CallTestCaseKeyword.groovy)
	at com.kms.katalon.core.keyword.internal.KeywordMain.runKeyword(KeywordMain.groovy:68)
	at com.kms.katalon.core.keyword.builtin.CallTestCaseKeyword.callTestCase(CallTestCaseKeyword.groovy:81)
	at com.kms.katalon.core.keyword.builtin.CallTestCaseKeyword.execute(CallTestCaseKeyword.groovy:44)
	at com.kms.katalon.core.keyword.internal.KeywordExecutor.executeKeywordForPlatform(KeywordExecutor.groovy:72)
	at com.kms.katalon.core.keyword.BuiltinKeywords.callTestCase(BuiltinKeywords.groovy:334)
	at Give_Feedback.run(Give_Feedback:78)
	at com.kms.katalon.core.main.ScriptEngine.run(ScriptEngine.java:194)
	at com.kms.katalon.core.main.ScriptEngine.runScriptAsRawText(ScriptEngine.java:119)
	at com.kms.katalon.core.main.TestCaseExecutor.runScript(TestCaseExecutor.java:337)
	at com.kms.katalon.core.main.TestCaseExecutor.doExecute(TestCaseExecutor.java:328)
	at com.kms.katalon.core.main.TestCaseExecutor.processExecutionPhase(TestCaseExecutor.java:307)
	at com.kms.katalon.core.main.TestCaseExecutor.accessMainPhase(TestCaseExecutor.java:299)
	at com.kms.katalon.core.main.TestCaseExecutor.execute(TestCaseExecutor.java:233)
	at com.kms.katalon.core.main.TestSuiteExecutor.accessTestCaseMainPhase(TestSuiteExecutor.java:169)
	at com.kms.katalon.core.main.TestSuiteExecutor.accessTestSuiteMainPhase(TestSuiteExecutor.java:142)
	at com.kms.katalon.core.main.TestSuiteExecutor.execute(TestSuiteExecutor.java:91)
	at com.kms.katalon.core.main.TestCaseMain.startTestSuite(TestCaseMain.java:157)
	at com.kms.katalon.core.main.TestCaseMain$startTestSuite$0.call(Unknown Source)
	at TempTestSuite1581421264335.run(TempTestSuite1581421264335.groovy:36)
)
	at com.kms.katalon.core.keyword.internal.KeywordMain.stepFailed(KeywordMain.groovy:39)
	at com.kms.katalon.core.webui.keyword.internal.WebUIKeywordMain.stepFailed(WebUIKeywordMain.groovy:64)
	at com.kms.katalon.core.webui.keyword.builtin.VerifyTextNotPresentKeyword$_verifyTextNotPresent_closure1.doCall(VerifyTextNotPresentKeyword.groovy:77)
	at com.kms.katalon.core.webui.keyword.builtin.VerifyTextNotPresentKeyword$_verifyTextNotPresent_closure1.call(VerifyTextNotPresentKeyword.groovy)
	at com.kms.katalon.core.webui.keyword.internal.WebUIKeywordMain.runKeyword(WebUIKeywordMain.groovy:20)
	at com.kms.katalon.core.webui.keyword.builtin.VerifyTextNotPresentKeyword.verifyTextNotPresent(VerifyTextNotPresentKeyword.groovy:82)
	at com.kms.katalon.core.webui.keyword.builtin.VerifyTextNotPresentKeyword.execute(VerifyTextNotPresentKeyword.groovy:68)
	at com.kms.katalon.core.keyword.internal.KeywordExecutor.executeKeywordForPlatform(KeywordExecutor.groovy:72)
	at com.kms.katalon.core.webui.keyword.WebUiBuiltInKeywords.verifyTextNotPresent(WebUiBuiltInKeywords.groovy:1726)
	at com.kms.katalon.core.webui.keyword.WebUiBuiltInKeywords$verifyTextNotPresent$4.call(Unknown Source)
	at CAT_Setup.run(CAT_Setup:174)
	at com.kms.katalon.core.main.ScriptEngine.run(ScriptEngine.java:194)
	at com.kms.katalon.core.main.ScriptEngine.runScriptAsRawText(ScriptEngine.java:119)
	at com.kms.katalon.core.main.TestCaseExecutor.runScript(TestCaseExecutor.java:337)
	at com.kms.katalon.core.main.TestCaseExecutor.doExecute(TestCaseExecutor.java:328)
	at com.kms.katalon.core.main.TestCaseExecutor.processExecutionPhase(TestCaseExecutor.java:307)
	at com.kms.katalon.core.main.TestCaseExecutor.accessMainPhase(TestCaseExecutor.java:299)
	at com.kms.katalon.core.main.TestCaseExecutor.execute(TestCaseExecutor.java:233)
	at com.kms.katalon.core.main.TestCaseMain.runTestCase(TestCaseMain.java:114)
	at com.kms.katalon.core.keyword.builtin.CallTestCaseKeyword$_callTestCase_closure1.doCall(CallTestCaseKeyword.groovy:59)
	... 20 more
Caused by: com.kms.katalon.core.exception.StepFailedException: Text 'Cookie Policy' is present on page 
	... 39 more
)]]></system-out>
         <system-err><![CDATA[2020-02-11 11:41:18 - [TEST_CASE][FAILED] - Test Cases/Give_Feedback/Give_Feedback: Test Cases/Give_Feedback/Give_Feedback FAILED.
Reason:
com.kms.katalon.core.exception.StepFailedException: Call Test Case 'Test Cases/Reusable_Test_Sequences/CAT_Setup' failed
	at com.kms.katalon.core.keyword.builtin.CallTestCaseKeyword$_callTestCase_closure1.doCall(CallTestCaseKeyword.groovy:63)
	at com.kms.katalon.core.keyword.builtin.CallTestCaseKeyword$_callTestCase_closure1.call(CallTestCaseKeyword.groovy)
	at com.kms.katalon.core.keyword.internal.KeywordMain.runKeyword(KeywordMain.groovy:68)
	at com.kms.katalon.core.keyword.builtin.CallTestCaseKeyword.callTestCase(CallTestCaseKeyword.groovy:81)
	at com.kms.katalon.core.keyword.builtin.CallTestCaseKeyword.execute(CallTestCaseKeyword.groovy:44)
	at com.kms.katalon.core.keyword.internal.KeywordExecutor.executeKeywordForPlatform(KeywordExecutor.groovy:72)
	at com.kms.katalon.core.keyword.BuiltinKeywords.callTestCase(BuiltinKeywords.groovy:334)
	at Give_Feedback.run(Give_Feedback:78)
	at com.kms.katalon.core.main.ScriptEngine.run(ScriptEngine.java:194)
	at com.kms.katalon.core.main.ScriptEngine.runScriptAsRawText(ScriptEngine.java:119)
	at com.kms.katalon.core.main.TestCaseExecutor.runScript(TestCaseExecutor.java:337)
	at com.kms.katalon.core.main.TestCaseExecutor.doExecute(TestCaseExecutor.java:328)
	at com.kms.katalon.core.main.TestCaseExecutor.processExecutionPhase(TestCaseExecutor.java:307)
	at com.kms.katalon.core.main.TestCaseExecutor.accessMainPhase(TestCaseExecutor.java:299)
	at com.kms.katalon.core.main.TestCaseExecutor.execute(TestCaseExecutor.java:233)
	at com.kms.katalon.core.main.TestSuiteExecutor.accessTestCaseMainPhase(TestSuiteExecutor.java:169)
	at com.kms.katalon.core.main.TestSuiteExecutor.accessTestSuiteMainPhase(TestSuiteExecutor.java:142)
	at com.kms.katalon.core.main.TestSuiteExecutor.execute(TestSuiteExecutor.java:91)
	at com.kms.katalon.core.main.TestCaseMain.startTestSuite(TestCaseMain.java:157)
	at com.kms.katalon.core.main.TestCaseMain$startTestSuite$0.call(Unknown Source)
	at TempTestSuite1581421264335.run(TempTestSuite1581421264335.groovy:36)
Caused by: com.kms.katalon.core.exception.StepFailedException: Text 'Cookie Policy' is present on page  (Root cause: com.kms.katalon.core.exception.StepFailedException: Text 'Cookie Policy' is present on page 
	at com.kms.katalon.core.webui.keyword.internal.WebUIKeywordMain.stepFailed(WebUIKeywordMain.groovy:64)
	at com.kms.katalon.core.webui.keyword.builtin.VerifyTextNotPresentKeyword$_verifyTextNotPresent_closure1.doCall(VerifyTextNotPresentKeyword.groovy:77)
	at com.kms.katalon.core.webui.keyword.builtin.VerifyTextNotPresentKeyword$_verifyTextNotPresent_closure1.call(VerifyTextNotPresentKeyword.groovy)
	at com.kms.katalon.core.webui.keyword.internal.WebUIKeywordMain.runKeyword(WebUIKeywordMain.groovy:20)
	at com.kms.katalon.core.webui.keyword.builtin.VerifyTextNotPresentKeyword.verifyTextNotPresent(VerifyTextNotPresentKeyword.groovy:82)
	at com.kms.katalon.core.webui.keyword.builtin.VerifyTextNotPresentKeyword.execute(VerifyTextNotPresentKeyword.groovy:68)
	at com.kms.katalon.core.keyword.internal.KeywordExecutor.executeKeywordForPlatform(KeywordExecutor.groovy:72)
	at com.kms.katalon.core.webui.keyword.WebUiBuiltInKeywords.verifyTextNotPresent(WebUiBuiltInKeywords.groovy:1726)
	at com.kms.katalon.core.webui.keyword.WebUiBuiltInKeywords$verifyTextNotPresent$4.call(Unknown Source)
	at CAT_Setup.run(CAT_Setup:174)
	at com.kms.katalon.core.main.ScriptEngine.run(ScriptEngine.java:194)
	at com.kms.katalon.core.main.ScriptEngine.runScriptAsRawText(ScriptEngine.java:119)
	at com.kms.katalon.core.main.TestCaseExecutor.runScript(TestCaseExecutor.java:337)
	at com.kms.katalon.core.main.TestCaseExecutor.doExecute(TestCaseExecutor.java:328)
	at com.kms.katalon.core.main.TestCaseExecutor.processExecutionPhase(TestCaseExecutor.java:307)
	at com.kms.katalon.core.main.TestCaseExecutor.accessMainPhase(TestCaseExecutor.java:299)
	at com.kms.katalon.core.main.TestCaseExecutor.execute(TestCaseExecutor.java:233)
	at com.kms.katalon.core.main.TestCaseMain.runTestCase(TestCaseMain.java:114)
	at com.kms.katalon.core.keyword.builtin.CallTestCaseKeyword$_callTestCase_closure1.doCall(CallTestCaseKeyword.groovy:59)
	at com.kms.katalon.core.keyword.builtin.CallTestCaseKeyword$_callTestCase_closure1.call(CallTestCaseKeyword.groovy)
	at com.kms.katalon.core.keyword.internal.KeywordMain.runKeyword(KeywordMain.groovy:68)
	at com.kms.katalon.core.keyword.builtin.CallTestCaseKeyword.callTestCase(CallTestCaseKeyword.groovy:81)
	at com.kms.katalon.core.keyword.builtin.CallTestCaseKeyword.execute(CallTestCaseKeyword.groovy:44)
	at com.kms.katalon.core.keyword.internal.KeywordExecutor.executeKeywordForPlatform(KeywordExecutor.groovy:72)
	at com.kms.katalon.core.keyword.BuiltinKeywords.callTestCase(BuiltinKeywords.groovy:334)
	at Give_Feedback.run(Give_Feedback:78)
	at com.kms.katalon.core.main.ScriptEngine.run(ScriptEngine.java:194)
	at com.kms.katalon.core.main.ScriptEngine.runScriptAsRawText(ScriptEngine.java:119)
	at com.kms.katalon.core.main.TestCaseExecutor.runScript(TestCaseExecutor.java:337)
	at com.kms.katalon.core.main.TestCaseExecutor.doExecute(TestCaseExecutor.java:328)
	at com.kms.katalon.core.main.TestCaseExecutor.processExecutionPhase(TestCaseExecutor.java:307)
	at com.kms.katalon.core.main.TestCaseExecutor.accessMainPhase(TestCaseExecutor.java:299)
	at com.kms.katalon.core.main.TestCaseExecutor.execute(TestCaseExecutor.java:233)
	at com.kms.katalon.core.main.TestSuiteExecutor.accessTestCaseMainPhase(TestSuiteExecutor.java:169)
	at com.kms.katalon.core.main.TestSuiteExecutor.accessTestSuiteMainPhase(TestSuiteExecutor.java:142)
	at com.kms.katalon.core.main.TestSuiteExecutor.execute(TestSuiteExecutor.java:91)
	at com.kms.katalon.core.main.TestCaseMain.startTestSuite(TestCaseMain.java:157)
	at com.kms.katalon.core.main.TestCaseMain$startTestSuite$0.call(Unknown Source)
	at TempTestSuite1581421264335.run(TempTestSuite1581421264335.groovy:36)
)
	at com.kms.katalon.core.keyword.internal.KeywordMain.stepFailed(KeywordMain.groovy:39)
	at com.kms.katalon.core.webui.keyword.internal.WebUIKeywordMain.stepFailed(WebUIKeywordMain.groovy:64)
	at com.kms.katalon.core.webui.keyword.builtin.VerifyTextNotPresentKeyword$_verifyTextNotPresent_closure1.doCall(VerifyTextNotPresentKeyword.groovy:77)
	at com.kms.katalon.core.webui.keyword.builtin.VerifyTextNotPresentKeyword$_verifyTextNotPresent_closure1.call(VerifyTextNotPresentKeyword.groovy)
	at com.kms.katalon.core.webui.keyword.internal.WebUIKeywordMain.runKeyword(WebUIKeywordMain.groovy:20)
	at com.kms.katalon.core.webui.keyword.builtin.VerifyTextNotPresentKeyword.verifyTextNotPresent(VerifyTextNotPresentKeyword.groovy:82)
	at com.kms.katalon.core.webui.keyword.builtin.VerifyTextNotPresentKeyword.execute(VerifyTextNotPresentKeyword.groovy:68)
	at com.kms.katalon.core.keyword.internal.KeywordExecutor.executeKeywordForPlatform(KeywordExecutor.groovy:72)
	at com.kms.katalon.core.webui.keyword.WebUiBuiltInKeywords.verifyTextNotPresent(WebUiBuiltInKeywords.groovy:1726)
	at com.kms.katalon.core.webui.keyword.WebUiBuiltInKeywords$verifyTextNotPresent$4.call(Unknown Source)
	at CAT_Setup.run(CAT_Setup:174)
	at com.kms.katalon.core.main.ScriptEngine.run(ScriptEngine.java:194)
	at com.kms.katalon.core.main.ScriptEngine.runScriptAsRawText(ScriptEngine.java:119)
	at com.kms.katalon.core.main.TestCaseExecutor.runScript(TestCaseExecutor.java:337)
	at com.kms.katalon.core.main.TestCaseExecutor.doExecute(TestCaseExecutor.java:328)
	at com.kms.katalon.core.main.TestCaseExecutor.processExecutionPhase(TestCaseExecutor.java:307)
	at com.kms.katalon.core.main.TestCaseExecutor.accessMainPhase(TestCaseExecutor.java:299)
	at com.kms.katalon.core.main.TestCaseExecutor.execute(TestCaseExecutor.java:233)
	at com.kms.katalon.core.main.TestCaseMain.runTestCase(TestCaseMain.java:114)
	at com.kms.katalon.core.keyword.builtin.CallTestCaseKeyword$_callTestCase_closure1.doCall(CallTestCaseKeyword.groovy:59)
	... 20 more
Caused by: com.kms.katalon.core.exception.StepFailedException: Text 'Cookie Policy' is present on page 
	... 39 more]]></system-err>
      </testcase>
      <testcase name="Test Cases/Give_Feedback/Give_Feedback_Validation" time="105.124" classname="Test Cases/Give_Feedback/Give_Feedback_Validation" status="PASSED">
         <system-out><![CDATA[2020-02-11 11:41:40 - [TEST_CASE][PASSED] - Test Cases/Give_Feedback/Give_Feedback_Validation: Test Cases/Give_Feedback/Give_Feedback_Validation

2020-02-11 11:41:40 - [TEST_STEP][PASSED] - "-----------------------------------------------------------------": null

2020-02-11 11:41:40 - [TEST_STEP][PASSED] - "Run as a Suite, this is ignored, stand alone, then this applies  |": null

2020-02-11 11:41:40 - [TEST_STEP][PASSED] - if (!(PAGE) == "GiveFeedback"): null

2020-02-11 11:41:40 - [TEST_STEP][PASSED] - "------------------------------------------------------------": null

2020-02-11 11:41:40 - [TEST_STEP][PASSED] - for ([row = 1, row <= findTestData("Give_Feedback (1)").getRowNumbers(), (internal.GlobalVariable.row++)]): null

2020-02-11 11:41:40 - [TEST_STEP][PASSED] - "--------------------------": null

2020-02-11 11:41:40 - [TEST_STEP][PASSED] - " Break Out of FOR Loop    |": null

2020-02-11 11:41:40 - [TEST_STEP][PASSED] - if (row > 1): null

2020-02-11 11:41:40 - [TEST_STEP][PASSED] - callTestCase(findTestCase("Reusable_Test_Sequences/CAT_Setup"), [:], STOP_ON_FAILURE): Call Test Case 'Test Cases/Reusable_Test_Sequences/CAT_Setup' successfully

2020-02-11 11:41:40 - [TEST_CASE][PASSED] - Test Cases/Reusable_Test_Sequences/CAT_Setup: Test Cases/Reusable_Test_Sequences/CAT_Setup

2020-02-11 11:41:40 - [TEST_STEP][PASSED] - "------------------------------": null

2020-02-11 11:41:40 - [TEST_STEP][PASSED] - " Set Mobile Device Testing    |": null

2020-02-11 11:41:40 - [TEST_STEP][PASSED] - if (Mobile_Flag == "true"): null

2020-02-11 11:41:40 - [TEST_STEP][PASSED] - "------------------------------": null

2020-02-11 11:41:40 - [TEST_STEP][PASSED] - " Set Mobile Device Testing    |": null

2020-02-11 11:41:40 - [TEST_STEP][PASSED] - "------------------------------": null

2020-02-11 11:41:40 - [TEST_STEP][PASSED] - "URL - Set from the ENVIRONMENT PROFILE ": null

2020-02-11 11:41:40 - [TEST_STEP][PASSED] - openBrowser(URL): Browser is opened with url: 'https://www.preview.checkatrade.com/GiveFeedback'

2020-02-11 11:41:40 - [MESSAGE][WARNING] - A browser is already opened. Closing browser and opening a new one

2020-02-11 11:41:41 - [MESSAGE][INFO] - Starting 'Chrome' driver

2020-02-11 11:41:49 - [MESSAGE][PASSED] - Browser is opened with url: 'https://www.preview.checkatrade.com/GiveFeedback'

2020-02-11 11:41:49 - [TEST_STEP][PASSED] - maximizeWindow(): Current window maximized

2020-02-11 11:41:53 - [MESSAGE][PASSED] - Current window maximized

2020-02-11 11:41:53 - [TEST_STEP][PASSED] - waitForPageLoad(60): Wait for page load successfully

2020-02-11 11:41:53 - [MESSAGE][PASSED] - Wait for page load successfully

2020-02-11 11:41:53 - [TEST_STEP][PASSED] - "Previous Functionalilty Left Commented For Ease Of reversion": null

2020-02-11 11:41:53 - [TEST_STEP][PASSED] - try: Text 'Cookie Policy' is not present on page

2020-02-11 11:41:53 - [TEST_STEP][PASSED] - verifyElementPresent(findTestObject("Object Repository/Cookies/Page_Checkatrade Find a tradesperson you can trust/button_Accept All"), 5): Object 'Object Repository/Cookies/Page_Checkatrade Find a tradesperson you can trust/button_Accept All' is present

2020-02-11 11:41:53 - [MESSAGE][PASSED] - Object 'Object Repository/Cookies/Page_Checkatrade Find a tradesperson you can trust/button_Accept All' is present

2020-02-11 11:41:53 - [TEST_STEP][PASSED] - click(findTestObject("Object Repository/Cookies/Page_Checkatrade Find a tradesperson you can trust/button_Accept All")): Object: 'Object Repository/Cookies/Page_Checkatrade Find a tradesperson you can trust/button_Accept All' is clicked on

2020-02-11 11:41:54 - [MESSAGE][PASSED] - Object: 'Object Repository/Cookies/Page_Checkatrade Find a tradesperson you can trust/button_Accept All' is clicked on

2020-02-11 11:41:54 - [TEST_STEP][PASSED] - "---------------------------------": null

2020-02-11 11:41:54 - [TEST_STEP][PASSED] - "COOKIE POPOUT REMOVED - Confirmed": null

2020-02-11 11:41:54 - [TEST_STEP][PASSED] - delay(1): Delayed 1 second(s)

2020-02-11 11:41:55 - [MESSAGE][PASSED] - Delayed 1 second(s)

2020-02-11 11:41:55 - [TEST_STEP][PASSED] - verifyTextNotPresent("We use cookies to personalise content and ads, to provide social media features and to analyse our traffic", false): Text 'We use cookies to personalise content and ads, to provide social media features and to analyse our traffic' is not present on page

2020-02-11 11:41:55 - [MESSAGE][PASSED] - Text 'We use cookies to personalise content and ads, to provide social media features and to analyse our traffic' is not present on page

2020-02-11 11:41:55 - [TEST_STEP][PASSED] - verifyTextNotPresent(" We also share information about your use of our site with our social media, advertising and analytics partners", false): Text ' We also share information about your use of our site with our social media, advertising and analytics partners' is not present on page

2020-02-11 11:41:55 - [MESSAGE][PASSED] - Text ' We also share information about your use of our site with our social media, advertising and analytics partners' is not present on page

2020-02-11 11:41:55 - [TEST_STEP][PASSED] - verifyTextNotPresent("Cookie Policy", false): Text 'Cookie Policy' is not present on page

2020-02-11 11:41:55 - [MESSAGE][PASSED] - Text 'Cookie Policy' is not present on page

2020-02-11 11:41:55 - [TEST_STEP][PASSED] - waitForPageLoad(60): Wait for page load successfully

2020-02-11 11:41:55 - [MESSAGE][PASSED] - Wait for page load successfully

2020-02-11 11:41:55 - [TEST_STEP][PASSED] - "COOKIE - ORIGINAL": null

2020-02-11 11:41:55 - [TEST_STEP][PASSED] - if (waitForElementVisible(findTestObject("Object Repository/Feedback/Page_Checkatrade Give your feedback/input_Member_to_Review"), 5)): null

2020-02-11 11:41:55 - [MESSAGE][PASSED] - Object 'Object Repository/Feedback/Page_Checkatrade Give your feedback/input_Member_to_Review' is visible

2020-02-11 11:41:55 - [TEST_STEP][PASSED] - logInfo("Give Feedback STARTUP Process"): Give Feedback STARTUP Process

2020-02-11 11:41:55 - [MESSAGE][INFO] - Give Feedback STARTUP Process

2020-02-11 11:41:55 - [MESSAGE][PASSED] - Call Test Case 'Test Cases/Reusable_Test_Sequences/CAT_Setup' successfully

2020-02-11 11:41:55 - [TEST_STEP][PASSED] - "-----------------------------------------------------": null

2020-02-11 11:41:55 - [TEST_STEP][PASSED] - " Hit the <Give Feedback> link in the header banner   |": null

2020-02-11 11:41:55 - [TEST_STEP][PASSED] - callTestCase(findTestCase("Reusable_Test_Sequences/Banner_Menu/Give_Feedback"), [:], STOP_ON_FAILURE): Call Test Case 'Test Cases/Reusable_Test_Sequences/Banner_Menu/Give_Feedback' successfully

2020-02-11 11:41:55 - [TEST_CASE][PASSED] - Test Cases/Reusable_Test_Sequences/Banner_Menu/Give_Feedback: Test Cases/Reusable_Test_Sequences/Banner_Menu/Give_Feedback

2020-02-11 11:41:55 - [TEST_STEP][PASSED] - "--------------------------------------------------------": null

2020-02-11 11:41:55 - [TEST_STEP][PASSED] - " Major Changes Factored Into Function - 05/12/2019      |": null

2020-02-11 11:41:55 - [TEST_STEP][PASSED] - "--------------------------------------------------------": null

2020-02-11 11:41:55 - [TEST_STEP][PASSED] - " Now Drills Directl Into the Target URL": null

2020-02-11 11:41:55 - [TEST_STEP][PASSED] - waitForElementVisible(findTestObject("Object Repository/Feedback/Page_Checkatrade Give your feedback/input_Member_to_Review"), 25): Object 'Object Repository/Feedback/Page_Checkatrade Give your feedback/input_Member_to_Review' is visible

2020-02-11 11:41:56 - [MESSAGE][PASSED] - Object 'Object Repository/Feedback/Page_Checkatrade Give your feedback/input_Member_to_Review' is visible

2020-02-11 11:41:56 - [TEST_STEP][PASSED] - verifyTextPresent("Give your feedback", false): Text 'Give your feedback' is present on page 

2020-02-11 11:41:56 - [MESSAGE][PASSED] - Text 'Give your feedback' is present on page 

2020-02-11 11:41:56 - [TEST_STEP][PASSED] - verifyTextPresent("Which member do you want to review?", false): Text 'Which member do you want to review?' is present on page 

2020-02-11 11:41:56 - [MESSAGE][PASSED] - Text 'Which member do you want to review?' is present on page 

2020-02-11 11:41:56 - [MESSAGE][PASSED] - Call Test Case 'Test Cases/Reusable_Test_Sequences/Banner_Menu/Give_Feedback' successfully

2020-02-11 11:41:56 - [TEST_STEP][PASSED] - "-----------------------------------------------------": null

2020-02-11 11:41:56 - [TEST_STEP][PASSED] - " Enter Member Trade Name OR Checkatrade ID To Review |": null

2020-02-11 11:41:56 - [TEST_STEP][PASSED] - callTestCase(findTestCase("Reusable_Test_Sequences/Give_Feedback/Which_Member_to_Review"), [:], STOP_ON_FAILURE): Call Test Case 'Test Cases/Reusable_Test_Sequences/Give_Feedback/Which_Member_to_Review' successfully

2020-02-11 11:41:56 - [TEST_CASE][PASSED] - Test Cases/Reusable_Test_Sequences/Give_Feedback/Which_Member_to_Review: Test Cases/Reusable_Test_Sequences/Give_Feedback/Which_Member_to_Review

2020-02-11 11:41:56 - [TEST_STEP][PASSED] - "--------------------------------------------------------": null

2020-02-11 11:41:56 - [TEST_STEP][PASSED] - " Major Changes Factored Into Function - 05/12/2019      |": null

2020-02-11 11:41:56 - [TEST_STEP][PASSED] - waitForPageLoad(60): Wait for page load successfully

2020-02-11 11:41:56 - [MESSAGE][PASSED] - Wait for page load successfully

2020-02-11 11:41:56 - [TEST_STEP][PASSED] - waitForElementPresent(findTestObject("Object Repository/Feedback/Page_Checkatrade Give your feedback/input_Member_to_Review"), 25): Object 'Object Repository/Feedback/Page_Checkatrade Give your feedback/input_Member_to_Review' is present

2020-02-11 11:41:56 - [MESSAGE][PASSED] - Object 'Object Repository/Feedback/Page_Checkatrade Give your feedback/input_Member_to_Review' is present

2020-02-11 11:41:56 - [TEST_STEP][PASSED] - setText(findTestObject("Object Repository/Feedback/Page_Checkatrade Give your feedback/input_Member_to_Review"), findTestData("Give_Feedback (1)").getValue("Account_Verification_Name", row)): Text 'Test Account' is set on object 'Object Repository/Feedback/Page_Checkatrade Give your feedback/input_Member_to_Review'

2020-02-11 11:41:57 - [MESSAGE][PASSED] - Text 'Test Account' is set on object 'Object Repository/Feedback/Page_Checkatrade Give your feedback/input_Member_to_Review'

2020-02-11 11:41:57 - [TEST_STEP][PASSED] - delay(1): Delayed 1 second(s)

2020-02-11 11:41:58 - [MESSAGE][PASSED] - Delayed 1 second(s)

2020-02-11 11:41:58 - [TEST_STEP][PASSED] - "Submit the search criteria using click     |": null

2020-02-11 11:41:58 - [TEST_STEP][PASSED] - waitForElementPresent(findTestObject("Object Repository/Feedback/Page_Checkatrade Give your feedback/span_Search_Member"), 25): Object 'Object Repository/Feedback/Page_Checkatrade Give your feedback/span_Search_Member' is present

2020-02-11 11:41:58 - [MESSAGE][PASSED] - Object 'Object Repository/Feedback/Page_Checkatrade Give your feedback/span_Search_Member' is present

2020-02-11 11:41:58 - [TEST_STEP][PASSED] - try:  * * * Trader OR CAT ID Selected, and Returned as Expected!

2020-02-11 11:41:58 - [TEST_STEP][PASSED] - "Try Catch Included 14/08/2019 - Sometimes the Trader isnt returned?   |": null

2020-02-11 11:41:58 - [TEST_STEP][PASSED] - click(findTestObject("Object Repository/Feedback/Page_Checkatrade Give your feedback/span_Search_Member")): Object: 'Object Repository/Feedback/Page_Checkatrade Give your feedback/span_Search_Member' is clicked on

2020-02-11 11:41:59 - [MESSAGE][PASSED] - Object: 'Object Repository/Feedback/Page_Checkatrade Give your feedback/span_Search_Member' is clicked on

2020-02-11 11:41:59 - [TEST_STEP][PASSED] - markPassed(" * * * Trader OR CAT ID Selected, and Returned as Expected!"):  * * * Trader OR CAT ID Selected, and Returned as Expected!

2020-02-11 11:41:59 - [MESSAGE][PASSED] -  * * * Trader OR CAT ID Selected, and Returned as Expected!

2020-02-11 11:41:59 - [MESSAGE][PASSED] - Call Test Case 'Test Cases/Reusable_Test_Sequences/Give_Feedback/Which_Member_to_Review' successfully

2020-02-11 11:41:59 - [TEST_STEP][PASSED] - "--------------------------------------": null

2020-02-11 11:41:59 - [TEST_STEP][PASSED] - " Your Experience (page 1) Validation  |": null

2020-02-11 11:41:59 - [TEST_STEP][PASSED] - "--------------------------------------": null

2020-02-11 11:41:59 - [TEST_STEP][PASSED] - "--------------------------------------": null

2020-02-11 11:41:59 - [TEST_STEP][PASSED] - " Your Experience (page 1) Processing  |": null

2020-02-11 11:41:59 - [TEST_STEP][PASSED] - callTestCase(findTestCase("Reusable_Test_Sequences/Give_Feedback/Your_Experience/Your_Experience_Validation"), [:], STOP_ON_FAILURE): Call Test Case 'Test Cases/Reusable_Test_Sequences/Give_Feedback/Your_Experience/Your_Experience_Validation' successfully

2020-02-11 11:41:59 - [TEST_CASE][PASSED] - Test Cases/Reusable_Test_Sequences/Give_Feedback/Your_Experience/Your_Experience_Validation: Test Cases/Reusable_Test_Sequences/Give_Feedback/Your_Experience/Your_Experience_Validation

2020-02-11 11:42:00 - [TEST_STEP][PASSED] - "---------------------------------------------------------------------------------------": null

2020-02-11 11:42:00 - [TEST_STEP][PASSED] - " Your Experience (page 1) Returned with Recommendation Selection Set to Yes (Default)  |": null

2020-02-11 11:42:00 - [TEST_STEP][PASSED] - "---------------------------------------------------------------------------------------": null

2020-02-11 11:42:00 - [TEST_STEP][PASSED] - "---------------------------------------------------------------------------------------": null

2020-02-11 11:42:00 - [TEST_STEP][PASSED] - " Your Experience (page 1) Hit <Next> Button to Trigger Validation> Messages            |": null

2020-02-11 11:42:00 - [TEST_STEP][PASSED] - callTestCase(findTestCase("Reusable_Test_Sequences/Give_Feedback/Hit_Next"), [:], CONTINUE_ON_FAILURE): Call Test Case 'Test Cases/Reusable_Test_Sequences/Give_Feedback/Hit_Next' successfully

2020-02-11 11:42:00 - [TEST_CASE][PASSED] - Test Cases/Reusable_Test_Sequences/Give_Feedback/Hit_Next: Test Cases/Reusable_Test_Sequences/Give_Feedback/Hit_Next

2020-02-11 11:42:00 - [TEST_STEP][PASSED] - click(findTestObject("Object Repository/Page_Checkatrade Give your feedback/input_No_ctl00contentButton4")): Object: 'Object Repository/Page_Checkatrade Give your feedback/input_No_ctl00contentButton4' is clicked on

2020-02-11 11:42:01 - [MESSAGE][PASSED] - Object: 'Object Repository/Page_Checkatrade Give your feedback/input_No_ctl00contentButton4' is clicked on

2020-02-11 11:42:01 - [TEST_STEP][PASSED] - waitForPageLoad(2): Wait for page load successfully

2020-02-11 11:42:01 - [MESSAGE][PASSED] - Wait for page load successfully

2020-02-11 11:42:01 - [MESSAGE][PASSED] - Call Test Case 'Test Cases/Reusable_Test_Sequences/Give_Feedback/Hit_Next' successfully

2020-02-11 11:42:01 - [TEST_STEP][PASSED] - "---------------------------------------------------------------------------------------": null

2020-02-11 11:42:01 - [TEST_STEP][PASSED] - " Your Experience (page 1) Verify Validation> Messages                                  |": null

2020-02-11 11:42:01 - [TEST_STEP][PASSED] - callTestCase(findTestCase("Reusable_Test_Sequences/Give_Feedback/Validation/Please_Select_An_Answer"), [:], CONTINUE_ON_FAILURE): Call Test Case 'Test Cases/Reusable_Test_Sequences/Give_Feedback/Validation/Please_Select_An_Answer' successfully

2020-02-11 11:42:01 - [TEST_CASE][PASSED] - Test Cases/Reusable_Test_Sequences/Give_Feedback/Validation/Please_Select_An_Answer: Test Cases/Reusable_Test_Sequences/Give_Feedback/Validation/Please_Select_An_Answer

2020-02-11 11:42:01 - [TEST_STEP][PASSED] - verifyTextPresent("Please select an answer", false): Text 'Please select an answer' is present on page 

2020-02-11 11:42:01 - [MESSAGE][PASSED] - Text 'Please select an answer' is present on page 

2020-02-11 11:42:01 - [MESSAGE][PASSED] - Call Test Case 'Test Cases/Reusable_Test_Sequences/Give_Feedback/Validation/Please_Select_An_Answer' successfully

2020-02-11 11:42:01 - [TEST_STEP][PASSED] - "---------------------------------------------------------------------------------------": null

2020-02-11 11:42:01 - [TEST_STEP][PASSED] - " Your Experience (page 1) Recomment this trader?                                       |": null

2020-02-11 11:42:01 - [TEST_STEP][PASSED] - callTestCase(findTestCase("Reusable_Test_Sequences/Give_Feedback/Your_Experience/Recommendation_Selection"), [:], CONTINUE_ON_FAILURE): Call Test Case 'Test Cases/Reusable_Test_Sequences/Give_Feedback/Your_Experience/Recommendation_Selection' successfully

2020-02-11 11:42:02 - [TEST_CASE][PASSED] - Test Cases/Reusable_Test_Sequences/Give_Feedback/Your_Experience/Recommendation_Selection: Test Cases/Reusable_Test_Sequences/Give_Feedback/Your_Experience/Recommendation_Selection

2020-02-11 11:42:02 - [TEST_STEP][PASSED] - data = findTestData("Data Files/Give_Feedback (1)"): null

2020-02-11 11:42:02 - [TEST_STEP][PASSED] - YE_Recommend = data.getValue("YE_Recommendations", row): null

2020-02-11 11:42:02 - [TEST_STEP][PASSED] - "--------------------------------": null

2020-02-11 11:42:02 - [TEST_STEP][PASSED] - "Read data from spreadsheet      |": null

2020-02-11 11:42:02 - [TEST_STEP][PASSED] - "--------------------------------": null

2020-02-11 11:42:02 - [TEST_STEP][PASSED] - "--------------------------------": null

2020-02-11 11:42:02 - [TEST_STEP][PASSED] - "Set Recommendation - Yes or No  |": null

2020-02-11 11:42:02 - [TEST_STEP][PASSED] - if (YE_Recommend == "Yes"): Wait for page load successfully

2020-02-11 11:42:02 - [TEST_STEP][PASSED] - "-----------------------------------------------------------": null

2020-02-11 11:42:02 - [TEST_STEP][PASSED] - " Selected by Default - ReSelecting causes a tool exception |": null

2020-02-11 11:42:02 - [TEST_STEP][PASSED] - " No need to re-select - RESOLVED                           |": null

2020-02-11 11:42:02 - [TEST_STEP][PASSED] - waitForElementClickable(findTestObject("Object Repository/Feedback/Page_Checkatrade Give your feedback/Page_Checkatrade Give your feedback/span_Yes"), 5): Object 'Object Repository/Feedback/Page_Checkatrade Give your feedback/Page_Checkatrade Give your feedback/span_Yes' is clickable

2020-02-11 11:42:02 - [MESSAGE][PASSED] - Object 'Object Repository/Feedback/Page_Checkatrade Give your feedback/Page_Checkatrade Give your feedback/span_Yes' is clickable

2020-02-11 11:42:02 - [TEST_STEP][PASSED] - click(findTestObject("Object Repository/Feedback/Page_Checkatrade Give your feedback/Page_Checkatrade Give your feedback/span_Yes")): Object: 'Object Repository/Feedback/Page_Checkatrade Give your feedback/Page_Checkatrade Give your feedback/span_Yes' is clicked on

2020-02-11 11:42:03 - [MESSAGE][PASSED] - Object: 'Object Repository/Feedback/Page_Checkatrade Give your feedback/Page_Checkatrade Give your feedback/span_Yes' is clicked on

2020-02-11 11:42:03 - [TEST_STEP][PASSED] - waitForPageLoad(2): Wait for page load successfully

2020-02-11 11:42:03 - [MESSAGE][PASSED] - Wait for page load successfully

2020-02-11 11:42:03 - [TEST_STEP][PASSED] - out.println("Your Experience, Recommendation, Click on the <" + YE_Recommend + "> Option Button "): null

2020-02-11 11:42:03 - [TEST_STEP][PASSED] - waitForPageLoad(60): Wait for page load successfully

2020-02-11 11:42:03 - [MESSAGE][PASSED] - Wait for page load successfully

2020-02-11 11:42:03 - [MESSAGE][PASSED] - Call Test Case 'Test Cases/Reusable_Test_Sequences/Give_Feedback/Your_Experience/Recommendation_Selection' successfully

2020-02-11 11:42:03 - [TEST_STEP][PASSED] - "---------------------------------------------------------------------------------------": null

2020-02-11 11:42:03 - [TEST_STEP][PASSED] - " Your Experience (page 1) Estimation/Quotation Accuracy?                               |": null

2020-02-11 11:42:03 - [TEST_STEP][PASSED] - callTestCase(findTestCase("Reusable_Test_Sequences/Give_Feedback/Your_Experience/Quotation_Selection"), [:], CONTINUE_ON_FAILURE): Call Test Case 'Test Cases/Reusable_Test_Sequences/Give_Feedback/Your_Experience/Quotation_Selection' successfully

2020-02-11 11:42:03 - [TEST_CASE][PASSED] - Test Cases/Reusable_Test_Sequences/Give_Feedback/Your_Experience/Quotation_Selection: Test Cases/Reusable_Test_Sequences/Give_Feedback/Your_Experience/Quotation_Selection

2020-02-11 11:42:03 - [TEST_STEP][PASSED] - "-----------------------": null

2020-02-11 11:42:03 - [TEST_STEP][PASSED] - "Check DEFAULT Setting  |     Default Setting - Nothing Selected": null

2020-02-11 11:42:03 - [TEST_STEP][PASSED] - "-----------------------": null

2020-02-11 11:42:03 - [TEST_STEP][PASSED] - "--------------------------------": null

2020-02-11 11:42:03 - [TEST_STEP][PASSED] - "Read data from spreadsheet      |": null

2020-02-11 11:42:03 - [TEST_STEP][PASSED] - data = findTestData("Data Files/Give_Feedback (1)"): null

2020-02-11 11:42:03 - [TEST_STEP][PASSED] - YE_Estimate = data.getValue("YE_Estimate", row): null

2020-02-11 11:42:03 - [TEST_STEP][PASSED] - "--------------------------------": null

2020-02-11 11:42:03 - [TEST_STEP][PASSED] - "Read data from spreadsheet      |": null

2020-02-11 11:42:03 - [TEST_STEP][PASSED] - out.println("Your Experience, Estimate Accuracy, Click on the " + YE_Estimate + " Option Button "): null

2020-02-11 11:42:03 - [TEST_STEP][PASSED] - "---------------------------------------------------------------------------------------------------------------------------------------------------": null

2020-02-11 11:42:03 - [TEST_STEP][PASSED] - "Set Quotation - Agreed_estimate -OR- Additional_work -OR- More_than_agreed_price_informed -OR- More_than_agreed_price_not_informed -OR- No_estimate|": null

2020-02-11 11:42:03 - [TEST_STEP][PASSED] - "---------------------------------------------------------------------------------------------------------------------------------------------------": null

2020-02-11 11:42:03 - [TEST_STEP][PASSED] - "-------------------------------------------------": null

2020-02-11 11:42:03 - [TEST_STEP][PASSED] - if (YE_Estimate == "Agreed_price"): Wait for page load successfully

2020-02-11 11:42:03 - [TEST_STEP][PASSED] - waitForElementClickable(findTestObject("Object Repository/Page_Checkatrade Give your feedback/span_The agreed price"), 5): Object 'Object Repository/Page_Checkatrade Give your feedback/span_The agreed price' is clickable

2020-02-11 11:42:03 - [MESSAGE][PASSED] - Object 'Object Repository/Page_Checkatrade Give your feedback/span_The agreed price' is clickable

2020-02-11 11:42:03 - [TEST_STEP][PASSED] - click(findTestObject("Object Repository/Page_Checkatrade Give your feedback/span_The agreed price")): Object: 'Object Repository/Page_Checkatrade Give your feedback/span_The agreed price' is clicked on

2020-02-11 11:42:03 - [MESSAGE][PASSED] - Object: 'Object Repository/Page_Checkatrade Give your feedback/span_The agreed price' is clicked on

2020-02-11 11:42:03 - [TEST_STEP][PASSED] - waitForPageLoad(2): Wait for page load successfully

2020-02-11 11:42:04 - [MESSAGE][PASSED] - Wait for page load successfully

2020-02-11 11:42:04 - [TEST_STEP][PASSED] - "-------------------------------------------------": null

2020-02-11 11:42:04 - [TEST_STEP][PASSED] - if (YE_Estimate == "Additional_work"): null

2020-02-11 11:42:04 - [TEST_STEP][PASSED] - "-----------------------------------------------------------------------": null

2020-02-11 11:42:04 - [TEST_STEP][PASSED] - if (YE_Estimate == "More_than_agreed_price_informed"): null

2020-02-11 11:42:04 - [TEST_STEP][PASSED] - "-----------------------------------------------------------------------": null

2020-02-11 11:42:04 - [TEST_STEP][PASSED] - if (YE_Estimate == "More_than_agreed_price_not_informed"): null

2020-02-11 11:42:04 - [TEST_STEP][PASSED] - "-----------------------------------------------------------------------": null

2020-02-11 11:42:04 - [TEST_STEP][PASSED] - if (YE_Estimate == "No_estimate"): null

2020-02-11 11:42:04 - [TEST_STEP][PASSED] - out.println("Your Experience, Estimate Accuracy, Click on the " + YE_Estimate + " Option Button "): null

2020-02-11 11:42:04 - [MESSAGE][PASSED] - Call Test Case 'Test Cases/Reusable_Test_Sequences/Give_Feedback/Your_Experience/Quotation_Selection' successfully

2020-02-11 11:42:04 - [TEST_STEP][PASSED] - "---------------------------------------------------------------------------------------": null

2020-02-11 11:42:04 - [TEST_STEP][PASSED] - " Your Experience (page 1) Knowledge of Feedback Process?                               |": null

2020-02-11 11:42:04 - [TEST_STEP][PASSED] - callTestCase(findTestCase("Reusable_Test_Sequences/Give_Feedback/Your_Experience/Feedback_Knowledge"), [:], CONTINUE_ON_FAILURE): Call Test Case 'Test Cases/Reusable_Test_Sequences/Give_Feedback/Your_Experience/Feedback_Knowledge' successfully

2020-02-11 11:42:04 - [TEST_CASE][PASSED] - Test Cases/Reusable_Test_Sequences/Give_Feedback/Your_Experience/Feedback_Knowledge: Test Cases/Reusable_Test_Sequences/Give_Feedback/Your_Experience/Feedback_Knowledge

2020-02-11 11:42:04 - [TEST_STEP][PASSED] - "--------------------------------": null

2020-02-11 11:42:04 - [TEST_STEP][PASSED] - "Read data from spreadsheet      |": null

2020-02-11 11:42:04 - [TEST_STEP][PASSED] - data = findTestData("Data Files/Give_Feedback (1)"): null

2020-02-11 11:42:04 - [TEST_STEP][PASSED] - YE_Feedback_Knowledge = data.getValue("YE_Feedback_Knowledge", row): null

2020-02-11 11:42:04 - [TEST_STEP][PASSED] - out.println("Your Experience, Feedback Knowledge, Click on the " + YE_Feedback_Knowledge + " Option Button "): null

2020-02-11 11:42:04 - [TEST_STEP][PASSED] - "------------------------------------------------": null

2020-02-11 11:42:04 - [TEST_STEP][PASSED] - "Set Knowledge of feedback process? - Yes or No  |": null

2020-02-11 11:42:04 - [TEST_STEP][PASSED] - if (YE_Feedback_Knowledge == "Yes"): Wait for page load successfully

2020-02-11 11:42:04 - [TEST_STEP][PASSED] - waitForElementClickable(findTestObject("Page_Checkatrade Give your feedback/span_Yes - Copy"), 5): Object 'Object Repository/Page_Checkatrade Give your feedback/span_Yes - Copy' is clickable

2020-02-11 11:42:04 - [MESSAGE][PASSED] - Object 'Object Repository/Page_Checkatrade Give your feedback/span_Yes - Copy' is clickable

2020-02-11 11:42:04 - [TEST_STEP][PASSED] - click(findTestObject("Page_Checkatrade Give your feedback/span_Yes - Copy")): Object: 'Object Repository/Page_Checkatrade Give your feedback/span_Yes - Copy' is clicked on

2020-02-11 11:42:04 - [MESSAGE][PASSED] - Object: 'Object Repository/Page_Checkatrade Give your feedback/span_Yes - Copy' is clicked on

2020-02-11 11:42:04 - [TEST_STEP][PASSED] - waitForPageLoad(2): Wait for page load successfully

2020-02-11 11:42:04 - [MESSAGE][PASSED] - Wait for page load successfully

2020-02-11 11:42:04 - [TEST_STEP][PASSED] - out.println("Your Experience, Feedback Knowledge, Click on the <" + YE_Feedback_Knowledge + "> Option Button "): null

2020-02-11 11:42:04 - [MESSAGE][PASSED] - Call Test Case 'Test Cases/Reusable_Test_Sequences/Give_Feedback/Your_Experience/Feedback_Knowledge' successfully

2020-02-11 11:42:04 - [TEST_STEP][PASSED] - "---------------------------------------------------------------------------------------": null

2020-02-11 11:42:04 - [TEST_STEP][PASSED] - " Your Experience (page 1) Hit <Next> Button to Continue to <Your Scores>- (page 2)     |": null

2020-02-11 11:42:04 - [TEST_STEP][PASSED] - callTestCase(findTestCase("Reusable_Test_Sequences/Give_Feedback/Hit_Next"), [:], CONTINUE_ON_FAILURE): Call Test Case 'Test Cases/Reusable_Test_Sequences/Give_Feedback/Hit_Next' successfully

2020-02-11 11:42:04 - [TEST_CASE][PASSED] - Test Cases/Reusable_Test_Sequences/Give_Feedback/Hit_Next: Test Cases/Reusable_Test_Sequences/Give_Feedback/Hit_Next

2020-02-11 11:42:04 - [TEST_STEP][PASSED] - click(findTestObject("Object Repository/Page_Checkatrade Give your feedback/input_No_ctl00contentButton4")): Object: 'Object Repository/Page_Checkatrade Give your feedback/input_No_ctl00contentButton4' is clicked on

2020-02-11 11:42:05 - [MESSAGE][PASSED] - Object: 'Object Repository/Page_Checkatrade Give your feedback/input_No_ctl00contentButton4' is clicked on

2020-02-11 11:42:05 - [TEST_STEP][PASSED] - waitForPageLoad(2): Wait for page load successfully

2020-02-11 11:42:05 - [MESSAGE][PASSED] - Wait for page load successfully

2020-02-11 11:42:05 - [MESSAGE][PASSED] - Call Test Case 'Test Cases/Reusable_Test_Sequences/Give_Feedback/Hit_Next' successfully

2020-02-11 11:42:05 - [MESSAGE][PASSED] - Call Test Case 'Test Cases/Reusable_Test_Sequences/Give_Feedback/Your_Experience/Your_Experience_Validation' successfully

2020-02-11 11:42:05 - [TEST_STEP][PASSED] - "--------------------------------------": null

2020-02-11 11:42:05 - [TEST_STEP][PASSED] - " Your Scores (page 2) Validation      |": null

2020-02-11 11:42:05 - [TEST_STEP][PASSED] - "--------------------------------------": null

2020-02-11 11:42:05 - [TEST_STEP][PASSED] - "--------------------------------------": null

2020-02-11 11:42:05 - [TEST_STEP][PASSED] - " Your Scores (page 2) Processing      |": null

2020-02-11 11:42:05 - [TEST_STEP][PASSED] - callTestCase(findTestCase("Reusable_Test_Sequences/Give_Feedback/Your_Scores/Your_Scores_Validation"), [:], STOP_ON_FAILURE): Call Test Case 'Test Cases/Reusable_Test_Sequences/Give_Feedback/Your_Scores/Your_Scores_Validation' successfully

2020-02-11 11:42:06 - [TEST_CASE][PASSED] - Test Cases/Reusable_Test_Sequences/Give_Feedback/Your_Scores/Your_Scores_Validation: Test Cases/Reusable_Test_Sequences/Give_Feedback/Your_Scores/Your_Scores_Validation

2020-02-11 11:42:06 - [TEST_STEP][PASSED] - "-------------------------------": null

2020-02-11 11:42:06 - [TEST_STEP][PASSED] - "Trigger Validation             |": null

2020-02-11 11:42:06 - [TEST_STEP][PASSED] - scrollToPosition(250, 0): Browser is scrolled to position x = 250, y = 0

2020-02-11 11:42:06 - [MESSAGE][PASSED] - Browser is scrolled to position x = 250, y = 0

2020-02-11 11:42:06 - [TEST_STEP][PASSED] - waitForPageLoad(1): Wait for page load successfully

2020-02-11 11:42:06 - [MESSAGE][PASSED] - Wait for page load successfully

2020-02-11 11:42:06 - [TEST_STEP][PASSED] - click(findTestObject("Object Repository/Page_Checkatrade Give your feedback/input_No_ctl00contentButton6")): Object: 'Object Repository/Page_Checkatrade Give your feedback/input_No_ctl00contentButton6' is clicked on

2020-02-11 11:42:06 - [MESSAGE][PASSED] - Object: 'Object Repository/Page_Checkatrade Give your feedback/input_No_ctl00contentButton6' is clicked on

2020-02-11 11:42:06 - [TEST_STEP][PASSED] - waitForPageLoad(1): Wait for page load successfully

2020-02-11 11:42:06 - [MESSAGE][PASSED] - Wait for page load successfully

2020-02-11 11:42:06 - [TEST_STEP][PASSED] - "---------------------------------------------------------------------------------------": null

2020-02-11 11:42:06 - [TEST_STEP][PASSED] - " Your Experience (page 2) Verify Validation> Messages - Score Trader 0 thru 10         |": null

2020-02-11 11:42:06 - [TEST_STEP][PASSED] - callTestCase(findTestCase("Reusable_Test_Sequences/Give_Feedback/Validation/Score_Trader"), [:], CONTINUE_ON_FAILURE): Call Test Case 'Test Cases/Reusable_Test_Sequences/Give_Feedback/Validation/Score_Trader' successfully

2020-02-11 11:42:06 - [TEST_CASE][PASSED] - Test Cases/Reusable_Test_Sequences/Give_Feedback/Validation/Score_Trader: Test Cases/Reusable_Test_Sequences/Give_Feedback/Validation/Score_Trader

2020-02-11 11:42:06 - [TEST_STEP][PASSED] - verifyTextPresent("Score trader from 0 (lowest) to 10 (highest)", false): Text 'Score trader from 0 (lowest) to 10 (highest)' is present on page 

2020-02-11 11:42:07 - [MESSAGE][PASSED] - Text 'Score trader from 0 (lowest) to 10 (highest)' is present on page 

2020-02-11 11:42:07 - [MESSAGE][PASSED] - Call Test Case 'Test Cases/Reusable_Test_Sequences/Give_Feedback/Validation/Score_Trader' successfully

2020-02-11 11:42:07 - [TEST_STEP][PASSED] - "---------------------------------------------------------------------------------------": null

2020-02-11 11:42:07 - [TEST_STEP][PASSED] - " Your Experience (page 2) Verify Validation> Messages - This Field Is Required         |": null

2020-02-11 11:42:07 - [TEST_STEP][PASSED] - callTestCase(findTestCase("Reusable_Test_Sequences/TRADES_Application/Validation/This_Field_Is_Required"), [:], CONTINUE_ON_FAILURE): Call Test Case 'Test Cases/Reusable_Test_Sequences/TRADES_Application/Validation/This_Field_Is_Required' successfully

2020-02-11 11:42:07 - [TEST_CASE][PASSED] - Test Cases/Reusable_Test_Sequences/TRADES_Application/Validation/This_Field_Is_Required: Test Cases/Reusable_Test_Sequences/TRADES_Application/Validation/This_Field_Is_Required

2020-02-11 11:42:07 - [TEST_STEP][PASSED] - verifyTextPresent("This field is required", false): Text 'This field is required' is present on page 

2020-02-11 11:42:07 - [MESSAGE][PASSED] - Text 'This field is required' is present on page 

2020-02-11 11:42:07 - [MESSAGE][PASSED] - Call Test Case 'Test Cases/Reusable_Test_Sequences/TRADES_Application/Validation/This_Field_Is_Required' successfully

2020-02-11 11:42:07 - [TEST_STEP][PASSED] - "---------------------------------------------------------------------------------------": null

2020-02-11 11:42:07 - [TEST_STEP][PASSED] - " Your Experience (page 2) Verify Validation> Messages - Please Select An Answer        |": null

2020-02-11 11:42:07 - [TEST_STEP][PASSED] - callTestCase(findTestCase("Reusable_Test_Sequences/Give_Feedback/Validation/Please_Select_An_Answer"), [:], CONTINUE_ON_FAILURE): Call Test Case 'Test Cases/Reusable_Test_Sequences/Give_Feedback/Validation/Please_Select_An_Answer' successfully

2020-02-11 11:42:07 - [TEST_CASE][PASSED] - Test Cases/Reusable_Test_Sequences/Give_Feedback/Validation/Please_Select_An_Answer: Test Cases/Reusable_Test_Sequences/Give_Feedback/Validation/Please_Select_An_Answer

2020-02-11 11:42:07 - [TEST_STEP][PASSED] - verifyTextPresent("Please select an answer", false): Text 'Please select an answer' is present on page 

2020-02-11 11:42:07 - [MESSAGE][PASSED] - Text 'Please select an answer' is present on page 

2020-02-11 11:42:07 - [MESSAGE][PASSED] - Call Test Case 'Test Cases/Reusable_Test_Sequences/Give_Feedback/Validation/Please_Select_An_Answer' successfully

2020-02-11 11:42:07 - [TEST_STEP][PASSED] - "------------------------------------------------------------------------------------------": null

2020-02-11 11:42:07 - [TEST_STEP][PASSED] - " Your Scores (page 2) Returned with 2 Main Sections - <Your Scores> and <Details of Work> |": null

2020-02-11 11:42:07 - [TEST_STEP][PASSED] - "                                     Standard of Work Listbox Selection, NA, 0 through 10 |": null

2020-02-11 11:42:07 - [TEST_STEP][PASSED] - waitForPageLoad(1): Wait for page load successfully

2020-02-11 11:42:07 - [MESSAGE][PASSED] - Wait for page load successfully

2020-02-11 11:42:07 - [TEST_STEP][PASSED] - callTestCase(findTestCase("Reusable_Test_Sequences/Give_Feedback/Your_Scores/Your_Scores_List_Box_Selection"), [:], CONTINUE_ON_FAILURE): Call Test Case 'Test Cases/Reusable_Test_Sequences/Give_Feedback/Your_Scores/Your_Scores_List_Box_Selection' successfully

2020-02-11 11:42:07 - [TEST_CASE][PASSED] - Test Cases/Reusable_Test_Sequences/Give_Feedback/Your_Scores/Your_Scores_List_Box_Selection: Test Cases/Reusable_Test_Sequences/Give_Feedback/Your_Scores/Your_Scores_List_Box_Selection

2020-02-11 11:42:08 - [TEST_STEP][PASSED] - data = findTestData("Data Files/Give_Feedback (1)"): null

2020-02-11 11:42:08 - [TEST_STEP][PASSED] - YS_Tidiness = data.getValue("YS_Tidiness", row): null

2020-02-11 11:42:08 - [TEST_STEP][PASSED] - YS_Reliability = data.getValue("YS_Reliability", row): null

2020-02-11 11:42:08 - [TEST_STEP][PASSED] - YS_Courtesy = data.getValue("YS_Courtesy", row): null

2020-02-11 11:42:08 - [TEST_STEP][PASSED] - YS_Workmanship = data.getValue("YS_Workmanship", row): null

2020-02-11 11:42:08 - [TEST_STEP][PASSED] - "--------------------------------": null

2020-02-11 11:42:08 - [TEST_STEP][PASSED] - "Read data from spreadsheet      |": null

2020-02-11 11:42:08 - [TEST_STEP][PASSED] - "--------------------------------": null

2020-02-11 11:42:08 - [TEST_STEP][PASSED] - "------------------------------------------------------": null

2020-02-11 11:42:08 - [TEST_STEP][PASSED] - "Select Tidiness Value form List                       |": null

2020-02-11 11:42:08 - [TEST_STEP][PASSED] - selectOptionByValue(findTestObject("Page_Checkatrade Give your feedback/select_--YS_Tidiness"), YS_Tidiness, true): All options with value '10' are selected in object 'Object Repository/Page_Checkatrade Give your feedback/select_--YS_Tidiness'  using regular expression

2020-02-11 11:42:10 - [MESSAGE][PASSED] - All options with value '10' are selected in object 'Object Repository/Page_Checkatrade Give your feedback/select_--YS_Tidiness'  using regular expression

2020-02-11 11:42:10 - [TEST_STEP][PASSED] - "------------------------------------------------------": null

2020-02-11 11:42:10 - [TEST_STEP][PASSED] - "Select Reliability and Timekeeping Value form List    |": null

2020-02-11 11:42:10 - [TEST_STEP][PASSED] - selectOptionByValue(findTestObject("Page_Checkatrade Give your feedback/select_--YS_Reliability"), YS_Reliability, true): All options with value '10' are selected in object 'Object Repository/Page_Checkatrade Give your feedback/select_--YS_Reliability'  using regular expression

2020-02-11 11:42:10 - [MESSAGE][PASSED] - All options with value '10' are selected in object 'Object Repository/Page_Checkatrade Give your feedback/select_--YS_Reliability'  using regular expression

2020-02-11 11:42:10 - [TEST_STEP][PASSED] - "------------------------------------------------------": null

2020-02-11 11:42:10 - [TEST_STEP][PASSED] - "Select Courtesy Value form List                       |": null

2020-02-11 11:42:10 - [TEST_STEP][PASSED] - selectOptionByValue(findTestObject("Page_Checkatrade Give your feedback/select_--YS_Courtesy"), YS_Reliability, true): All options with value '10' are selected in object 'Object Repository/Page_Checkatrade Give your feedback/select_--YS_Courtesy'  using regular expression

2020-02-11 11:42:11 - [MESSAGE][PASSED] - All options with value '10' are selected in object 'Object Repository/Page_Checkatrade Give your feedback/select_--YS_Courtesy'  using regular expression

2020-02-11 11:42:11 - [TEST_STEP][PASSED] - "------------------------------------------------------": null

2020-02-11 11:42:11 - [TEST_STEP][PASSED] - "Select Quality and Workmanship Value form List        |": null

2020-02-11 11:42:11 - [TEST_STEP][PASSED] - selectOptionByValue(findTestObject("Page_Checkatrade Give your feedback/select_--YS_Workmanship"), YS_Workmanship, true): All options with value '10' are selected in object 'Object Repository/Page_Checkatrade Give your feedback/select_--YS_Workmanship'  using regular expression

2020-02-11 11:42:11 - [MESSAGE][PASSED] - All options with value '10' are selected in object 'Object Repository/Page_Checkatrade Give your feedback/select_--YS_Workmanship'  using regular expression

2020-02-11 11:42:11 - [MESSAGE][PASSED] - Call Test Case 'Test Cases/Reusable_Test_Sequences/Give_Feedback/Your_Scores/Your_Scores_List_Box_Selection' successfully

2020-02-11 11:42:11 - [TEST_STEP][PASSED] - "------------------------------------------------------------------------------------------": null

2020-02-11 11:42:11 - [TEST_STEP][PASSED] - " Your Scores (page 2) Returned with 2 Main Sections - <Your Scores> and <Details of Work> |": null

2020-02-11 11:42:11 - [TEST_STEP][PASSED] - " Details of Work Done - Form FIll<Description>,<Approx. date>,<How Long>, <Comments> and  |": null

2020-02-11 11:42:11 - [TEST_STEP][PASSED] - "                                                               <Feedback Publish Confirm> |": null

2020-02-11 11:42:11 - [TEST_STEP][PASSED] - callTestCase(findTestCase("Reusable_Test_Sequences/Give_Feedback/Your_Scores/Details_of_work_Done_Formfill"), [:], CONTINUE_ON_FAILURE): Call Test Case 'Test Cases/Reusable_Test_Sequences/Give_Feedback/Your_Scores/Details_of_work_Done_Formfill' successfully

2020-02-11 11:42:11 - [TEST_CASE][PASSED] - Test Cases/Reusable_Test_Sequences/Give_Feedback/Your_Scores/Details_of_work_Done_Formfill: Test Cases/Reusable_Test_Sequences/Give_Feedback/Your_Scores/Details_of_work_Done_Formfill

2020-02-11 11:42:11 - [TEST_STEP][PASSED] - data = findTestData("Data Files/Give_Feedback (1)"): null

2020-02-11 11:42:11 - [TEST_STEP][PASSED] - YS_Work_Description = data.getValue("YS_Work_Description", row): null

2020-02-11 11:42:11 - [TEST_STEP][PASSED] - YS_Work_Date = data.getValue("YS_Work_Date", row): null

2020-02-11 11:42:11 - [TEST_STEP][PASSED] - YS_Days_to_Complete = data.getValue("YS_Days_to_Complete", row): null

2020-02-11 11:42:11 - [TEST_STEP][PASSED] - YS_Work_Comments = data.getValue("YS_Work_Comments", row): null

2020-02-11 11:42:11 - [TEST_STEP][PASSED] - YS_Feedback_Published = data.getValue("YS_Feedback_Published", row): null

2020-02-11 11:42:11 - [TEST_STEP][PASSED] - "---------------------------------": null

2020-02-11 11:42:11 - [TEST_STEP][PASSED] - "Read data from spreadsheet       |": null

2020-02-11 11:42:11 - [TEST_STEP][PASSED] - "---------------------------------": null

2020-02-11 11:42:11 - [TEST_STEP][PASSED] - "---------------------------------": null

2020-02-11 11:42:11 - [TEST_STEP][PASSED] - "Brief description of work done   |": null

2020-02-11 11:42:11 - [TEST_STEP][PASSED] - setText(findTestObject("Object Repository/Page_Checkatrade Give your feedback/input_Brief description of work done_ctl00contenttbWorkDescription"), YS_Work_Description): Text 'New Test Toilet' is set on object 'Object Repository/Page_Checkatrade Give your feedback/input_Brief description of work done_ctl00contenttbWorkDescription'

2020-02-11 11:42:12 - [MESSAGE][PASSED] - Text 'New Test Toilet' is set on object 'Object Repository/Page_Checkatrade Give your feedback/input_Brief description of work done_ctl00contenttbWorkDescription'

2020-02-11 11:42:12 - [TEST_STEP][PASSED] - "---------------------------------": null

2020-02-11 11:42:12 - [TEST_STEP][PASSED] - "Date work was done (approx)      |": null

2020-02-11 11:42:12 - [TEST_STEP][PASSED] - "---------------------------------": null

2020-02-11 11:42:12 - [TEST_STEP][PASSED] - "---------------------------------": null

2020-02-11 11:42:12 - [TEST_STEP][PASSED] - "How many days did this job take? |": null

2020-02-11 11:42:12 - [TEST_STEP][PASSED] - setText(findTestObject("Object Repository/Page_Checkatrade Give your feedback/input_How many days did this job take"), YS_Days_to_Complete): Text '3' is set on object 'Object Repository/Page_Checkatrade Give your feedback/input_How many days did this job take'

2020-02-11 11:42:12 - [MESSAGE][PASSED] - Text '3' is set on object 'Object Repository/Page_Checkatrade Give your feedback/input_How many days did this job take'

2020-02-11 11:42:12 - [TEST_STEP][PASSED] - "---------------------------------": null

2020-02-11 11:42:12 - [TEST_STEP][PASSED] - "Your comments about the work     |": null

2020-02-11 11:42:12 - [TEST_STEP][PASSED] - setText(findTestObject("Object Repository/Page_Checkatrade Give your feedback/textarea_Your comments about the work_ctl00contenttbWorkComments"), YS_Work_Comments): Text 'Nice job' is set on object 'Object Repository/Page_Checkatrade Give your feedback/textarea_Your comments about the work_ctl00contenttbWorkComments'

2020-02-11 11:42:12 - [MESSAGE][PASSED] - Text 'Nice job' is set on object 'Object Repository/Page_Checkatrade Give your feedback/textarea_Your comments about the work_ctl00contenttbWorkComments'

2020-02-11 11:42:12 - [TEST_STEP][PASSED] - "---------------------------------------": null

2020-02-11 11:42:12 - [TEST_STEP][PASSED] - " Scroll Bottom of Page Into View       |": null

2020-02-11 11:42:12 - [TEST_STEP][PASSED] - "---------------------------------------": null

2020-02-11 11:42:12 - [TEST_STEP][PASSED] - "-----------------------------------------------------": null

2020-02-11 11:42:12 - [TEST_STEP][PASSED] - "Would you like your feedback published? - Yes or No  |": null

2020-02-11 11:42:12 - [TEST_STEP][PASSED] - if (YS_Feedback_Published == "Yes"): Wait for page load successfully

2020-02-11 11:42:12 - [TEST_STEP][PASSED] - waitForElementClickable(findTestObject("Feedback/Page_Checkatrade Give your feedback/span_Publish_Feedback_Yes"), 10): Object 'Object Repository/Feedback/Page_Checkatrade Give your feedback/span_Publish_Feedback_Yes' is clickable

2020-02-11 11:42:12 - [MESSAGE][PASSED] - Object 'Object Repository/Feedback/Page_Checkatrade Give your feedback/span_Publish_Feedback_Yes' is clickable

2020-02-11 11:42:12 - [TEST_STEP][PASSED] - click(findTestObject("Feedback/Page_Checkatrade Give your feedback/span_Publish_Feedback_Yes")): Object: 'Object Repository/Feedback/Page_Checkatrade Give your feedback/span_Publish_Feedback_Yes' is clicked on

2020-02-11 11:42:12 - [MESSAGE][PASSED] - Object: 'Object Repository/Feedback/Page_Checkatrade Give your feedback/span_Publish_Feedback_Yes' is clicked on

2020-02-11 11:42:12 - [TEST_STEP][PASSED] - waitForPageLoad(60): Wait for page load successfully

2020-02-11 11:42:12 - [MESSAGE][PASSED] - Wait for page load successfully

2020-02-11 11:42:12 - [TEST_STEP][PASSED] - out.println("Your Experience, Recommendation, Click on the " + YS_Feedback_Published + " Option Button "): null

2020-02-11 11:42:13 - [TEST_STEP][PASSED] - delay(1): Delayed 1 second(s)

2020-02-11 11:42:14 - [MESSAGE][PASSED] - Delayed 1 second(s)

2020-02-11 11:42:14 - [TEST_STEP][PASSED] - "---------------------------------": null

2020-02-11 11:42:14 - [TEST_STEP][PASSED] - "Your comments about the work     |": null

2020-02-11 11:42:14 - [TEST_STEP][PASSED] - waitForElementClickable(findTestObject("Object Repository/Page_Checkatrade Give your feedback/input_No_ctl00contentButton6"), 60): Object 'Object Repository/Page_Checkatrade Give your feedback/input_No_ctl00contentButton6' is clickable

2020-02-11 11:42:14 - [MESSAGE][PASSED] - Object 'Object Repository/Page_Checkatrade Give your feedback/input_No_ctl00contentButton6' is clickable

2020-02-11 11:42:14 - [TEST_STEP][PASSED] - click(findTestObject("Object Repository/Page_Checkatrade Give your feedback/input_No_ctl00contentButton6")): Object: 'Object Repository/Page_Checkatrade Give your feedback/input_No_ctl00contentButton6' is clicked on

2020-02-11 11:42:15 - [MESSAGE][PASSED] - Object: 'Object Repository/Page_Checkatrade Give your feedback/input_No_ctl00contentButton6' is clicked on

2020-02-11 11:42:15 - [MESSAGE][PASSED] - Call Test Case 'Test Cases/Reusable_Test_Sequences/Give_Feedback/Your_Scores/Details_of_work_Done_Formfill' successfully

2020-02-11 11:42:15 - [TEST_STEP][PASSED] - scrollToPosition(125, 0): Browser is scrolled to position x = 125, y = 0

2020-02-11 11:42:15 - [MESSAGE][PASSED] - Browser is scrolled to position x = 125, y = 0

2020-02-11 11:42:15 - [TEST_STEP][PASSED] - "------------------------------------------------------------------------------------------": null

2020-02-11 11:42:15 - [TEST_STEP][PASSED] - " Your Experience (page 2) Hit <Next> Button to Continue to <Your Details>- (page 3)       |": null

2020-02-11 11:42:15 - [TEST_STEP][PASSED] - try: null

2020-02-11 11:42:15 - [TEST_STEP][PASSED] - callTestCase(findTestCase("Reusable_Test_Sequences/Give_Feedback/Your_Scores/Hit_Next"), 1): null

2020-02-11 11:42:15 - [TEST_STEP][PASSED] - catch (Exception e): null

2020-02-11 11:42:15 - [MESSAGE][PASSED] - Call Test Case 'Test Cases/Reusable_Test_Sequences/Give_Feedback/Your_Scores/Your_Scores_Validation' successfully

2020-02-11 11:42:15 - [TEST_STEP][PASSED] - "--------------------------------------": null

2020-02-11 11:42:15 - [TEST_STEP][PASSED] - " Your Scores (page 3) Processing      |": null

2020-02-11 11:42:15 - [TEST_STEP][PASSED] - callTestCase(findTestCase("Reusable_Test_Sequences/Give_Feedback/Your_Details/Your_Details_Validation"), [:], STOP_ON_FAILURE): Call Test Case 'Test Cases/Reusable_Test_Sequences/Give_Feedback/Your_Details/Your_Details_Validation' successfully

2020-02-11 11:42:15 - [TEST_CASE][PASSED] - Test Cases/Reusable_Test_Sequences/Give_Feedback/Your_Details/Your_Details_Validation: Test Cases/Reusable_Test_Sequences/Give_Feedback/Your_Details/Your_Details_Validation

2020-02-11 11:42:15 - [TEST_STEP][PASSED] - "------------------------------------------------": null

2020-02-11 11:42:15 - [TEST_STEP][PASSED] - "Trade  Customer Path Not Currently Implenmented |": null

2020-02-11 11:42:15 - [TEST_STEP][PASSED] - "------------------------------------------------": null

2020-02-11 11:42:15 - [TEST_STEP][PASSED] - "---------------------------------------------------------------------------------------": null

2020-02-11 11:42:15 - [TEST_STEP][PASSED] - " Your Details (page 3)                                                                 |": null

2020-02-11 11:42:15 - [TEST_STEP][PASSED] - "---------------------------------------------------------------------------------------": null

2020-02-11 11:42:15 - [TEST_STEP][PASSED] - "-------------------------------------": null

2020-02-11 11:42:15 - [TEST_STEP][PASSED] - " Submit Form - Trigger Validation    |": null

2020-02-11 11:42:15 - [TEST_STEP][PASSED] - waitForPageLoad(1): Wait for page load successfully

2020-02-11 11:42:15 - [MESSAGE][PASSED] - Wait for page load successfully

2020-02-11 11:42:15 - [TEST_STEP][PASSED] - scrollToPosition(250, 0): Browser is scrolled to position x = 250, y = 0

2020-02-11 11:42:16 - [MESSAGE][PASSED] - Browser is scrolled to position x = 250, y = 0

2020-02-11 11:42:16 - [TEST_STEP][PASSED] - waitForPageLoad(1): Wait for page load successfully

2020-02-11 11:42:16 - [MESSAGE][PASSED] - Wait for page load successfully

2020-02-11 11:42:16 - [TEST_STEP][PASSED] - waitForElementClickable(findTestObject("Object Repository/Page_Checkatrade Give your feedback/input_here_ctl00contentButtonSubmit"), 5): Object 'Object Repository/Page_Checkatrade Give your feedback/input_here_ctl00contentButtonSubmit' is clickable

2020-02-11 11:42:16 - [MESSAGE][PASSED] - Object 'Object Repository/Page_Checkatrade Give your feedback/input_here_ctl00contentButtonSubmit' is clickable

2020-02-11 11:42:16 - [TEST_STEP][PASSED] - click(findTestObject("Object Repository/Page_Checkatrade Give your feedback/input_here_ctl00contentButtonSubmit")): Object: 'Object Repository/Page_Checkatrade Give your feedback/input_here_ctl00contentButtonSubmit' is clicked on

2020-02-11 11:42:16 - [MESSAGE][PASSED] - Object: 'Object Repository/Page_Checkatrade Give your feedback/input_here_ctl00contentButtonSubmit' is clicked on

2020-02-11 11:42:16 - [TEST_STEP][PASSED] - "---------------------------------------------------------------------------------------": null

2020-02-11 11:42:16 - [TEST_STEP][PASSED] - " Your Experience (page 3) Verify Validation> Messages - This Field Is Required         |": null

2020-02-11 11:42:16 - [TEST_STEP][PASSED] - callTestCase(findTestCase("Reusable_Test_Sequences/TRADES_Application/Validation/This_Field_Is_Required"), [:], STOP_ON_FAILURE): Call Test Case 'Test Cases/Reusable_Test_Sequences/TRADES_Application/Validation/This_Field_Is_Required' successfully

2020-02-11 11:42:16 - [TEST_CASE][PASSED] - Test Cases/Reusable_Test_Sequences/TRADES_Application/Validation/This_Field_Is_Required: Test Cases/Reusable_Test_Sequences/TRADES_Application/Validation/This_Field_Is_Required

2020-02-11 11:42:16 - [TEST_STEP][PASSED] - verifyTextPresent("This field is required", false): Text 'This field is required' is present on page 

2020-02-11 11:42:17 - [MESSAGE][PASSED] - Text 'This field is required' is present on page 

2020-02-11 11:42:17 - [MESSAGE][PASSED] - Call Test Case 'Test Cases/Reusable_Test_Sequences/TRADES_Application/Validation/This_Field_Is_Required' successfully

2020-02-11 11:42:17 - [TEST_STEP][PASSED] - "---------------------------------------------------------------------------------------": null

2020-02-11 11:42:17 - [TEST_STEP][PASSED] - " Your Experience (page 3) Verify Validation> Messages  - Please Supply Home Phone      |": null

2020-02-11 11:42:17 - [TEST_STEP][PASSED] - callTestCase(findTestCase("Reusable_Test_Sequences/Give_Feedback/Validation/Please_Supply_Home_Telephone_Number"), [:], STOP_ON_FAILURE): Call Test Case 'Test Cases/Reusable_Test_Sequences/Give_Feedback/Validation/Please_Supply_Home_Telephone_Number' successfully

2020-02-11 11:42:17 - [TEST_CASE][PASSED] - Test Cases/Reusable_Test_Sequences/Give_Feedback/Validation/Please_Supply_Home_Telephone_Number: Test Cases/Reusable_Test_Sequences/Give_Feedback/Validation/Please_Supply_Home_Telephone_Number

2020-02-11 11:42:17 - [TEST_STEP][PASSED] - verifyTextPresent("Please supply a home telephone number so we can verify your feedback if necessary", false): Text 'Please supply a home telephone number so we can verify your feedback if necessary' is present on page 

2020-02-11 11:42:17 - [MESSAGE][PASSED] - Text 'Please supply a home telephone number so we can verify your feedback if necessary' is present on page 

2020-02-11 11:42:17 - [MESSAGE][PASSED] - Call Test Case 'Test Cases/Reusable_Test_Sequences/Give_Feedback/Validation/Please_Supply_Home_Telephone_Number' successfully

2020-02-11 11:42:17 - [TEST_STEP][PASSED] - "-------------------------------------": null

2020-02-11 11:42:17 - [TEST_STEP][PASSED] - " Consumer or Customer Selection      |": null

2020-02-11 11:42:17 - [TEST_STEP][PASSED] - callTestCase(findTestCase("Reusable_Test_Sequences/Give_Feedback/Your_Details/Consumer_or_Customer_Selection"), [:], STOP_ON_FAILURE): Call Test Case 'Test Cases/Reusable_Test_Sequences/Give_Feedback/Your_Details/Consumer_or_Customer_Selection' successfully

2020-02-11 11:42:17 - [TEST_CASE][PASSED] - Test Cases/Reusable_Test_Sequences/Give_Feedback/Your_Details/Consumer_or_Customer_Selection: Test Cases/Reusable_Test_Sequences/Give_Feedback/Your_Details/Consumer_or_Customer_Selection

2020-02-11 11:42:18 - [TEST_STEP][PASSED] - "--------------------------------": null

2020-02-11 11:42:18 - [TEST_STEP][PASSED] - "Read data from spreadsheet      |": null

2020-02-11 11:42:18 - [TEST_STEP][PASSED] - data = findTestData("Data Files/Give_Feedback (1)"): null

2020-02-11 11:42:18 - [TEST_STEP][PASSED] - YD_Consumer_Customer = data.getValue("YD_Consumer_Customer", row): null

2020-02-11 11:42:18 - [TEST_STEP][PASSED] - out.println("Your Details, Consumer OR Trade Customer, Click on the " + YD_Consumer_Customer + " Option Button "): null

2020-02-11 11:42:18 - [TEST_STEP][PASSED] - try: null

2020-02-11 11:42:18 - [TEST_STEP][PASSED] - if (YD_Consumer_Customer == "Consumer"): Object 'Object Repository/Page_Checkatrade Give your feedback/span_an individual consumer' is clickable

2020-02-11 11:42:18 - [MESSAGE][PASSED] - Object 'Object Repository/Page_Checkatrade Give your feedback/span_an individual consumer' is clickable

2020-02-11 11:42:18 - [TEST_STEP][PASSED] - click(findTestObject("Object Repository/Page_Checkatrade Give your feedback/span_an individual consumer"), 1): null

2020-02-11 11:42:18 - [TEST_STEP][PASSED] - catch (Exception e): null

2020-02-11 11:42:18 - [TEST_STEP][PASSED] - if (YD_Consumer_Customer == "Customer"): null

2020-02-11 11:42:18 - [TEST_STEP][PASSED] - out.println("Your Experience, Recommendation, Click on the " + YD_Consumer_Customer + " Option Button "): null

2020-02-11 11:42:18 - [MESSAGE][PASSED] - Call Test Case 'Test Cases/Reusable_Test_Sequences/Give_Feedback/Your_Details/Consumer_or_Customer_Selection' successfully

2020-02-11 11:42:18 - [TEST_STEP][PASSED] - "-------------------------------------": null

2020-02-11 11:42:18 - [TEST_STEP][PASSED] - " Fill Personal Details               |": null

2020-02-11 11:42:18 - [TEST_STEP][PASSED] - callTestCase(findTestCase("Reusable_Test_Sequences/Give_Feedback/Your_Details/Personal_Details_Formfill"), [:], STOP_ON_FAILURE): Call Test Case 'Test Cases/Reusable_Test_Sequences/Give_Feedback/Your_Details/Personal_Details_Formfill' successfully

2020-02-11 11:42:18 - [TEST_CASE][PASSED] - Test Cases/Reusable_Test_Sequences/Give_Feedback/Your_Details/Personal_Details_Formfill: Test Cases/Reusable_Test_Sequences/Give_Feedback/Your_Details/Personal_Details_Formfill

2020-02-11 11:42:18 - [TEST_STEP][PASSED] - "--------------------------------": null

2020-02-11 11:42:18 - [TEST_STEP][PASSED] - "Read data from spreadsheet      |": null

2020-02-11 11:42:18 - [TEST_STEP][PASSED] - data = findTestData("Data Files/Give_Feedback (1)"): null

2020-02-11 11:42:18 - [TEST_STEP][PASSED] - YD_Salutation = data.getValue("YD_Salutation", row): null

2020-02-11 11:42:18 - [TEST_STEP][PASSED] - YD_Name = data.getValue("YD_Name", row): null

2020-02-11 11:42:18 - [TEST_STEP][PASSED] - YD_Company_Name = data.getValue("YD_Company_Name", row): null

2020-02-11 11:42:18 - [TEST_STEP][PASSED] - YD_Postcode = data.getValue("YD_Postcode", row): null

2020-02-11 11:42:18 - [TEST_STEP][PASSED] - YD_Verify_Address = data.getValue("YD_Verify_Address", row): null

2020-02-11 11:42:18 - [TEST_STEP][PASSED] - YD_Consumer_Customer = data.getValue("YD_Consumer_Customer", row): null

2020-02-11 11:42:18 - [TEST_STEP][PASSED] - out.println("Your Experience, Your details, Set the " + YD_Salutation + " Text Box "): null

2020-02-11 11:42:18 - [TEST_STEP][PASSED] - "--------------------": null

2020-02-11 11:42:18 - [TEST_STEP][PASSED] - "  Set  Salutation   |": null

2020-02-11 11:42:18 - [TEST_STEP][PASSED] - delay(1): Delayed 1 second(s)

2020-02-11 11:42:19 - [MESSAGE][PASSED] - Delayed 1 second(s)

2020-02-11 11:42:19 - [TEST_STEP][PASSED] - selectOptionByValue(findTestObject("Object Repository/New Folder/Page_Checkatrade Give your feedback/select_MrMrsMissMsMr  MrsDrRevRevd"), YD_Salutation, true): All options with value 'Mr' are selected in object 'Object Repository/New Folder/Page_Checkatrade Give your feedback/select_MrMrsMissMsMr  MrsDrRevRevd'  using regular expression

2020-02-11 11:42:20 - [MESSAGE][PASSED] - All options with value 'Mr' are selected in object 'Object Repository/New Folder/Page_Checkatrade Give your feedback/select_MrMrsMissMsMr  MrsDrRevRevd'  using regular expression

2020-02-11 11:42:20 - [TEST_STEP][PASSED] - "--------------------": null

2020-02-11 11:42:20 - [TEST_STEP][PASSED] - "  Set  Name         |": null

2020-02-11 11:42:20 - [TEST_STEP][PASSED] - if (YD_Consumer_Customer == "Consumer"): Text 'Ron Smith' is set on object 'Object Repository/New Folder/Page_Checkatrade Give your feedback/input_Name_ctl00contenttbCustomerName'

2020-02-11 11:42:20 - [TEST_STEP][PASSED] - setText(findTestObject("Object Repository/New Folder/Page_Checkatrade Give your feedback/input_Name_ctl00contenttbCustomerName"), YD_Name): Text 'Ron Smith' is set on object 'Object Repository/New Folder/Page_Checkatrade Give your feedback/input_Name_ctl00contenttbCustomerName'

2020-02-11 11:42:20 - [MESSAGE][PASSED] - Text 'Ron Smith' is set on object 'Object Repository/New Folder/Page_Checkatrade Give your feedback/input_Name_ctl00contenttbCustomerName'

2020-02-11 11:42:20 - [TEST_STEP][PASSED] - "----------------------": null

2020-02-11 11:42:20 - [TEST_STEP][PASSED] - " Name of you company  |": null

2020-02-11 11:42:20 - [TEST_STEP][PASSED] - if (YD_Consumer_Customer == "Customer"): null

2020-02-11 11:42:20 - [TEST_STEP][PASSED] - "--------------------": null

2020-02-11 11:42:20 - [TEST_STEP][PASSED] - "  Set Postcode     |": null

2020-02-11 11:42:20 - [TEST_STEP][PASSED] - setText(findTestObject("Object Repository/New Folder/Page_Checkatrade Give your feedback/input_Your postcode_ctl00contentctlCustomerAddresstbPostcodeSearch"), YD_Postcode): Text 'PO12 2SD' is set on object 'Object Repository/New Folder/Page_Checkatrade Give your feedback/input_Your postcode_ctl00contentctlCustomerAddresstbPostcodeSearch'

2020-02-11 11:42:20 - [MESSAGE][PASSED] - Text 'PO12 2SD' is set on object 'Object Repository/New Folder/Page_Checkatrade Give your feedback/input_Your postcode_ctl00contentctlCustomerAddresstbPostcodeSearch'

2020-02-11 11:42:20 - [TEST_STEP][PASSED] - "-----------------------------": null

2020-02-11 11:42:20 - [TEST_STEP][PASSED] - "  Address Lookup Selection   |": null

2020-02-11 11:42:20 - [TEST_STEP][PASSED] - click(findTestObject("Object Repository/New Folder/Page_Checkatrade Give your feedback/input_Your postcode_ctl00contentctlCustomerAddressbtnPostcodeLookup")): Object: 'Object Repository/New Folder/Page_Checkatrade Give your feedback/input_Your postcode_ctl00contentctlCustomerAddressbtnPostcodeLookup' is clicked on

2020-02-11 11:42:21 - [MESSAGE][PASSED] - Object: 'Object Repository/New Folder/Page_Checkatrade Give your feedback/input_Your postcode_ctl00contentctlCustomerAddressbtnPostcodeLookup' is clicked on

2020-02-11 11:42:21 - [TEST_STEP][PASSED] - "-----------------------------": null

2020-02-11 11:42:21 - [TEST_STEP][PASSED] - "  Address Lookup Set         |": null

2020-02-11 11:42:21 - [TEST_STEP][PASSED] - selectOptionByLabel(findTestObject("Object Repository/New Folder/Page_Checkatrade Give your feedback/select_Please select your address"), YD_Verify_Address, true): All options with label '26 Broadsands Drive,Gosport,Hampshire,PO12 2SD' are selected in object 'Object Repository/New Folder/Page_Checkatrade Give your feedback/select_Please select your address'  using regular expression

2020-02-11 11:42:22 - [MESSAGE][PASSED] - All options with label '26 Broadsands Drive,Gosport,Hampshire,PO12 2SD' are selected in object 'Object Repository/New Folder/Page_Checkatrade Give your feedback/select_Please select your address'  using regular expression

2020-02-11 11:42:22 - [TEST_STEP][PASSED] - "-----------------------------": null

2020-02-11 11:42:22 - [TEST_STEP][PASSED] - "  Verify Returned Address    |": null

2020-02-11 11:42:22 - [TEST_STEP][PASSED] - verifyTextPresent(YD_Verify_Address, false): Text '26 Broadsands Drive,Gosport,Hampshire,PO12 2SD' is present on page 

2020-02-11 11:42:22 - [MESSAGE][PASSED] - Text '26 Broadsands Drive,Gosport,Hampshire,PO12 2SD' is present on page 

2020-02-11 11:42:22 - [MESSAGE][PASSED] - Call Test Case 'Test Cases/Reusable_Test_Sequences/Give_Feedback/Your_Details/Personal_Details_Formfill' successfully

2020-02-11 11:42:22 - [TEST_STEP][PASSED] - "-------------------------------------": null

2020-02-11 11:42:22 - [TEST_STEP][PASSED] - " Fil Contact Details                 |": null

2020-02-11 11:42:22 - [TEST_STEP][PASSED] - callTestCase(findTestCase("Reusable_Test_Sequences/Give_Feedback/Your_Details/Contact_Details_Formfill"), [:], STOP_ON_FAILURE): Call Test Case 'Test Cases/Reusable_Test_Sequences/Give_Feedback/Your_Details/Contact_Details_Formfill' successfully

2020-02-11 11:42:22 - [TEST_CASE][PASSED] - Test Cases/Reusable_Test_Sequences/Give_Feedback/Your_Details/Contact_Details_Formfill: Test Cases/Reusable_Test_Sequences/Give_Feedback/Your_Details/Contact_Details_Formfill

2020-02-11 11:42:23 - [TEST_STEP][PASSED] - "--------------------------------": null

2020-02-11 11:42:23 - [TEST_STEP][PASSED] - "Read data from spreadsheet      |": null

2020-02-11 11:42:23 - [TEST_STEP][PASSED] - data = findTestData("Data Files/Give_Feedback (1)"): null

2020-02-11 11:42:23 - [TEST_STEP][PASSED] - YD_Home_Phone = data.getValue("YD_Home_Phone", row): null

2020-02-11 11:42:23 - [TEST_STEP][PASSED] - YD_Name = data.getValue("YD_Name", row): null

2020-02-11 11:42:23 - [TEST_STEP][PASSED] - YD_Best_Contact_Time = data.getValue("YD_Best_Contact_Time", row): null

2020-02-11 11:42:23 - [TEST_STEP][PASSED] - YD_Email = data.getValue("YD_Email", row): null

2020-02-11 11:42:23 - [TEST_STEP][PASSED] - YD_Mobile = data.getValue("YD_Mobile", row): null

2020-02-11 11:42:23 - [TEST_STEP][PASSED] - YD_Consumer_Customer = data.getValue("YD_Consumer_Customer", row): null

2020-02-11 11:42:23 - [TEST_STEP][PASSED] - out.println("Your Experience, Your details, Set the " + YD_Home_Phone + " Text Box "): null

2020-02-11 11:42:23 - [TEST_STEP][PASSED] - "------------------------------": null

2020-02-11 11:42:23 - [TEST_STEP][PASSED] - "  Set Home Telephone Number   |": null

2020-02-11 11:42:23 - [TEST_STEP][PASSED] - setText(findTestObject("Object Repository/New Folder/Page_Checkatrade Give your feedback/input_Home telephone_ctl00contenttbCustomerHomePhone"), YD_Home_Phone): Text '02392123456' is set on object 'Object Repository/New Folder/Page_Checkatrade Give your feedback/input_Home telephone_ctl00contenttbCustomerHomePhone'

2020-02-11 11:42:23 - [MESSAGE][PASSED] - Text '02392123456' is set on object 'Object Repository/New Folder/Page_Checkatrade Give your feedback/input_Home telephone_ctl00contenttbCustomerHomePhone'

2020-02-11 11:42:23 - [TEST_STEP][PASSED] - "------------------------------": null

2020-02-11 11:42:23 - [TEST_STEP][PASSED] - "  Set Best Time to Contact    |": null

2020-02-11 11:42:23 - [TEST_STEP][PASSED] - if (YD_Consumer_Customer == "Consumer"): Text 'Any Tme' is set on object 'Object Repository/New Folder/Page_Checkatrade Give your feedback/input_Best time to contact you_ctl00contenttbCustomerContactTime'

2020-02-11 11:42:23 - [TEST_STEP][PASSED] - setText(findTestObject("Object Repository/New Folder/Page_Checkatrade Give your feedback/input_Best time to contact you_ctl00contenttbCustomerContactTime"), YD_Best_Contact_Time): Text 'Any Tme' is set on object 'Object Repository/New Folder/Page_Checkatrade Give your feedback/input_Best time to contact you_ctl00contenttbCustomerContactTime'

2020-02-11 11:42:23 - [MESSAGE][PASSED] - Text 'Any Tme' is set on object 'Object Repository/New Folder/Page_Checkatrade Give your feedback/input_Best time to contact you_ctl00contenttbCustomerContactTime'

2020-02-11 11:42:23 - [TEST_STEP][PASSED] - "------------------------------": null

2020-02-11 11:42:23 - [TEST_STEP][PASSED] - "  Set Email Address           |": null

2020-02-11 11:42:23 - [TEST_STEP][PASSED] - setText(findTestObject("Object Repository/New Folder/Page_Checkatrade Give your feedback/input_Email_ctl00contenttbCustomerEmail"), YD_Email): Text 'Test_xxxxxx@xdxdxdxd.com' is set on object 'Object Repository/New Folder/Page_Checkatrade Give your feedback/input_Email_ctl00contenttbCustomerEmail'

2020-02-11 11:42:24 - [MESSAGE][PASSED] - Text 'Test_xxxxxx@xdxdxdxd.com' is set on object 'Object Repository/New Folder/Page_Checkatrade Give your feedback/input_Email_ctl00contenttbCustomerEmail'

2020-02-11 11:42:24 - [TEST_STEP][PASSED] - "------------------------------": null

2020-02-11 11:42:24 - [TEST_STEP][PASSED] - "  Set Mobile Telephone Number |": null

2020-02-11 11:42:24 - [TEST_STEP][PASSED] - setText(findTestObject("Object Repository/New Folder/Page_Checkatrade Give your feedback/input_Mobile_ctl00contenttbCustomerMobile"), YD_Mobile): Text '07788123456' is set on object 'Object Repository/New Folder/Page_Checkatrade Give your feedback/input_Mobile_ctl00contenttbCustomerMobile'

2020-02-11 11:42:24 - [MESSAGE][PASSED] - Text '07788123456' is set on object 'Object Repository/New Folder/Page_Checkatrade Give your feedback/input_Mobile_ctl00contenttbCustomerMobile'

2020-02-11 11:42:24 - [MESSAGE][PASSED] - Call Test Case 'Test Cases/Reusable_Test_Sequences/Give_Feedback/Your_Details/Contact_Details_Formfill' successfully

2020-02-11 11:42:24 - [TEST_STEP][PASSED] - "-------------------------------------": null

2020-02-11 11:42:24 - [TEST_STEP][PASSED] - " CHeckatrade Questions               |": null

2020-02-11 11:42:24 - [TEST_STEP][PASSED] - callTestCase(findTestCase("Reusable_Test_Sequences/Give_Feedback/Your_Details/Checkatrade_Questions"), [:], STOP_ON_FAILURE): Call Test Case 'Test Cases/Reusable_Test_Sequences/Give_Feedback/Your_Details/Checkatrade_Questions' successfully

2020-02-11 11:42:24 - [TEST_CASE][PASSED] - Test Cases/Reusable_Test_Sequences/Give_Feedback/Your_Details/Checkatrade_Questions: Test Cases/Reusable_Test_Sequences/Give_Feedback/Your_Details/Checkatrade_Questions

2020-02-11 11:42:24 - [TEST_STEP][PASSED] - "--------------------------------": null

2020-02-11 11:42:24 - [TEST_STEP][PASSED] - "Read data from spreadsheet      |": null

2020-02-11 11:42:24 - [TEST_STEP][PASSED] - data = findTestData("Data Files/Give_Feedback (1)"): null

2020-02-11 11:42:24 - [TEST_STEP][PASSED] - YD_Feedback_Method = data.getValue("YD_Feedback_Method", row): null

2020-02-11 11:42:24 - [TEST_STEP][PASSED] - YD_How_Did_You_Hear = data.getValue("YD_How_Did_You_Hear", row): null

2020-02-11 11:42:24 - [TEST_STEP][PASSED] - YD_Other_Response = data.getValue("YD_Other_Response", row): null

2020-02-11 11:42:24 - [TEST_STEP][PASSED] - YD_Reason_For_Tradeperson_Selection = data.getValue("YD_Reason_For_Tradeperson_Selection", row): null

2020-02-11 11:42:24 - [TEST_STEP][PASSED] - YD_Receive_Chekatrade_Updates = data.getValue("YD_Receive_Chekatrade_Updates", row): null

2020-02-11 11:42:24 - [TEST_STEP][PASSED] - YD_Receive_Third_Party_Updates = data.getValue("YD_Receive_Third_Party_Updates", row): null

2020-02-11 11:42:24 - [TEST_STEP][PASSED] - out.println("Your Experience, Your details, Set the " + YD_Feedback_Method + " Text Box "): null

2020-02-11 11:42:24 - [TEST_STEP][PASSED] - "------------------------------------": null

2020-02-11 11:42:24 - [TEST_STEP][PASSED] - "  Set Verify Options - SMS OR Email |": null

2020-02-11 11:42:24 - [TEST_STEP][PASSED] - if (YD_Feedback_Method == "email"): Wait for page load successfully

2020-02-11 11:42:24 - [TEST_STEP][PASSED] - click(findTestObject("Object Repository/Page_Checkatrade Give your feedback/span_Verify by email")): Object: 'Object Repository/Page_Checkatrade Give your feedback/span_Verify by email' is clicked on

2020-02-11 11:42:25 - [MESSAGE][PASSED] - Object: 'Object Repository/Page_Checkatrade Give your feedback/span_Verify by email' is clicked on

2020-02-11 11:42:25 - [TEST_STEP][PASSED] - waitForPageLoad(2): Wait for page load successfully

2020-02-11 11:42:25 - [MESSAGE][PASSED] - Wait for page load successfully

2020-02-11 11:42:25 - [TEST_STEP][PASSED] - "--------------------------------------": null

2020-02-11 11:42:25 - [TEST_STEP][PASSED] - " Scroll to <Next> Button              |": null

2020-02-11 11:42:25 - [TEST_STEP][PASSED] - scrollToPosition(200, 0): Browser is scrolled to position x = 200, y = 0

2020-02-11 11:42:25 - [MESSAGE][PASSED] - Browser is scrolled to position x = 200, y = 0

2020-02-11 11:42:25 - [TEST_STEP][PASSED] - "--------------------------------------": null

2020-02-11 11:42:25 - [TEST_STEP][PASSED] - "  Set How You Heard About Checkatrade |": null

2020-02-11 11:42:25 - [TEST_STEP][PASSED] - waitForPageLoad(2): Wait for page load successfully

2020-02-11 11:42:25 - [MESSAGE][PASSED] - Wait for page load successfully

2020-02-11 11:42:25 - [TEST_STEP][PASSED] - selectOptionByLabel(findTestObject("Object Repository/Page_Checkatrade Give your feedback/select_Please selectTVRadioOnlineDirectoryWord"), YD_How_Did_You_Hear, true): All options with label 'Online' are selected in object 'Object Repository/Page_Checkatrade Give your feedback/select_Please selectTVRadioOnlineDirectoryWord'  using regular expression

2020-02-11 11:42:25 - [MESSAGE][PASSED] - All options with label 'Online' are selected in object 'Object Repository/Page_Checkatrade Give your feedback/select_Please selectTVRadioOnlineDirectoryWord'  using regular expression

2020-02-11 11:42:25 - [TEST_STEP][PASSED] - "--------------------------------------": null

2020-02-11 11:42:25 - [TEST_STEP][PASSED] - "  How did you hear about Textbox      |": null

2020-02-11 11:42:25 - [TEST_STEP][PASSED] - if (YD_How_Did_You_Hear == "Other"): null

2020-02-11 11:42:25 - [TEST_STEP][PASSED] - "--------------------------------------": null

2020-02-11 11:42:25 - [TEST_STEP][PASSED] - "  Why Use The Selected Tradesperson   |": null

2020-02-11 11:42:25 - [TEST_STEP][PASSED] - waitForElementClickable(findTestObject("Object Repository/New Folder/Page_Checkatrade Give your feedback/select_Prefer not to sayFound the Tradesperson via CheckatradecomDirected to Checkatradecom by the Tradesperson"), 2): Object 'Object Repository/New Folder/Page_Checkatrade Give your feedback/select_Prefer not to sayFound the Tradesperson via CheckatradecomDirected to Checkatradecom by the Tradesperson' is clickable

2020-02-11 11:42:25 - [MESSAGE][PASSED] - Object 'Object Repository/New Folder/Page_Checkatrade Give your feedback/select_Prefer not to sayFound the Tradesperson via CheckatradecomDirected to Checkatradecom by the Tradesperson' is clickable

2020-02-11 11:42:25 - [TEST_STEP][PASSED] - selectOptionByIndex(findTestObject("Object Repository/New Folder/Page_Checkatrade Give your feedback/select_Prefer not to sayFound the Tradesperson via CheckatradecomDirected to Checkatradecom by the Tradesperson"), 2): All options with index in [2] are selected on object 'Object Repository/New Folder/Page_Checkatrade Give your feedback/select_Prefer not to sayFound the Tradesperson via CheckatradecomDirected to Checkatradecom by the Tradesperson'

2020-02-11 11:42:26 - [MESSAGE][PASSED] - All options with index in [2] are selected on object 'Object Repository/New Folder/Page_Checkatrade Give your feedback/select_Prefer not to sayFound the Tradesperson via CheckatradecomDirected to Checkatradecom by the Tradesperson'

2020-02-11 11:42:26 - [TEST_STEP][PASSED] - waitForPageLoad(2): Wait for page load successfully

2020-02-11 11:42:26 - [MESSAGE][PASSED] - Wait for page load successfully

2020-02-11 11:42:26 - [TEST_STEP][PASSED] - "----------------------------------------------------": null

2020-02-11 11:42:26 - [TEST_STEP][PASSED] - " Select - I am happy to receive Updates - Checkatra |": null

2020-02-11 11:42:26 - [TEST_STEP][PASSED] - if (YD_Receive_Chekatrade_Updates == "Yes"): Wait for page load successfully

2020-02-11 11:42:26 - [TEST_STEP][PASSED] - click(findTestObject("Object Repository/New Folder/Page_Checkatrade Give your feedback/input_I am happy to receive updates from Checkatrade_ctl00contentchkEmailUpdates")): Object: 'Object Repository/New Folder/Page_Checkatrade Give your feedback/input_I am happy to receive updates from Checkatrade_ctl00contentchkEmailUpdates' is clicked on

2020-02-11 11:42:26 - [MESSAGE][PASSED] - Object: 'Object Repository/New Folder/Page_Checkatrade Give your feedback/input_I am happy to receive updates from Checkatrade_ctl00contentchkEmailUpdates' is clicked on

2020-02-11 11:42:26 - [TEST_STEP][PASSED] - waitForPageLoad(2): Wait for page load successfully

2020-02-11 11:42:26 - [MESSAGE][PASSED] - Wait for page load successfully

2020-02-11 11:42:26 - [TEST_STEP][PASSED] - "----------------------------------------------------": null

2020-02-11 11:42:26 - [TEST_STEP][PASSED] - " Select - I am happy to receive Updates - 3rd party |": null

2020-02-11 11:42:26 - [TEST_STEP][PASSED] - if (YD_Receive_Third_Party_Updates == "Yes"): Wait for page load successfully

2020-02-11 11:42:26 - [TEST_STEP][PASSED] - click(findTestObject("Object Repository/New Folder/Page_Checkatrade Give your feedback/label_I am happy to receive updates from selected third parties")): Object: 'Object Repository/New Folder/Page_Checkatrade Give your feedback/label_I am happy to receive updates from selected third parties' is clicked on

2020-02-11 11:42:26 - [MESSAGE][PASSED] - Object: 'Object Repository/New Folder/Page_Checkatrade Give your feedback/label_I am happy to receive updates from selected third parties' is clicked on

2020-02-11 11:42:26 - [TEST_STEP][PASSED] - waitForPageLoad(2): Wait for page load successfully

2020-02-11 11:42:26 - [MESSAGE][PASSED] - Wait for page load successfully

2020-02-11 11:42:26 - [TEST_STEP][PASSED] - "--------------------------------------": null

2020-02-11 11:42:26 - [TEST_STEP][PASSED] - "   SUBMIT Page                        |": null

2020-02-11 11:42:26 - [TEST_STEP][PASSED] - click(findTestObject("Object Repository/New Folder/Page_Checkatrade Give your feedback/input_here_ctl00contentButtonSubmit")): Object: 'Object Repository/New Folder/Page_Checkatrade Give your feedback/input_here_ctl00contentButtonSubmit' is clicked on

2020-02-11 11:42:28 - [MESSAGE][PASSED] - Object: 'Object Repository/New Folder/Page_Checkatrade Give your feedback/input_here_ctl00contentButtonSubmit' is clicked on

2020-02-11 11:42:28 - [TEST_STEP][PASSED] - waitForPageLoad(2): Wait for page load successfully

2020-02-11 11:42:28 - [MESSAGE][PASSED] - Wait for page load successfully

2020-02-11 11:42:28 - [MESSAGE][PASSED] - Call Test Case 'Test Cases/Reusable_Test_Sequences/Give_Feedback/Your_Details/Checkatrade_Questions' successfully

2020-02-11 11:42:28 - [MESSAGE][PASSED] - Call Test Case 'Test Cases/Reusable_Test_Sequences/Give_Feedback/Your_Details/Your_Details_Validation' successfully

2020-02-11 11:42:28 - [TEST_STEP][PASSED] - "--------------------------------------": null

2020-02-11 11:42:28 - [TEST_STEP][PASSED] - " Further Info (page 4) Processing     |": null

2020-02-11 11:42:28 - [TEST_STEP][PASSED] - callTestCase(findTestCase("Reusable_Test_Sequences/Give_Feedback/Further_Infomation/Further_Infomation_Validation"), [:], STOP_ON_FAILURE): Call Test Case 'Test Cases/Reusable_Test_Sequences/Give_Feedback/Further_Infomation/Further_Infomation_Validation' successfully

2020-02-11 11:42:28 - [TEST_CASE][PASSED] - Test Cases/Reusable_Test_Sequences/Give_Feedback/Further_Infomation/Further_Infomation_Validation: Test Cases/Reusable_Test_Sequences/Give_Feedback/Further_Infomation/Further_Infomation_Validation

2020-02-11 11:42:28 - [TEST_STEP][PASSED] - "--------------------------------": null

2020-02-11 11:42:28 - [TEST_STEP][PASSED] - " Set the Value of Work Textbox  |": null

2020-02-11 11:42:28 - [TEST_STEP][PASSED] - waitForElementPresent(findTestObject("Object Repository/New Folder1/Page_Checkatrade Give your feedback/input_Value Of Work_ctl00contenttbValueOfWork"), 25): Object 'Object Repository/New Folder1/Page_Checkatrade Give your feedback/input_Value Of Work_ctl00contenttbValueOfWork' is present

2020-02-11 11:42:28 - [MESSAGE][PASSED] - Object 'Object Repository/New Folder1/Page_Checkatrade Give your feedback/input_Value Of Work_ctl00contenttbValueOfWork' is present

2020-02-11 11:42:28 - [TEST_STEP][PASSED] - setText(findTestObject("Object Repository/New Folder1/Page_Checkatrade Give your feedback/input_Value Of Work_ctl00contenttbValueOfWork"), "0"): Text '0' is set on object 'Object Repository/New Folder1/Page_Checkatrade Give your feedback/input_Value Of Work_ctl00contenttbValueOfWork'

2020-02-11 11:42:28 - [MESSAGE][PASSED] - Text '0' is set on object 'Object Repository/New Folder1/Page_Checkatrade Give your feedback/input_Value Of Work_ctl00contenttbValueOfWork'

2020-02-11 11:42:28 - [TEST_STEP][PASSED] - "--------------------------------": null

2020-02-11 11:42:28 - [TEST_STEP][PASSED] - "Hit <Submit> button to Commit   |": null

2020-02-11 11:42:28 - [TEST_STEP][PASSED] - click(findTestObject("Object Repository/New Folder/Page_Checkatrade Give your feedback/input_Value Of Work_ctl00contentButton1")): Object: 'Object Repository/New Folder/Page_Checkatrade Give your feedback/input_Value Of Work_ctl00contentButton1' is clicked on

2020-02-11 11:43:21 - [MESSAGE][PASSED] - Object: 'Object Repository/New Folder/Page_Checkatrade Give your feedback/input_Value Of Work_ctl00contentButton1' is clicked on

2020-02-11 11:43:21 - [MESSAGE][PASSED] - Call Test Case 'Test Cases/Reusable_Test_Sequences/Give_Feedback/Further_Infomation/Further_Infomation_Validation' successfully

2020-02-11 11:43:21 - [TEST_STEP][PASSED] - "--------------------------------------": null

2020-02-11 11:43:21 - [TEST_STEP][PASSED] - " Thank You! (page 5) Processing       |": null

2020-02-11 11:43:21 - [TEST_STEP][PASSED] - callTestCase(findTestCase("Reusable_Test_Sequences/Give_Feedback/Final_Page"), [:], STOP_ON_FAILURE): Call Test Case 'Test Cases/Reusable_Test_Sequences/Give_Feedback/Final_Page' successfully

2020-02-11 11:43:22 - [TEST_CASE][PASSED] - Test Cases/Reusable_Test_Sequences/Give_Feedback/Final_Page: Test Cases/Reusable_Test_Sequences/Give_Feedback/Final_Page

2020-02-11 11:43:22 - [TEST_STEP][PASSED] - waitForPageLoad(2): Wait for page load successfully

2020-02-11 11:43:22 - [MESSAGE][PASSED] - Wait for page load successfully

2020-02-11 11:43:22 - [TEST_STEP][PASSED] - "--------------------------------": null

2020-02-11 11:43:22 - [TEST_STEP][PASSED] - "Read data from spreadsheet      |": null

2020-02-11 11:43:22 - [TEST_STEP][PASSED] - data = findTestData("Data Files/Give_Feedback (1)"): null

2020-02-11 11:43:22 - [TEST_STEP][PASSED] - Account_Verification_Name = data.getValue("Account_Verification_Name", row): null

2020-02-11 11:43:22 - [TEST_STEP][PASSED] - YE_Recommend = data.getValue("YE_Recommendations", row): null

2020-02-11 11:43:22 - [TEST_STEP][PASSED] - YE_Work_Carried_Out = data.getValue("YE_Work_Carried_Out", row): null

2020-02-11 11:43:22 - [TEST_STEP][PASSED] - waitForElementVisible(findTestObject("Object Repository/New Folder/Page_Checkatrade Give your feedback/a_Finish"), 60): Object 'Object Repository/New Folder/Page_Checkatrade Give your feedback/a_Finish' is visible

2020-02-11 11:43:22 - [MESSAGE][PASSED] - Object 'Object Repository/New Folder/Page_Checkatrade Give your feedback/a_Finish' is visible

2020-02-11 11:43:22 - [TEST_STEP][PASSED] - "------------------------------------": null

2020-02-11 11:43:22 - [TEST_STEP][PASSED] - "  Verify Page Detail                |": null

2020-02-11 11:43:22 - [TEST_STEP][PASSED] - if (YE_Recommend == "Yes"): Text 'Finish' is present on page 

2020-02-11 11:43:22 - [TEST_STEP][PASSED] - verifyTextPresent("A Checkatrade staff member will now review your feedback for", false): Text 'A Checkatrade staff member will now review your feedback for' is present on page 

2020-02-11 11:43:22 - [MESSAGE][PASSED] - Text 'A Checkatrade staff member will now review your feedback for' is present on page 

2020-02-11 11:43:22 - [TEST_STEP][PASSED] - verifyTextPresent(Account_Verification_Name, false): Text 'Test Account' is present on page 

2020-02-11 11:43:22 - [MESSAGE][PASSED] - Text 'Test Account' is present on page 

2020-02-11 11:43:22 - [TEST_STEP][PASSED] - verifyTextPresent("Finish", false): Text 'Finish' is present on page 

2020-02-11 11:43:22 - [MESSAGE][PASSED] - Text 'Finish' is present on page 

2020-02-11 11:43:22 - [TEST_STEP][PASSED] - verifyTextPresent("Thank you", true): Text 'Thank you' is present on page  using regular expression

2020-02-11 11:43:22 - [MESSAGE][PASSED] - Text 'Thank you' is present on page  using regular expression

2020-02-11 11:43:22 - [TEST_STEP][PASSED] - "------------------------------------": null

2020-02-11 11:43:22 - [TEST_STEP][PASSED] - "  Hit Finish                        |": null

2020-02-11 11:43:22 - [TEST_STEP][PASSED] - waitForElementClickable(findTestObject("Object Repository/New Folder/Page_Checkatrade Give your feedback/a_Finish"), 60): Object 'Object Repository/New Folder/Page_Checkatrade Give your feedback/a_Finish' is clickable

2020-02-11 11:43:23 - [MESSAGE][PASSED] - Object 'Object Repository/New Folder/Page_Checkatrade Give your feedback/a_Finish' is clickable

2020-02-11 11:43:23 - [TEST_STEP][PASSED] - click(findTestObject("Object Repository/New Folder/Page_Checkatrade Give your feedback/a_Finish")): Object: 'Object Repository/New Folder/Page_Checkatrade Give your feedback/a_Finish' is clicked on

2020-02-11 11:43:23 - [MESSAGE][PASSED] - Object: 'Object Repository/New Folder/Page_Checkatrade Give your feedback/a_Finish' is clicked on

2020-02-11 11:43:23 - [MESSAGE][PASSED] - Call Test Case 'Test Cases/Reusable_Test_Sequences/Give_Feedback/Final_Page' successfully

2020-02-11 11:43:23 - [TEST_STEP][PASSED] - "--------------------------------------": null

2020-02-11 11:43:23 - [TEST_STEP][PASSED] - " Processing Completion                |": null

2020-02-11 11:43:23 - [TEST_STEP][PASSED] - "--------------------------------------": null

2020-02-11 11:43:23 - [TEST_STEP][PASSED] - "--------------------------": null

2020-02-11 11:43:23 - [TEST_STEP][PASSED] - " Teardown - CLose Browser |": null

2020-02-11 11:43:23 - [TEST_STEP][PASSED] - callTestCase(findTestCase("Reusable_Test_Sequences/CAT_Teardown"), [:], OPTIONAL): Call Test Case 'Test Cases/Reusable_Test_Sequences/CAT_Teardown' successfully

2020-02-11 11:43:23 - [TEST_CASE][PASSED] - Test Cases/Reusable_Test_Sequences/CAT_Teardown: Test Cases/Reusable_Test_Sequences/CAT_Teardown

2020-02-11 11:43:24 - [TEST_STEP][PASSED] - closeBrowser(): Browser is closed

2020-02-11 11:43:25 - [MESSAGE][PASSED] - Browser is closed

2020-02-11 11:43:25 - [MESSAGE][PASSED] - Call Test Case 'Test Cases/Reusable_Test_Sequences/CAT_Teardown' successfully

2020-02-11 11:43:25 - [TEST_STEP][PASSED] - "--------------------------": null

2020-02-11 11:43:25 - [TEST_STEP][PASSED] - " Break Out of FOR Loop    |": null

2020-02-11 11:43:25 - [TEST_STEP][PASSED] - if (row > 1): null

2020-02-11 11:43:25 - [TEST_STEP][PASSED] - break: null]]></system-out>
         <system-err><![CDATA[]]></system-err>
      </testcase>
      <system-out><![CDATA[2020-02-11 11:41:18 - [TEST_SUITE][FAILED] - Give_Feedback: Test Cases/Give_Feedback/Give_Feedback FAILED.
Reason:
com.kms.katalon.core.exception.StepFailedException: Call Test Case 'Test Cases/Reusable_Test_Sequences/CAT_Setup' failed
	at com.kms.katalon.core.keyword.builtin.CallTestCaseKeyword$_callTestCase_closure1.doCall(CallTestCaseKeyword.groovy:63)
	at com.kms.katalon.core.keyword.builtin.CallTestCaseKeyword$_callTestCase_closure1.call(CallTestCaseKeyword.groovy)
	at com.kms.katalon.core.keyword.internal.KeywordMain.runKeyword(KeywordMain.groovy:68)
	at com.kms.katalon.core.keyword.builtin.CallTestCaseKeyword.callTestCase(CallTestCaseKeyword.groovy:81)
	at com.kms.katalon.core.keyword.builtin.CallTestCaseKeyword.execute(CallTestCaseKeyword.groovy:44)
	at com.kms.katalon.core.keyword.internal.KeywordExecutor.executeKeywordForPlatform(KeywordExecutor.groovy:72)
	at com.kms.katalon.core.keyword.BuiltinKeywords.callTestCase(BuiltinKeywords.groovy:334)
	at Give_Feedback.run(Give_Feedback:78)
	at com.kms.katalon.core.main.ScriptEngine.run(ScriptEngine.java:194)
	at com.kms.katalon.core.main.ScriptEngine.runScriptAsRawText(ScriptEngine.java:119)
	at com.kms.katalon.core.main.TestCaseExecutor.runScript(TestCaseExecutor.java:337)
	at com.kms.katalon.core.main.TestCaseExecutor.doExecute(TestCaseExecutor.java:328)
	at com.kms.katalon.core.main.TestCaseExecutor.processExecutionPhase(TestCaseExecutor.java:307)
	at com.kms.katalon.core.main.TestCaseExecutor.accessMainPhase(TestCaseExecutor.java:299)
	at com.kms.katalon.core.main.TestCaseExecutor.execute(TestCaseExecutor.java:233)
	at com.kms.katalon.core.main.TestSuiteExecutor.accessTestCaseMainPhase(TestSuiteExecutor.java:169)
	at com.kms.katalon.core.main.TestSuiteExecutor.accessTestSuiteMainPhase(TestSuiteExecutor.java:142)
	at com.kms.katalon.core.main.TestSuiteExecutor.execute(TestSuiteExecutor.java:91)
	at com.kms.katalon.core.main.TestCaseMain.startTestSuite(TestCaseMain.java:157)
	at com.kms.katalon.core.main.TestCaseMain$startTestSuite$0.call(Unknown Source)
	at TempTestSuite1581421264335.run(TempTestSuite1581421264335.groovy:36)
Caused by: com.kms.katalon.core.exception.StepFailedException: Text 'Cookie Policy' is present on page  (Root cause: com.kms.katalon.core.exception.StepFailedException: Text 'Cookie Policy' is present on page 
	at com.kms.katalon.core.webui.keyword.internal.WebUIKeywordMain.stepFailed(WebUIKeywordMain.groovy:64)
	at com.kms.katalon.core.webui.keyword.builtin.VerifyTextNotPresentKeyword$_verifyTextNotPresent_closure1.doCall(VerifyTextNotPresentKeyword.groovy:77)
	at com.kms.katalon.core.webui.keyword.builtin.VerifyTextNotPresentKeyword$_verifyTextNotPresent_closure1.call(VerifyTextNotPresentKeyword.groovy)
	at com.kms.katalon.core.webui.keyword.internal.WebUIKeywordMain.runKeyword(WebUIKeywordMain.groovy:20)
	at com.kms.katalon.core.webui.keyword.builtin.VerifyTextNotPresentKeyword.verifyTextNotPresent(VerifyTextNotPresentKeyword.groovy:82)
	at com.kms.katalon.core.webui.keyword.builtin.VerifyTextNotPresentKeyword.execute(VerifyTextNotPresentKeyword.groovy:68)
	at com.kms.katalon.core.keyword.internal.KeywordExecutor.executeKeywordForPlatform(KeywordExecutor.groovy:72)
	at com.kms.katalon.core.webui.keyword.WebUiBuiltInKeywords.verifyTextNotPresent(WebUiBuiltInKeywords.groovy:1726)
	at com.kms.katalon.core.webui.keyword.WebUiBuiltInKeywords$verifyTextNotPresent$4.call(Unknown Source)
	at CAT_Setup.run(CAT_Setup:174)
	at com.kms.katalon.core.main.ScriptEngine.run(ScriptEngine.java:194)
	at com.kms.katalon.core.main.ScriptEngine.runScriptAsRawText(ScriptEngine.java:119)
	at com.kms.katalon.core.main.TestCaseExecutor.runScript(TestCaseExecutor.java:337)
	at com.kms.katalon.core.main.TestCaseExecutor.doExecute(TestCaseExecutor.java:328)
	at com.kms.katalon.core.main.TestCaseExecutor.processExecutionPhase(TestCaseExecutor.java:307)
	at com.kms.katalon.core.main.TestCaseExecutor.accessMainPhase(TestCaseExecutor.java:299)
	at com.kms.katalon.core.main.TestCaseExecutor.execute(TestCaseExecutor.java:233)
	at com.kms.katalon.core.main.TestCaseMain.runTestCase(TestCaseMain.java:114)
	at com.kms.katalon.core.keyword.builtin.CallTestCaseKeyword$_callTestCase_closure1.doCall(CallTestCaseKeyword.groovy:59)
	at com.kms.katalon.core.keyword.builtin.CallTestCaseKeyword$_callTestCase_closure1.call(CallTestCaseKeyword.groovy)
	at com.kms.katalon.core.keyword.internal.KeywordMain.runKeyword(KeywordMain.groovy:68)
	at com.kms.katalon.core.keyword.builtin.CallTestCaseKeyword.callTestCase(CallTestCaseKeyword.groovy:81)
	at com.kms.katalon.core.keyword.builtin.CallTestCaseKeyword.execute(CallTestCaseKeyword.groovy:44)
	at com.kms.katalon.core.keyword.internal.KeywordExecutor.executeKeywordForPlatform(KeywordExecutor.groovy:72)
	at com.kms.katalon.core.keyword.BuiltinKeywords.callTestCase(BuiltinKeywords.groovy:334)
	at Give_Feedback.run(Give_Feedback:78)
	at com.kms.katalon.core.main.ScriptEngine.run(ScriptEngine.java:194)
	at com.kms.katalon.core.main.ScriptEngine.runScriptAsRawText(ScriptEngine.java:119)
	at com.kms.katalon.core.main.TestCaseExecutor.runScript(TestCaseExecutor.java:337)
	at com.kms.katalon.core.main.TestCaseExecutor.doExecute(TestCaseExecutor.java:328)
	at com.kms.katalon.core.main.TestCaseExecutor.processExecutionPhase(TestCaseExecutor.java:307)
	at com.kms.katalon.core.main.TestCaseExecutor.accessMainPhase(TestCaseExecutor.java:299)
	at com.kms.katalon.core.main.TestCaseExecutor.execute(TestCaseExecutor.java:233)
	at com.kms.katalon.core.main.TestSuiteExecutor.accessTestCaseMainPhase(TestSuiteExecutor.java:169)
	at com.kms.katalon.core.main.TestSuiteExecutor.accessTestSuiteMainPhase(TestSuiteExecutor.java:142)
	at com.kms.katalon.core.main.TestSuiteExecutor.execute(TestSuiteExecutor.java:91)
	at com.kms.katalon.core.main.TestCaseMain.startTestSuite(TestCaseMain.java:157)
	at com.kms.katalon.core.main.TestCaseMain$startTestSuite$0.call(Unknown Source)
	at TempTestSuite1581421264335.run(TempTestSuite1581421264335.groovy:36)
)
	at com.kms.katalon.core.keyword.internal.KeywordMain.stepFailed(KeywordMain.groovy:39)
	at com.kms.katalon.core.webui.keyword.internal.WebUIKeywordMain.stepFailed(WebUIKeywordMain.groovy:64)
	at com.kms.katalon.core.webui.keyword.builtin.VerifyTextNotPresentKeyword$_verifyTextNotPresent_closure1.doCall(VerifyTextNotPresentKeyword.groovy:77)
	at com.kms.katalon.core.webui.keyword.builtin.VerifyTextNotPresentKeyword$_verifyTextNotPresent_closure1.call(VerifyTextNotPresentKeyword.groovy)
	at com.kms.katalon.core.webui.keyword.internal.WebUIKeywordMain.runKeyword(WebUIKeywordMain.groovy:20)
	at com.kms.katalon.core.webui.keyword.builtin.VerifyTextNotPresentKeyword.verifyTextNotPresent(VerifyTextNotPresentKeyword.groovy:82)
	at com.kms.katalon.core.webui.keyword.builtin.VerifyTextNotPresentKeyword.execute(VerifyTextNotPresentKeyword.groovy:68)
	at com.kms.katalon.core.keyword.internal.KeywordExecutor.executeKeywordForPlatform(KeywordExecutor.groovy:72)
	at com.kms.katalon.core.webui.keyword.WebUiBuiltInKeywords.verifyTextNotPresent(WebUiBuiltInKeywords.groovy:1726)
	at com.kms.katalon.core.webui.keyword.WebUiBuiltInKeywords$verifyTextNotPresent$4.call(Unknown Source)
	at CAT_Setup.run(CAT_Setup:174)
	at com.kms.katalon.core.main.ScriptEngine.run(ScriptEngine.java:194)
	at com.kms.katalon.core.main.ScriptEngine.runScriptAsRawText(ScriptEngine.java:119)
	at com.kms.katalon.core.main.TestCaseExecutor.runScript(TestCaseExecutor.java:337)
	at com.kms.katalon.core.main.TestCaseExecutor.doExecute(TestCaseExecutor.java:328)
	at com.kms.katalon.core.main.TestCaseExecutor.processExecutionPhase(TestCaseExecutor.java:307)
	at com.kms.katalon.core.main.TestCaseExecutor.accessMainPhase(TestCaseExecutor.java:299)
	at com.kms.katalon.core.main.TestCaseExecutor.execute(TestCaseExecutor.java:233)
	at com.kms.katalon.core.main.TestCaseMain.runTestCase(TestCaseMain.java:114)
	at com.kms.katalon.core.keyword.builtin.CallTestCaseKeyword$_callTestCase_closure1.doCall(CallTestCaseKeyword.groovy:59)
	... 20 more
Caused by: com.kms.katalon.core.exception.StepFailedException: Text 'Cookie Policy' is present on page 
	... 39 more]]></system-out>
      <system-err><![CDATA[2020-02-11 11:41:18 - [TEST_SUITE][FAILED] - Give_Feedback: Test Cases/Give_Feedback/Give_Feedback FAILED.
Reason:
com.kms.katalon.core.exception.StepFailedException: Call Test Case 'Test Cases/Reusable_Test_Sequences/CAT_Setup' failed
	at com.kms.katalon.core.keyword.builtin.CallTestCaseKeyword$_callTestCase_closure1.doCall(CallTestCaseKeyword.groovy:63)
	at com.kms.katalon.core.keyword.builtin.CallTestCaseKeyword$_callTestCase_closure1.call(CallTestCaseKeyword.groovy)
	at com.kms.katalon.core.keyword.internal.KeywordMain.runKeyword(KeywordMain.groovy:68)
	at com.kms.katalon.core.keyword.builtin.CallTestCaseKeyword.callTestCase(CallTestCaseKeyword.groovy:81)
	at com.kms.katalon.core.keyword.builtin.CallTestCaseKeyword.execute(CallTestCaseKeyword.groovy:44)
	at com.kms.katalon.core.keyword.internal.KeywordExecutor.executeKeywordForPlatform(KeywordExecutor.groovy:72)
	at com.kms.katalon.core.keyword.BuiltinKeywords.callTestCase(BuiltinKeywords.groovy:334)
	at Give_Feedback.run(Give_Feedback:78)
	at com.kms.katalon.core.main.ScriptEngine.run(ScriptEngine.java:194)
	at com.kms.katalon.core.main.ScriptEngine.runScriptAsRawText(ScriptEngine.java:119)
	at com.kms.katalon.core.main.TestCaseExecutor.runScript(TestCaseExecutor.java:337)
	at com.kms.katalon.core.main.TestCaseExecutor.doExecute(TestCaseExecutor.java:328)
	at com.kms.katalon.core.main.TestCaseExecutor.processExecutionPhase(TestCaseExecutor.java:307)
	at com.kms.katalon.core.main.TestCaseExecutor.accessMainPhase(TestCaseExecutor.java:299)
	at com.kms.katalon.core.main.TestCaseExecutor.execute(TestCaseExecutor.java:233)
	at com.kms.katalon.core.main.TestSuiteExecutor.accessTestCaseMainPhase(TestSuiteExecutor.java:169)
	at com.kms.katalon.core.main.TestSuiteExecutor.accessTestSuiteMainPhase(TestSuiteExecutor.java:142)
	at com.kms.katalon.core.main.TestSuiteExecutor.execute(TestSuiteExecutor.java:91)
	at com.kms.katalon.core.main.TestCaseMain.startTestSuite(TestCaseMain.java:157)
	at com.kms.katalon.core.main.TestCaseMain$startTestSuite$0.call(Unknown Source)
	at TempTestSuite1581421264335.run(TempTestSuite1581421264335.groovy:36)
Caused by: com.kms.katalon.core.exception.StepFailedException: Text 'Cookie Policy' is present on page  (Root cause: com.kms.katalon.core.exception.StepFailedException: Text 'Cookie Policy' is present on page 
	at com.kms.katalon.core.webui.keyword.internal.WebUIKeywordMain.stepFailed(WebUIKeywordMain.groovy:64)
	at com.kms.katalon.core.webui.keyword.builtin.VerifyTextNotPresentKeyword$_verifyTextNotPresent_closure1.doCall(VerifyTextNotPresentKeyword.groovy:77)
	at com.kms.katalon.core.webui.keyword.builtin.VerifyTextNotPresentKeyword$_verifyTextNotPresent_closure1.call(VerifyTextNotPresentKeyword.groovy)
	at com.kms.katalon.core.webui.keyword.internal.WebUIKeywordMain.runKeyword(WebUIKeywordMain.groovy:20)
	at com.kms.katalon.core.webui.keyword.builtin.VerifyTextNotPresentKeyword.verifyTextNotPresent(VerifyTextNotPresentKeyword.groovy:82)
	at com.kms.katalon.core.webui.keyword.builtin.VerifyTextNotPresentKeyword.execute(VerifyTextNotPresentKeyword.groovy:68)
	at com.kms.katalon.core.keyword.internal.KeywordExecutor.executeKeywordForPlatform(KeywordExecutor.groovy:72)
	at com.kms.katalon.core.webui.keyword.WebUiBuiltInKeywords.verifyTextNotPresent(WebUiBuiltInKeywords.groovy:1726)
	at com.kms.katalon.core.webui.keyword.WebUiBuiltInKeywords$verifyTextNotPresent$4.call(Unknown Source)
	at CAT_Setup.run(CAT_Setup:174)
	at com.kms.katalon.core.main.ScriptEngine.run(ScriptEngine.java:194)
	at com.kms.katalon.core.main.ScriptEngine.runScriptAsRawText(ScriptEngine.java:119)
	at com.kms.katalon.core.main.TestCaseExecutor.runScript(TestCaseExecutor.java:337)
	at com.kms.katalon.core.main.TestCaseExecutor.doExecute(TestCaseExecutor.java:328)
	at com.kms.katalon.core.main.TestCaseExecutor.processExecutionPhase(TestCaseExecutor.java:307)
	at com.kms.katalon.core.main.TestCaseExecutor.accessMainPhase(TestCaseExecutor.java:299)
	at com.kms.katalon.core.main.TestCaseExecutor.execute(TestCaseExecutor.java:233)
	at com.kms.katalon.core.main.TestCaseMain.runTestCase(TestCaseMain.java:114)
	at com.kms.katalon.core.keyword.builtin.CallTestCaseKeyword$_callTestCase_closure1.doCall(CallTestCaseKeyword.groovy:59)
	at com.kms.katalon.core.keyword.builtin.CallTestCaseKeyword$_callTestCase_closure1.call(CallTestCaseKeyword.groovy)
	at com.kms.katalon.core.keyword.internal.KeywordMain.runKeyword(KeywordMain.groovy:68)
	at com.kms.katalon.core.keyword.builtin.CallTestCaseKeyword.callTestCase(CallTestCaseKeyword.groovy:81)
	at com.kms.katalon.core.keyword.builtin.CallTestCaseKeyword.execute(CallTestCaseKeyword.groovy:44)
	at com.kms.katalon.core.keyword.internal.KeywordExecutor.executeKeywordForPlatform(KeywordExecutor.groovy:72)
	at com.kms.katalon.core.keyword.BuiltinKeywords.callTestCase(BuiltinKeywords.groovy:334)
	at Give_Feedback.run(Give_Feedback:78)
	at com.kms.katalon.core.main.ScriptEngine.run(ScriptEngine.java:194)
	at com.kms.katalon.core.main.ScriptEngine.runScriptAsRawText(ScriptEngine.java:119)
	at com.kms.katalon.core.main.TestCaseExecutor.runScript(TestCaseExecutor.java:337)
	at com.kms.katalon.core.main.TestCaseExecutor.doExecute(TestCaseExecutor.java:328)
	at com.kms.katalon.core.main.TestCaseExecutor.processExecutionPhase(TestCaseExecutor.java:307)
	at com.kms.katalon.core.main.TestCaseExecutor.accessMainPhase(TestCaseExecutor.java:299)
	at com.kms.katalon.core.main.TestCaseExecutor.execute(TestCaseExecutor.java:233)
	at com.kms.katalon.core.main.TestSuiteExecutor.accessTestCaseMainPhase(TestSuiteExecutor.java:169)
	at com.kms.katalon.core.main.TestSuiteExecutor.accessTestSuiteMainPhase(TestSuiteExecutor.java:142)
	at com.kms.katalon.core.main.TestSuiteExecutor.execute(TestSuiteExecutor.java:91)
	at com.kms.katalon.core.main.TestCaseMain.startTestSuite(TestCaseMain.java:157)
	at com.kms.katalon.core.main.TestCaseMain$startTestSuite$0.call(Unknown Source)
	at TempTestSuite1581421264335.run(TempTestSuite1581421264335.groovy:36)
)
	at com.kms.katalon.core.keyword.internal.KeywordMain.stepFailed(KeywordMain.groovy:39)
	at com.kms.katalon.core.webui.keyword.internal.WebUIKeywordMain.stepFailed(WebUIKeywordMain.groovy:64)
	at com.kms.katalon.core.webui.keyword.builtin.VerifyTextNotPresentKeyword$_verifyTextNotPresent_closure1.doCall(VerifyTextNotPresentKeyword.groovy:77)
	at com.kms.katalon.core.webui.keyword.builtin.VerifyTextNotPresentKeyword$_verifyTextNotPresent_closure1.call(VerifyTextNotPresentKeyword.groovy)
	at com.kms.katalon.core.webui.keyword.internal.WebUIKeywordMain.runKeyword(WebUIKeywordMain.groovy:20)
	at com.kms.katalon.core.webui.keyword.builtin.VerifyTextNotPresentKeyword.verifyTextNotPresent(VerifyTextNotPresentKeyword.groovy:82)
	at com.kms.katalon.core.webui.keyword.builtin.VerifyTextNotPresentKeyword.execute(VerifyTextNotPresentKeyword.groovy:68)
	at com.kms.katalon.core.keyword.internal.KeywordExecutor.executeKeywordForPlatform(KeywordExecutor.groovy:72)
	at com.kms.katalon.core.webui.keyword.WebUiBuiltInKeywords.verifyTextNotPresent(WebUiBuiltInKeywords.groovy:1726)
	at com.kms.katalon.core.webui.keyword.WebUiBuiltInKeywords$verifyTextNotPresent$4.call(Unknown Source)
	at CAT_Setup.run(CAT_Setup:174)
	at com.kms.katalon.core.main.ScriptEngine.run(ScriptEngine.java:194)
	at com.kms.katalon.core.main.ScriptEngine.runScriptAsRawText(ScriptEngine.java:119)
	at com.kms.katalon.core.main.TestCaseExecutor.runScript(TestCaseExecutor.java:337)
	at com.kms.katalon.core.main.TestCaseExecutor.doExecute(TestCaseExecutor.java:328)
	at com.kms.katalon.core.main.TestCaseExecutor.processExecutionPhase(TestCaseExecutor.java:307)
	at com.kms.katalon.core.main.TestCaseExecutor.accessMainPhase(TestCaseExecutor.java:299)
	at com.kms.katalon.core.main.TestCaseExecutor.execute(TestCaseExecutor.java:233)
	at com.kms.katalon.core.main.TestCaseMain.runTestCase(TestCaseMain.java:114)
	at com.kms.katalon.core.keyword.builtin.CallTestCaseKeyword$_callTestCase_closure1.doCall(CallTestCaseKeyword.groovy:59)
	... 20 more
Caused by: com.kms.katalon.core.exception.StepFailedException: Text 'Cookie Policy' is present on page 
	... 39 more]]></system-err>
   </testsuite>
</testsuites>
