<?xml version="1.0" encoding="UTF-8"?>
<testsuites name="Web_Office_Top_Level" time="156.005" tests="4" failures="0" errors="1">
   <testsuite name="Web_Office_Top_Level" tests="4" failures="0" errors="1" time="156.005" timestamp="2019-11-28 15:33:57" hostname="DavidHo - VETTEDSP36RF.check.local" id="Test Suites/Web_Office_Top_Level">
      <properties>
         <property name="deviceName" value=""/>
         <property name="devicePlatform" value=""/>
         <property name="logFolder" value="C:\\Users\\davidho\\Katalon Studio\\Start\\Reports\\20191128_152304\\Web_Office_Top_Level\\20191128_152321"/>
         <property name="logFiles" value="C:\\Users\\davidho\\Katalon Studio\\Start\\Reports\\20191128_152304\\Web_Office_Top_Level\\20191128_152321\\execution0.log"/>
         <property name="attachments" value=""/>
         <property name="hostName" value="DavidHo - VETTEDSP36RF.check.local"/>
         <property name="os" value="Windows 10 32bit"/>
         <property name="katalonVersion" value="7.1.0.1"/>
         <property name="browser" value="Firefox 70.0"/>
         <property name="hostAddress" value="10.0.11.243"/>
         <property name="sessionId" value="d92cf2c3-ec8f-423a-b5bf-ca300cec4bad"/>
         <property name="seleniumVersion" value="3.141.59"/>
         <property name="proxyInformation" value="ProxyInformation{proxyOption=NO_PROXY, proxyServerType=HTTP, password=, proxyServerAddress=, proxyServerPort=0}"/>
         <property name="platform" value="Windows 10"/>
      </properties>
      <testcase name="Test Cases/Web_Office/Navigation_Checks/Companies/Companies_Top" time="102.596" classname="Test Cases/Web_Office/Navigation_Checks/Companies/Companies_Top" status="PASSED">
         <system-out><![CDATA[2019-11-28 15:33:58 - [TEST_CASE][PASSED] - Test Cases/Web_Office/Navigation_Checks/Companies/Companies_Top: Test Cases/Web_Office/Navigation_Checks/Companies/Companies_Top

2019-11-28 15:33:59 - [TEST_STEP][PASSED] - "--------------------------------------": null

2019-11-28 15:33:59 - [TEST_STEP][PASSED] - " Web Office StartUp                  |": null

2019-11-28 15:33:59 - [TEST_STEP][PASSED] - callTestCase(findTestCase("Reusable_Test_Sequences/Web_Office/Directives/WebOffice_StartUp"), [:], OPTIONAL): Call Test Case 'Test Cases/Reusable_Test_Sequences/Web_Office/Directives/WebOffice_StartUp' successfully

2019-11-28 15:34:00 - [TEST_CASE][PASSED] - Test Cases/Reusable_Test_Sequences/Web_Office/Directives/WebOffice_StartUp: Test Cases/Reusable_Test_Sequences/Web_Office/Directives/WebOffice_StartUp

2019-11-28 15:34:00 - [TEST_STEP][PASSED] - if (URL == "https://www.preview.checkatrade.com/"): null

2019-11-28 15:34:01 - [TEST_STEP][PASSED] - WebOfficeURL = "https://admin.preview.checkatrade.com/": null

2019-11-28 15:34:01 - [TEST_STEP][PASSED] - if (URL == "https://www.checkatrade.com/"): null

2019-11-28 15:34:01 - [TEST_STEP][PASSED] - "Set Function Area for "URL_Handler", URL Resolution": null

2019-11-28 15:34:01 - [TEST_STEP][PASSED] - "Do Some Magic with URL(s) See the comments within URL Handler ": null

2019-11-28 15:34:01 - [TEST_STEP][PASSED] - Username = "DavidHo": null

2019-11-28 15:34:01 - [TEST_STEP][PASSED] - Password = "Check123": null

2019-11-28 15:34:01 - [TEST_STEP][PASSED] - "------------------------------------------------": null

2019-11-28 15:34:01 - [TEST_STEP][PASSED] - "WebOfficeURL - Set from the ENVIRONMENT PROFILE ": null

2019-11-28 15:34:01 - [TEST_STEP][PASSED] - "OPEN BROWSER": null

2019-11-28 15:34:01 - [TEST_STEP][PASSED] - "eg - https://admin.preview.checkatrade.com/  ": null

2019-11-28 15:34:01 - [TEST_STEP][PASSED] - openBrowser(WebOfficeURL): Browser is opened with url: 'https://admin.preview.checkatrade.com/'

2019-11-28 15:34:02 - [MESSAGE][INFO] - Starting 'Firefox' driver

2019-11-28 15:34:02 - [MESSAGE][INFO] - Action delay is set to 0 seconds

2019-11-28 15:34:12 - [MESSAGE][PASSED] - Browser is opened with url: 'https://admin.preview.checkatrade.com/'

2019-11-28 15:34:12 - [TEST_STEP][PASSED] - maximizeWindow(): Current window maximized

2019-11-28 15:34:12 - [MESSAGE][PASSED] - Current window maximized

2019-11-28 15:34:12 - [TEST_STEP][PASSED] - waitForElementClickable(findTestObject("Object Repository/WebOffice/Page_Checkatrade - Administration - Login/Login_Button"), 25): Object 'Object Repository/WebOffice/Page_Checkatrade - Administration - Login/Login_Button' is clickable

2019-11-28 15:34:12 - [MESSAGE][PASSED] - Object 'Object Repository/WebOffice/Page_Checkatrade - Administration - Login/Login_Button' is clickable

2019-11-28 15:34:12 - [TEST_STEP][PASSED] - verifyTextPresent("Checkatrade Web Office", false): Text 'Checkatrade Web Office' is present on page 

2019-11-28 15:34:12 - [MESSAGE][PASSED] - Text 'Checkatrade Web Office' is present on page 

2019-11-28 15:34:12 - [TEST_STEP][PASSED] - verifyTextPresent("Access for staff use only", false): Text 'Access for staff use only' is present on page 

2019-11-28 15:34:12 - [MESSAGE][PASSED] - Text 'Access for staff use only' is present on page 

2019-11-28 15:34:12 - [TEST_STEP][PASSED] - verifyTextPresent("Forgotten password?", false): Text 'Forgotten password?' is present on page 

2019-11-28 15:34:13 - [MESSAGE][PASSED] - Text 'Forgotten password?' is present on page 

2019-11-28 15:34:13 - [TEST_STEP][PASSED] - setText(findTestObject("Object Repository/WebOffice/Page_Checkatrade - Administration - Login/input_Username_LoginControlUserName"), Username): Text 'DavidHo' is set on object 'Object Repository/WebOffice/Page_Checkatrade - Administration - Login/input_Username_LoginControlUserName'

2019-11-28 15:34:13 - [MESSAGE][PASSED] - Text 'DavidHo' is set on object 'Object Repository/WebOffice/Page_Checkatrade - Administration - Login/input_Username_LoginControlUserName'

2019-11-28 15:34:13 - [TEST_STEP][PASSED] - setText(findTestObject("Object Repository/WebOffice/Page_Checkatrade - Administration - Login/input_Password_LoginControlPassword"), Password): Text 'Check123' is set on object 'Object Repository/WebOffice/Page_Checkatrade - Administration - Login/input_Password_LoginControlPassword'

2019-11-28 15:34:13 - [MESSAGE][PASSED] - Text 'Check123' is set on object 'Object Repository/WebOffice/Page_Checkatrade - Administration - Login/input_Password_LoginControlPassword'

2019-11-28 15:34:13 - [TEST_STEP][PASSED] - click(findTestObject("Object Repository/WebOffice/Page_Checkatrade - Administration - Login/Login_Button")): Object: 'Object Repository/WebOffice/Page_Checkatrade - Administration - Login/Login_Button' is clicked on

2019-11-28 15:34:14 - [MESSAGE][PASSED] - Object: 'Object Repository/WebOffice/Page_Checkatrade - Administration - Login/Login_Button' is clicked on

2019-11-28 15:34:14 - [TEST_STEP][PASSED] - waitForPageLoad(60): Wait for page load successfully

2019-11-28 15:34:14 - [MESSAGE][PASSED] - Wait for page load successfully

2019-11-28 15:34:14 - [TEST_STEP][PASSED] - verifyTextPresent("Welcome " + Username, false): Text 'Welcome DavidHo' is present on page 

2019-11-28 15:34:17 - [MESSAGE][PASSED] - Text 'Welcome DavidHo' is present on page 

2019-11-28 15:34:17 - [MESSAGE][INFO] - =================== Smart XPath Report =======================

2019-11-28 15:34:17 - [MESSAGE][INFO] - Refer to the link below to preview and approve auto healing on broken test objects.

2019-11-28 15:34:17 - [MESSAGE][INFO] - https://docs.katalon.com/katalon-studio/docs/auto-healing-smart-xpath.html

2019-11-28 15:34:17 - [MESSAGE][INFO] - ===============================================================

2019-11-28 15:34:17 - [MESSAGE][PASSED] - Call Test Case 'Test Cases/Reusable_Test_Sequences/Web_Office/Directives/WebOffice_StartUp' successfully

2019-11-28 15:34:17 - [TEST_STEP][PASSED] - "--------------------------------------": null

2019-11-28 15:34:17 - [TEST_STEP][PASSED] - " Navigate Top level menu Item         |": null

2019-11-28 15:34:17 - [TEST_STEP][PASSED] - delay(5): Delayed 5 second(s)

2019-11-28 15:34:22 - [MESSAGE][PASSED] - Delayed 5 second(s)

2019-11-28 15:34:22 - [TEST_STEP][PASSED] - waitForPageLoad(60): Wait for page load successfully

2019-11-28 15:34:22 - [MESSAGE][PASSED] - Wait for page load successfully

2019-11-28 15:34:22 - [TEST_STEP][PASSED] - waitForElementClickable(findTestObject("Object Repository/WebOffice_Home_page/a_Companies"), 60): Object 'Object Repository/WebOffice_Home_page/a_Companies' is clickable

2019-11-28 15:34:22 - [MESSAGE][PASSED] - Object 'Object Repository/WebOffice_Home_page/a_Companies' is clickable

2019-11-28 15:34:22 - [TEST_STEP][PASSED] - click(findTestObject("Object Repository/WebOffice_Home_page/a_Companies")): Object: 'Object Repository/WebOffice_Home_page/a_Companies' is clicked on

2019-11-28 15:34:27 - [MESSAGE][PASSED] - Object: 'Object Repository/WebOffice_Home_page/a_Companies' is clicked on

2019-11-28 15:34:27 - [TEST_STEP][PASSED] - waitForElementClickable(findTestObject("Object Repository/WebOffice/Companies_Top/Page_/span_Advanced Search"), 120): Object 'Object Repository/WebOffice/Companies_Top/Page_/span_Advanced Search' is clickable

2019-11-28 15:34:28 - [MESSAGE][PASSED] - Object 'Object Repository/WebOffice/Companies_Top/Page_/span_Advanced Search' is clickable

2019-11-28 15:34:28 - [TEST_STEP][PASSED] - "--------------------------------------": null

2019-11-28 15:34:28 - [TEST_STEP][PASSED] - " Verify Returned Page Content         |": null

2019-11-28 15:34:28 - [TEST_STEP][PASSED] - verifyTextPresent("Members  >  All Members", false): Text 'Members  >  All Members' is present on page 

2019-11-28 15:34:34 - [MESSAGE][PASSED] - Text 'Members  >  All Members' is present on page 

2019-11-28 15:34:34 - [TEST_STEP][PASSED] - verifyTextPresent("Next", false): Text 'Next' is present on page 

2019-11-28 15:34:38 - [MESSAGE][PASSED] - Text 'Next' is present on page 

2019-11-28 15:34:38 - [TEST_STEP][PASSED] - verifyTextPresent("Show", false): Text 'Show' is present on page 

2019-11-28 15:34:42 - [MESSAGE][PASSED] - Text 'Show' is present on page 

2019-11-28 15:34:42 - [TEST_STEP][PASSED] - verifyTextPresent("per page", false): Text 'per page' is present on page 

2019-11-28 15:34:44 - [MESSAGE][PASSED] - Text 'per page' is present on page 

2019-11-28 15:34:44 - [TEST_STEP][PASSED] - verifyTextPresent("Displaying 1 to 25 from", false): Text 'Displaying 1 to 25 from' is present on page 

2019-11-28 15:34:46 - [MESSAGE][PASSED] - Text 'Displaying 1 to 25 from' is present on page 

2019-11-28 15:34:46 - [TEST_STEP][PASSED] - verifyTextPresent("Astra Clean", false): Text 'Astra Clean' is present on page 

2019-11-28 15:34:50 - [MESSAGE][PASSED] - Text 'Astra Clean' is present on page 

2019-11-28 15:34:50 - [TEST_STEP][PASSED] - verifyTextPresent("124", false): Text '124' is present on page 

2019-11-28 15:34:53 - [MESSAGE][PASSED] - Text '124' is present on page 

2019-11-28 15:34:53 - [TEST_STEP][PASSED] - verifyTextPresent("Chichester", false): Text 'Chichester' is present on page 

2019-11-28 15:34:56 - [MESSAGE][PASSED] - Text 'Chichester' is present on page 

2019-11-28 15:34:56 - [TEST_STEP][PASSED] - verifyTextPresent("West Sussex", false): Text 'West Sussex' is present on page 

2019-11-28 15:34:59 - [MESSAGE][PASSED] - Text 'West Sussex' is present on page 

2019-11-28 15:34:59 - [TEST_STEP][PASSED] - verifyTextPresent("CARPET & UPHOLSTERY CLEANING", false): Text 'CARPET & UPHOLSTERY CLEANING' is present on page 

2019-11-28 15:35:03 - [MESSAGE][PASSED] - Text 'CARPET & UPHOLSTERY CLEANING' is present on page 

2019-11-28 15:35:03 - [TEST_STEP][PASSED] - verifyTextPresent("MA Department", false): Text 'MA Department' is present on page 

2019-11-28 15:35:05 - [MESSAGE][PASSED] - Text 'MA Department' is present on page 

2019-11-28 15:35:05 - [TEST_STEP][PASSED] - verifyTextPresent("Mailmerge", false): Text 'Mailmerge' is present on page 

2019-11-28 15:35:06 - [MESSAGE][PASSED] - Text 'Mailmerge' is present on page 

2019-11-28 15:35:06 - [TEST_STEP][PASSED] - verifyTextPresent("Export Email Addresses", false): Text 'Export Email Addresses' is present on page 

2019-11-28 15:35:08 - [MESSAGE][PASSED] - Text 'Export Email Addresses' is present on page 

2019-11-28 15:35:08 - [TEST_STEP][PASSED] - verifyTextPresent("Bulk Export Email Addresses", false): Text 'Bulk Export Email Addresses' is present on page 

2019-11-28 15:35:10 - [MESSAGE][PASSED] - Text 'Bulk Export Email Addresses' is present on page 

2019-11-28 15:35:10 - [TEST_STEP][PASSED] - verifyTextPresent("Export Mobile Numbers", false): Text 'Export Mobile Numbers' is present on page 

2019-11-28 15:35:13 - [MESSAGE][PASSED] - Text 'Export Mobile Numbers' is present on page 

2019-11-28 15:35:13 - [TEST_STEP][PASSED] - verifyTextPresent("Show results on map", false): Text 'Show results on map' is present on page 

2019-11-28 15:35:16 - [MESSAGE][PASSED] - Text 'Show results on map' is present on page 

2019-11-28 15:35:16 - [TEST_STEP][PASSED] - verifyTextPresent("Open Map in new Window (with All Results)", false): Text 'Open Map in new Window (with All Results)' is present on page 

2019-11-28 15:35:18 - [MESSAGE][PASSED] - Text 'Open Map in new Window (with All Results)' is present on page 

2019-11-28 15:35:18 - [TEST_STEP][PASSED] - verifyTextPresent("All Companies", false): Text 'All Companies' is present on page 

2019-11-28 15:35:21 - [MESSAGE][PASSED] - Text 'All Companies' is present on page 

2019-11-28 15:35:21 - [TEST_STEP][PASSED] - verifyTextPresent("Members", false): Text 'Members' is present on page 

2019-11-28 15:35:24 - [MESSAGE][PASSED] - Text 'Members' is present on page 

2019-11-28 15:35:24 - [TEST_STEP][PASSED] - verifyTextPresent("Non-Members", false): Text 'Non-Members' is present on page 

2019-11-28 15:35:26 - [MESSAGE][PASSED] - Text 'Non-Members' is present on page 

2019-11-28 15:35:26 - [TEST_STEP][PASSED] - verifyTextPresent("Search By", false): Text 'Search By' is present on page 

2019-11-28 15:35:28 - [MESSAGE][PASSED] - Text 'Search By' is present on page 

2019-11-28 15:35:28 - [TEST_STEP][PASSED] - verifyTextPresent("Mobile", false): Text 'Mobile' is present on page 

2019-11-28 15:35:30 - [MESSAGE][PASSED] - Text 'Mobile' is present on page 

2019-11-28 15:35:30 - [TEST_STEP][PASSED] - verifyTextPresent("Filter", false): Text 'Filter' is present on page 

2019-11-28 15:35:32 - [MESSAGE][PASSED] - Text 'Filter' is present on page 

2019-11-28 15:35:32 - [TEST_STEP][PASSED] - verifyTextPresent("Trader ID", false): Text 'Trader ID' is present on page 

2019-11-28 15:35:33 - [MESSAGE][PASSED] - Text 'Trader ID' is present on page 

2019-11-28 15:35:33 - [TEST_STEP][PASSED] - verifyTextPresent("More Options", false): Text 'More Options' is present on page 

2019-11-28 15:35:35 - [MESSAGE][PASSED] - Text 'More Options' is present on page 

2019-11-28 15:35:35 - [TEST_STEP][PASSED] - verifyTextPresent("Apply", false): Text 'Apply' is present on page 

2019-11-28 15:35:36 - [MESSAGE][PASSED] - Text 'Apply' is present on page 

2019-11-28 15:35:36 - [TEST_STEP][PASSED] - verifyTextPresent("Clear", false): Text 'Clear' is present on page 

2019-11-28 15:35:38 - [MESSAGE][PASSED] - Text 'Clear' is present on page 

2019-11-28 15:35:38 - [TEST_STEP][PASSED] - verifyTextPresent("Advanced Search", false): Text 'Advanced Search' is present on page 

2019-11-28 15:35:39 - [MESSAGE][PASSED] - Text 'Advanced Search' is present on page 

2019-11-28 15:35:39 - [TEST_STEP][PASSED] - "--------------------------": null

2019-11-28 15:35:39 - [TEST_STEP][PASSED] - " Teardown - CLose Browser |": null

2019-11-28 15:35:39 - [TEST_STEP][PASSED] - callTestCase(findTestCase("Reusable_Test_Sequences/CAT_Teardown"), [:], OPTIONAL): Call Test Case 'Test Cases/Reusable_Test_Sequences/CAT_Teardown' successfully

2019-11-28 15:35:39 - [TEST_CASE][PASSED] - Test Cases/Reusable_Test_Sequences/CAT_Teardown: Test Cases/Reusable_Test_Sequences/CAT_Teardown

2019-11-28 15:35:39 - [TEST_STEP][PASSED] - closeBrowser(): Browser is closed

2019-11-28 15:35:41 - [MESSAGE][PASSED] - Browser is closed

2019-11-28 15:35:41 - [MESSAGE][INFO] - =================== Smart XPath Report =======================

2019-11-28 15:35:41 - [MESSAGE][INFO] - Refer to the link below to preview and approve auto healing on broken test objects.

2019-11-28 15:35:41 - [MESSAGE][INFO] - https://docs.katalon.com/katalon-studio/docs/auto-healing-smart-xpath.html

2019-11-28 15:35:41 - [MESSAGE][INFO] - ===============================================================

2019-11-28 15:35:41 - [MESSAGE][PASSED] - Call Test Case 'Test Cases/Reusable_Test_Sequences/CAT_Teardown' successfully]]></system-out>
         <system-err><![CDATA[]]></system-err>
      </testcase>
      <testcase name="Test Cases/Web_Office/Navigation_Checks/Directories/Directories_Top" time="22.055" classname="Test Cases/Web_Office/Navigation_Checks/Directories/Directories_Top" status="PASSED">
         <system-out><![CDATA[2019-11-28 15:35:41 - [TEST_CASE][PASSED] - Test Cases/Web_Office/Navigation_Checks/Directories/Directories_Top: Test Cases/Web_Office/Navigation_Checks/Directories/Directories_Top

2019-11-28 15:35:41 - [TEST_STEP][PASSED] - "--------------------------------------": null

2019-11-28 15:35:41 - [TEST_STEP][PASSED] - " Web Office StartUp                  |": null

2019-11-28 15:35:41 - [TEST_STEP][PASSED] - callTestCase(findTestCase("Reusable_Test_Sequences/Web_Office/Directives/WebOffice_StartUp"), [:], OPTIONAL): Call Test Case 'Test Cases/Reusable_Test_Sequences/Web_Office/Directives/WebOffice_StartUp' successfully

2019-11-28 15:35:41 - [TEST_CASE][PASSED] - Test Cases/Reusable_Test_Sequences/Web_Office/Directives/WebOffice_StartUp: Test Cases/Reusable_Test_Sequences/Web_Office/Directives/WebOffice_StartUp

2019-11-28 15:35:41 - [TEST_STEP][PASSED] - if (URL == "https://www.preview.checkatrade.com/"): null

2019-11-28 15:35:41 - [TEST_STEP][PASSED] - WebOfficeURL = "https://admin.preview.checkatrade.com/": null

2019-11-28 15:35:41 - [TEST_STEP][PASSED] - if (URL == "https://www.checkatrade.com/"): null

2019-11-28 15:35:41 - [TEST_STEP][PASSED] - "Set Function Area for "URL_Handler", URL Resolution": null

2019-11-28 15:35:41 - [TEST_STEP][PASSED] - "Do Some Magic with URL(s) See the comments within URL Handler ": null

2019-11-28 15:35:41 - [TEST_STEP][PASSED] - Username = "DavidHo": null

2019-11-28 15:35:41 - [TEST_STEP][PASSED] - Password = "Check123": null

2019-11-28 15:35:41 - [TEST_STEP][PASSED] - "------------------------------------------------": null

2019-11-28 15:35:41 - [TEST_STEP][PASSED] - "WebOfficeURL - Set from the ENVIRONMENT PROFILE ": null

2019-11-28 15:35:41 - [TEST_STEP][PASSED] - "OPEN BROWSER": null

2019-11-28 15:35:41 - [TEST_STEP][PASSED] - "eg - https://admin.preview.checkatrade.com/  ": null

2019-11-28 15:35:41 - [TEST_STEP][PASSED] - openBrowser(WebOfficeURL): Browser is opened with url: 'https://admin.preview.checkatrade.com/'

2019-11-28 15:35:41 - [MESSAGE][INFO] - Starting 'Firefox' driver

2019-11-28 15:35:46 - [MESSAGE][PASSED] - Browser is opened with url: 'https://admin.preview.checkatrade.com/'

2019-11-28 15:35:46 - [TEST_STEP][PASSED] - maximizeWindow(): Current window maximized

2019-11-28 15:35:46 - [MESSAGE][PASSED] - Current window maximized

2019-11-28 15:35:46 - [TEST_STEP][PASSED] - waitForElementClickable(findTestObject("Object Repository/WebOffice/Page_Checkatrade - Administration - Login/Login_Button"), 25): Object 'Object Repository/WebOffice/Page_Checkatrade - Administration - Login/Login_Button' is clickable

2019-11-28 15:35:46 - [MESSAGE][PASSED] - Object 'Object Repository/WebOffice/Page_Checkatrade - Administration - Login/Login_Button' is clickable

2019-11-28 15:35:46 - [TEST_STEP][PASSED] - verifyTextPresent("Checkatrade Web Office", false): Text 'Checkatrade Web Office' is present on page 

2019-11-28 15:35:47 - [MESSAGE][PASSED] - Text 'Checkatrade Web Office' is present on page 

2019-11-28 15:35:47 - [TEST_STEP][PASSED] - verifyTextPresent("Access for staff use only", false): Text 'Access for staff use only' is present on page 

2019-11-28 15:35:47 - [MESSAGE][PASSED] - Text 'Access for staff use only' is present on page 

2019-11-28 15:35:47 - [TEST_STEP][PASSED] - verifyTextPresent("Forgotten password?", false): Text 'Forgotten password?' is present on page 

2019-11-28 15:35:47 - [MESSAGE][PASSED] - Text 'Forgotten password?' is present on page 

2019-11-28 15:35:47 - [TEST_STEP][PASSED] - setText(findTestObject("Object Repository/WebOffice/Page_Checkatrade - Administration - Login/input_Username_LoginControlUserName"), Username): Text 'DavidHo' is set on object 'Object Repository/WebOffice/Page_Checkatrade - Administration - Login/input_Username_LoginControlUserName'

2019-11-28 15:35:47 - [MESSAGE][PASSED] - Text 'DavidHo' is set on object 'Object Repository/WebOffice/Page_Checkatrade - Administration - Login/input_Username_LoginControlUserName'

2019-11-28 15:35:47 - [TEST_STEP][PASSED] - setText(findTestObject("Object Repository/WebOffice/Page_Checkatrade - Administration - Login/input_Password_LoginControlPassword"), Password): Text 'Check123' is set on object 'Object Repository/WebOffice/Page_Checkatrade - Administration - Login/input_Password_LoginControlPassword'

2019-11-28 15:35:47 - [MESSAGE][PASSED] - Text 'Check123' is set on object 'Object Repository/WebOffice/Page_Checkatrade - Administration - Login/input_Password_LoginControlPassword'

2019-11-28 15:35:47 - [TEST_STEP][PASSED] - click(findTestObject("Object Repository/WebOffice/Page_Checkatrade - Administration - Login/Login_Button")): Object: 'Object Repository/WebOffice/Page_Checkatrade - Administration - Login/Login_Button' is clicked on

2019-11-28 15:35:51 - [MESSAGE][PASSED] - Object: 'Object Repository/WebOffice/Page_Checkatrade - Administration - Login/Login_Button' is clicked on

2019-11-28 15:35:51 - [TEST_STEP][PASSED] - waitForPageLoad(60): Wait for page load successfully

2019-11-28 15:35:51 - [MESSAGE][PASSED] - Wait for page load successfully

2019-11-28 15:35:51 - [TEST_STEP][PASSED] - verifyTextPresent("Welcome " + Username, false): Text 'Welcome DavidHo' is present on page 

2019-11-28 15:35:51 - [MESSAGE][PASSED] - Text 'Welcome DavidHo' is present on page 

2019-11-28 15:35:51 - [MESSAGE][INFO] - =================== Smart XPath Report =======================

2019-11-28 15:35:51 - [MESSAGE][INFO] - Refer to the link below to preview and approve auto healing on broken test objects.

2019-11-28 15:35:51 - [MESSAGE][INFO] - https://docs.katalon.com/katalon-studio/docs/auto-healing-smart-xpath.html

2019-11-28 15:35:51 - [MESSAGE][INFO] - ===============================================================

2019-11-28 15:35:51 - [MESSAGE][PASSED] - Call Test Case 'Test Cases/Reusable_Test_Sequences/Web_Office/Directives/WebOffice_StartUp' successfully

2019-11-28 15:35:51 - [TEST_STEP][PASSED] - "--------------------------------------": null

2019-11-28 15:35:51 - [TEST_STEP][PASSED] - " Navigate Top level menu Item         |": null

2019-11-28 15:35:51 - [TEST_STEP][PASSED] - waitForPageLoad(60): Wait for page load successfully

2019-11-28 15:35:51 - [MESSAGE][PASSED] - Wait for page load successfully

2019-11-28 15:35:51 - [TEST_STEP][PASSED] - waitForElementClickable(findTestObject("Object Repository/WebOffice_Home_page/a_Directories"), 60): Object 'Object Repository/WebOffice_Home_page/a_Directories' is clickable

2019-11-28 15:35:51 - [MESSAGE][PASSED] - Object 'Object Repository/WebOffice_Home_page/a_Directories' is clickable

2019-11-28 15:35:51 - [TEST_STEP][PASSED] - click(findTestObject("Object Repository/WebOffice_Home_page/a_Directories")): Object: 'Object Repository/WebOffice_Home_page/a_Directories' is clicked on

2019-11-28 15:35:52 - [MESSAGE][PASSED] - Object: 'Object Repository/WebOffice_Home_page/a_Directories' is clicked on

2019-11-28 15:35:52 - [TEST_STEP][PASSED] - waitForElementClickable(findTestObject("Object Repository/WebOffice/Directories_Top/Navigation_Search_Box"), 60): Object 'Object Repository/WebOffice/Directories_Top/Navigation_Search_Box' is clickable

2019-11-28 15:35:52 - [MESSAGE][PASSED] - Object 'Object Repository/WebOffice/Directories_Top/Navigation_Search_Box' is clickable

2019-11-28 15:35:52 - [TEST_STEP][PASSED] - "--------------------------------------": null

2019-11-28 15:35:52 - [TEST_STEP][PASSED] - " Verify Returned Page Content         |": null

2019-11-28 15:35:52 - [TEST_STEP][PASSED] - verifyTextPresent("Settings", false): Text 'Settings' is present on page 

2019-11-28 15:35:53 - [MESSAGE][PASSED] - Text 'Settings' is present on page 

2019-11-28 15:35:53 - [TEST_STEP][PASSED] - verifyTextPresent("Include Non Members", false): Text 'Include Non Members' is present on page 

2019-11-28 15:35:54 - [MESSAGE][PASSED] - Text 'Include Non Members' is present on page 

2019-11-28 15:35:54 - [TEST_STEP][PASSED] - verifyTextPresent("Welcome", false): Text 'Welcome' is present on page 

2019-11-28 15:35:54 - [MESSAGE][PASSED] - Text 'Welcome' is present on page 

2019-11-28 15:35:54 - [TEST_STEP][PASSED] - verifyTextPresent("Not you?", false): Text 'Not you?' is present on page 

2019-11-28 15:35:55 - [MESSAGE][PASSED] - Text 'Not you?' is present on page 

2019-11-28 15:35:55 - [TEST_STEP][PASSED] - verifyTextPresent("Directories", false): Text 'Directories' is present on page 

2019-11-28 15:35:56 - [MESSAGE][PASSED] - Text 'Directories' is present on page 

2019-11-28 15:35:56 - [TEST_STEP][PASSED] - verifyTextPresent("Current", false): Text 'Current' is present on page 

2019-11-28 15:35:56 - [MESSAGE][PASSED] - Text 'Current' is present on page 

2019-11-28 15:35:56 - [TEST_STEP][PASSED] - verifyTextPresent("Next", false): Text 'Next' is present on page 

2019-11-28 15:35:57 - [MESSAGE][PASSED] - Text 'Next' is present on page 

2019-11-28 15:35:57 - [TEST_STEP][PASSED] - verifyTextPresent("Future Editions", false): Text 'Future Editions' is present on page 

2019-11-28 15:35:57 - [MESSAGE][PASSED] - Text 'Future Editions' is present on page 

2019-11-28 15:35:57 - [TEST_STEP][PASSED] - verifyTextPresent("Previous Editions", false): Text 'Previous Editions' is present on page 

2019-11-28 15:35:58 - [MESSAGE][PASSED] - Text 'Previous Editions' is present on page 

2019-11-28 15:35:58 - [TEST_STEP][PASSED] - verifyTextPresent("Edition Zero", false): Text 'Edition Zero' is present on page 

2019-11-28 15:35:59 - [MESSAGE][PASSED] - Text 'Edition Zero' is present on page 

2019-11-28 15:35:59 - [TEST_STEP][PASSED] - verifyTextPresent("Search", false): Text 'Search' is present on page 

2019-11-28 15:35:59 - [MESSAGE][PASSED] - Text 'Search' is present on page 

2019-11-28 15:35:59 - [TEST_STEP][PASSED] - verifyTextPresent("Include future and previous editions", false): Text 'Include future and previous editions' is present on page 

2019-11-28 15:36:00 - [MESSAGE][PASSED] - Text 'Include future and previous editions' is present on page 

2019-11-28 15:36:00 - [TEST_STEP][PASSED] - verifyTextPresent("SpaceFinder", false): Text 'SpaceFinder' is present on page 

2019-11-28 15:36:01 - [MESSAGE][PASSED] - Text 'SpaceFinder' is present on page 

2019-11-28 15:36:01 - [TEST_STEP][PASSED] - "--------------------------": null

2019-11-28 15:36:01 - [TEST_STEP][PASSED] - " Teardown - CLose Browser |": null

2019-11-28 15:36:01 - [TEST_STEP][PASSED] - callTestCase(findTestCase("Reusable_Test_Sequences/CAT_Teardown"), [:], OPTIONAL): Call Test Case 'Test Cases/Reusable_Test_Sequences/CAT_Teardown' successfully

2019-11-28 15:36:01 - [TEST_CASE][PASSED] - Test Cases/Reusable_Test_Sequences/CAT_Teardown: Test Cases/Reusable_Test_Sequences/CAT_Teardown

2019-11-28 15:36:01 - [TEST_STEP][PASSED] - closeBrowser(): Browser is closed

2019-11-28 15:36:03 - [MESSAGE][PASSED] - Browser is closed

2019-11-28 15:36:03 - [MESSAGE][INFO] - =================== Smart XPath Report =======================

2019-11-28 15:36:03 - [MESSAGE][INFO] - Refer to the link below to preview and approve auto healing on broken test objects.

2019-11-28 15:36:03 - [MESSAGE][INFO] - https://docs.katalon.com/katalon-studio/docs/auto-healing-smart-xpath.html

2019-11-28 15:36:03 - [MESSAGE][INFO] - ===============================================================

2019-11-28 15:36:03 - [MESSAGE][PASSED] - Call Test Case 'Test Cases/Reusable_Test_Sequences/CAT_Teardown' successfully]]></system-out>
         <system-err><![CDATA[]]></system-err>
      </testcase>
      <testcase name="Test Cases/Web_Office/Navigation_Checks/Feedback/Feedback_Top" time="12.168" classname="Test Cases/Web_Office/Navigation_Checks/Feedback/Feedback_Top" status="ERROR">
         <error type="ERROR" message="Test Cases/Web_Office/Navigation_Checks/Feedback/Feedback_Top FAILED.
Reason:
groovy.lang.MissingMethodException: No signature of method: static com.kms.katalon.core.webui.keyword.WebUiBuiltInKeywords.switchToFrame() is applicable for argument types: (com.kms.katalon.core.testobject.TestObject) values: [TestObject - 'Object Repository/WebOffice/Feedback_Top/Feedback_Graphic']
Possible solutions: switchToFrame(com.kms.katalon.core.testobject.TestObject, int), switchToFrame(com.kms.katalon.core.testobject.TestObject, int, com.kms.katalon.core.model.FailureHandling)
	at Feedback_Top.run(Feedback_Top:73)
	at com.kms.katalon.core.main.ScriptEngine.run(ScriptEngine.java:194)
	at com.kms.katalon.core.main.ScriptEngine.runScriptAsRawText(ScriptEngine.java:119)
	at com.kms.katalon.core.main.TestCaseExecutor.runScript(TestCaseExecutor.java:337)
	at com.kms.katalon.core.main.TestCaseExecutor.doExecute(TestCaseExecutor.java:328)
	at com.kms.katalon.core.main.TestCaseExecutor.processExecutionPhase(TestCaseExecutor.java:307)
	at com.kms.katalon.core.main.TestCaseExecutor.accessMainPhase(TestCaseExecutor.java:299)
	at com.kms.katalon.core.main.TestCaseExecutor.execute(TestCaseExecutor.java:233)
	at com.kms.katalon.core.main.TestSuiteExecutor.accessTestCaseMainPhase(TestSuiteExecutor.java:169)
	at com.kms.katalon.core.main.TestSuiteExecutor.accessTestSuiteMainPhase(TestSuiteExecutor.java:142)
	at com.kms.katalon.core.main.TestSuiteExecutor.execute(TestSuiteExecutor.java:91)
	at com.kms.katalon.core.main.TestCaseMain.startTestSuite(TestCaseMain.java:157)
	at com.kms.katalon.core.main.TestCaseMain$startTestSuite$0.call(Unknown Source)
	at TempTestSuite1574954601252.run(TempTestSuite1574954601252.groovy:36)
"/>
         <system-out><![CDATA[2019-11-28 15:36:03 - [TEST_CASE][ERROR] - Test Cases/Web_Office/Navigation_Checks/Feedback/Feedback_Top: Test Cases/Web_Office/Navigation_Checks/Feedback/Feedback_Top FAILED.
Reason:
groovy.lang.MissingMethodException: No signature of method: static com.kms.katalon.core.webui.keyword.WebUiBuiltInKeywords.switchToFrame() is applicable for argument types: (com.kms.katalon.core.testobject.TestObject) values: [TestObject - 'Object Repository/WebOffice/Feedback_Top/Feedback_Graphic']
Possible solutions: switchToFrame(com.kms.katalon.core.testobject.TestObject, int), switchToFrame(com.kms.katalon.core.testobject.TestObject, int, com.kms.katalon.core.model.FailureHandling)
	at Feedback_Top.run(Feedback_Top:73)
	at com.kms.katalon.core.main.ScriptEngine.run(ScriptEngine.java:194)
	at com.kms.katalon.core.main.ScriptEngine.runScriptAsRawText(ScriptEngine.java:119)
	at com.kms.katalon.core.main.TestCaseExecutor.runScript(TestCaseExecutor.java:337)
	at com.kms.katalon.core.main.TestCaseExecutor.doExecute(TestCaseExecutor.java:328)
	at com.kms.katalon.core.main.TestCaseExecutor.processExecutionPhase(TestCaseExecutor.java:307)
	at com.kms.katalon.core.main.TestCaseExecutor.accessMainPhase(TestCaseExecutor.java:299)
	at com.kms.katalon.core.main.TestCaseExecutor.execute(TestCaseExecutor.java:233)
	at com.kms.katalon.core.main.TestSuiteExecutor.accessTestCaseMainPhase(TestSuiteExecutor.java:169)
	at com.kms.katalon.core.main.TestSuiteExecutor.accessTestSuiteMainPhase(TestSuiteExecutor.java:142)
	at com.kms.katalon.core.main.TestSuiteExecutor.execute(TestSuiteExecutor.java:91)
	at com.kms.katalon.core.main.TestCaseMain.startTestSuite(TestCaseMain.java:157)
	at com.kms.katalon.core.main.TestCaseMain$startTestSuite$0.call(Unknown Source)
	at TempTestSuite1574954601252.run(TempTestSuite1574954601252.groovy:36)


2019-11-28 15:36:03 - [TEST_STEP][PASSED] - "--------------------------------------": null

2019-11-28 15:36:03 - [TEST_STEP][PASSED] - " Web Office StartUp                  |": null

2019-11-28 15:36:03 - [TEST_STEP][PASSED] - callTestCase(findTestCase("Reusable_Test_Sequences/Web_Office/Directives/WebOffice_StartUp"), [:], OPTIONAL): Call Test Case 'Test Cases/Reusable_Test_Sequences/Web_Office/Directives/WebOffice_StartUp' successfully

2019-11-28 15:36:03 - [TEST_CASE][PASSED] - Test Cases/Reusable_Test_Sequences/Web_Office/Directives/WebOffice_StartUp: Test Cases/Reusable_Test_Sequences/Web_Office/Directives/WebOffice_StartUp

2019-11-28 15:36:03 - [TEST_STEP][PASSED] - if (URL == "https://www.preview.checkatrade.com/"): null

2019-11-28 15:36:03 - [TEST_STEP][PASSED] - WebOfficeURL = "https://admin.preview.checkatrade.com/": null

2019-11-28 15:36:03 - [TEST_STEP][PASSED] - if (URL == "https://www.checkatrade.com/"): null

2019-11-28 15:36:03 - [TEST_STEP][PASSED] - "Set Function Area for "URL_Handler", URL Resolution": null

2019-11-28 15:36:03 - [TEST_STEP][PASSED] - "Do Some Magic with URL(s) See the comments within URL Handler ": null

2019-11-28 15:36:03 - [TEST_STEP][PASSED] - Username = "DavidHo": null

2019-11-28 15:36:03 - [TEST_STEP][PASSED] - Password = "Check123": null

2019-11-28 15:36:03 - [TEST_STEP][PASSED] - "------------------------------------------------": null

2019-11-28 15:36:03 - [TEST_STEP][PASSED] - "WebOfficeURL - Set from the ENVIRONMENT PROFILE ": null

2019-11-28 15:36:03 - [TEST_STEP][PASSED] - "OPEN BROWSER": null

2019-11-28 15:36:03 - [TEST_STEP][PASSED] - "eg - https://admin.preview.checkatrade.com/  ": null

2019-11-28 15:36:03 - [TEST_STEP][PASSED] - openBrowser(WebOfficeURL): Browser is opened with url: 'https://admin.preview.checkatrade.com/'

2019-11-28 15:36:03 - [MESSAGE][INFO] - Starting 'Firefox' driver

2019-11-28 15:36:08 - [MESSAGE][PASSED] - Browser is opened with url: 'https://admin.preview.checkatrade.com/'

2019-11-28 15:36:08 - [TEST_STEP][PASSED] - maximizeWindow(): Current window maximized

2019-11-28 15:36:08 - [MESSAGE][PASSED] - Current window maximized

2019-11-28 15:36:08 - [TEST_STEP][PASSED] - waitForElementClickable(findTestObject("Object Repository/WebOffice/Page_Checkatrade - Administration - Login/Login_Button"), 25): Object 'Object Repository/WebOffice/Page_Checkatrade - Administration - Login/Login_Button' is clickable

2019-11-28 15:36:09 - [MESSAGE][PASSED] - Object 'Object Repository/WebOffice/Page_Checkatrade - Administration - Login/Login_Button' is clickable

2019-11-28 15:36:09 - [TEST_STEP][PASSED] - verifyTextPresent("Checkatrade Web Office", false): Text 'Checkatrade Web Office' is present on page 

2019-11-28 15:36:09 - [MESSAGE][PASSED] - Text 'Checkatrade Web Office' is present on page 

2019-11-28 15:36:09 - [TEST_STEP][PASSED] - verifyTextPresent("Access for staff use only", false): Text 'Access for staff use only' is present on page 

2019-11-28 15:36:09 - [MESSAGE][PASSED] - Text 'Access for staff use only' is present on page 

2019-11-28 15:36:09 - [TEST_STEP][PASSED] - verifyTextPresent("Forgotten password?", false): Text 'Forgotten password?' is present on page 

2019-11-28 15:36:09 - [MESSAGE][PASSED] - Text 'Forgotten password?' is present on page 

2019-11-28 15:36:09 - [TEST_STEP][PASSED] - setText(findTestObject("Object Repository/WebOffice/Page_Checkatrade - Administration - Login/input_Username_LoginControlUserName"), Username): Text 'DavidHo' is set on object 'Object Repository/WebOffice/Page_Checkatrade - Administration - Login/input_Username_LoginControlUserName'

2019-11-28 15:36:09 - [MESSAGE][PASSED] - Text 'DavidHo' is set on object 'Object Repository/WebOffice/Page_Checkatrade - Administration - Login/input_Username_LoginControlUserName'

2019-11-28 15:36:09 - [TEST_STEP][PASSED] - setText(findTestObject("Object Repository/WebOffice/Page_Checkatrade - Administration - Login/input_Password_LoginControlPassword"), Password): Text 'Check123' is set on object 'Object Repository/WebOffice/Page_Checkatrade - Administration - Login/input_Password_LoginControlPassword'

2019-11-28 15:36:09 - [MESSAGE][PASSED] - Text 'Check123' is set on object 'Object Repository/WebOffice/Page_Checkatrade - Administration - Login/input_Password_LoginControlPassword'

2019-11-28 15:36:09 - [TEST_STEP][PASSED] - click(findTestObject("Object Repository/WebOffice/Page_Checkatrade - Administration - Login/Login_Button")): Object: 'Object Repository/WebOffice/Page_Checkatrade - Administration - Login/Login_Button' is clicked on

2019-11-28 15:36:10 - [MESSAGE][PASSED] - Object: 'Object Repository/WebOffice/Page_Checkatrade - Administration - Login/Login_Button' is clicked on

2019-11-28 15:36:10 - [TEST_STEP][PASSED] - waitForPageLoad(60): Wait for page load successfully

2019-11-28 15:36:10 - [MESSAGE][PASSED] - Wait for page load successfully

2019-11-28 15:36:10 - [TEST_STEP][PASSED] - verifyTextPresent("Welcome " + Username, false): Text 'Welcome DavidHo' is present on page 

2019-11-28 15:36:10 - [MESSAGE][PASSED] - Text 'Welcome DavidHo' is present on page 

2019-11-28 15:36:10 - [MESSAGE][INFO] - =================== Smart XPath Report =======================

2019-11-28 15:36:10 - [MESSAGE][INFO] - Refer to the link below to preview and approve auto healing on broken test objects.

2019-11-28 15:36:10 - [MESSAGE][INFO] - https://docs.katalon.com/katalon-studio/docs/auto-healing-smart-xpath.html

2019-11-28 15:36:10 - [MESSAGE][INFO] - ===============================================================

2019-11-28 15:36:10 - [MESSAGE][PASSED] - Call Test Case 'Test Cases/Reusable_Test_Sequences/Web_Office/Directives/WebOffice_StartUp' successfully

2019-11-28 15:36:10 - [TEST_STEP][PASSED] - "--------------------------------------": null

2019-11-28 15:36:10 - [TEST_STEP][PASSED] - " Navigate Top level menu Item         |": null

2019-11-28 15:36:10 - [TEST_STEP][PASSED] - waitForPageLoad(60): Wait for page load successfully

2019-11-28 15:36:10 - [MESSAGE][PASSED] - Wait for page load successfully

2019-11-28 15:36:10 - [TEST_STEP][PASSED] - waitForElementClickable(findTestObject("Object Repository/WebOffice_Home_page/a_Feedback"), 60): Object 'Object Repository/WebOffice_Home_page/a_Feedback' is clickable

2019-11-28 15:36:10 - [MESSAGE][PASSED] - Object 'Object Repository/WebOffice_Home_page/a_Feedback' is clickable

2019-11-28 15:36:10 - [TEST_STEP][PASSED] - click(findTestObject("Object Repository/WebOffice_Home_page/a_Feedback")): Object: 'Object Repository/WebOffice_Home_page/a_Feedback' is clicked on

2019-11-28 15:36:13 - [MESSAGE][PASSED] - Object: 'Object Repository/WebOffice_Home_page/a_Feedback' is clicked on

2019-11-28 15:36:13 - [TEST_STEP][PASSED] - waitForElementClickable(findTestObject("Object Repository/WebOffice/Feedback_Top/Feedback_Graphic"), 20): Object 'Object Repository/WebOffice/Feedback_Top/Feedback_Graphic' is clickable

2019-11-28 15:36:13 - [MESSAGE][PASSED] - Object 'Object Repository/WebOffice/Feedback_Top/Feedback_Graphic' is clickable

2019-11-28 15:36:13 - [TEST_STEP][PASSED] - delay(2): Delayed 2 second(s)

2019-11-28 15:36:15 - [MESSAGE][PASSED] - Delayed 2 second(s)

2019-11-28 15:36:15 - [TEST_STEP][PASSED] - waitForPageLoad(60): Wait for page load successfully

2019-11-28 15:36:15 - [MESSAGE][PASSED] - Wait for page load successfully

2019-11-28 15:36:15 - [TEST_STEP][PASSED] - "--------------------------------------": null

2019-11-28 15:36:15 - [TEST_STEP][PASSED] - " Verify Returned Page Content         |": null

2019-11-28 15:36:15 - [TEST_STEP][PASSED] - switchToFrame(findTestObject("Object Repository/WebOffice/Feedback_Top/Feedback_Graphic")): null]]></system-out>
         <system-err><![CDATA[2019-11-28 15:36:03 - [TEST_CASE][ERROR] - Test Cases/Web_Office/Navigation_Checks/Feedback/Feedback_Top: Test Cases/Web_Office/Navigation_Checks/Feedback/Feedback_Top FAILED.
Reason:
groovy.lang.MissingMethodException: No signature of method: static com.kms.katalon.core.webui.keyword.WebUiBuiltInKeywords.switchToFrame() is applicable for argument types: (com.kms.katalon.core.testobject.TestObject) values: [TestObject - 'Object Repository/WebOffice/Feedback_Top/Feedback_Graphic']
Possible solutions: switchToFrame(com.kms.katalon.core.testobject.TestObject, int), switchToFrame(com.kms.katalon.core.testobject.TestObject, int, com.kms.katalon.core.model.FailureHandling)
	at Feedback_Top.run(Feedback_Top:73)
	at com.kms.katalon.core.main.ScriptEngine.run(ScriptEngine.java:194)
	at com.kms.katalon.core.main.ScriptEngine.runScriptAsRawText(ScriptEngine.java:119)
	at com.kms.katalon.core.main.TestCaseExecutor.runScript(TestCaseExecutor.java:337)
	at com.kms.katalon.core.main.TestCaseExecutor.doExecute(TestCaseExecutor.java:328)
	at com.kms.katalon.core.main.TestCaseExecutor.processExecutionPhase(TestCaseExecutor.java:307)
	at com.kms.katalon.core.main.TestCaseExecutor.accessMainPhase(TestCaseExecutor.java:299)
	at com.kms.katalon.core.main.TestCaseExecutor.execute(TestCaseExecutor.java:233)
	at com.kms.katalon.core.main.TestSuiteExecutor.accessTestCaseMainPhase(TestSuiteExecutor.java:169)
	at com.kms.katalon.core.main.TestSuiteExecutor.accessTestSuiteMainPhase(TestSuiteExecutor.java:142)
	at com.kms.katalon.core.main.TestSuiteExecutor.execute(TestSuiteExecutor.java:91)
	at com.kms.katalon.core.main.TestCaseMain.startTestSuite(TestCaseMain.java:157)
	at com.kms.katalon.core.main.TestCaseMain$startTestSuite$0.call(Unknown Source)
	at TempTestSuite1574954601252.run(TempTestSuite1574954601252.groovy:36)]]></system-err>
      </testcase>
      <testcase name="Test Cases/Web_Office/Navigation_Checks/Consumers/Consumers_Top" time="18.098" classname="Test Cases/Web_Office/Navigation_Checks/Consumers/Consumers_Top" status="PASSED">
         <system-out><![CDATA[2019-11-28 15:36:15 - [TEST_CASE][PASSED] - Test Cases/Web_Office/Navigation_Checks/Consumers/Consumers_Top: Test Cases/Web_Office/Navigation_Checks/Consumers/Consumers_Top

2019-11-28 15:36:15 - [TEST_STEP][PASSED] - "--------------------------------------": null

2019-11-28 15:36:15 - [TEST_STEP][PASSED] - " Web Office StartUp                  |": null

2019-11-28 15:36:15 - [TEST_STEP][PASSED] - callTestCase(findTestCase("Reusable_Test_Sequences/Web_Office/Directives/WebOffice_StartUp"), [:], OPTIONAL): Call Test Case 'Test Cases/Reusable_Test_Sequences/Web_Office/Directives/WebOffice_StartUp' successfully

2019-11-28 15:36:15 - [TEST_CASE][PASSED] - Test Cases/Reusable_Test_Sequences/Web_Office/Directives/WebOffice_StartUp: Test Cases/Reusable_Test_Sequences/Web_Office/Directives/WebOffice_StartUp

2019-11-28 15:36:15 - [TEST_STEP][PASSED] - if (URL == "https://www.preview.checkatrade.com/"): null

2019-11-28 15:36:15 - [TEST_STEP][PASSED] - WebOfficeURL = "https://admin.preview.checkatrade.com/": null

2019-11-28 15:36:15 - [TEST_STEP][PASSED] - if (URL == "https://www.checkatrade.com/"): null

2019-11-28 15:36:15 - [TEST_STEP][PASSED] - "Set Function Area for "URL_Handler", URL Resolution": null

2019-11-28 15:36:15 - [TEST_STEP][PASSED] - "Do Some Magic with URL(s) See the comments within URL Handler ": null

2019-11-28 15:36:15 - [TEST_STEP][PASSED] - Username = "DavidHo": null

2019-11-28 15:36:15 - [TEST_STEP][PASSED] - Password = "Check123": null

2019-11-28 15:36:15 - [TEST_STEP][PASSED] - "------------------------------------------------": null

2019-11-28 15:36:15 - [TEST_STEP][PASSED] - "WebOfficeURL - Set from the ENVIRONMENT PROFILE ": null

2019-11-28 15:36:15 - [TEST_STEP][PASSED] - "OPEN BROWSER": null

2019-11-28 15:36:15 - [TEST_STEP][PASSED] - "eg - https://admin.preview.checkatrade.com/  ": null

2019-11-28 15:36:15 - [TEST_STEP][PASSED] - openBrowser(WebOfficeURL): Browser is opened with url: 'https://admin.preview.checkatrade.com/'

2019-11-28 15:36:15 - [MESSAGE][WARNING] - A browser is already opened. Closing browser and opening a new one

2019-11-28 15:36:17 - [MESSAGE][INFO] - Starting 'Firefox' driver

2019-11-28 15:36:22 - [MESSAGE][PASSED] - Browser is opened with url: 'https://admin.preview.checkatrade.com/'

2019-11-28 15:36:22 - [TEST_STEP][PASSED] - maximizeWindow(): Current window maximized

2019-11-28 15:36:22 - [MESSAGE][PASSED] - Current window maximized

2019-11-28 15:36:22 - [TEST_STEP][PASSED] - waitForElementClickable(findTestObject("Object Repository/WebOffice/Page_Checkatrade - Administration - Login/Login_Button"), 25): Object 'Object Repository/WebOffice/Page_Checkatrade - Administration - Login/Login_Button' is clickable

2019-11-28 15:36:22 - [MESSAGE][PASSED] - Object 'Object Repository/WebOffice/Page_Checkatrade - Administration - Login/Login_Button' is clickable

2019-11-28 15:36:22 - [TEST_STEP][PASSED] - verifyTextPresent("Checkatrade Web Office", false): Text 'Checkatrade Web Office' is present on page 

2019-11-28 15:36:22 - [MESSAGE][PASSED] - Text 'Checkatrade Web Office' is present on page 

2019-11-28 15:36:22 - [TEST_STEP][PASSED] - verifyTextPresent("Access for staff use only", false): Text 'Access for staff use only' is present on page 

2019-11-28 15:36:23 - [MESSAGE][PASSED] - Text 'Access for staff use only' is present on page 

2019-11-28 15:36:23 - [TEST_STEP][PASSED] - verifyTextPresent("Forgotten password?", false): Text 'Forgotten password?' is present on page 

2019-11-28 15:36:23 - [MESSAGE][PASSED] - Text 'Forgotten password?' is present on page 

2019-11-28 15:36:23 - [TEST_STEP][PASSED] - setText(findTestObject("Object Repository/WebOffice/Page_Checkatrade - Administration - Login/input_Username_LoginControlUserName"), Username): Text 'DavidHo' is set on object 'Object Repository/WebOffice/Page_Checkatrade - Administration - Login/input_Username_LoginControlUserName'

2019-11-28 15:36:23 - [MESSAGE][PASSED] - Text 'DavidHo' is set on object 'Object Repository/WebOffice/Page_Checkatrade - Administration - Login/input_Username_LoginControlUserName'

2019-11-28 15:36:23 - [TEST_STEP][PASSED] - setText(findTestObject("Object Repository/WebOffice/Page_Checkatrade - Administration - Login/input_Password_LoginControlPassword"), Password): Text 'Check123' is set on object 'Object Repository/WebOffice/Page_Checkatrade - Administration - Login/input_Password_LoginControlPassword'

2019-11-28 15:36:23 - [MESSAGE][PASSED] - Text 'Check123' is set on object 'Object Repository/WebOffice/Page_Checkatrade - Administration - Login/input_Password_LoginControlPassword'

2019-11-28 15:36:23 - [TEST_STEP][PASSED] - click(findTestObject("Object Repository/WebOffice/Page_Checkatrade - Administration - Login/Login_Button")): Object: 'Object Repository/WebOffice/Page_Checkatrade - Administration - Login/Login_Button' is clicked on

2019-11-28 15:36:23 - [MESSAGE][PASSED] - Object: 'Object Repository/WebOffice/Page_Checkatrade - Administration - Login/Login_Button' is clicked on

2019-11-28 15:36:23 - [TEST_STEP][PASSED] - waitForPageLoad(60): Wait for page load successfully

2019-11-28 15:36:23 - [MESSAGE][PASSED] - Wait for page load successfully

2019-11-28 15:36:23 - [TEST_STEP][PASSED] - verifyTextPresent("Welcome " + Username, false): Text 'Welcome DavidHo' is present on page 

2019-11-28 15:36:24 - [MESSAGE][PASSED] - Text 'Welcome DavidHo' is present on page 

2019-11-28 15:36:24 - [MESSAGE][INFO] - =================== Smart XPath Report =======================

2019-11-28 15:36:24 - [MESSAGE][INFO] - Refer to the link below to preview and approve auto healing on broken test objects.

2019-11-28 15:36:24 - [MESSAGE][INFO] - https://docs.katalon.com/katalon-studio/docs/auto-healing-smart-xpath.html

2019-11-28 15:36:24 - [MESSAGE][INFO] - ===============================================================

2019-11-28 15:36:24 - [MESSAGE][PASSED] - Call Test Case 'Test Cases/Reusable_Test_Sequences/Web_Office/Directives/WebOffice_StartUp' successfully

2019-11-28 15:36:24 - [TEST_STEP][PASSED] - "--------------------------------------": null

2019-11-28 15:36:24 - [TEST_STEP][PASSED] - " Navigate Top level menu Item         |": null

2019-11-28 15:36:24 - [TEST_STEP][PASSED] - waitForPageLoad(60): Wait for page load successfully

2019-11-28 15:36:24 - [MESSAGE][PASSED] - Wait for page load successfully

2019-11-28 15:36:24 - [TEST_STEP][PASSED] - waitForElementClickable(findTestObject("Object Repository/WebOffice_Home_page/a_Consumers"), 60): Object 'Object Repository/WebOffice_Home_page/a_Consumers' is clickable

2019-11-28 15:36:24 - [MESSAGE][PASSED] - Object 'Object Repository/WebOffice_Home_page/a_Consumers' is clickable

2019-11-28 15:36:24 - [TEST_STEP][PASSED] - click(findTestObject("Object Repository/WebOffice_Home_page/a_Consumers")): Object: 'Object Repository/WebOffice_Home_page/a_Consumers' is clicked on

2019-11-28 15:36:25 - [MESSAGE][PASSED] - Object: 'Object Repository/WebOffice_Home_page/a_Consumers' is clicked on

2019-11-28 15:36:25 - [TEST_STEP][PASSED] - "--------------------------------------": null

2019-11-28 15:36:25 - [TEST_STEP][PASSED] - " Verify Returned Page Content         |": null

2019-11-28 15:36:25 - [TEST_STEP][PASSED] - "--------------------------------------": null

2019-11-28 15:36:25 - [TEST_STEP][PASSED] - "Central pane": null

2019-11-28 15:36:25 - [TEST_STEP][PASSED] - "-------------------------------": null

2019-11-28 15:36:25 - [TEST_STEP][PASSED] - "Left Hand Consumer Management  |": null

2019-11-28 15:36:25 - [TEST_STEP][PASSED] - "-------------------------------": null

2019-11-28 15:36:25 - [TEST_STEP][PASSED] - "Add Consumers": null

2019-11-28 15:36:25 - [TEST_STEP][PASSED] - verifyTextPresent("Filter", false): Text 'Filter' is present on page 

2019-11-28 15:36:26 - [MESSAGE][PASSED] - Text 'Filter' is present on page 

2019-11-28 15:36:26 - [TEST_STEP][PASSED] - verifyTextPresent("Forename", false): Text 'Forename' is present on page 

2019-11-28 15:36:26 - [MESSAGE][PASSED] - Text 'Forename' is present on page 

2019-11-28 15:36:26 - [TEST_STEP][PASSED] - verifyTextPresent("Surname", false): Text 'Surname' is present on page 

2019-11-28 15:36:27 - [MESSAGE][PASSED] - Text 'Surname' is present on page 

2019-11-28 15:36:27 - [TEST_STEP][PASSED] - verifyTextPresent("Mobile", false): Text 'Mobile' is present on page 

2019-11-28 15:36:27 - [MESSAGE][PASSED] - Text 'Mobile' is present on page 

2019-11-28 15:36:27 - [TEST_STEP][PASSED] - verifyTextPresent("Email", false): Text 'Email' is present on page 

2019-11-28 15:36:27 - [MESSAGE][PASSED] - Text 'Email' is present on page 

2019-11-28 15:36:27 - [TEST_STEP][PASSED] - verifyTextPresent("House", false): Text 'House' is present on page 

2019-11-28 15:36:28 - [MESSAGE][PASSED] - Text 'House' is present on page 

2019-11-28 15:36:28 - [TEST_STEP][PASSED] - verifyTextPresent("Street", false): Text 'Street' is present on page 

2019-11-28 15:36:28 - [MESSAGE][PASSED] - Text 'Street' is present on page 

2019-11-28 15:36:28 - [TEST_STEP][PASSED] - verifyTextPresent("Town", false): Text 'Town' is present on page 

2019-11-28 15:36:29 - [MESSAGE][PASSED] - Text 'Town' is present on page 

2019-11-28 15:36:29 - [TEST_STEP][PASSED] - verifyTextPresent("City", false): Text 'City' is present on page 

2019-11-28 15:36:29 - [MESSAGE][PASSED] - Text 'City' is present on page 

2019-11-28 15:36:29 - [TEST_STEP][PASSED] - verifyTextPresent("County", false): Text 'County' is present on page 

2019-11-28 15:36:29 - [MESSAGE][PASSED] - Text 'County' is present on page 

2019-11-28 15:36:29 - [TEST_STEP][PASSED] - verifyTextPresent("Postcode", false): Text 'Postcode' is present on page 

2019-11-28 15:36:30 - [MESSAGE][PASSED] - Text 'Postcode' is present on page 

2019-11-28 15:36:30 - [TEST_STEP][PASSED] - verifyTextPresent("Phone", false): Text 'Phone' is present on page 

2019-11-28 15:36:30 - [MESSAGE][PASSED] - Text 'Phone' is present on page 

2019-11-28 15:36:30 - [TEST_STEP][PASSED] - verifyTextPresent("Status", false): Text 'Status' is present on page 

2019-11-28 15:36:31 - [MESSAGE][PASSED] - Text 'Status' is present on page 

2019-11-28 15:36:31 - [TEST_STEP][PASSED] - verifyTextPresent("Type", false): Text 'Type' is present on page 

2019-11-28 15:36:31 - [MESSAGE][PASSED] - Text 'Type' is present on page 

2019-11-28 15:36:31 - [TEST_STEP][PASSED] - verifyTextPresent("Clear", false): Text 'Clear' is present on page 

2019-11-28 15:36:31 - [MESSAGE][PASSED] - Text 'Clear' is present on page 

2019-11-28 15:36:31 - [TEST_STEP][PASSED] - "--------------------------": null

2019-11-28 15:36:31 - [TEST_STEP][PASSED] - " Teardown - CLose Browser |": null

2019-11-28 15:36:31 - [TEST_STEP][PASSED] - callTestCase(findTestCase("Reusable_Test_Sequences/CAT_Teardown"), [:], OPTIONAL): Call Test Case 'Test Cases/Reusable_Test_Sequences/CAT_Teardown' successfully

2019-11-28 15:36:31 - [TEST_CASE][PASSED] - Test Cases/Reusable_Test_Sequences/CAT_Teardown: Test Cases/Reusable_Test_Sequences/CAT_Teardown

2019-11-28 15:36:32 - [TEST_STEP][PASSED] - closeBrowser(): Browser is closed

2019-11-28 15:36:33 - [MESSAGE][PASSED] - Browser is closed

2019-11-28 15:36:33 - [MESSAGE][INFO] - =================== Smart XPath Report =======================

2019-11-28 15:36:33 - [MESSAGE][INFO] - Refer to the link below to preview and approve auto healing on broken test objects.

2019-11-28 15:36:33 - [MESSAGE][INFO] - https://docs.katalon.com/katalon-studio/docs/auto-healing-smart-xpath.html

2019-11-28 15:36:33 - [MESSAGE][INFO] - ===============================================================

2019-11-28 15:36:33 - [MESSAGE][PASSED] - Call Test Case 'Test Cases/Reusable_Test_Sequences/CAT_Teardown' successfully]]></system-out>
         <system-err><![CDATA[]]></system-err>
      </testcase>
      <system-out><![CDATA[2019-11-28 15:33:57 - [TEST_SUITE][ERROR] - Web_Office_Top_Level: Test Cases/Web_Office/Navigation_Checks/Feedback/Feedback_Top FAILED.
Reason:
groovy.lang.MissingMethodException: No signature of method: static com.kms.katalon.core.webui.keyword.WebUiBuiltInKeywords.switchToFrame() is applicable for argument types: (com.kms.katalon.core.testobject.TestObject) values: [TestObject - 'Object Repository/WebOffice/Feedback_Top/Feedback_Graphic']
Possible solutions: switchToFrame(com.kms.katalon.core.testobject.TestObject, int), switchToFrame(com.kms.katalon.core.testobject.TestObject, int, com.kms.katalon.core.model.FailureHandling)
	at Feedback_Top.run(Feedback_Top:73)
	at com.kms.katalon.core.main.ScriptEngine.run(ScriptEngine.java:194)
	at com.kms.katalon.core.main.ScriptEngine.runScriptAsRawText(ScriptEngine.java:119)
	at com.kms.katalon.core.main.TestCaseExecutor.runScript(TestCaseExecutor.java:337)
	at com.kms.katalon.core.main.TestCaseExecutor.doExecute(TestCaseExecutor.java:328)
	at com.kms.katalon.core.main.TestCaseExecutor.processExecutionPhase(TestCaseExecutor.java:307)
	at com.kms.katalon.core.main.TestCaseExecutor.accessMainPhase(TestCaseExecutor.java:299)
	at com.kms.katalon.core.main.TestCaseExecutor.execute(TestCaseExecutor.java:233)
	at com.kms.katalon.core.main.TestSuiteExecutor.accessTestCaseMainPhase(TestSuiteExecutor.java:169)
	at com.kms.katalon.core.main.TestSuiteExecutor.accessTestSuiteMainPhase(TestSuiteExecutor.java:142)
	at com.kms.katalon.core.main.TestSuiteExecutor.execute(TestSuiteExecutor.java:91)
	at com.kms.katalon.core.main.TestCaseMain.startTestSuite(TestCaseMain.java:157)
	at com.kms.katalon.core.main.TestCaseMain$startTestSuite$0.call(Unknown Source)
	at TempTestSuite1574954601252.run(TempTestSuite1574954601252.groovy:36)]]></system-out>
      <system-err><![CDATA[2019-11-28 15:33:57 - [TEST_SUITE][ERROR] - Web_Office_Top_Level: Test Cases/Web_Office/Navigation_Checks/Feedback/Feedback_Top FAILED.
Reason:
groovy.lang.MissingMethodException: No signature of method: static com.kms.katalon.core.webui.keyword.WebUiBuiltInKeywords.switchToFrame() is applicable for argument types: (com.kms.katalon.core.testobject.TestObject) values: [TestObject - 'Object Repository/WebOffice/Feedback_Top/Feedback_Graphic']
Possible solutions: switchToFrame(com.kms.katalon.core.testobject.TestObject, int), switchToFrame(com.kms.katalon.core.testobject.TestObject, int, com.kms.katalon.core.model.FailureHandling)
	at Feedback_Top.run(Feedback_Top:73)
	at com.kms.katalon.core.main.ScriptEngine.run(ScriptEngine.java:194)
	at com.kms.katalon.core.main.ScriptEngine.runScriptAsRawText(ScriptEngine.java:119)
	at com.kms.katalon.core.main.TestCaseExecutor.runScript(TestCaseExecutor.java:337)
	at com.kms.katalon.core.main.TestCaseExecutor.doExecute(TestCaseExecutor.java:328)
	at com.kms.katalon.core.main.TestCaseExecutor.processExecutionPhase(TestCaseExecutor.java:307)
	at com.kms.katalon.core.main.TestCaseExecutor.accessMainPhase(TestCaseExecutor.java:299)
	at com.kms.katalon.core.main.TestCaseExecutor.execute(TestCaseExecutor.java:233)
	at com.kms.katalon.core.main.TestSuiteExecutor.accessTestCaseMainPhase(TestSuiteExecutor.java:169)
	at com.kms.katalon.core.main.TestSuiteExecutor.accessTestSuiteMainPhase(TestSuiteExecutor.java:142)
	at com.kms.katalon.core.main.TestSuiteExecutor.execute(TestSuiteExecutor.java:91)
	at com.kms.katalon.core.main.TestCaseMain.startTestSuite(TestCaseMain.java:157)
	at com.kms.katalon.core.main.TestCaseMain$startTestSuite$0.call(Unknown Source)
	at TempTestSuite1574954601252.run(TempTestSuite1574954601252.groovy:36)]]></system-err>
   </testsuite>
</testsuites>
