<?xml version="1.0" encoding="UTF-8"?>
<testsuites name="Mobile_Devices" time="111.024" tests="1" failures="0" errors="0">
   <testsuite name="Mobile_Devices" tests="1" failures="0" errors="0" time="111.024" timestamp="2019-12-20 09:31:52" hostname="DavidHo - VETTEDSP36RF.check.local" id="Test Suites/Mobile_Devices">
      <properties>
         <property name="deviceName" value=""/>
         <property name="devicePlatform" value=""/>
         <property name="logFolder" value="C:\\Users\\davidho\\Katalon Studio\\Start\\Reports\\20191220_093134\\Mobile_Devices\\20191220_093136"/>
         <property name="logFiles" value="C:\\Users\\davidho\\Katalon Studio\\Start\\Reports\\20191220_093134\\Mobile_Devices\\20191220_093136\\execution0.log"/>
         <property name="attachments" value=""/>
         <property name="hostName" value="DavidHo - VETTEDSP36RF.check.local"/>
         <property name="os" value="Windows 10 32bit"/>
         <property name="katalonVersion" value="7.1.2.1"/>
         <property name="browser" value="Chrome 79.0.3945.88"/>
         <property name="hostAddress" value="10.0.11.243"/>
         <property name="sessionId" value="ee829570d37849a1baec0b873d1abfe7"/>
         <property name="seleniumVersion" value="3.141.59"/>
         <property name="proxyInformation" value="ProxyInformation{proxyOption=NO_PROXY, proxyServerType=HTTP, password=, proxyServerAddress=, proxyServerPort=0, executionList=}"/>
         <property name="platform" value="Windows 10"/>
      </properties>
      <testcase name="Test Cases/Mobile_Devices/Default_Device_Dev" time="110.619" classname="Test Cases/Mobile_Devices/Default_Device_Dev" status="PASSED">
         <system-out><![CDATA[2019-12-20 09:31:52 - [TEST_CASE][PASSED] - Test Cases/Mobile_Devices/Default_Device_Dev: Test Cases/Mobile_Devices/Default_Device_Dev

2019-12-20 09:31:53 - [TEST_STEP][PASSED] - "-----------------------------------------": null

2019-12-20 09:31:53 - [TEST_STEP][PASSED] - " CONFIGURED TO RUN ON CHROME ONLY!       |": null

2019-12-20 09:31:53 - [TEST_STEP][PASSED] - "-----------------------------------------": null

2019-12-20 09:31:53 - [TEST_STEP][PASSED] - "------------------------------------------------------------------------------------------------------": null

2019-12-20 09:31:53 - [TEST_STEP][PASSED] - "TODO script need to be Restructure - Using browser Capabilities rather than setViewPortSize           |": null

2019-12-20 09:31:53 - [TEST_STEP][PASSED] - "------------------------------------------------------------------------------------------------------": null

2019-12-20 09:31:53 - [TEST_STEP][PASSED] - for ([row = 1, row <= findTestData("Mobile_Test_Data").getRowNumbers(), (internal.GlobalVariable.row++)]): Call Test Case 'Test Cases/Reusable_Test_Sequences/CAT_Teardown' successfully

2019-12-20 09:31:54 - [TEST_STEP][PASSED] - "------------------------------": null

2019-12-20 09:31:54 - [TEST_STEP][PASSED] - " Set Mobile Device Testing    |": null

2019-12-20 09:31:54 - [TEST_STEP][PASSED] - Mobile_Flag = "false": null

2019-12-20 09:31:54 - [TEST_STEP][PASSED] - "------------------------------": null

2019-12-20 09:31:54 - [TEST_STEP][PASSED] - " Set Mobile Device Testing    |": null

2019-12-20 09:31:54 - [TEST_STEP][PASSED] - callTestCase(findTestCase("Reusable_Test_Sequences/CAT_Setup"), [:], OPTIONAL): Call Test Case 'Test Cases/Reusable_Test_Sequences/CAT_Setup' successfully

2019-12-20 09:31:54 - [TEST_CASE][PASSED] - Test Cases/Reusable_Test_Sequences/CAT_Setup: Test Cases/Reusable_Test_Sequences/CAT_Setup

2019-12-20 09:31:54 - [TEST_STEP][PASSED] - "------------------------------": null

2019-12-20 09:31:54 - [TEST_STEP][PASSED] - " Set Mobile Device Testing    |": null

2019-12-20 09:31:54 - [TEST_STEP][PASSED] - if (Mobile_Flag == "true"): null

2019-12-20 09:31:54 - [TEST_STEP][PASSED] - "------------------------------": null

2019-12-20 09:31:54 - [TEST_STEP][PASSED] - " Set Mobile Device Testing    |": null

2019-12-20 09:31:54 - [TEST_STEP][PASSED] - "------------------------------": null

2019-12-20 09:31:54 - [TEST_STEP][PASSED] - "URL - Set from the ENVIRONMENT PROFILE ": null

2019-12-20 09:31:55 - [TEST_STEP][PASSED] - openBrowser(URL): Browser is opened with url: 'https://www.preview.checkatrade.com/'

2019-12-20 09:31:55 - [MESSAGE][INFO] - Starting 'Chrome' driver

2019-12-20 09:31:55 - [MESSAGE][INFO] - Action delay is set to 0 seconds

2019-12-20 09:32:08 - [MESSAGE][PASSED] - Browser is opened with url: 'https://www.preview.checkatrade.com/'

2019-12-20 09:32:08 - [TEST_STEP][PASSED] - maximizeWindow(): Current window maximized

2019-12-20 09:32:12 - [MESSAGE][PASSED] - Current window maximized

2019-12-20 09:32:12 - [TEST_STEP][PASSED] - waitForPageLoad(60): Wait for page load successfully

2019-12-20 09:32:12 - [MESSAGE][PASSED] - Wait for page load successfully

2019-12-20 09:32:12 - [TEST_STEP][PASSED] - "Previous Functionalilty Left Commented For Ease Of reversion": null

2019-12-20 09:32:12 - [TEST_STEP][PASSED] - try: Text 'Cookie Policy' is not present on page

2019-12-20 09:32:12 - [TEST_STEP][PASSED] - verifyElementPresent(findTestObject("Object Repository/Cookies/Page_Checkatrade Find a tradesperson you can trust/button_Accept All"), 5): Object 'Object Repository/Cookies/Page_Checkatrade Find a tradesperson you can trust/button_Accept All' is present

2019-12-20 09:32:12 - [MESSAGE][PASSED] - Object 'Object Repository/Cookies/Page_Checkatrade Find a tradesperson you can trust/button_Accept All' is present

2019-12-20 09:32:12 - [TEST_STEP][PASSED] - click(findTestObject("Object Repository/Cookies/Page_Checkatrade Find a tradesperson you can trust/button_Accept All")): Object: 'Object Repository/Cookies/Page_Checkatrade Find a tradesperson you can trust/button_Accept All' is clicked on

2019-12-20 09:32:13 - [MESSAGE][PASSED] - Object: 'Object Repository/Cookies/Page_Checkatrade Find a tradesperson you can trust/button_Accept All' is clicked on

2019-12-20 09:32:13 - [TEST_STEP][PASSED] - "---------------------------------": null

2019-12-20 09:32:13 - [TEST_STEP][PASSED] - "COOKIE POPOUT REMOVED - Confirmed": null

2019-12-20 09:32:13 - [TEST_STEP][PASSED] - delay(1): Delayed 1 second(s)

2019-12-20 09:32:14 - [MESSAGE][PASSED] - Delayed 1 second(s)

2019-12-20 09:32:14 - [TEST_STEP][PASSED] - verifyTextNotPresent("We use cookies to personalise content and ads, to provide social media features and to analyse our traffic", false): Text 'We use cookies to personalise content and ads, to provide social media features and to analyse our traffic' is not present on page

2019-12-20 09:32:14 - [MESSAGE][PASSED] - Text 'We use cookies to personalise content and ads, to provide social media features and to analyse our traffic' is not present on page

2019-12-20 09:32:14 - [TEST_STEP][PASSED] - verifyTextNotPresent(" We also share information about your use of our site with our social media, advertising and analytics partners", false): Text ' We also share information about your use of our site with our social media, advertising and analytics partners' is not present on page

2019-12-20 09:32:14 - [MESSAGE][PASSED] - Text ' We also share information about your use of our site with our social media, advertising and analytics partners' is not present on page

2019-12-20 09:32:14 - [TEST_STEP][PASSED] - verifyTextNotPresent("Cookie Policy", false): Text 'Cookie Policy' is not present on page

2019-12-20 09:32:14 - [MESSAGE][PASSED] - Text 'Cookie Policy' is not present on page

2019-12-20 09:32:14 - [TEST_STEP][PASSED] - waitForPageLoad(60): Wait for page load successfully

2019-12-20 09:32:14 - [MESSAGE][PASSED] - Wait for page load successfully

2019-12-20 09:32:14 - [MESSAGE][PASSED] - Call Test Case 'Test Cases/Reusable_Test_Sequences/CAT_Setup' successfully

2019-12-20 09:32:14 - [TEST_STEP][PASSED] - " ALTERNATIVE SCREEN RESOLUTION SELECTION METHOD": null

2019-12-20 09:32:14 - [TEST_STEP][PASSED] - " Block Comment Start": null

2019-12-20 09:32:14 - [TEST_STEP][PASSED] - " Block Commen End": null

2019-12-20 09:32:14 - [TEST_STEP][PASSED] - "---------------------------------------": null

2019-12-20 09:32:14 - [TEST_STEP][PASSED] - " Set and SEARCH TRADE CLASSIFICATION   |": null

2019-12-20 09:32:14 - [TEST_STEP][PASSED] - callTestCase(findTestCase("Reusable_Test_Sequences/CAT_Enter_Trade_Classification"), [:], CONTINUE_ON_FAILURE): Call Test Case 'Test Cases/Reusable_Test_Sequences/CAT_Enter_Trade_Classification' successfully

2019-12-20 09:32:14 - [TEST_CASE][PASSED] - Test Cases/Reusable_Test_Sequences/CAT_Enter_Trade_Classification: Test Cases/Reusable_Test_Sequences/CAT_Enter_Trade_Classification

2019-12-20 09:32:14 - [TEST_STEP][PASSED] - "---------------------------------": null

2019-12-20 09:32:14 - [TEST_STEP][PASSED] - "Set and SEARCH SELECTED TRADE": null

2019-12-20 09:32:14 - [TEST_STEP][PASSED] - click(findTestObject("Object Repository/Checkatrade_Trade_Search_Page/Page_Checkatrade Find a tradesperson you can trust/input_Search_Button_FF")): Object: 'Object Repository/Checkatrade_Trade_Search_Page/Page_Checkatrade Find a tradesperson you can trust/input_Search_Button_FF' is clicked on

2019-12-20 09:32:14 - [MESSAGE][PASSED] - Object: 'Object Repository/Checkatrade_Trade_Search_Page/Page_Checkatrade Find a tradesperson you can trust/input_Search_Button_FF' is clicked on

2019-12-20 09:32:14 - [TEST_STEP][PASSED] - setText(findTestObject("Object Repository/Checkatrade_Trade_Search_Page/Page_Checkatrade Find a tradesperson you can trust/input_Search_Button_FF"), findTestData("searchTestData").getValue("tradeClassification", row)): Text 'Tree Surgeon' is set on object 'Object Repository/Checkatrade_Trade_Search_Page/Page_Checkatrade Find a tradesperson you can trust/input_Search_Button_FF'

2019-12-20 09:32:15 - [MESSAGE][PASSED] - Text 'Tree Surgeon' is set on object 'Object Repository/Checkatrade_Trade_Search_Page/Page_Checkatrade Find a tradesperson you can trust/input_Search_Button_FF'

2019-12-20 09:32:15 - [MESSAGE][PASSED] - Call Test Case 'Test Cases/Reusable_Test_Sequences/CAT_Enter_Trade_Classification' successfully

2019-12-20 09:32:15 - [TEST_STEP][PASSED] - "---------------------------------------": null

2019-12-20 09:32:15 - [TEST_STEP][PASSED] - " Set and SEARCH TRADE LOCATION         |": null

2019-12-20 09:32:15 - [TEST_STEP][PASSED] - callTestCase(findTestCase("Reusable_Test_Sequences/CAT_Enter_Trade_Location"), [:], CONTINUE_ON_FAILURE): Call Test Case 'Test Cases/Reusable_Test_Sequences/CAT_Enter_Trade_Location' successfully

2019-12-20 09:32:15 - [TEST_CASE][PASSED] - Test Cases/Reusable_Test_Sequences/CAT_Enter_Trade_Location: Test Cases/Reusable_Test_Sequences/CAT_Enter_Trade_Location

2019-12-20 09:32:15 - [TEST_STEP][PASSED] - "---------------------------------": null

2019-12-20 09:32:15 - [TEST_STEP][PASSED] - "Set and SEARCH SELECTED LOCATION |": null

2019-12-20 09:32:15 - [TEST_STEP][PASSED] - click(findTestObject("Object Repository/Checkatrade_Trade_Search_Page/Page_Checkatrade Find a tradesperson you can trust/input_Not here_location")): Object: 'Object Repository/Checkatrade_Trade_Search_Page/Page_Checkatrade Find a tradesperson you can trust/input_Not here_location' is clicked on

2019-12-20 09:32:15 - [MESSAGE][PASSED] - Object: 'Object Repository/Checkatrade_Trade_Search_Page/Page_Checkatrade Find a tradesperson you can trust/input_Not here_location' is clicked on

2019-12-20 09:32:15 - [TEST_STEP][PASSED] - setText(findTestObject("Object Repository/Checkatrade_Trade_Search_Page/Page_Checkatrade Find a tradesperson you can trust/input_Not here_location"), findTestData("searchTestData").getValue("tradeLocation", row)): Text 'Gosport' is set on object 'Object Repository/Checkatrade_Trade_Search_Page/Page_Checkatrade Find a tradesperson you can trust/input_Not here_location'

2019-12-20 09:32:15 - [MESSAGE][PASSED] - Text 'Gosport' is set on object 'Object Repository/Checkatrade_Trade_Search_Page/Page_Checkatrade Find a tradesperson you can trust/input_Not here_location'

2019-12-20 09:32:15 - [MESSAGE][PASSED] - Call Test Case 'Test Cases/Reusable_Test_Sequences/CAT_Enter_Trade_Location' successfully

2019-12-20 09:32:15 - [TEST_STEP][PASSED] - "---------------------------------------": null

2019-12-20 09:32:15 - [TEST_STEP][PASSED] - " Scroll Search Button into View        |": null

2019-12-20 09:32:15 - [TEST_STEP][PASSED] - "---------------------------------------": null

2019-12-20 09:32:15 - [TEST_STEP][PASSED] - "---------------------------------------": null

2019-12-20 09:32:15 - [TEST_STEP][PASSED] - " Dispel New trades Header              |": null

2019-12-20 09:32:15 - [TEST_STEP][PASSED] - callTestCase(findTestCase("Reusable_Test_Sequences/CAT_Dispel_Trade_Header"), [:], CONTINUE_ON_FAILURE): Call Test Case 'Test Cases/Reusable_Test_Sequences/CAT_Dispel_Trade_Header' successfully

2019-12-20 09:32:15 - [TEST_CASE][PASSED] - Test Cases/Reusable_Test_Sequences/CAT_Dispel_Trade_Header: Test Cases/Reusable_Test_Sequences/CAT_Dispel_Trade_Header

2019-12-20 09:32:16 - [TEST_STEP][PASSED] - " New Function to Dispel Trades Header (on Deployment 05/12/20190) ": null

2019-12-20 09:32:16 - [TEST_STEP][PASSED] - if (row == 4): null

2019-12-20 09:32:16 - [MESSAGE][PASSED] - Call Test Case 'Test Cases/Reusable_Test_Sequences/CAT_Dispel_Trade_Header' successfully

2019-12-20 09:32:16 - [TEST_STEP][PASSED] - "---------------------------------------": null

2019-12-20 09:32:16 - [TEST_STEP][PASSED] - " Hit Search Button                     |": null

2019-12-20 09:32:16 - [TEST_STEP][PASSED] - callTestCase(findTestCase("Reusable_Test_Sequences/CAT_Hit_Search_Button"), [:], CONTINUE_ON_FAILURE): Call Test Case 'Test Cases/Reusable_Test_Sequences/CAT_Hit_Search_Button' successfully

2019-12-20 09:32:16 - [TEST_CASE][PASSED] - Test Cases/Reusable_Test_Sequences/CAT_Hit_Search_Button: Test Cases/Reusable_Test_Sequences/CAT_Hit_Search_Button

2019-12-20 09:32:16 - [TEST_STEP][PASSED] - "---------------------------------": null

2019-12-20 09:32:16 - [TEST_STEP][PASSED] - "HIT SEARCH": null

2019-12-20 09:32:16 - [TEST_STEP][PASSED] - "---------------------------------": null

2019-12-20 09:32:16 - [TEST_STEP][PASSED] - waitForElementClickable(findTestObject("Object Repository/Checkatrade_Trade_Search_Page/Page_Checkatrade Find a tradesperson you can trust/Page_Checkatrade Find a tradesperson you can trust/a_Search"), 25): Object 'Object Repository/Checkatrade_Trade_Search_Page/Page_Checkatrade Find a tradesperson you can trust/Page_Checkatrade Find a tradesperson you can trust/a_Search' is clickable

2019-12-20 09:32:16 - [MESSAGE][PASSED] - Object 'Object Repository/Checkatrade_Trade_Search_Page/Page_Checkatrade Find a tradesperson you can trust/Page_Checkatrade Find a tradesperson you can trust/a_Search' is clickable

2019-12-20 09:32:16 - [TEST_STEP][PASSED] - click(findTestObject("Object Repository/Checkatrade_Trade_Search_Page/Page_Checkatrade Find a tradesperson you can trust/Page_Checkatrade Find a tradesperson you can trust/a_Search")): Object: 'Object Repository/Checkatrade_Trade_Search_Page/Page_Checkatrade Find a tradesperson you can trust/Page_Checkatrade Find a tradesperson you can trust/a_Search' is clicked on

2019-12-20 09:32:19 - [MESSAGE][PASSED] - Object: 'Object Repository/Checkatrade_Trade_Search_Page/Page_Checkatrade Find a tradesperson you can trust/Page_Checkatrade Find a tradesperson you can trust/a_Search' is clicked on

2019-12-20 09:32:19 - [MESSAGE][PASSED] - Call Test Case 'Test Cases/Reusable_Test_Sequences/CAT_Hit_Search_Button' successfully

2019-12-20 09:32:19 - [TEST_STEP][PASSED] - "---------------------------------------": null

2019-12-20 09:32:19 - [TEST_STEP][PASSED] - " Verify Returned Page is as Expected   |": null

2019-12-20 09:32:19 - [TEST_STEP][PASSED] - callTestCase(findTestCase("Reusable_Test_Sequences/CAT_Verification"), [:], CONTINUE_ON_FAILURE): Call Test Case 'Test Cases/Reusable_Test_Sequences/CAT_Verification' successfully

2019-12-20 09:32:19 - [TEST_CASE][PASSED] - Test Cases/Reusable_Test_Sequences/CAT_Verification: Test Cases/Reusable_Test_Sequences/CAT_Verification

2019-12-20 09:32:19 - [TEST_STEP][PASSED] - "Updated 05/12/2019 due to wholesale Home page changes": null

2019-12-20 09:32:19 - [TEST_STEP][PASSED] - "Expected cantantenated text is Returned": null

2019-12-20 09:32:19 - [TEST_STEP][PASSED] - waitForPageLoad(60): Wait for page load successfully

2019-12-20 09:32:19 - [MESSAGE][PASSED] - Wait for page load successfully

2019-12-20 09:32:19 - [TEST_STEP][PASSED] - verifyTextPresent(findTestData("searchTestData").getValue("tradeClassification", row), false): Text 'Tree Surgeon' is present on page 

2019-12-20 09:32:20 - [MESSAGE][PASSED] - Text 'Tree Surgeon' is present on page 

2019-12-20 09:32:20 - [TEST_STEP][PASSED] - verifyTextPresent(findTestData("searchTestData").getValue("tradeLocation", row), false): Text 'Gosport' is present on page 

2019-12-20 09:32:20 - [MESSAGE][PASSED] - Text 'Gosport' is present on page 

2019-12-20 09:32:20 - [MESSAGE][PASSED] - Call Test Case 'Test Cases/Reusable_Test_Sequences/CAT_Verification' successfully

2019-12-20 09:32:20 - [TEST_STEP][PASSED] - "--------------------------": null

2019-12-20 09:32:20 - [TEST_STEP][PASSED] - " Teardown - CLose Browser |": null

2019-12-20 09:32:20 - [TEST_STEP][PASSED] - callTestCase(findTestCase("Reusable_Test_Sequences/CAT_Teardown"), [:], OPTIONAL): Call Test Case 'Test Cases/Reusable_Test_Sequences/CAT_Teardown' successfully

2019-12-20 09:32:20 - [TEST_CASE][PASSED] - Test Cases/Reusable_Test_Sequences/CAT_Teardown: Test Cases/Reusable_Test_Sequences/CAT_Teardown

2019-12-20 09:32:20 - [TEST_STEP][PASSED] - closeBrowser(): Browser is closed

2019-12-20 09:32:21 - [MESSAGE][PASSED] - Browser is closed

2019-12-20 09:32:21 - [MESSAGE][PASSED] - Call Test Case 'Test Cases/Reusable_Test_Sequences/CAT_Teardown' successfully

2019-12-20 09:32:21 - [TEST_STEP][PASSED] - "------------------------------": null

2019-12-20 09:32:21 - [TEST_STEP][PASSED] - " Set Mobile Device Testing    |": null

2019-12-20 09:32:21 - [TEST_STEP][PASSED] - Mobile_Flag = "false": null

2019-12-20 09:32:21 - [TEST_STEP][PASSED] - "------------------------------": null

2019-12-20 09:32:21 - [TEST_STEP][PASSED] - " Set Mobile Device Testing    |": null

2019-12-20 09:32:21 - [TEST_STEP][PASSED] - callTestCase(findTestCase("Reusable_Test_Sequences/CAT_Setup"), [:], OPTIONAL): Call Test Case 'Test Cases/Reusable_Test_Sequences/CAT_Setup' successfully

2019-12-20 09:32:21 - [TEST_CASE][PASSED] - Test Cases/Reusable_Test_Sequences/CAT_Setup: Test Cases/Reusable_Test_Sequences/CAT_Setup

2019-12-20 09:32:21 - [TEST_STEP][PASSED] - "------------------------------": null

2019-12-20 09:32:21 - [TEST_STEP][PASSED] - " Set Mobile Device Testing    |": null

2019-12-20 09:32:21 - [TEST_STEP][PASSED] - if (Mobile_Flag == "true"): null

2019-12-20 09:32:21 - [TEST_STEP][PASSED] - "------------------------------": null

2019-12-20 09:32:21 - [TEST_STEP][PASSED] - " Set Mobile Device Testing    |": null

2019-12-20 09:32:21 - [TEST_STEP][PASSED] - "------------------------------": null

2019-12-20 09:32:21 - [TEST_STEP][PASSED] - "URL - Set from the ENVIRONMENT PROFILE ": null

2019-12-20 09:32:21 - [TEST_STEP][PASSED] - openBrowser(URL): Browser is opened with url: 'https://www.preview.checkatrade.com/'

2019-12-20 09:32:21 - [MESSAGE][INFO] - Starting 'Chrome' driver

2019-12-20 09:32:29 - [MESSAGE][PASSED] - Browser is opened with url: 'https://www.preview.checkatrade.com/'

2019-12-20 09:32:29 - [TEST_STEP][PASSED] - maximizeWindow(): Current window maximized

2019-12-20 09:32:33 - [MESSAGE][PASSED] - Current window maximized

2019-12-20 09:32:33 - [TEST_STEP][PASSED] - waitForPageLoad(60): Wait for page load successfully

2019-12-20 09:32:33 - [MESSAGE][PASSED] - Wait for page load successfully

2019-12-20 09:32:33 - [TEST_STEP][PASSED] - "Previous Functionalilty Left Commented For Ease Of reversion": null

2019-12-20 09:32:33 - [TEST_STEP][PASSED] - try: Text 'Cookie Policy' is not present on page

2019-12-20 09:32:33 - [TEST_STEP][PASSED] - verifyElementPresent(findTestObject("Object Repository/Cookies/Page_Checkatrade Find a tradesperson you can trust/button_Accept All"), 5): Object 'Object Repository/Cookies/Page_Checkatrade Find a tradesperson you can trust/button_Accept All' is present

2019-12-20 09:32:33 - [MESSAGE][PASSED] - Object 'Object Repository/Cookies/Page_Checkatrade Find a tradesperson you can trust/button_Accept All' is present

2019-12-20 09:32:33 - [TEST_STEP][PASSED] - click(findTestObject("Object Repository/Cookies/Page_Checkatrade Find a tradesperson you can trust/button_Accept All")): Object: 'Object Repository/Cookies/Page_Checkatrade Find a tradesperson you can trust/button_Accept All' is clicked on

2019-12-20 09:32:33 - [MESSAGE][PASSED] - Object: 'Object Repository/Cookies/Page_Checkatrade Find a tradesperson you can trust/button_Accept All' is clicked on

2019-12-20 09:32:33 - [TEST_STEP][PASSED] - "---------------------------------": null

2019-12-20 09:32:33 - [TEST_STEP][PASSED] - "COOKIE POPOUT REMOVED - Confirmed": null

2019-12-20 09:32:33 - [TEST_STEP][PASSED] - delay(1): Delayed 1 second(s)

2019-12-20 09:32:34 - [MESSAGE][PASSED] - Delayed 1 second(s)

2019-12-20 09:32:34 - [TEST_STEP][PASSED] - verifyTextNotPresent("We use cookies to personalise content and ads, to provide social media features and to analyse our traffic", false): Text 'We use cookies to personalise content and ads, to provide social media features and to analyse our traffic' is not present on page

2019-12-20 09:32:34 - [MESSAGE][PASSED] - Text 'We use cookies to personalise content and ads, to provide social media features and to analyse our traffic' is not present on page

2019-12-20 09:32:34 - [TEST_STEP][PASSED] - verifyTextNotPresent(" We also share information about your use of our site with our social media, advertising and analytics partners", false): Text ' We also share information about your use of our site with our social media, advertising and analytics partners' is not present on page

2019-12-20 09:32:34 - [MESSAGE][PASSED] - Text ' We also share information about your use of our site with our social media, advertising and analytics partners' is not present on page

2019-12-20 09:32:34 - [TEST_STEP][PASSED] - verifyTextNotPresent("Cookie Policy", false): Text 'Cookie Policy' is not present on page

2019-12-20 09:32:34 - [MESSAGE][PASSED] - Text 'Cookie Policy' is not present on page

2019-12-20 09:32:34 - [TEST_STEP][PASSED] - waitForPageLoad(60): Wait for page load successfully

2019-12-20 09:32:34 - [MESSAGE][PASSED] - Wait for page load successfully

2019-12-20 09:32:34 - [MESSAGE][PASSED] - Call Test Case 'Test Cases/Reusable_Test_Sequences/CAT_Setup' successfully

2019-12-20 09:32:34 - [TEST_STEP][PASSED] - " ALTERNATIVE SCREEN RESOLUTION SELECTION METHOD": null

2019-12-20 09:32:34 - [TEST_STEP][PASSED] - " Block Comment Start": null

2019-12-20 09:32:34 - [TEST_STEP][PASSED] - " Block Commen End": null

2019-12-20 09:32:34 - [TEST_STEP][PASSED] - "---------------------------------------": null

2019-12-20 09:32:34 - [TEST_STEP][PASSED] - " Set and SEARCH TRADE CLASSIFICATION   |": null

2019-12-20 09:32:34 - [TEST_STEP][PASSED] - callTestCase(findTestCase("Reusable_Test_Sequences/CAT_Enter_Trade_Classification"), [:], CONTINUE_ON_FAILURE): Call Test Case 'Test Cases/Reusable_Test_Sequences/CAT_Enter_Trade_Classification' successfully

2019-12-20 09:32:35 - [TEST_CASE][PASSED] - Test Cases/Reusable_Test_Sequences/CAT_Enter_Trade_Classification: Test Cases/Reusable_Test_Sequences/CAT_Enter_Trade_Classification

2019-12-20 09:32:35 - [TEST_STEP][PASSED] - "---------------------------------": null

2019-12-20 09:32:35 - [TEST_STEP][PASSED] - "Set and SEARCH SELECTED TRADE": null

2019-12-20 09:32:35 - [TEST_STEP][PASSED] - click(findTestObject("Object Repository/Checkatrade_Trade_Search_Page/Page_Checkatrade Find a tradesperson you can trust/input_Search_Button_FF")): Object: 'Object Repository/Checkatrade_Trade_Search_Page/Page_Checkatrade Find a tradesperson you can trust/input_Search_Button_FF' is clicked on

2019-12-20 09:32:35 - [MESSAGE][PASSED] - Object: 'Object Repository/Checkatrade_Trade_Search_Page/Page_Checkatrade Find a tradesperson you can trust/input_Search_Button_FF' is clicked on

2019-12-20 09:32:35 - [TEST_STEP][PASSED] - setText(findTestObject("Object Repository/Checkatrade_Trade_Search_Page/Page_Checkatrade Find a tradesperson you can trust/input_Search_Button_FF"), findTestData("searchTestData").getValue("tradeClassification", row)): Text 'Tree Surgeon' is set on object 'Object Repository/Checkatrade_Trade_Search_Page/Page_Checkatrade Find a tradesperson you can trust/input_Search_Button_FF'

2019-12-20 09:32:35 - [MESSAGE][PASSED] - Text 'Tree Surgeon' is set on object 'Object Repository/Checkatrade_Trade_Search_Page/Page_Checkatrade Find a tradesperson you can trust/input_Search_Button_FF'

2019-12-20 09:32:35 - [MESSAGE][PASSED] - Call Test Case 'Test Cases/Reusable_Test_Sequences/CAT_Enter_Trade_Classification' successfully

2019-12-20 09:32:35 - [TEST_STEP][PASSED] - "---------------------------------------": null

2019-12-20 09:32:35 - [TEST_STEP][PASSED] - " Set and SEARCH TRADE LOCATION         |": null

2019-12-20 09:32:35 - [TEST_STEP][PASSED] - callTestCase(findTestCase("Reusable_Test_Sequences/CAT_Enter_Trade_Location"), [:], CONTINUE_ON_FAILURE): Call Test Case 'Test Cases/Reusable_Test_Sequences/CAT_Enter_Trade_Location' successfully

2019-12-20 09:32:35 - [TEST_CASE][PASSED] - Test Cases/Reusable_Test_Sequences/CAT_Enter_Trade_Location: Test Cases/Reusable_Test_Sequences/CAT_Enter_Trade_Location

2019-12-20 09:32:35 - [TEST_STEP][PASSED] - "---------------------------------": null

2019-12-20 09:32:35 - [TEST_STEP][PASSED] - "Set and SEARCH SELECTED LOCATION |": null

2019-12-20 09:32:35 - [TEST_STEP][PASSED] - click(findTestObject("Object Repository/Checkatrade_Trade_Search_Page/Page_Checkatrade Find a tradesperson you can trust/input_Not here_location")): Object: 'Object Repository/Checkatrade_Trade_Search_Page/Page_Checkatrade Find a tradesperson you can trust/input_Not here_location' is clicked on

2019-12-20 09:32:35 - [MESSAGE][PASSED] - Object: 'Object Repository/Checkatrade_Trade_Search_Page/Page_Checkatrade Find a tradesperson you can trust/input_Not here_location' is clicked on

2019-12-20 09:32:35 - [TEST_STEP][PASSED] - setText(findTestObject("Object Repository/Checkatrade_Trade_Search_Page/Page_Checkatrade Find a tradesperson you can trust/input_Not here_location"), findTestData("searchTestData").getValue("tradeLocation", row)): Text 'PO12 2HE' is set on object 'Object Repository/Checkatrade_Trade_Search_Page/Page_Checkatrade Find a tradesperson you can trust/input_Not here_location'

2019-12-20 09:32:35 - [MESSAGE][PASSED] - Text 'PO12 2HE' is set on object 'Object Repository/Checkatrade_Trade_Search_Page/Page_Checkatrade Find a tradesperson you can trust/input_Not here_location'

2019-12-20 09:32:35 - [MESSAGE][PASSED] - Call Test Case 'Test Cases/Reusable_Test_Sequences/CAT_Enter_Trade_Location' successfully

2019-12-20 09:32:35 - [TEST_STEP][PASSED] - "---------------------------------------": null

2019-12-20 09:32:35 - [TEST_STEP][PASSED] - " Scroll Search Button into View        |": null

2019-12-20 09:32:35 - [TEST_STEP][PASSED] - "---------------------------------------": null

2019-12-20 09:32:35 - [TEST_STEP][PASSED] - "---------------------------------------": null

2019-12-20 09:32:35 - [TEST_STEP][PASSED] - " Dispel New trades Header              |": null

2019-12-20 09:32:35 - [TEST_STEP][PASSED] - callTestCase(findTestCase("Reusable_Test_Sequences/CAT_Dispel_Trade_Header"), [:], CONTINUE_ON_FAILURE): Call Test Case 'Test Cases/Reusable_Test_Sequences/CAT_Dispel_Trade_Header' successfully

2019-12-20 09:32:35 - [TEST_CASE][PASSED] - Test Cases/Reusable_Test_Sequences/CAT_Dispel_Trade_Header: Test Cases/Reusable_Test_Sequences/CAT_Dispel_Trade_Header

2019-12-20 09:32:35 - [TEST_STEP][PASSED] - " New Function to Dispel Trades Header (on Deployment 05/12/20190) ": null

2019-12-20 09:32:35 - [TEST_STEP][PASSED] - if (row == 4): null

2019-12-20 09:32:35 - [MESSAGE][PASSED] - Call Test Case 'Test Cases/Reusable_Test_Sequences/CAT_Dispel_Trade_Header' successfully

2019-12-20 09:32:35 - [TEST_STEP][PASSED] - "---------------------------------------": null

2019-12-20 09:32:35 - [TEST_STEP][PASSED] - " Hit Search Button                     |": null

2019-12-20 09:32:35 - [TEST_STEP][PASSED] - callTestCase(findTestCase("Reusable_Test_Sequences/CAT_Hit_Search_Button"), [:], CONTINUE_ON_FAILURE): Call Test Case 'Test Cases/Reusable_Test_Sequences/CAT_Hit_Search_Button' successfully

2019-12-20 09:32:35 - [TEST_CASE][PASSED] - Test Cases/Reusable_Test_Sequences/CAT_Hit_Search_Button: Test Cases/Reusable_Test_Sequences/CAT_Hit_Search_Button

2019-12-20 09:32:35 - [TEST_STEP][PASSED] - "---------------------------------": null

2019-12-20 09:32:35 - [TEST_STEP][PASSED] - "HIT SEARCH": null

2019-12-20 09:32:35 - [TEST_STEP][PASSED] - "---------------------------------": null

2019-12-20 09:32:35 - [TEST_STEP][PASSED] - waitForElementClickable(findTestObject("Object Repository/Checkatrade_Trade_Search_Page/Page_Checkatrade Find a tradesperson you can trust/Page_Checkatrade Find a tradesperson you can trust/a_Search"), 25): Object 'Object Repository/Checkatrade_Trade_Search_Page/Page_Checkatrade Find a tradesperson you can trust/Page_Checkatrade Find a tradesperson you can trust/a_Search' is clickable

2019-12-20 09:32:36 - [MESSAGE][PASSED] - Object 'Object Repository/Checkatrade_Trade_Search_Page/Page_Checkatrade Find a tradesperson you can trust/Page_Checkatrade Find a tradesperson you can trust/a_Search' is clickable

2019-12-20 09:32:36 - [TEST_STEP][PASSED] - click(findTestObject("Object Repository/Checkatrade_Trade_Search_Page/Page_Checkatrade Find a tradesperson you can trust/Page_Checkatrade Find a tradesperson you can trust/a_Search")): Object: 'Object Repository/Checkatrade_Trade_Search_Page/Page_Checkatrade Find a tradesperson you can trust/Page_Checkatrade Find a tradesperson you can trust/a_Search' is clicked on

2019-12-20 09:32:38 - [MESSAGE][PASSED] - Object: 'Object Repository/Checkatrade_Trade_Search_Page/Page_Checkatrade Find a tradesperson you can trust/Page_Checkatrade Find a tradesperson you can trust/a_Search' is clicked on

2019-12-20 09:32:38 - [MESSAGE][PASSED] - Call Test Case 'Test Cases/Reusable_Test_Sequences/CAT_Hit_Search_Button' successfully

2019-12-20 09:32:38 - [TEST_STEP][PASSED] - "---------------------------------------": null

2019-12-20 09:32:38 - [TEST_STEP][PASSED] - " Verify Returned Page is as Expected   |": null

2019-12-20 09:32:38 - [TEST_STEP][PASSED] - callTestCase(findTestCase("Reusable_Test_Sequences/CAT_Verification"), [:], CONTINUE_ON_FAILURE): Call Test Case 'Test Cases/Reusable_Test_Sequences/CAT_Verification' successfully

2019-12-20 09:32:38 - [TEST_CASE][PASSED] - Test Cases/Reusable_Test_Sequences/CAT_Verification: Test Cases/Reusable_Test_Sequences/CAT_Verification

2019-12-20 09:32:38 - [TEST_STEP][PASSED] - "Updated 05/12/2019 due to wholesale Home page changes": null

2019-12-20 09:32:38 - [TEST_STEP][PASSED] - "Expected cantantenated text is Returned": null

2019-12-20 09:32:38 - [TEST_STEP][PASSED] - waitForPageLoad(60): Wait for page load successfully

2019-12-20 09:32:38 - [MESSAGE][PASSED] - Wait for page load successfully

2019-12-20 09:32:38 - [TEST_STEP][PASSED] - verifyTextPresent(findTestData("searchTestData").getValue("tradeClassification", row), false): Text 'Tree Surgeon' is present on page 

2019-12-20 09:32:39 - [MESSAGE][PASSED] - Text 'Tree Surgeon' is present on page 

2019-12-20 09:32:39 - [TEST_STEP][PASSED] - verifyTextPresent(findTestData("searchTestData").getValue("tradeLocation", row), false): Text 'PO12 2HE' is present on page 

2019-12-20 09:32:39 - [MESSAGE][PASSED] - Text 'PO12 2HE' is present on page 

2019-12-20 09:32:39 - [MESSAGE][PASSED] - Call Test Case 'Test Cases/Reusable_Test_Sequences/CAT_Verification' successfully

2019-12-20 09:32:39 - [TEST_STEP][PASSED] - "--------------------------": null

2019-12-20 09:32:39 - [TEST_STEP][PASSED] - " Teardown - CLose Browser |": null

2019-12-20 09:32:39 - [TEST_STEP][PASSED] - callTestCase(findTestCase("Reusable_Test_Sequences/CAT_Teardown"), [:], OPTIONAL): Call Test Case 'Test Cases/Reusable_Test_Sequences/CAT_Teardown' successfully

2019-12-20 09:32:39 - [TEST_CASE][PASSED] - Test Cases/Reusable_Test_Sequences/CAT_Teardown: Test Cases/Reusable_Test_Sequences/CAT_Teardown

2019-12-20 09:32:39 - [TEST_STEP][PASSED] - closeBrowser(): Browser is closed

2019-12-20 09:32:40 - [MESSAGE][PASSED] - Browser is closed

2019-12-20 09:32:40 - [MESSAGE][PASSED] - Call Test Case 'Test Cases/Reusable_Test_Sequences/CAT_Teardown' successfully

2019-12-20 09:32:40 - [TEST_STEP][PASSED] - "------------------------------": null

2019-12-20 09:32:40 - [TEST_STEP][PASSED] - " Set Mobile Device Testing    |": null

2019-12-20 09:32:40 - [TEST_STEP][PASSED] - Mobile_Flag = "false": null

2019-12-20 09:32:40 - [TEST_STEP][PASSED] - "------------------------------": null

2019-12-20 09:32:40 - [TEST_STEP][PASSED] - " Set Mobile Device Testing    |": null

2019-12-20 09:32:40 - [TEST_STEP][PASSED] - callTestCase(findTestCase("Reusable_Test_Sequences/CAT_Setup"), [:], OPTIONAL): Call Test Case 'Test Cases/Reusable_Test_Sequences/CAT_Setup' successfully

2019-12-20 09:32:40 - [TEST_CASE][PASSED] - Test Cases/Reusable_Test_Sequences/CAT_Setup: Test Cases/Reusable_Test_Sequences/CAT_Setup

2019-12-20 09:32:40 - [TEST_STEP][PASSED] - "------------------------------": null

2019-12-20 09:32:40 - [TEST_STEP][PASSED] - " Set Mobile Device Testing    |": null

2019-12-20 09:32:40 - [TEST_STEP][PASSED] - if (Mobile_Flag == "true"): null

2019-12-20 09:32:40 - [TEST_STEP][PASSED] - "------------------------------": null

2019-12-20 09:32:40 - [TEST_STEP][PASSED] - " Set Mobile Device Testing    |": null

2019-12-20 09:32:40 - [TEST_STEP][PASSED] - "------------------------------": null

2019-12-20 09:32:40 - [TEST_STEP][PASSED] - "URL - Set from the ENVIRONMENT PROFILE ": null

2019-12-20 09:32:40 - [TEST_STEP][PASSED] - openBrowser(URL): Browser is opened with url: 'https://www.preview.checkatrade.com/'

2019-12-20 09:32:40 - [MESSAGE][INFO] - Starting 'Chrome' driver

2019-12-20 09:32:48 - [MESSAGE][PASSED] - Browser is opened with url: 'https://www.preview.checkatrade.com/'

2019-12-20 09:32:48 - [TEST_STEP][PASSED] - maximizeWindow(): Current window maximized

2019-12-20 09:32:52 - [MESSAGE][PASSED] - Current window maximized

2019-12-20 09:32:52 - [TEST_STEP][PASSED] - waitForPageLoad(60): Wait for page load successfully

2019-12-20 09:32:52 - [MESSAGE][PASSED] - Wait for page load successfully

2019-12-20 09:32:52 - [TEST_STEP][PASSED] - "Previous Functionalilty Left Commented For Ease Of reversion": null

2019-12-20 09:32:52 - [TEST_STEP][PASSED] - try: Text 'Cookie Policy' is not present on page

2019-12-20 09:32:52 - [TEST_STEP][PASSED] - verifyElementPresent(findTestObject("Object Repository/Cookies/Page_Checkatrade Find a tradesperson you can trust/button_Accept All"), 5): Object 'Object Repository/Cookies/Page_Checkatrade Find a tradesperson you can trust/button_Accept All' is present

2019-12-20 09:32:52 - [MESSAGE][PASSED] - Object 'Object Repository/Cookies/Page_Checkatrade Find a tradesperson you can trust/button_Accept All' is present

2019-12-20 09:32:52 - [TEST_STEP][PASSED] - click(findTestObject("Object Repository/Cookies/Page_Checkatrade Find a tradesperson you can trust/button_Accept All")): Object: 'Object Repository/Cookies/Page_Checkatrade Find a tradesperson you can trust/button_Accept All' is clicked on

2019-12-20 09:32:52 - [MESSAGE][PASSED] - Object: 'Object Repository/Cookies/Page_Checkatrade Find a tradesperson you can trust/button_Accept All' is clicked on

2019-12-20 09:32:52 - [TEST_STEP][PASSED] - "---------------------------------": null

2019-12-20 09:32:52 - [TEST_STEP][PASSED] - "COOKIE POPOUT REMOVED - Confirmed": null

2019-12-20 09:32:52 - [TEST_STEP][PASSED] - delay(1): Delayed 1 second(s)

2019-12-20 09:32:53 - [MESSAGE][PASSED] - Delayed 1 second(s)

2019-12-20 09:32:53 - [TEST_STEP][PASSED] - verifyTextNotPresent("We use cookies to personalise content and ads, to provide social media features and to analyse our traffic", false): Text 'We use cookies to personalise content and ads, to provide social media features and to analyse our traffic' is not present on page

2019-12-20 09:32:53 - [MESSAGE][PASSED] - Text 'We use cookies to personalise content and ads, to provide social media features and to analyse our traffic' is not present on page

2019-12-20 09:32:53 - [TEST_STEP][PASSED] - verifyTextNotPresent(" We also share information about your use of our site with our social media, advertising and analytics partners", false): Text ' We also share information about your use of our site with our social media, advertising and analytics partners' is not present on page

2019-12-20 09:32:54 - [MESSAGE][PASSED] - Text ' We also share information about your use of our site with our social media, advertising and analytics partners' is not present on page

2019-12-20 09:32:54 - [TEST_STEP][PASSED] - verifyTextNotPresent("Cookie Policy", false): Text 'Cookie Policy' is not present on page

2019-12-20 09:32:54 - [MESSAGE][PASSED] - Text 'Cookie Policy' is not present on page

2019-12-20 09:32:54 - [TEST_STEP][PASSED] - waitForPageLoad(60): Wait for page load successfully

2019-12-20 09:32:54 - [MESSAGE][PASSED] - Wait for page load successfully

2019-12-20 09:32:54 - [MESSAGE][PASSED] - Call Test Case 'Test Cases/Reusable_Test_Sequences/CAT_Setup' successfully

2019-12-20 09:32:54 - [TEST_STEP][PASSED] - " ALTERNATIVE SCREEN RESOLUTION SELECTION METHOD": null

2019-12-20 09:32:54 - [TEST_STEP][PASSED] - " Block Comment Start": null

2019-12-20 09:32:54 - [TEST_STEP][PASSED] - " Block Commen End": null

2019-12-20 09:32:54 - [TEST_STEP][PASSED] - "---------------------------------------": null

2019-12-20 09:32:54 - [TEST_STEP][PASSED] - " Set and SEARCH TRADE CLASSIFICATION   |": null

2019-12-20 09:32:54 - [TEST_STEP][PASSED] - callTestCase(findTestCase("Reusable_Test_Sequences/CAT_Enter_Trade_Classification"), [:], CONTINUE_ON_FAILURE): Call Test Case 'Test Cases/Reusable_Test_Sequences/CAT_Enter_Trade_Classification' successfully

2019-12-20 09:32:54 - [TEST_CASE][PASSED] - Test Cases/Reusable_Test_Sequences/CAT_Enter_Trade_Classification: Test Cases/Reusable_Test_Sequences/CAT_Enter_Trade_Classification

2019-12-20 09:32:54 - [TEST_STEP][PASSED] - "---------------------------------": null

2019-12-20 09:32:54 - [TEST_STEP][PASSED] - "Set and SEARCH SELECTED TRADE": null

2019-12-20 09:32:54 - [TEST_STEP][PASSED] - click(findTestObject("Object Repository/Checkatrade_Trade_Search_Page/Page_Checkatrade Find a tradesperson you can trust/input_Search_Button_FF")): Object: 'Object Repository/Checkatrade_Trade_Search_Page/Page_Checkatrade Find a tradesperson you can trust/input_Search_Button_FF' is clicked on

2019-12-20 09:32:54 - [MESSAGE][PASSED] - Object: 'Object Repository/Checkatrade_Trade_Search_Page/Page_Checkatrade Find a tradesperson you can trust/input_Search_Button_FF' is clicked on

2019-12-20 09:32:54 - [TEST_STEP][PASSED] - setText(findTestObject("Object Repository/Checkatrade_Trade_Search_Page/Page_Checkatrade Find a tradesperson you can trust/input_Search_Button_FF"), findTestData("searchTestData").getValue("tradeClassification", row)): Text 'Electrician' is set on object 'Object Repository/Checkatrade_Trade_Search_Page/Page_Checkatrade Find a tradesperson you can trust/input_Search_Button_FF'

2019-12-20 09:32:54 - [MESSAGE][PASSED] - Text 'Electrician' is set on object 'Object Repository/Checkatrade_Trade_Search_Page/Page_Checkatrade Find a tradesperson you can trust/input_Search_Button_FF'

2019-12-20 09:32:54 - [MESSAGE][PASSED] - Call Test Case 'Test Cases/Reusable_Test_Sequences/CAT_Enter_Trade_Classification' successfully

2019-12-20 09:32:54 - [TEST_STEP][PASSED] - "---------------------------------------": null

2019-12-20 09:32:54 - [TEST_STEP][PASSED] - " Set and SEARCH TRADE LOCATION         |": null

2019-12-20 09:32:54 - [TEST_STEP][PASSED] - callTestCase(findTestCase("Reusable_Test_Sequences/CAT_Enter_Trade_Location"), [:], CONTINUE_ON_FAILURE): Call Test Case 'Test Cases/Reusable_Test_Sequences/CAT_Enter_Trade_Location' successfully

2019-12-20 09:32:54 - [TEST_CASE][PASSED] - Test Cases/Reusable_Test_Sequences/CAT_Enter_Trade_Location: Test Cases/Reusable_Test_Sequences/CAT_Enter_Trade_Location

2019-12-20 09:32:54 - [TEST_STEP][PASSED] - "---------------------------------": null

2019-12-20 09:32:54 - [TEST_STEP][PASSED] - "Set and SEARCH SELECTED LOCATION |": null

2019-12-20 09:32:54 - [TEST_STEP][PASSED] - click(findTestObject("Object Repository/Checkatrade_Trade_Search_Page/Page_Checkatrade Find a tradesperson you can trust/input_Not here_location")): Object: 'Object Repository/Checkatrade_Trade_Search_Page/Page_Checkatrade Find a tradesperson you can trust/input_Not here_location' is clicked on

2019-12-20 09:32:54 - [MESSAGE][PASSED] - Object: 'Object Repository/Checkatrade_Trade_Search_Page/Page_Checkatrade Find a tradesperson you can trust/input_Not here_location' is clicked on

2019-12-20 09:32:54 - [TEST_STEP][PASSED] - setText(findTestObject("Object Repository/Checkatrade_Trade_Search_Page/Page_Checkatrade Find a tradesperson you can trust/input_Not here_location"), findTestData("searchTestData").getValue("tradeLocation", row)): Text 'Orkney' is set on object 'Object Repository/Checkatrade_Trade_Search_Page/Page_Checkatrade Find a tradesperson you can trust/input_Not here_location'

2019-12-20 09:32:55 - [MESSAGE][PASSED] - Text 'Orkney' is set on object 'Object Repository/Checkatrade_Trade_Search_Page/Page_Checkatrade Find a tradesperson you can trust/input_Not here_location'

2019-12-20 09:32:55 - [MESSAGE][PASSED] - Call Test Case 'Test Cases/Reusable_Test_Sequences/CAT_Enter_Trade_Location' successfully

2019-12-20 09:32:55 - [TEST_STEP][PASSED] - "---------------------------------------": null

2019-12-20 09:32:55 - [TEST_STEP][PASSED] - " Scroll Search Button into View        |": null

2019-12-20 09:32:55 - [TEST_STEP][PASSED] - "---------------------------------------": null

2019-12-20 09:32:55 - [TEST_STEP][PASSED] - "---------------------------------------": null

2019-12-20 09:32:55 - [TEST_STEP][PASSED] - " Dispel New trades Header              |": null

2019-12-20 09:32:55 - [TEST_STEP][PASSED] - callTestCase(findTestCase("Reusable_Test_Sequences/CAT_Dispel_Trade_Header"), [:], CONTINUE_ON_FAILURE): Call Test Case 'Test Cases/Reusable_Test_Sequences/CAT_Dispel_Trade_Header' successfully

2019-12-20 09:32:55 - [TEST_CASE][PASSED] - Test Cases/Reusable_Test_Sequences/CAT_Dispel_Trade_Header: Test Cases/Reusable_Test_Sequences/CAT_Dispel_Trade_Header

2019-12-20 09:32:55 - [TEST_STEP][PASSED] - " New Function to Dispel Trades Header (on Deployment 05/12/20190) ": null

2019-12-20 09:32:55 - [TEST_STEP][PASSED] - if (row == 4): null

2019-12-20 09:32:55 - [MESSAGE][PASSED] - Call Test Case 'Test Cases/Reusable_Test_Sequences/CAT_Dispel_Trade_Header' successfully

2019-12-20 09:32:55 - [TEST_STEP][PASSED] - "---------------------------------------": null

2019-12-20 09:32:55 - [TEST_STEP][PASSED] - " Hit Search Button                     |": null

2019-12-20 09:32:55 - [TEST_STEP][PASSED] - callTestCase(findTestCase("Reusable_Test_Sequences/CAT_Hit_Search_Button"), [:], CONTINUE_ON_FAILURE): Call Test Case 'Test Cases/Reusable_Test_Sequences/CAT_Hit_Search_Button' successfully

2019-12-20 09:32:55 - [TEST_CASE][PASSED] - Test Cases/Reusable_Test_Sequences/CAT_Hit_Search_Button: Test Cases/Reusable_Test_Sequences/CAT_Hit_Search_Button

2019-12-20 09:32:55 - [TEST_STEP][PASSED] - "---------------------------------": null

2019-12-20 09:32:55 - [TEST_STEP][PASSED] - "HIT SEARCH": null

2019-12-20 09:32:55 - [TEST_STEP][PASSED] - "---------------------------------": null

2019-12-20 09:32:55 - [TEST_STEP][PASSED] - waitForElementClickable(findTestObject("Object Repository/Checkatrade_Trade_Search_Page/Page_Checkatrade Find a tradesperson you can trust/Page_Checkatrade Find a tradesperson you can trust/a_Search"), 25): Object 'Object Repository/Checkatrade_Trade_Search_Page/Page_Checkatrade Find a tradesperson you can trust/Page_Checkatrade Find a tradesperson you can trust/a_Search' is clickable

2019-12-20 09:32:55 - [MESSAGE][PASSED] - Object 'Object Repository/Checkatrade_Trade_Search_Page/Page_Checkatrade Find a tradesperson you can trust/Page_Checkatrade Find a tradesperson you can trust/a_Search' is clickable

2019-12-20 09:32:55 - [TEST_STEP][PASSED] - click(findTestObject("Object Repository/Checkatrade_Trade_Search_Page/Page_Checkatrade Find a tradesperson you can trust/Page_Checkatrade Find a tradesperson you can trust/a_Search")): Object: 'Object Repository/Checkatrade_Trade_Search_Page/Page_Checkatrade Find a tradesperson you can trust/Page_Checkatrade Find a tradesperson you can trust/a_Search' is clicked on

2019-12-20 09:32:58 - [MESSAGE][PASSED] - Object: 'Object Repository/Checkatrade_Trade_Search_Page/Page_Checkatrade Find a tradesperson you can trust/Page_Checkatrade Find a tradesperson you can trust/a_Search' is clicked on

2019-12-20 09:32:58 - [MESSAGE][PASSED] - Call Test Case 'Test Cases/Reusable_Test_Sequences/CAT_Hit_Search_Button' successfully

2019-12-20 09:32:58 - [TEST_STEP][PASSED] - "---------------------------------------": null

2019-12-20 09:32:58 - [TEST_STEP][PASSED] - " Verify Returned Page is as Expected   |": null

2019-12-20 09:32:58 - [TEST_STEP][PASSED] - callTestCase(findTestCase("Reusable_Test_Sequences/CAT_Verification"), [:], CONTINUE_ON_FAILURE): Call Test Case 'Test Cases/Reusable_Test_Sequences/CAT_Verification' successfully

2019-12-20 09:32:58 - [TEST_CASE][PASSED] - Test Cases/Reusable_Test_Sequences/CAT_Verification: Test Cases/Reusable_Test_Sequences/CAT_Verification

2019-12-20 09:32:58 - [TEST_STEP][PASSED] - "Updated 05/12/2019 due to wholesale Home page changes": null

2019-12-20 09:32:58 - [TEST_STEP][PASSED] - "Expected cantantenated text is Returned": null

2019-12-20 09:32:58 - [TEST_STEP][PASSED] - waitForPageLoad(60): Wait for page load successfully

2019-12-20 09:32:58 - [MESSAGE][PASSED] - Wait for page load successfully

2019-12-20 09:32:58 - [TEST_STEP][PASSED] - verifyTextPresent(findTestData("searchTestData").getValue("tradeClassification", row), false): Text 'Electrician' is present on page 

2019-12-20 09:32:58 - [MESSAGE][PASSED] - Text 'Electrician' is present on page 

2019-12-20 09:32:58 - [TEST_STEP][PASSED] - verifyTextPresent(findTestData("searchTestData").getValue("tradeLocation", row), false): Text 'Orkney' is present on page 

2019-12-20 09:32:59 - [MESSAGE][PASSED] - Text 'Orkney' is present on page 

2019-12-20 09:32:59 - [MESSAGE][PASSED] - Call Test Case 'Test Cases/Reusable_Test_Sequences/CAT_Verification' successfully

2019-12-20 09:32:59 - [TEST_STEP][PASSED] - "--------------------------": null

2019-12-20 09:32:59 - [TEST_STEP][PASSED] - " Teardown - CLose Browser |": null

2019-12-20 09:32:59 - [TEST_STEP][PASSED] - callTestCase(findTestCase("Reusable_Test_Sequences/CAT_Teardown"), [:], OPTIONAL): Call Test Case 'Test Cases/Reusable_Test_Sequences/CAT_Teardown' successfully

2019-12-20 09:32:59 - [TEST_CASE][PASSED] - Test Cases/Reusable_Test_Sequences/CAT_Teardown: Test Cases/Reusable_Test_Sequences/CAT_Teardown

2019-12-20 09:32:59 - [TEST_STEP][PASSED] - closeBrowser(): Browser is closed

2019-12-20 09:33:00 - [MESSAGE][PASSED] - Browser is closed

2019-12-20 09:33:00 - [MESSAGE][PASSED] - Call Test Case 'Test Cases/Reusable_Test_Sequences/CAT_Teardown' successfully

2019-12-20 09:33:00 - [TEST_STEP][PASSED] - "------------------------------": null

2019-12-20 09:33:00 - [TEST_STEP][PASSED] - " Set Mobile Device Testing    |": null

2019-12-20 09:33:00 - [TEST_STEP][PASSED] - Mobile_Flag = "false": null

2019-12-20 09:33:00 - [TEST_STEP][PASSED] - "------------------------------": null

2019-12-20 09:33:00 - [TEST_STEP][PASSED] - " Set Mobile Device Testing    |": null

2019-12-20 09:33:00 - [TEST_STEP][PASSED] - callTestCase(findTestCase("Reusable_Test_Sequences/CAT_Setup"), [:], OPTIONAL): Call Test Case 'Test Cases/Reusable_Test_Sequences/CAT_Setup' successfully

2019-12-20 09:33:00 - [TEST_CASE][PASSED] - Test Cases/Reusable_Test_Sequences/CAT_Setup: Test Cases/Reusable_Test_Sequences/CAT_Setup

2019-12-20 09:33:00 - [TEST_STEP][PASSED] - "------------------------------": null

2019-12-20 09:33:00 - [TEST_STEP][PASSED] - " Set Mobile Device Testing    |": null

2019-12-20 09:33:00 - [TEST_STEP][PASSED] - if (Mobile_Flag == "true"): null

2019-12-20 09:33:00 - [TEST_STEP][PASSED] - "------------------------------": null

2019-12-20 09:33:00 - [TEST_STEP][PASSED] - " Set Mobile Device Testing    |": null

2019-12-20 09:33:00 - [TEST_STEP][PASSED] - "------------------------------": null

2019-12-20 09:33:00 - [TEST_STEP][PASSED] - "URL - Set from the ENVIRONMENT PROFILE ": null

2019-12-20 09:33:00 - [TEST_STEP][PASSED] - openBrowser(URL): Browser is opened with url: 'https://www.preview.checkatrade.com/'

2019-12-20 09:33:00 - [MESSAGE][INFO] - Starting 'Chrome' driver

2019-12-20 09:33:12 - [MESSAGE][PASSED] - Browser is opened with url: 'https://www.preview.checkatrade.com/'

2019-12-20 09:33:12 - [TEST_STEP][PASSED] - maximizeWindow(): Current window maximized

2019-12-20 09:33:16 - [MESSAGE][PASSED] - Current window maximized

2019-12-20 09:33:16 - [TEST_STEP][PASSED] - waitForPageLoad(60): Wait for page load successfully

2019-12-20 09:33:16 - [MESSAGE][PASSED] - Wait for page load successfully

2019-12-20 09:33:16 - [TEST_STEP][PASSED] - "Previous Functionalilty Left Commented For Ease Of reversion": null

2019-12-20 09:33:16 - [TEST_STEP][PASSED] - try: Text 'Cookie Policy' is not present on page

2019-12-20 09:33:16 - [TEST_STEP][PASSED] - verifyElementPresent(findTestObject("Object Repository/Cookies/Page_Checkatrade Find a tradesperson you can trust/button_Accept All"), 5): Object 'Object Repository/Cookies/Page_Checkatrade Find a tradesperson you can trust/button_Accept All' is present

2019-12-20 09:33:16 - [MESSAGE][PASSED] - Object 'Object Repository/Cookies/Page_Checkatrade Find a tradesperson you can trust/button_Accept All' is present

2019-12-20 09:33:16 - [TEST_STEP][PASSED] - click(findTestObject("Object Repository/Cookies/Page_Checkatrade Find a tradesperson you can trust/button_Accept All")): Object: 'Object Repository/Cookies/Page_Checkatrade Find a tradesperson you can trust/button_Accept All' is clicked on

2019-12-20 09:33:16 - [MESSAGE][PASSED] - Object: 'Object Repository/Cookies/Page_Checkatrade Find a tradesperson you can trust/button_Accept All' is clicked on

2019-12-20 09:33:16 - [TEST_STEP][PASSED] - "---------------------------------": null

2019-12-20 09:33:16 - [TEST_STEP][PASSED] - "COOKIE POPOUT REMOVED - Confirmed": null

2019-12-20 09:33:16 - [TEST_STEP][PASSED] - delay(1): Delayed 1 second(s)

2019-12-20 09:33:17 - [MESSAGE][PASSED] - Delayed 1 second(s)

2019-12-20 09:33:17 - [TEST_STEP][PASSED] - verifyTextNotPresent("We use cookies to personalise content and ads, to provide social media features and to analyse our traffic", false): Text 'We use cookies to personalise content and ads, to provide social media features and to analyse our traffic' is not present on page

2019-12-20 09:33:17 - [MESSAGE][PASSED] - Text 'We use cookies to personalise content and ads, to provide social media features and to analyse our traffic' is not present on page

2019-12-20 09:33:17 - [TEST_STEP][PASSED] - verifyTextNotPresent(" We also share information about your use of our site with our social media, advertising and analytics partners", false): Text ' We also share information about your use of our site with our social media, advertising and analytics partners' is not present on page

2019-12-20 09:33:18 - [MESSAGE][PASSED] - Text ' We also share information about your use of our site with our social media, advertising and analytics partners' is not present on page

2019-12-20 09:33:18 - [TEST_STEP][PASSED] - verifyTextNotPresent("Cookie Policy", false): Text 'Cookie Policy' is not present on page

2019-12-20 09:33:18 - [MESSAGE][PASSED] - Text 'Cookie Policy' is not present on page

2019-12-20 09:33:18 - [TEST_STEP][PASSED] - waitForPageLoad(60): Wait for page load successfully

2019-12-20 09:33:18 - [MESSAGE][PASSED] - Wait for page load successfully

2019-12-20 09:33:18 - [MESSAGE][PASSED] - Call Test Case 'Test Cases/Reusable_Test_Sequences/CAT_Setup' successfully

2019-12-20 09:33:18 - [TEST_STEP][PASSED] - " ALTERNATIVE SCREEN RESOLUTION SELECTION METHOD": null

2019-12-20 09:33:18 - [TEST_STEP][PASSED] - " Block Comment Start": null

2019-12-20 09:33:18 - [TEST_STEP][PASSED] - " Block Commen End": null

2019-12-20 09:33:18 - [TEST_STEP][PASSED] - "---------------------------------------": null

2019-12-20 09:33:18 - [TEST_STEP][PASSED] - " Set and SEARCH TRADE CLASSIFICATION   |": null

2019-12-20 09:33:18 - [TEST_STEP][PASSED] - callTestCase(findTestCase("Reusable_Test_Sequences/CAT_Enter_Trade_Classification"), [:], CONTINUE_ON_FAILURE): Call Test Case 'Test Cases/Reusable_Test_Sequences/CAT_Enter_Trade_Classification' successfully

2019-12-20 09:33:18 - [TEST_CASE][PASSED] - Test Cases/Reusable_Test_Sequences/CAT_Enter_Trade_Classification: Test Cases/Reusable_Test_Sequences/CAT_Enter_Trade_Classification

2019-12-20 09:33:18 - [TEST_STEP][PASSED] - "---------------------------------": null

2019-12-20 09:33:18 - [TEST_STEP][PASSED] - "Set and SEARCH SELECTED TRADE": null

2019-12-20 09:33:18 - [TEST_STEP][PASSED] - click(findTestObject("Object Repository/Checkatrade_Trade_Search_Page/Page_Checkatrade Find a tradesperson you can trust/input_Search_Button_FF")): Object: 'Object Repository/Checkatrade_Trade_Search_Page/Page_Checkatrade Find a tradesperson you can trust/input_Search_Button_FF' is clicked on

2019-12-20 09:33:18 - [MESSAGE][PASSED] - Object: 'Object Repository/Checkatrade_Trade_Search_Page/Page_Checkatrade Find a tradesperson you can trust/input_Search_Button_FF' is clicked on

2019-12-20 09:33:18 - [TEST_STEP][PASSED] - setText(findTestObject("Object Repository/Checkatrade_Trade_Search_Page/Page_Checkatrade Find a tradesperson you can trust/input_Search_Button_FF"), findTestData("searchTestData").getValue("tradeClassification", row)): Text 'Diagnostic Testing' is set on object 'Object Repository/Checkatrade_Trade_Search_Page/Page_Checkatrade Find a tradesperson you can trust/input_Search_Button_FF'

2019-12-20 09:33:18 - [MESSAGE][PASSED] - Text 'Diagnostic Testing' is set on object 'Object Repository/Checkatrade_Trade_Search_Page/Page_Checkatrade Find a tradesperson you can trust/input_Search_Button_FF'

2019-12-20 09:33:18 - [MESSAGE][PASSED] - Call Test Case 'Test Cases/Reusable_Test_Sequences/CAT_Enter_Trade_Classification' successfully

2019-12-20 09:33:18 - [TEST_STEP][PASSED] - "---------------------------------------": null

2019-12-20 09:33:18 - [TEST_STEP][PASSED] - " Set and SEARCH TRADE LOCATION         |": null

2019-12-20 09:33:18 - [TEST_STEP][PASSED] - callTestCase(findTestCase("Reusable_Test_Sequences/CAT_Enter_Trade_Location"), [:], CONTINUE_ON_FAILURE): Call Test Case 'Test Cases/Reusable_Test_Sequences/CAT_Enter_Trade_Location' successfully

2019-12-20 09:33:18 - [TEST_CASE][PASSED] - Test Cases/Reusable_Test_Sequences/CAT_Enter_Trade_Location: Test Cases/Reusable_Test_Sequences/CAT_Enter_Trade_Location

2019-12-20 09:33:18 - [TEST_STEP][PASSED] - "---------------------------------": null

2019-12-20 09:33:18 - [TEST_STEP][PASSED] - "Set and SEARCH SELECTED LOCATION |": null

2019-12-20 09:33:18 - [TEST_STEP][PASSED] - click(findTestObject("Object Repository/Checkatrade_Trade_Search_Page/Page_Checkatrade Find a tradesperson you can trust/input_Not here_location")): Object: 'Object Repository/Checkatrade_Trade_Search_Page/Page_Checkatrade Find a tradesperson you can trust/input_Not here_location' is clicked on

2019-12-20 09:33:19 - [MESSAGE][PASSED] - Object: 'Object Repository/Checkatrade_Trade_Search_Page/Page_Checkatrade Find a tradesperson you can trust/input_Not here_location' is clicked on

2019-12-20 09:33:19 - [TEST_STEP][PASSED] - setText(findTestObject("Object Repository/Checkatrade_Trade_Search_Page/Page_Checkatrade Find a tradesperson you can trust/input_Not here_location"), findTestData("searchTestData").getValue("tradeLocation", row)): Text 'Angmering' is set on object 'Object Repository/Checkatrade_Trade_Search_Page/Page_Checkatrade Find a tradesperson you can trust/input_Not here_location'

2019-12-20 09:33:19 - [MESSAGE][PASSED] - Text 'Angmering' is set on object 'Object Repository/Checkatrade_Trade_Search_Page/Page_Checkatrade Find a tradesperson you can trust/input_Not here_location'

2019-12-20 09:33:19 - [MESSAGE][PASSED] - Call Test Case 'Test Cases/Reusable_Test_Sequences/CAT_Enter_Trade_Location' successfully

2019-12-20 09:33:19 - [TEST_STEP][PASSED] - "---------------------------------------": null

2019-12-20 09:33:19 - [TEST_STEP][PASSED] - " Scroll Search Button into View        |": null

2019-12-20 09:33:19 - [TEST_STEP][PASSED] - "---------------------------------------": null

2019-12-20 09:33:19 - [TEST_STEP][PASSED] - "---------------------------------------": null

2019-12-20 09:33:19 - [TEST_STEP][PASSED] - " Dispel New trades Header              |": null

2019-12-20 09:33:19 - [TEST_STEP][PASSED] - callTestCase(findTestCase("Reusable_Test_Sequences/CAT_Dispel_Trade_Header"), [:], CONTINUE_ON_FAILURE): Call Test Case 'Test Cases/Reusable_Test_Sequences/CAT_Dispel_Trade_Header' successfully

2019-12-20 09:33:19 - [TEST_CASE][PASSED] - Test Cases/Reusable_Test_Sequences/CAT_Dispel_Trade_Header: Test Cases/Reusable_Test_Sequences/CAT_Dispel_Trade_Header

2019-12-20 09:33:19 - [TEST_STEP][PASSED] - " New Function to Dispel Trades Header (on Deployment 05/12/20190) ": null

2019-12-20 09:33:19 - [TEST_STEP][PASSED] - if (row == 4): Object: 'Object Repository/Trades_Apply_Here/Page_Checkatrade Find a tradesperson you can trust/nav_Homeowner' is clicked on

2019-12-20 09:33:19 - [TEST_STEP][PASSED] - markPassed(" * * * * * *  The <TRADES HEADER> Was Presented on the desktop, and was Dispelled - NOT! * * * * * *"):  * * * * * *  The <TRADES HEADER> Was Presented on the desktop, and was Dispelled - NOT! * * * * * *

2019-12-20 09:33:19 - [MESSAGE][PASSED] -  * * * * * *  The <TRADES HEADER> Was Presented on the desktop, and was Dispelled - NOT! * * * * * *

2019-12-20 09:33:19 - [TEST_STEP][PASSED] - click(findTestObject("Trades_Apply_Here/Page_Checkatrade Find a tradesperson you can trust/nav_Homeowner")): Object: 'Object Repository/Trades_Apply_Here/Page_Checkatrade Find a tradesperson you can trust/nav_Homeowner' is clicked on

2019-12-20 09:33:19 - [MESSAGE][PASSED] - Object: 'Object Repository/Trades_Apply_Here/Page_Checkatrade Find a tradesperson you can trust/nav_Homeowner' is clicked on

2019-12-20 09:33:19 - [MESSAGE][PASSED] - Call Test Case 'Test Cases/Reusable_Test_Sequences/CAT_Dispel_Trade_Header' successfully

2019-12-20 09:33:19 - [TEST_STEP][PASSED] - "---------------------------------------": null

2019-12-20 09:33:19 - [TEST_STEP][PASSED] - " Hit Search Button                     |": null

2019-12-20 09:33:19 - [TEST_STEP][PASSED] - callTestCase(findTestCase("Reusable_Test_Sequences/CAT_Hit_Search_Button"), [:], CONTINUE_ON_FAILURE): Call Test Case 'Test Cases/Reusable_Test_Sequences/CAT_Hit_Search_Button' successfully

2019-12-20 09:33:19 - [TEST_CASE][PASSED] - Test Cases/Reusable_Test_Sequences/CAT_Hit_Search_Button: Test Cases/Reusable_Test_Sequences/CAT_Hit_Search_Button

2019-12-20 09:33:19 - [TEST_STEP][PASSED] - "---------------------------------": null

2019-12-20 09:33:19 - [TEST_STEP][PASSED] - "HIT SEARCH": null

2019-12-20 09:33:19 - [TEST_STEP][PASSED] - "---------------------------------": null

2019-12-20 09:33:19 - [TEST_STEP][PASSED] - waitForElementClickable(findTestObject("Object Repository/Checkatrade_Trade_Search_Page/Page_Checkatrade Find a tradesperson you can trust/Page_Checkatrade Find a tradesperson you can trust/a_Search"), 25): Object 'Object Repository/Checkatrade_Trade_Search_Page/Page_Checkatrade Find a tradesperson you can trust/Page_Checkatrade Find a tradesperson you can trust/a_Search' is clickable

2019-12-20 09:33:19 - [MESSAGE][PASSED] - Object 'Object Repository/Checkatrade_Trade_Search_Page/Page_Checkatrade Find a tradesperson you can trust/Page_Checkatrade Find a tradesperson you can trust/a_Search' is clickable

2019-12-20 09:33:19 - [TEST_STEP][PASSED] - click(findTestObject("Object Repository/Checkatrade_Trade_Search_Page/Page_Checkatrade Find a tradesperson you can trust/Page_Checkatrade Find a tradesperson you can trust/a_Search")): Object: 'Object Repository/Checkatrade_Trade_Search_Page/Page_Checkatrade Find a tradesperson you can trust/Page_Checkatrade Find a tradesperson you can trust/a_Search' is clicked on

2019-12-20 09:33:22 - [MESSAGE][PASSED] - Object: 'Object Repository/Checkatrade_Trade_Search_Page/Page_Checkatrade Find a tradesperson you can trust/Page_Checkatrade Find a tradesperson you can trust/a_Search' is clicked on

2019-12-20 09:33:22 - [MESSAGE][PASSED] - Call Test Case 'Test Cases/Reusable_Test_Sequences/CAT_Hit_Search_Button' successfully

2019-12-20 09:33:22 - [TEST_STEP][PASSED] - "---------------------------------------": null

2019-12-20 09:33:22 - [TEST_STEP][PASSED] - " Verify Returned Page is as Expected   |": null

2019-12-20 09:33:22 - [TEST_STEP][PASSED] - callTestCase(findTestCase("Reusable_Test_Sequences/CAT_Verification"), [:], CONTINUE_ON_FAILURE): Call Test Case 'Test Cases/Reusable_Test_Sequences/CAT_Verification' successfully

2019-12-20 09:33:22 - [TEST_CASE][PASSED] - Test Cases/Reusable_Test_Sequences/CAT_Verification: Test Cases/Reusable_Test_Sequences/CAT_Verification

2019-12-20 09:33:22 - [TEST_STEP][PASSED] - "Updated 05/12/2019 due to wholesale Home page changes": null

2019-12-20 09:33:22 - [TEST_STEP][PASSED] - "Expected cantantenated text is Returned": null

2019-12-20 09:33:22 - [TEST_STEP][PASSED] - waitForPageLoad(60): Wait for page load successfully

2019-12-20 09:33:22 - [MESSAGE][PASSED] - Wait for page load successfully

2019-12-20 09:33:22 - [TEST_STEP][PASSED] - verifyTextPresent(findTestData("searchTestData").getValue("tradeClassification", row), false): Text 'Diagnostic Testing' is present on page 

2019-12-20 09:33:22 - [MESSAGE][PASSED] - Text 'Diagnostic Testing' is present on page 

2019-12-20 09:33:22 - [TEST_STEP][PASSED] - verifyTextPresent(findTestData("searchTestData").getValue("tradeLocation", row), false): Text 'Angmering' is present on page 

2019-12-20 09:33:23 - [MESSAGE][PASSED] - Text 'Angmering' is present on page 

2019-12-20 09:33:23 - [MESSAGE][PASSED] - Call Test Case 'Test Cases/Reusable_Test_Sequences/CAT_Verification' successfully

2019-12-20 09:33:23 - [TEST_STEP][PASSED] - "--------------------------": null

2019-12-20 09:33:23 - [TEST_STEP][PASSED] - " Teardown - CLose Browser |": null

2019-12-20 09:33:23 - [TEST_STEP][PASSED] - callTestCase(findTestCase("Reusable_Test_Sequences/CAT_Teardown"), [:], OPTIONAL): Call Test Case 'Test Cases/Reusable_Test_Sequences/CAT_Teardown' successfully

2019-12-20 09:33:23 - [TEST_CASE][PASSED] - Test Cases/Reusable_Test_Sequences/CAT_Teardown: Test Cases/Reusable_Test_Sequences/CAT_Teardown

2019-12-20 09:33:23 - [TEST_STEP][PASSED] - closeBrowser(): Browser is closed

2019-12-20 09:33:24 - [MESSAGE][PASSED] - Browser is closed

2019-12-20 09:33:24 - [MESSAGE][PASSED] - Call Test Case 'Test Cases/Reusable_Test_Sequences/CAT_Teardown' successfully

2019-12-20 09:33:24 - [TEST_STEP][PASSED] - "------------------------------": null

2019-12-20 09:33:24 - [TEST_STEP][PASSED] - " Set Mobile Device Testing    |": null

2019-12-20 09:33:24 - [TEST_STEP][PASSED] - Mobile_Flag = "false": null

2019-12-20 09:33:24 - [TEST_STEP][PASSED] - "------------------------------": null

2019-12-20 09:33:24 - [TEST_STEP][PASSED] - " Set Mobile Device Testing    |": null

2019-12-20 09:33:24 - [TEST_STEP][PASSED] - callTestCase(findTestCase("Reusable_Test_Sequences/CAT_Setup"), [:], OPTIONAL): Call Test Case 'Test Cases/Reusable_Test_Sequences/CAT_Setup' successfully

2019-12-20 09:33:24 - [TEST_CASE][PASSED] - Test Cases/Reusable_Test_Sequences/CAT_Setup: Test Cases/Reusable_Test_Sequences/CAT_Setup

2019-12-20 09:33:24 - [TEST_STEP][PASSED] - "------------------------------": null

2019-12-20 09:33:24 - [TEST_STEP][PASSED] - " Set Mobile Device Testing    |": null

2019-12-20 09:33:24 - [TEST_STEP][PASSED] - if (Mobile_Flag == "true"): null

2019-12-20 09:33:24 - [TEST_STEP][PASSED] - "------------------------------": null

2019-12-20 09:33:24 - [TEST_STEP][PASSED] - " Set Mobile Device Testing    |": null

2019-12-20 09:33:24 - [TEST_STEP][PASSED] - "------------------------------": null

2019-12-20 09:33:24 - [TEST_STEP][PASSED] - "URL - Set from the ENVIRONMENT PROFILE ": null

2019-12-20 09:33:24 - [TEST_STEP][PASSED] - openBrowser(URL): Browser is opened with url: 'https://www.preview.checkatrade.com/'

2019-12-20 09:33:24 - [MESSAGE][INFO] - Starting 'Chrome' driver

2019-12-20 09:33:31 - [MESSAGE][PASSED] - Browser is opened with url: 'https://www.preview.checkatrade.com/'

2019-12-20 09:33:31 - [TEST_STEP][PASSED] - maximizeWindow(): Current window maximized

2019-12-20 09:33:35 - [MESSAGE][PASSED] - Current window maximized

2019-12-20 09:33:35 - [TEST_STEP][PASSED] - waitForPageLoad(60): Wait for page load successfully

2019-12-20 09:33:35 - [MESSAGE][PASSED] - Wait for page load successfully

2019-12-20 09:33:35 - [TEST_STEP][PASSED] - "Previous Functionalilty Left Commented For Ease Of reversion": null

2019-12-20 09:33:35 - [TEST_STEP][PASSED] - try: Text 'Cookie Policy' is not present on page

2019-12-20 09:33:35 - [TEST_STEP][PASSED] - verifyElementPresent(findTestObject("Object Repository/Cookies/Page_Checkatrade Find a tradesperson you can trust/button_Accept All"), 5): Object 'Object Repository/Cookies/Page_Checkatrade Find a tradesperson you can trust/button_Accept All' is present

2019-12-20 09:33:36 - [MESSAGE][PASSED] - Object 'Object Repository/Cookies/Page_Checkatrade Find a tradesperson you can trust/button_Accept All' is present

2019-12-20 09:33:36 - [TEST_STEP][PASSED] - click(findTestObject("Object Repository/Cookies/Page_Checkatrade Find a tradesperson you can trust/button_Accept All")): Object: 'Object Repository/Cookies/Page_Checkatrade Find a tradesperson you can trust/button_Accept All' is clicked on

2019-12-20 09:33:36 - [MESSAGE][PASSED] - Object: 'Object Repository/Cookies/Page_Checkatrade Find a tradesperson you can trust/button_Accept All' is clicked on

2019-12-20 09:33:36 - [TEST_STEP][PASSED] - "---------------------------------": null

2019-12-20 09:33:36 - [TEST_STEP][PASSED] - "COOKIE POPOUT REMOVED - Confirmed": null

2019-12-20 09:33:36 - [TEST_STEP][PASSED] - delay(1): Delayed 1 second(s)

2019-12-20 09:33:37 - [MESSAGE][PASSED] - Delayed 1 second(s)

2019-12-20 09:33:37 - [TEST_STEP][PASSED] - verifyTextNotPresent("We use cookies to personalise content and ads, to provide social media features and to analyse our traffic", false): Text 'We use cookies to personalise content and ads, to provide social media features and to analyse our traffic' is not present on page

2019-12-20 09:33:37 - [MESSAGE][PASSED] - Text 'We use cookies to personalise content and ads, to provide social media features and to analyse our traffic' is not present on page

2019-12-20 09:33:37 - [TEST_STEP][PASSED] - verifyTextNotPresent(" We also share information about your use of our site with our social media, advertising and analytics partners", false): Text ' We also share information about your use of our site with our social media, advertising and analytics partners' is not present on page

2019-12-20 09:33:37 - [MESSAGE][PASSED] - Text ' We also share information about your use of our site with our social media, advertising and analytics partners' is not present on page

2019-12-20 09:33:37 - [TEST_STEP][PASSED] - verifyTextNotPresent("Cookie Policy", false): Text 'Cookie Policy' is not present on page

2019-12-20 09:33:37 - [MESSAGE][PASSED] - Text 'Cookie Policy' is not present on page

2019-12-20 09:33:37 - [TEST_STEP][PASSED] - waitForPageLoad(60): Wait for page load successfully

2019-12-20 09:33:37 - [MESSAGE][PASSED] - Wait for page load successfully

2019-12-20 09:33:37 - [MESSAGE][PASSED] - Call Test Case 'Test Cases/Reusable_Test_Sequences/CAT_Setup' successfully

2019-12-20 09:33:37 - [TEST_STEP][PASSED] - " ALTERNATIVE SCREEN RESOLUTION SELECTION METHOD": null

2019-12-20 09:33:37 - [TEST_STEP][PASSED] - " Block Comment Start": null

2019-12-20 09:33:37 - [TEST_STEP][PASSED] - " Block Commen End": null

2019-12-20 09:33:37 - [TEST_STEP][PASSED] - "---------------------------------------": null

2019-12-20 09:33:37 - [TEST_STEP][PASSED] - " Set and SEARCH TRADE CLASSIFICATION   |": null

2019-12-20 09:33:37 - [TEST_STEP][PASSED] - callTestCase(findTestCase("Reusable_Test_Sequences/CAT_Enter_Trade_Classification"), [:], CONTINUE_ON_FAILURE): Call Test Case 'Test Cases/Reusable_Test_Sequences/CAT_Enter_Trade_Classification' successfully

2019-12-20 09:33:37 - [TEST_CASE][PASSED] - Test Cases/Reusable_Test_Sequences/CAT_Enter_Trade_Classification: Test Cases/Reusable_Test_Sequences/CAT_Enter_Trade_Classification

2019-12-20 09:33:37 - [TEST_STEP][PASSED] - "---------------------------------": null

2019-12-20 09:33:37 - [TEST_STEP][PASSED] - "Set and SEARCH SELECTED TRADE": null

2019-12-20 09:33:37 - [TEST_STEP][PASSED] - click(findTestObject("Object Repository/Checkatrade_Trade_Search_Page/Page_Checkatrade Find a tradesperson you can trust/input_Search_Button_FF")): Object: 'Object Repository/Checkatrade_Trade_Search_Page/Page_Checkatrade Find a tradesperson you can trust/input_Search_Button_FF' is clicked on

2019-12-20 09:33:37 - [MESSAGE][PASSED] - Object: 'Object Repository/Checkatrade_Trade_Search_Page/Page_Checkatrade Find a tradesperson you can trust/input_Search_Button_FF' is clicked on

2019-12-20 09:33:37 - [TEST_STEP][PASSED] - setText(findTestObject("Object Repository/Checkatrade_Trade_Search_Page/Page_Checkatrade Find a tradesperson you can trust/input_Search_Button_FF"), findTestData("searchTestData").getValue("tradeClassification", row)): Text 'Garage/Vehicle Services' is set on object 'Object Repository/Checkatrade_Trade_Search_Page/Page_Checkatrade Find a tradesperson you can trust/input_Search_Button_FF'

2019-12-20 09:33:38 - [MESSAGE][PASSED] - Text 'Garage/Vehicle Services' is set on object 'Object Repository/Checkatrade_Trade_Search_Page/Page_Checkatrade Find a tradesperson you can trust/input_Search_Button_FF'

2019-12-20 09:33:38 - [MESSAGE][PASSED] - Call Test Case 'Test Cases/Reusable_Test_Sequences/CAT_Enter_Trade_Classification' successfully

2019-12-20 09:33:38 - [TEST_STEP][PASSED] - "---------------------------------------": null

2019-12-20 09:33:38 - [TEST_STEP][PASSED] - " Set and SEARCH TRADE LOCATION         |": null

2019-12-20 09:33:38 - [TEST_STEP][PASSED] - callTestCase(findTestCase("Reusable_Test_Sequences/CAT_Enter_Trade_Location"), [:], CONTINUE_ON_FAILURE): Call Test Case 'Test Cases/Reusable_Test_Sequences/CAT_Enter_Trade_Location' successfully

2019-12-20 09:33:38 - [TEST_CASE][PASSED] - Test Cases/Reusable_Test_Sequences/CAT_Enter_Trade_Location: Test Cases/Reusable_Test_Sequences/CAT_Enter_Trade_Location

2019-12-20 09:33:38 - [TEST_STEP][PASSED] - "---------------------------------": null

2019-12-20 09:33:38 - [TEST_STEP][PASSED] - "Set and SEARCH SELECTED LOCATION |": null

2019-12-20 09:33:38 - [TEST_STEP][PASSED] - click(findTestObject("Object Repository/Checkatrade_Trade_Search_Page/Page_Checkatrade Find a tradesperson you can trust/input_Not here_location")): Object: 'Object Repository/Checkatrade_Trade_Search_Page/Page_Checkatrade Find a tradesperson you can trust/input_Not here_location' is clicked on

2019-12-20 09:33:38 - [MESSAGE][PASSED] - Object: 'Object Repository/Checkatrade_Trade_Search_Page/Page_Checkatrade Find a tradesperson you can trust/input_Not here_location' is clicked on

2019-12-20 09:33:38 - [TEST_STEP][PASSED] - setText(findTestObject("Object Repository/Checkatrade_Trade_Search_Page/Page_Checkatrade Find a tradesperson you can trust/input_Not here_location"), findTestData("searchTestData").getValue("tradeLocation", row)): Text 'Rugby' is set on object 'Object Repository/Checkatrade_Trade_Search_Page/Page_Checkatrade Find a tradesperson you can trust/input_Not here_location'

2019-12-20 09:33:39 - [MESSAGE][PASSED] - Text 'Rugby' is set on object 'Object Repository/Checkatrade_Trade_Search_Page/Page_Checkatrade Find a tradesperson you can trust/input_Not here_location'

2019-12-20 09:33:39 - [MESSAGE][PASSED] - Call Test Case 'Test Cases/Reusable_Test_Sequences/CAT_Enter_Trade_Location' successfully

2019-12-20 09:33:39 - [TEST_STEP][PASSED] - "---------------------------------------": null

2019-12-20 09:33:39 - [TEST_STEP][PASSED] - " Scroll Search Button into View        |": null

2019-12-20 09:33:39 - [TEST_STEP][PASSED] - "---------------------------------------": null

2019-12-20 09:33:39 - [TEST_STEP][PASSED] - "---------------------------------------": null

2019-12-20 09:33:39 - [TEST_STEP][PASSED] - " Dispel New trades Header              |": null

2019-12-20 09:33:39 - [TEST_STEP][PASSED] - callTestCase(findTestCase("Reusable_Test_Sequences/CAT_Dispel_Trade_Header"), [:], CONTINUE_ON_FAILURE): Call Test Case 'Test Cases/Reusable_Test_Sequences/CAT_Dispel_Trade_Header' successfully

2019-12-20 09:33:39 - [TEST_CASE][PASSED] - Test Cases/Reusable_Test_Sequences/CAT_Dispel_Trade_Header: Test Cases/Reusable_Test_Sequences/CAT_Dispel_Trade_Header

2019-12-20 09:33:39 - [TEST_STEP][PASSED] - " New Function to Dispel Trades Header (on Deployment 05/12/20190) ": null

2019-12-20 09:33:39 - [TEST_STEP][PASSED] - if (row == 4): null

2019-12-20 09:33:39 - [MESSAGE][PASSED] - Call Test Case 'Test Cases/Reusable_Test_Sequences/CAT_Dispel_Trade_Header' successfully

2019-12-20 09:33:39 - [TEST_STEP][PASSED] - "---------------------------------------": null

2019-12-20 09:33:39 - [TEST_STEP][PASSED] - " Hit Search Button                     |": null

2019-12-20 09:33:39 - [TEST_STEP][PASSED] - callTestCase(findTestCase("Reusable_Test_Sequences/CAT_Hit_Search_Button"), [:], CONTINUE_ON_FAILURE): Call Test Case 'Test Cases/Reusable_Test_Sequences/CAT_Hit_Search_Button' successfully

2019-12-20 09:33:39 - [TEST_CASE][PASSED] - Test Cases/Reusable_Test_Sequences/CAT_Hit_Search_Button: Test Cases/Reusable_Test_Sequences/CAT_Hit_Search_Button

2019-12-20 09:33:39 - [TEST_STEP][PASSED] - "---------------------------------": null

2019-12-20 09:33:39 - [TEST_STEP][PASSED] - "HIT SEARCH": null

2019-12-20 09:33:39 - [TEST_STEP][PASSED] - "---------------------------------": null

2019-12-20 09:33:39 - [TEST_STEP][PASSED] - waitForElementClickable(findTestObject("Object Repository/Checkatrade_Trade_Search_Page/Page_Checkatrade Find a tradesperson you can trust/Page_Checkatrade Find a tradesperson you can trust/a_Search"), 25): Object 'Object Repository/Checkatrade_Trade_Search_Page/Page_Checkatrade Find a tradesperson you can trust/Page_Checkatrade Find a tradesperson you can trust/a_Search' is clickable

2019-12-20 09:33:39 - [MESSAGE][PASSED] - Object 'Object Repository/Checkatrade_Trade_Search_Page/Page_Checkatrade Find a tradesperson you can trust/Page_Checkatrade Find a tradesperson you can trust/a_Search' is clickable

2019-12-20 09:33:39 - [TEST_STEP][PASSED] - click(findTestObject("Object Repository/Checkatrade_Trade_Search_Page/Page_Checkatrade Find a tradesperson you can trust/Page_Checkatrade Find a tradesperson you can trust/a_Search")): Object: 'Object Repository/Checkatrade_Trade_Search_Page/Page_Checkatrade Find a tradesperson you can trust/Page_Checkatrade Find a tradesperson you can trust/a_Search' is clicked on

2019-12-20 09:33:41 - [MESSAGE][PASSED] - Object: 'Object Repository/Checkatrade_Trade_Search_Page/Page_Checkatrade Find a tradesperson you can trust/Page_Checkatrade Find a tradesperson you can trust/a_Search' is clicked on

2019-12-20 09:33:41 - [MESSAGE][PASSED] - Call Test Case 'Test Cases/Reusable_Test_Sequences/CAT_Hit_Search_Button' successfully

2019-12-20 09:33:41 - [TEST_STEP][PASSED] - "---------------------------------------": null

2019-12-20 09:33:41 - [TEST_STEP][PASSED] - " Verify Returned Page is as Expected   |": null

2019-12-20 09:33:41 - [TEST_STEP][PASSED] - callTestCase(findTestCase("Reusable_Test_Sequences/CAT_Verification"), [:], CONTINUE_ON_FAILURE): Call Test Case 'Test Cases/Reusable_Test_Sequences/CAT_Verification' successfully

2019-12-20 09:33:41 - [TEST_CASE][PASSED] - Test Cases/Reusable_Test_Sequences/CAT_Verification: Test Cases/Reusable_Test_Sequences/CAT_Verification

2019-12-20 09:33:41 - [TEST_STEP][PASSED] - "Updated 05/12/2019 due to wholesale Home page changes": null

2019-12-20 09:33:41 - [TEST_STEP][PASSED] - "Expected cantantenated text is Returned": null

2019-12-20 09:33:41 - [TEST_STEP][PASSED] - waitForPageLoad(60): Wait for page load successfully

2019-12-20 09:33:41 - [MESSAGE][PASSED] - Wait for page load successfully

2019-12-20 09:33:41 - [TEST_STEP][PASSED] - verifyTextPresent(findTestData("searchTestData").getValue("tradeClassification", row), false): Text 'Garage/Vehicle Services' is present on page 

2019-12-20 09:33:42 - [MESSAGE][PASSED] - Text 'Garage/Vehicle Services' is present on page 

2019-12-20 09:33:42 - [TEST_STEP][PASSED] - verifyTextPresent(findTestData("searchTestData").getValue("tradeLocation", row), false): Text 'Rugby' is present on page 

2019-12-20 09:33:42 - [MESSAGE][PASSED] - Text 'Rugby' is present on page 

2019-12-20 09:33:42 - [MESSAGE][PASSED] - Call Test Case 'Test Cases/Reusable_Test_Sequences/CAT_Verification' successfully

2019-12-20 09:33:42 - [TEST_STEP][PASSED] - "--------------------------": null

2019-12-20 09:33:42 - [TEST_STEP][PASSED] - " Teardown - CLose Browser |": null

2019-12-20 09:33:42 - [TEST_STEP][PASSED] - callTestCase(findTestCase("Reusable_Test_Sequences/CAT_Teardown"), [:], OPTIONAL): Call Test Case 'Test Cases/Reusable_Test_Sequences/CAT_Teardown' successfully

2019-12-20 09:33:42 - [TEST_CASE][PASSED] - Test Cases/Reusable_Test_Sequences/CAT_Teardown: Test Cases/Reusable_Test_Sequences/CAT_Teardown

2019-12-20 09:33:42 - [TEST_STEP][PASSED] - closeBrowser(): Browser is closed

2019-12-20 09:33:43 - [MESSAGE][PASSED] - Browser is closed

2019-12-20 09:33:43 - [MESSAGE][PASSED] - Call Test Case 'Test Cases/Reusable_Test_Sequences/CAT_Teardown' successfully]]></system-out>
         <system-err><![CDATA[]]></system-err>
      </testcase>
      <system-out><![CDATA[2019-12-20 09:31:52 - [TEST_SUITE][PASSED] - Mobile_Devices: Test Cases/Mobile_Devices/Default_Device_Dev]]></system-out>
      <system-err><![CDATA[]]></system-err>
   </testsuite>
</testsuites>
