<?xml version="1.0" encoding="UTF-8"?>
<testsuites name="Members_My_Stats" time="56.956" tests="1" failures="0" errors="0">
   <testsuite name="Members_My_Stats" tests="1" failures="0" errors="0" time="56.956" timestamp="2019-12-11 11:28:21" hostname="DavidHo - VETTEDSP36RF.check.local" id="Test Suites/Members_My_Stats">
      <properties>
         <property name="deviceName" value=""/>
         <property name="devicePlatform" value=""/>
         <property name="logFolder" value="C:\\Users\\davidho\\Katalon Studio\\Start\\Reports\\20191211_112242\\Members_My_Stats\\20191211_112254"/>
         <property name="logFiles" value="C:\\Users\\davidho\\Katalon Studio\\Start\\Reports\\20191211_112242\\Members_My_Stats\\20191211_112254\\execution0.log"/>
         <property name="attachments" value=""/>
         <property name="hostName" value="DavidHo - VETTEDSP36RF.check.local"/>
         <property name="os" value="Windows 10 32bit"/>
         <property name="katalonVersion" value="7.1.2.1"/>
         <property name="browser" value="Firefox 70.0"/>
         <property name="hostAddress" value="10.0.11.243"/>
         <property name="sessionId" value="1d3161cd-0b35-4414-8b0c-384d7e1d3788"/>
         <property name="seleniumVersion" value="3.141.59"/>
         <property name="proxyInformation" value="ProxyInformation{proxyOption=NO_PROXY, proxyServerType=HTTP, password=, proxyServerAddress=, proxyServerPort=0, executionList=}"/>
         <property name="platform" value="Windows 10"/>
      </properties>
      <testcase name="Test Cases/Members_Area/My_Stats" time="54.363" classname="Test Cases/Members_Area/My_Stats" status="PASSED">
         <system-out><![CDATA[2019-12-11 11:28:22 - [TEST_CASE][PASSED] - Test Cases/Members_Area/My_Stats: Test Cases/Members_Area/My_Stats

2019-12-11 11:28:22 - [TEST_STEP][PASSED] - PAGE = "my-stats": null

2019-12-11 11:28:23 - [TEST_STEP][PASSED] - for ([row = 1, row <= findTestData("Members_Test_Data").getRowNumbers(), (internal.GlobalVariable.row++)]): Call Test Case 'Test Cases/Reusable_Test_Sequences/Members_Area/Banner_Menu/log_Off' successfully

2019-12-11 11:28:24 - [TEST_STEP][PASSED] - callTestCase(findTestCase("Reusable_Test_Sequences/Members_Area/Start_Up"), [:], OPTIONAL): Call Test Case 'Test Cases/Reusable_Test_Sequences/Members_Area/Start_Up' successfully

2019-12-11 11:28:24 - [TEST_CASE][PASSED] - Test Cases/Reusable_Test_Sequences/Members_Area/Start_Up: Test Cases/Reusable_Test_Sequences/Members_Area/Start_Up

2019-12-11 11:28:25 - [TEST_STEP][PASSED] - "----------------------------------------------------": null

2019-12-11 11:28:25 - [TEST_STEP][PASSED] - FUNCTION_AREA = "Members_Area": null

2019-12-11 11:28:25 - [TEST_STEP][PASSED] - "Do Some Magic with URL(s) See the comments within URL Handler ": null

2019-12-11 11:28:25 - [TEST_STEP][PASSED] - "URL - Set from the ENVIRONMENT PROFILE - Specific Page Address Provided By +GlobalVariable.MembersURL  ": null

2019-12-11 11:28:25 - [TEST_STEP][PASSED] - openBrowser(MembersURL): Browser is opened with url: 'https://preview-ma.checkatrade.com/'

2019-12-11 11:28:25 - [MESSAGE][INFO] - Starting 'Firefox' driver

2019-12-11 11:28:25 - [MESSAGE][INFO] - Action delay is set to 0 seconds

2019-12-11 11:28:41 - [MESSAGE][PASSED] - Browser is opened with url: 'https://preview-ma.checkatrade.com/'

2019-12-11 11:28:41 - [TEST_STEP][PASSED] - waitForPageLoad(60): Wait for page load successfully

2019-12-11 11:28:41 - [MESSAGE][PASSED] - Wait for page load successfully

2019-12-11 11:28:41 - [TEST_STEP][PASSED] - maximizeWindow(): Current window maximized

2019-12-11 11:28:42 - [MESSAGE][PASSED] - Current window maximized

2019-12-11 11:28:42 - [TEST_STEP][PASSED] - verifyTextPresent("EXCLUSIVE ACCESS FOR CHECKATRADE MEMBERS ONLY", false): Text 'EXCLUSIVE ACCESS FOR CHECKATRADE MEMBERS ONLY' is present on page 

2019-12-11 11:28:42 - [MESSAGE][PASSED] - Text 'EXCLUSIVE ACCESS FOR CHECKATRADE MEMBERS ONLY' is present on page 

2019-12-11 11:28:42 - [TEST_STEP][PASSED] - verifyTextPresent("Forgotten password?", false): Text 'Forgotten password?' is present on page 

2019-12-11 11:28:42 - [MESSAGE][PASSED] - Text 'Forgotten password?' is present on page 

2019-12-11 11:28:42 - [TEST_STEP][PASSED] - verifyTextPresent("Forgotten username?", false): Text 'Forgotten username?' is present on page 

2019-12-11 11:28:42 - [MESSAGE][PASSED] - Text 'Forgotten username?' is present on page 

2019-12-11 11:28:42 - [TEST_STEP][PASSED] - verifyTextPresent("Trouble logging in? No username and password? Contact Checkatrade Member Services by", false): Text 'Trouble logging in? No username and password? Contact Checkatrade Member Services by' is present on page 

2019-12-11 11:28:42 - [MESSAGE][PASSED] - Text 'Trouble logging in? No username and password? Contact Checkatrade Member Services by' is present on page 

2019-12-11 11:28:42 - [TEST_STEP][PASSED] - verifyTextPresent("memberservices@checkatrade.com", false): Text 'memberservices@checkatrade.com' is present on page 

2019-12-11 11:28:42 - [MESSAGE][PASSED] - Text 'memberservices@checkatrade.com' is present on page 

2019-12-11 11:28:42 - [MESSAGE][PASSED] - Call Test Case 'Test Cases/Reusable_Test_Sequences/Members_Area/Start_Up' successfully

2019-12-11 11:28:42 - [TEST_STEP][PASSED] - callTestCase(findTestCase("Reusable_Test_Sequences/Members_Area/log_On"), [:], OPTIONAL): Call Test Case 'Test Cases/Reusable_Test_Sequences/Members_Area/log_On' successfully

2019-12-11 11:28:42 - [TEST_CASE][PASSED] - Test Cases/Reusable_Test_Sequences/Members_Area/log_On: Test Cases/Reusable_Test_Sequences/Members_Area/log_On

2019-12-11 11:28:42 - [TEST_STEP][PASSED] - waitForElementPresent(findTestObject("Object Repository/Members/Page_Members Area/button_Log in"), 10): Object 'Object Repository/Members/Page_Members Area/button_Log in' is present

2019-12-11 11:28:42 - [MESSAGE][PASSED] - Object 'Object Repository/Members/Page_Members Area/button_Log in' is present

2019-12-11 11:28:42 - [TEST_STEP][PASSED] - click(findTestObject("Object Repository/Members/Page_Members Area/input_Username_username")): Object: 'Object Repository/Members/Page_Members Area/input_Username_username' is clicked on

2019-12-11 11:28:43 - [MESSAGE][PASSED] - Object: 'Object Repository/Members/Page_Members Area/input_Username_username' is clicked on

2019-12-11 11:28:43 - [TEST_STEP][PASSED] - setText(findTestObject("Object Repository/Members/Page_Members Area/input_Username_username"), Username): Text 'check1234' is set on object 'Object Repository/Members/Page_Members Area/input_Username_username'

2019-12-11 11:28:43 - [MESSAGE][PASSED] - Text 'check1234' is set on object 'Object Repository/Members/Page_Members Area/input_Username_username'

2019-12-11 11:28:43 - [TEST_STEP][PASSED] - click(findTestObject("Object Repository/Members/Page_Members Area/input_Password_password")): Object: 'Object Repository/Members/Page_Members Area/input_Password_password' is clicked on

2019-12-11 11:28:43 - [MESSAGE][PASSED] - Object: 'Object Repository/Members/Page_Members Area/input_Password_password' is clicked on

2019-12-11 11:28:43 - [TEST_STEP][PASSED] - setText(findTestObject("Object Repository/Members/Page_Members Area/input_Password_password"), Password): Text 'testing123' is set on object 'Object Repository/Members/Page_Members Area/input_Password_password'

2019-12-11 11:28:43 - [MESSAGE][PASSED] - Text 'testing123' is set on object 'Object Repository/Members/Page_Members Area/input_Password_password'

2019-12-11 11:28:43 - [TEST_STEP][PASSED] - click(findTestObject("Object Repository/Members/Page_Members Area/button_Log in")): Object: 'Object Repository/Members/Page_Members Area/button_Log in' is clicked on

2019-12-11 11:28:44 - [MESSAGE][PASSED] - Object: 'Object Repository/Members/Page_Members Area/button_Log in' is clicked on

2019-12-11 11:28:44 - [TEST_STEP][PASSED] - waitForElementNotPresent(findTestObject("Object Repository/Members/Page_Members Area/button_Log in"), 25): Web element with id: 'Object Repository/Members/Page_Members Area/button_Log in' located by 'By.xpath: //button[@type = 'submit' and (text() = ' Log in ' or . = ' Log in ')]' is not present after '25' second(s)

2019-12-11 11:28:45 - [MESSAGE][PASSED] - Web element with id: 'Object Repository/Members/Page_Members Area/button_Log in' located by 'By.xpath: //button[@type = 'submit' and (text() = ' Log in ' or . = ' Log in ')]' is not present after '25' second(s)

2019-12-11 11:28:45 - [TEST_STEP][PASSED] - waitForPageLoad(60): Wait for page load successfully

2019-12-11 11:28:45 - [MESSAGE][PASSED] - Wait for page load successfully

2019-12-11 11:28:45 - [TEST_STEP][PASSED] - if ("Object Repository/Page_Members Area/Header_Attention_Text"): Call Test Case 'Test Cases/Reusable_Test_Sequences/Utils/Popout_Handler' successfully

2019-12-11 11:28:45 - [TEST_STEP][PASSED] - waitForElementPresent(findTestObject("Object Repository/Page_Members Area/Header_Attention_Text"), 60): Object 'Object Repository/Page_Members Area/Header_Attention_Text' is present

2019-12-11 11:28:45 - [MESSAGE][PASSED] - Object 'Object Repository/Page_Members Area/Header_Attention_Text' is present

2019-12-11 11:28:45 - [TEST_STEP][PASSED] - callTestCase(findTestCase("Reusable_Test_Sequences/Utils/Popout_Handler"), [:], CONTINUE_ON_FAILURE): Call Test Case 'Test Cases/Reusable_Test_Sequences/Utils/Popout_Handler' successfully

2019-12-11 11:28:45 - [TEST_CASE][PASSED] - Test Cases/Reusable_Test_Sequences/Utils/Popout_Handler: Test Cases/Reusable_Test_Sequences/Utils/Popout_Handler

2019-12-11 11:28:46 - [TEST_STEP][PASSED] - delay(2): Delayed 2 second(s)

2019-12-11 11:28:48 - [MESSAGE][PASSED] - Delayed 2 second(s)

2019-12-11 11:28:48 - [TEST_STEP][PASSED] - waitForPageLoad(60): Wait for page load successfully

2019-12-11 11:28:48 - [MESSAGE][PASSED] - Wait for page load successfully

2019-12-11 11:28:48 - [TEST_STEP][PASSED] - try:  View Our New Website POPOUT Displayed

2019-12-11 11:28:48 - [TEST_STEP][PASSED] - if ("Object Repository/Popout/go_Away"):  View Our New Website POPOUT Displayed

2019-12-11 11:28:48 - [TEST_STEP][PASSED] - click(findTestObject("Object Repository/Popout/go_Away")): Object: 'Object Repository/Popout/go_Away' is clicked on

2019-12-11 11:28:48 - [MESSAGE][PASSED] - Object: 'Object Repository/Popout/go_Away' is clicked on

2019-12-11 11:28:48 - [TEST_STEP][PASSED] - markPassed(" View Our New Website POPOUT Displayed"):  View Our New Website POPOUT Displayed

2019-12-11 11:28:48 - [MESSAGE][PASSED] -  View Our New Website POPOUT Displayed

2019-12-11 11:28:48 - [MESSAGE][PASSED] - Call Test Case 'Test Cases/Reusable_Test_Sequences/Utils/Popout_Handler' successfully

2019-12-11 11:28:48 - [MESSAGE][PASSED] - Call Test Case 'Test Cases/Reusable_Test_Sequences/Members_Area/log_On' successfully

2019-12-11 11:28:48 - [TEST_STEP][PASSED] - callTestCase(findTestCase("Reusable_Test_Sequences/Members_Area/Area_Menu/Grow_You_Business/My_Stats"), [:], CONTINUE_ON_FAILURE): Call Test Case 'Test Cases/Reusable_Test_Sequences/Members_Area/Area_Menu/Grow_You_Business/My_Stats' successfully

2019-12-11 11:28:48 - [TEST_CASE][PASSED] - Test Cases/Reusable_Test_Sequences/Members_Area/Area_Menu/Grow_You_Business/My_Stats: Test Cases/Reusable_Test_Sequences/Members_Area/Area_Menu/Grow_You_Business/My_Stats

2019-12-11 11:28:48 - [TEST_STEP][PASSED] - waitForElementPresent(findTestObject("Object Repository/Page_Members Area/div_My Stats"), 60): Object 'Object Repository/Page_Members Area/div_My Stats' is present

2019-12-11 11:28:48 - [MESSAGE][PASSED] - Object 'Object Repository/Page_Members Area/div_My Stats' is present

2019-12-11 11:28:48 - [TEST_STEP][PASSED] - click(findTestObject("Object Repository/Page_Members Area/div_My Stats")): Object: 'Object Repository/Page_Members Area/div_My Stats' is clicked on

2019-12-11 11:28:49 - [MESSAGE][PASSED] - Object: 'Object Repository/Page_Members Area/div_My Stats' is clicked on

2019-12-11 11:28:49 - [MESSAGE][PASSED] - Call Test Case 'Test Cases/Reusable_Test_Sequences/Members_Area/Area_Menu/Grow_You_Business/My_Stats' successfully

2019-12-11 11:28:49 - [TEST_STEP][PASSED] - callTestCase(findTestCase("Reusable_Test_Sequences/Members_Area/Validation/My_Stats"), [:], CONTINUE_ON_FAILURE): Call Test Case 'Test Cases/Reusable_Test_Sequences/Members_Area/Validation/My_Stats' successfully

2019-12-11 11:28:49 - [TEST_CASE][PASSED] - Test Cases/Reusable_Test_Sequences/Members_Area/Validation/My_Stats: Test Cases/Reusable_Test_Sequences/Members_Area/Validation/My_Stats

2019-12-11 11:28:50 - [TEST_STEP][PASSED] - delay(2): Delayed 2 second(s)

2019-12-11 11:28:52 - [MESSAGE][PASSED] - Delayed 2 second(s)

2019-12-11 11:28:52 - [TEST_STEP][PASSED] - waitForPageLoad(60): Wait for page load successfully

2019-12-11 11:28:52 - [MESSAGE][PASSED] - Wait for page load successfully

2019-12-11 11:28:52 - [TEST_STEP][PASSED] - callTestCase(findTestCase("Reusable_Test_Sequences/Utils/Check_URL"), [:], CONTINUE_ON_FAILURE): Call Test Case 'Test Cases/Reusable_Test_Sequences/Utils/Check_URL' successfully

2019-12-11 11:28:52 - [TEST_CASE][PASSED] - Test Cases/Reusable_Test_Sequences/Utils/Check_URL: Test Cases/Reusable_Test_Sequences/Utils/Check_URL

2019-12-11 11:28:52 - [TEST_STEP][PASSED] - waitForPageLoad(10): Wait for page load successfully

2019-12-11 11:28:52 - [MESSAGE][PASSED] - Wait for page load successfully

2019-12-11 11:28:52 - [TEST_STEP][PASSED] - CurrentUrl = getUrl(): Current window's url is: 'https://preview-ma.checkatrade.com/my-stats'

2019-12-11 11:28:52 - [MESSAGE][PASSED] - Current window's url is: 'https://preview-ma.checkatrade.com/my-stats'

2019-12-11 11:28:52 - [TEST_STEP][PASSED] - step_Passed = "We have been redirected, correctly to the EXPECTED <MEMBERS> URL Page"+GlobalVariable.CurrentUrl": null

2019-12-11 11:28:52 - [TEST_STEP][PASSED] - step_Failed = "We have been redirected, incorrectly to this page "+GlobalVariable.CurrentUrl+" We should be on "+GlobalVariable.MembersURL+GlobalVariable.PAGE": null

2019-12-11 11:28:52 - [TEST_STEP][PASSED] - if (CurrentUrl == MembersURL + PAGE): We have been redirected, correctly to the EXPECTED <MEMBERS> URL Page"+GlobalVariable.CurrentUrl

2019-12-11 11:28:52 - [TEST_STEP][PASSED] - out.println(step_Passed): null

2019-12-11 11:28:52 - [TEST_STEP][PASSED] - markPassed(step_Passed): We have been redirected, correctly to the EXPECTED <MEMBERS> URL Page"+GlobalVariable.CurrentUrl

2019-12-11 11:28:52 - [MESSAGE][PASSED] - We have been redirected, correctly to the EXPECTED <MEMBERS> URL Page"+GlobalVariable.CurrentUrl

2019-12-11 11:28:52 - [MESSAGE][PASSED] - Call Test Case 'Test Cases/Reusable_Test_Sequences/Utils/Check_URL' successfully

2019-12-11 11:28:52 - [TEST_STEP][PASSED] - "----------------------------------------------": null

2019-12-11 11:28:52 - [TEST_STEP][PASSED] - "DEFAULT TAB - None - 1 Page Returned          |": null

2019-12-11 11:28:52 - [TEST_STEP][PASSED] - verifyTextPresent(findTestData("Members_Test_Data").getValue("MEMBER_ID", 1), false): Text '218630' is present on page 

2019-12-11 11:28:53 - [MESSAGE][PASSED] - Text '218630' is present on page 

2019-12-11 11:28:53 - [TEST_STEP][PASSED] - verifyTextPresent("MEMBER ID", false): Text 'MEMBER ID' is present on page 

2019-12-11 11:28:53 - [MESSAGE][PASSED] - Text 'MEMBER ID' is present on page 

2019-12-11 11:28:53 - [TEST_STEP][PASSED] - verifyTextPresent("Your web page statistics", false): Text 'Your web page statistics' is present on page 

2019-12-11 11:28:54 - [MESSAGE][PASSED] - Text 'Your web page statistics' is present on page 

2019-12-11 11:28:54 - [TEST_STEP][PASSED] - verifyTextPresent("Your Page Hits", false): Text 'Your Page Hits' is present on page 

2019-12-11 11:28:55 - [MESSAGE][PASSED] - Text 'Your Page Hits' is present on page 

2019-12-11 11:28:55 - [TEST_STEP][PASSED] - verifyTextPresent("Get Data", false): Text 'Get Data' is present on page 

2019-12-11 11:28:56 - [MESSAGE][PASSED] - Text 'Get Data' is present on page 

2019-12-11 11:28:56 - [TEST_STEP][PASSED] - verifyTextPresent("Total hits for today", false): Text 'Total hits for today' is present on page 

2019-12-11 11:28:57 - [MESSAGE][PASSED] - Text 'Total hits for today' is present on page 

2019-12-11 11:28:57 - [TEST_STEP][PASSED] - verifyTextPresent("Total hits for period", false): Text 'Total hits for period' is present on page 

2019-12-11 11:28:57 - [MESSAGE][PASSED] - Text 'Total hits for period' is present on page 

2019-12-11 11:28:57 - [TEST_STEP][PASSED] - scrollToPosition(900, 900): Browser is scrolled to position x = 900, y = 900

2019-12-11 11:28:57 - [MESSAGE][PASSED] - Browser is scrolled to position x = 900, y = 900

2019-12-11 11:28:57 - [TEST_STEP][PASSED] - verifyTextPresent("Your Feedback History", false): Text 'Your Feedback History' is present on page 

2019-12-11 11:28:59 - [MESSAGE][PASSED] - Text 'Your Feedback History' is present on page 

2019-12-11 11:28:59 - [TEST_STEP][PASSED] - verifyTextPresent("Please note: some mobile devices may need to be rotated to view the graph", false): Text 'Please note: some mobile devices may need to be rotated to view the graph' is present on page 

2019-12-11 11:29:00 - [MESSAGE][PASSED] - Text 'Please note: some mobile devices may need to be rotated to view the graph' is present on page 

2019-12-11 11:29:00 - [TEST_STEP][PASSED] - verifyTextPresent("Month in which work was done", false): Text 'Month in which work was done' is present on page 

2019-12-11 11:29:01 - [MESSAGE][PASSED] - Text 'Month in which work was done' is present on page 

2019-12-11 11:29:01 - [TEST_STEP][PASSED] - verifyTextPresent("Searches by Category", false): Text 'Searches by Category' is present on page 

2019-12-11 11:29:02 - [MESSAGE][PASSED] - Text 'Searches by Category' is present on page 

2019-12-11 11:29:02 - [TEST_STEP][PASSED] - scrollToPosition(900, 900): Browser is scrolled to position x = 900, y = 900

2019-12-11 11:29:02 - [MESSAGE][PASSED] - Browser is scrolled to position x = 900, y = 900

2019-12-11 11:29:02 - [TEST_STEP][PASSED] - verifyTextPresent("Want to improve your search results", false): Text 'Want to improve your search results' is present on page 

2019-12-11 11:29:03 - [MESSAGE][PASSED] - Text 'Want to improve your search results' is present on page 

2019-12-11 11:29:03 - [TEST_STEP][PASSED] - verifyTextPresent("Feedback Score Breakdown", false): Text 'Feedback Score Breakdown' is present on page 

2019-12-11 11:29:04 - [MESSAGE][PASSED] - Text 'Feedback Score Breakdown' is present on page 

2019-12-11 11:29:04 - [TEST_STEP][PASSED] - verifyTextPresent("All Feedback", false): Text 'All Feedback' is present on page 

2019-12-11 11:29:05 - [MESSAGE][PASSED] - Text 'All Feedback' is present on page 

2019-12-11 11:29:05 - [TEST_STEP][PASSED] - verifyTextPresent("Last 12 Months", false): Text 'Last 12 Months' is present on page 

2019-12-11 11:29:06 - [MESSAGE][PASSED] - Text 'Last 12 Months' is present on page 

2019-12-11 11:29:06 - [TEST_STEP][PASSED] - verifyTextPresent("Estimating", false): Text 'Estimating' is present on page 

2019-12-11 11:29:07 - [MESSAGE][PASSED] - Text 'Estimating' is present on page 

2019-12-11 11:29:07 - [TEST_STEP][PASSED] - verifyTextPresent("Tidiness", false): Text 'Tidiness' is present on page 

2019-12-11 11:29:07 - [MESSAGE][PASSED] - Text 'Tidiness' is present on page 

2019-12-11 11:29:07 - [TEST_STEP][PASSED] - verifyTextPresent("Reliability & Timekeeping", false): Text 'Reliability & Timekeeping' is present on page 

2019-12-11 11:29:08 - [MESSAGE][PASSED] - Text 'Reliability & Timekeeping' is present on page 

2019-12-11 11:29:08 - [TEST_STEP][PASSED] - verifyTextPresent("Courtesy", false): Text 'Courtesy' is present on page 

2019-12-11 11:29:10 - [MESSAGE][PASSED] - Text 'Courtesy' is present on page 

2019-12-11 11:29:10 - [TEST_STEP][PASSED] - verifyTextPresent("Workmanship", false): Text 'Workmanship' is present on page 

2019-12-11 11:29:10 - [MESSAGE][PASSED] - Text 'Workmanship' is present on page 

2019-12-11 11:29:10 - [TEST_STEP][PASSED] - verifyTextPresent("Value for Money", false): Text 'Value for Money' is present on page 

2019-12-11 11:29:12 - [MESSAGE][PASSED] - Text 'Value for Money' is present on page 

2019-12-11 11:29:12 - [TEST_STEP][PASSED] - verifyTextPresent("Last 6 Months", false): Text 'Last 6 Months' is present on page 

2019-12-11 11:29:13 - [MESSAGE][PASSED] - Text 'Last 6 Months' is present on page 

2019-12-11 11:29:13 - [TEST_STEP][PASSED] - verifyTextPresent("Last 30 Days", false): Text 'Last 30 Days' is present on page 

2019-12-11 11:29:13 - [MESSAGE][PASSED] - Text 'Last 30 Days' is present on page 

2019-12-11 11:29:13 - [TEST_STEP][PASSED] - verifyTextPresent("Overall", false): Text 'Overall' is present on page 

2019-12-11 11:29:14 - [MESSAGE][PASSED] - Text 'Overall' is present on page 

2019-12-11 11:29:14 - [MESSAGE][PASSED] - Call Test Case 'Test Cases/Reusable_Test_Sequences/Members_Area/Validation/My_Stats' successfully

2019-12-11 11:29:14 - [TEST_STEP][PASSED] - callTestCase(findTestCase("Reusable_Test_Sequences/Members_Area/Banner_Menu/log_Off"), [:], OPTIONAL): Call Test Case 'Test Cases/Reusable_Test_Sequences/Members_Area/Banner_Menu/log_Off' successfully

2019-12-11 11:29:14 - [TEST_CASE][PASSED] - Test Cases/Reusable_Test_Sequences/Members_Area/Banner_Menu/log_Off: Test Cases/Reusable_Test_Sequences/Members_Area/Banner_Menu/log_Off

2019-12-11 11:29:14 - [TEST_STEP][PASSED] - delay(1): Delayed 1 second(s)

2019-12-11 11:29:15 - [MESSAGE][PASSED] - Delayed 1 second(s)

2019-12-11 11:29:15 - [TEST_STEP][PASSED] - waitForElementClickable(findTestObject("Object Repository/Page_Members Area/a_Log off"), 60): Object 'Object Repository/Page_Members Area/a_Log off' is clickable

2019-12-11 11:29:15 - [MESSAGE][PASSED] - Object 'Object Repository/Page_Members Area/a_Log off' is clickable

2019-12-11 11:29:15 - [TEST_STEP][PASSED] - scrollToElement(findTestObject("Object Repository/Page_Members Area/a_Log off"), 2): Scroll to object 'Object Repository/Page_Members Area/a_Log off' successfully

2019-12-11 11:29:15 - [MESSAGE][PASSED] - Scroll to object 'Object Repository/Page_Members Area/a_Log off' successfully

2019-12-11 11:29:15 - [TEST_STEP][PASSED] - click(findTestObject("Object Repository/Page_Members Area/a_Log off")): Object: 'Object Repository/Page_Members Area/a_Log off' is clicked on

2019-12-11 11:29:16 - [MESSAGE][PASSED] - Object: 'Object Repository/Page_Members Area/a_Log off' is clicked on

2019-12-11 11:29:16 - [MESSAGE][PASSED] - Call Test Case 'Test Cases/Reusable_Test_Sequences/Members_Area/Banner_Menu/log_Off' successfully]]></system-out>
         <system-err><![CDATA[]]></system-err>
      </testcase>
      <system-out><![CDATA[2019-12-11 11:28:21 - [TEST_SUITE][PASSED] - Members_My_Stats: Test Cases/Members_Area/My_Stats]]></system-out>
      <system-err><![CDATA[]]></system-err>
   </testsuite>
</testsuites>
