<?xml version="1.0" encoding="UTF-8"?>
<testsuites name="Members_My_Membership" time="64.866" tests="1" failures="0" errors="0">
   <testsuite name="Members_My_Membership" tests="1" failures="0" errors="0" time="64.866" timestamp="2019-11-26 15:39:29" hostname="DavidHo - VETTEDSP36RF.check.local" id="Test Suites/Members_My_Membership">
      <properties>
         <property name="deviceName" value=""/>
         <property name="devicePlatform" value=""/>
         <property name="logFolder" value="C:\\Users\\davidho\\Katalon Studio\\Start\\Reports\\20191126_153633\\Members_My_Membership\\20191126_153654"/>
         <property name="logFiles" value="C:\\Users\\davidho\\Katalon Studio\\Start\\Reports\\20191126_153633\\Members_My_Membership\\20191126_153654\\execution0.log"/>
         <property name="attachments" value=""/>
         <property name="hostName" value="DavidHo - VETTEDSP36RF.check.local"/>
         <property name="os" value="Windows 10 32bit"/>
         <property name="katalonVersion" value="7.1.0.1"/>
         <property name="browser" value="Firefox 70.0"/>
         <property name="hostAddress" value="10.0.11.243"/>
         <property name="sessionId" value="71d65f29-f379-4d85-92aa-ed9cefc563cb"/>
         <property name="seleniumVersion" value="3.141.59"/>
         <property name="proxyInformation" value="ProxyInformation{proxyOption=NO_PROXY, proxyServerType=HTTP, password=, proxyServerAddress=, proxyServerPort=0}"/>
         <property name="platform" value="Windows 10"/>
      </properties>
      <testcase name="Test Cases/Members_Area/My_Membership" time="62.17" classname="Test Cases/Members_Area/My_Membership" status="PASSED">
         <system-out><![CDATA[2019-11-26 15:39:29 - [TEST_CASE][PASSED] - Test Cases/Members_Area/My_Membership: Test Cases/Members_Area/My_Membership

2019-11-26 15:39:30 - [TEST_STEP][PASSED] - PAGE = "/membership": null

2019-11-26 15:39:32 - [TEST_STEP][PASSED] - for ([row = 1, row <= findTestData("Members_Test_Data").getRowNumbers(), (internal.GlobalVariable.row++)]): Call Test Case 'Test Cases/Reusable_Test_Sequences/Members_Area/Banner_Menu/log_Off' successfully

2019-11-26 15:39:33 - [TEST_STEP][PASSED] - callTestCase(findTestCase("Reusable_Test_Sequences/Members_Area/Start_Up"), [:], OPTIONAL): Call Test Case 'Test Cases/Reusable_Test_Sequences/Members_Area/Start_Up' successfully

2019-11-26 15:39:33 - [TEST_CASE][PASSED] - Test Cases/Reusable_Test_Sequences/Members_Area/Start_Up: Test Cases/Reusable_Test_Sequences/Members_Area/Start_Up

2019-11-26 15:39:33 - [TEST_STEP][PASSED] - "----------------------------------------------------": null

2019-11-26 15:39:33 - [TEST_STEP][PASSED] - FUNCTION_AREA = "Members_Area": null

2019-11-26 15:39:33 - [TEST_STEP][PASSED] - "Do Some Magic with URL(s) See the comments within URL Handler ": null

2019-11-26 15:39:33 - [TEST_STEP][PASSED] - "URL - Set from the ENVIRONMENT PROFILE - Specific Page Address Provided By +GlobalVariable.MembersURL  ": null

2019-11-26 15:39:33 - [TEST_STEP][PASSED] - openBrowser(MembersURL): Browser is opened with url: 'https://preview-ma.checkatrade.com/'

2019-11-26 15:39:33 - [MESSAGE][INFO] - Starting 'Firefox' driver

2019-11-26 15:39:34 - [MESSAGE][INFO] - Action delay is set to 0 seconds

2019-11-26 15:40:16 - [MESSAGE][PASSED] - Browser is opened with url: 'https://preview-ma.checkatrade.com/'

2019-11-26 15:40:16 - [TEST_STEP][PASSED] - waitForPageLoad(60): Wait for page load successfully

2019-11-26 15:40:16 - [MESSAGE][PASSED] - Wait for page load successfully

2019-11-26 15:40:16 - [TEST_STEP][PASSED] - maximizeWindow(): Current window maximized

2019-11-26 15:40:16 - [MESSAGE][PASSED] - Current window maximized

2019-11-26 15:40:16 - [TEST_STEP][PASSED] - verifyTextPresent("EXCLUSIVE ACCESS FOR CHECKATRADE MEMBERS ONLY", false): Text 'EXCLUSIVE ACCESS FOR CHECKATRADE MEMBERS ONLY' is present on page 

2019-11-26 15:40:17 - [MESSAGE][PASSED] - Text 'EXCLUSIVE ACCESS FOR CHECKATRADE MEMBERS ONLY' is present on page 

2019-11-26 15:40:17 - [TEST_STEP][PASSED] - verifyTextPresent("Forgotten password?", false): Text 'Forgotten password?' is present on page 

2019-11-26 15:40:17 - [MESSAGE][PASSED] - Text 'Forgotten password?' is present on page 

2019-11-26 15:40:17 - [TEST_STEP][PASSED] - verifyTextPresent("Forgotten username?", false): Text 'Forgotten username?' is present on page 

2019-11-26 15:40:17 - [MESSAGE][PASSED] - Text 'Forgotten username?' is present on page 

2019-11-26 15:40:17 - [TEST_STEP][PASSED] - verifyTextPresent("Trouble logging in? No username and password? Contact Checkatrade Member Services by", false): Text 'Trouble logging in? No username and password? Contact Checkatrade Member Services by' is present on page 

2019-11-26 15:40:17 - [MESSAGE][PASSED] - Text 'Trouble logging in? No username and password? Contact Checkatrade Member Services by' is present on page 

2019-11-26 15:40:17 - [TEST_STEP][PASSED] - verifyTextPresent("memberservices@checkatrade.com", false): Text 'memberservices@checkatrade.com' is present on page 

2019-11-26 15:40:17 - [MESSAGE][PASSED] - Text 'memberservices@checkatrade.com' is present on page 

2019-11-26 15:40:17 - [MESSAGE][INFO] - =================== Smart XPath Report =======================

2019-11-26 15:40:17 - [MESSAGE][INFO] - Refer to the link below to preview and approve auto healing on broken test objects.

2019-11-26 15:40:17 - [MESSAGE][INFO] - https://docs.katalon.com/katalon-studio/docs/auto-healing-smart-xpath.html

2019-11-26 15:40:17 - [MESSAGE][INFO] - ===============================================================

2019-11-26 15:40:17 - [MESSAGE][PASSED] - Call Test Case 'Test Cases/Reusable_Test_Sequences/Members_Area/Start_Up' successfully

2019-11-26 15:40:17 - [TEST_STEP][PASSED] - callTestCase(findTestCase("Reusable_Test_Sequences/Members_Area/log_On"), [:], OPTIONAL): Call Test Case 'Test Cases/Reusable_Test_Sequences/Members_Area/log_On' successfully

2019-11-26 15:40:17 - [TEST_CASE][PASSED] - Test Cases/Reusable_Test_Sequences/Members_Area/log_On: Test Cases/Reusable_Test_Sequences/Members_Area/log_On

2019-11-26 15:40:17 - [TEST_STEP][PASSED] - waitForElementPresent(findTestObject("Object Repository/Members/Page_Members Area/button_Log in"), 10): Object 'Object Repository/Members/Page_Members Area/button_Log in' is present

2019-11-26 15:40:17 - [MESSAGE][PASSED] - Object 'Object Repository/Members/Page_Members Area/button_Log in' is present

2019-11-26 15:40:17 - [TEST_STEP][PASSED] - click(findTestObject("Object Repository/Members/Page_Members Area/input_Username_username")): Object: 'Object Repository/Members/Page_Members Area/input_Username_username' is clicked on

2019-11-26 15:40:18 - [MESSAGE][PASSED] - Object: 'Object Repository/Members/Page_Members Area/input_Username_username' is clicked on

2019-11-26 15:40:18 - [TEST_STEP][PASSED] - setText(findTestObject("Object Repository/Members/Page_Members Area/input_Username_username"), Username): Text 'check1234' is set on object 'Object Repository/Members/Page_Members Area/input_Username_username'

2019-11-26 15:40:18 - [MESSAGE][PASSED] - Text 'check1234' is set on object 'Object Repository/Members/Page_Members Area/input_Username_username'

2019-11-26 15:40:18 - [TEST_STEP][PASSED] - click(findTestObject("Object Repository/Members/Page_Members Area/input_Password_password")): Object: 'Object Repository/Members/Page_Members Area/input_Password_password' is clicked on

2019-11-26 15:40:19 - [MESSAGE][PASSED] - Object: 'Object Repository/Members/Page_Members Area/input_Password_password' is clicked on

2019-11-26 15:40:19 - [TEST_STEP][PASSED] - setText(findTestObject("Object Repository/Members/Page_Members Area/input_Password_password"), Password): Text 'testing123' is set on object 'Object Repository/Members/Page_Members Area/input_Password_password'

2019-11-26 15:40:19 - [MESSAGE][PASSED] - Text 'testing123' is set on object 'Object Repository/Members/Page_Members Area/input_Password_password'

2019-11-26 15:40:19 - [TEST_STEP][PASSED] - click(findTestObject("Object Repository/Members/Page_Members Area/button_Log in")): Object: 'Object Repository/Members/Page_Members Area/button_Log in' is clicked on

2019-11-26 15:40:19 - [MESSAGE][PASSED] - Object: 'Object Repository/Members/Page_Members Area/button_Log in' is clicked on

2019-11-26 15:40:19 - [TEST_STEP][PASSED] - waitForElementNotPresent(findTestObject("Object Repository/Members/Page_Members Area/button_Log in"), 25): Web element with id: 'Object Repository/Members/Page_Members Area/button_Log in' located by 'By.xpath: //button[@type = 'submit' and (text() = ' Log in ' or . = ' Log in ')]' is not present after '25' second(s)

2019-11-26 15:40:20 - [MESSAGE][PASSED] - Web element with id: 'Object Repository/Members/Page_Members Area/button_Log in' located by 'By.xpath: //button[@type = 'submit' and (text() = ' Log in ' or . = ' Log in ')]' is not present after '25' second(s)

2019-11-26 15:40:20 - [TEST_STEP][PASSED] - waitForPageLoad(60): Wait for page load successfully

2019-11-26 15:40:20 - [MESSAGE][PASSED] - Wait for page load successfully

2019-11-26 15:40:20 - [TEST_STEP][PASSED] - if ("Object Repository/Page_Members Area/Header_Attention_Text"): Call Test Case 'Test Cases/Reusable_Test_Sequences/Utils/Popout_Handler' successfully

2019-11-26 15:40:20 - [TEST_STEP][PASSED] - waitForElementPresent(findTestObject("Object Repository/Page_Members Area/Header_Attention_Text"), 60): Object 'Object Repository/Page_Members Area/Header_Attention_Text' is present

2019-11-26 15:40:20 - [MESSAGE][PASSED] - Object 'Object Repository/Page_Members Area/Header_Attention_Text' is present

2019-11-26 15:40:20 - [TEST_STEP][PASSED] - callTestCase(findTestCase("Reusable_Test_Sequences/Utils/Popout_Handler"), [:], CONTINUE_ON_FAILURE): Call Test Case 'Test Cases/Reusable_Test_Sequences/Utils/Popout_Handler' successfully

2019-11-26 15:40:20 - [TEST_CASE][PASSED] - Test Cases/Reusable_Test_Sequences/Utils/Popout_Handler: Test Cases/Reusable_Test_Sequences/Utils/Popout_Handler

2019-11-26 15:40:20 - [TEST_STEP][PASSED] - delay(2): Delayed 2 second(s)

2019-11-26 15:40:22 - [MESSAGE][PASSED] - Delayed 2 second(s)

2019-11-26 15:40:22 - [TEST_STEP][PASSED] - waitForPageLoad(60): Wait for page load successfully

2019-11-26 15:40:22 - [MESSAGE][PASSED] - Wait for page load successfully

2019-11-26 15:40:22 - [TEST_STEP][PASSED] - try: null

2019-11-26 15:40:22 - [TEST_STEP][PASSED] - if ("Object Repository/Popout/go_Away"): null

2019-11-26 15:40:22 - [TEST_STEP][PASSED] - click(findTestObject("Object Repository/Popout/go_Away")): Object: 'Object Repository/Popout/go_Away' is clicked on

2019-11-26 15:40:23 - [MESSAGE][PASSED] - Object: 'Object Repository/Popout/go_Away' is clicked on

2019-11-26 15:40:23 - [TEST_STEP][PASSED] - out.println("View are NEW Website - popup presented"): null

2019-11-26 15:40:23 - [MESSAGE][INFO] - =================== Smart XPath Report =======================

2019-11-26 15:40:23 - [MESSAGE][INFO] - Refer to the link below to preview and approve auto healing on broken test objects.

2019-11-26 15:40:23 - [MESSAGE][INFO] - https://docs.katalon.com/katalon-studio/docs/auto-healing-smart-xpath.html

2019-11-26 15:40:23 - [MESSAGE][INFO] - ===============================================================

2019-11-26 15:40:23 - [MESSAGE][PASSED] - Call Test Case 'Test Cases/Reusable_Test_Sequences/Utils/Popout_Handler' successfully

2019-11-26 15:40:23 - [MESSAGE][INFO] - =================== Smart XPath Report =======================

2019-11-26 15:40:23 - [MESSAGE][INFO] - Refer to the link below to preview and approve auto healing on broken test objects.

2019-11-26 15:40:23 - [MESSAGE][INFO] - https://docs.katalon.com/katalon-studio/docs/auto-healing-smart-xpath.html

2019-11-26 15:40:23 - [MESSAGE][INFO] - ===============================================================

2019-11-26 15:40:23 - [MESSAGE][PASSED] - Call Test Case 'Test Cases/Reusable_Test_Sequences/Members_Area/log_On' successfully

2019-11-26 15:40:23 - [TEST_STEP][PASSED] - callTestCase(findTestCase("Reusable_Test_Sequences/Members_Area/Area_Menu/Your_Account/Membership"), [:], CONTINUE_ON_FAILURE): Call Test Case 'Test Cases/Reusable_Test_Sequences/Members_Area/Area_Menu/Your_Account/Membership' successfully

2019-11-26 15:40:23 - [TEST_CASE][PASSED] - Test Cases/Reusable_Test_Sequences/Members_Area/Area_Menu/Your_Account/Membership: Test Cases/Reusable_Test_Sequences/Members_Area/Area_Menu/Your_Account/Membership

2019-11-26 15:40:23 - [TEST_STEP][PASSED] - waitForElementPresent(findTestObject("Object Repository/Page_Members Area/div_Membership"), 5): Object 'Object Repository/Page_Members Area/div_Membership' is present

2019-11-26 15:40:23 - [MESSAGE][PASSED] - Object 'Object Repository/Page_Members Area/div_Membership' is present

2019-11-26 15:40:23 - [TEST_STEP][PASSED] - click(findTestObject("Object Repository/Page_Members Area/div_Membership")): Object: 'Object Repository/Page_Members Area/div_Membership' is clicked on

2019-11-26 15:40:24 - [MESSAGE][PASSED] - Object: 'Object Repository/Page_Members Area/div_Membership' is clicked on

2019-11-26 15:40:24 - [MESSAGE][INFO] - =================== Smart XPath Report =======================

2019-11-26 15:40:24 - [MESSAGE][INFO] - Refer to the link below to preview and approve auto healing on broken test objects.

2019-11-26 15:40:24 - [MESSAGE][INFO] - https://docs.katalon.com/katalon-studio/docs/auto-healing-smart-xpath.html

2019-11-26 15:40:24 - [MESSAGE][INFO] - ===============================================================

2019-11-26 15:40:24 - [MESSAGE][PASSED] - Call Test Case 'Test Cases/Reusable_Test_Sequences/Members_Area/Area_Menu/Your_Account/Membership' successfully

2019-11-26 15:40:24 - [TEST_STEP][PASSED] - callTestCase(findTestCase("Reusable_Test_Sequences/Members_Area/Validation/Membership"), [:], CONTINUE_ON_FAILURE): Call Test Case 'Test Cases/Reusable_Test_Sequences/Members_Area/Validation/Membership' successfully

2019-11-26 15:40:24 - [TEST_CASE][PASSED] - Test Cases/Reusable_Test_Sequences/Members_Area/Validation/Membership: Test Cases/Reusable_Test_Sequences/Members_Area/Validation/Membership

2019-11-26 15:40:24 - [TEST_STEP][PASSED] - waitForElementPresent(findTestObject("Object Repository/Membership/Page_Members Area/button_Renew my Membership"), 60): Object 'Object Repository/Membership/Page_Members Area/button_Renew my Membership' is present

2019-11-26 15:40:24 - [MESSAGE][PASSED] - Object 'Object Repository/Membership/Page_Members Area/button_Renew my Membership' is present

2019-11-26 15:40:24 - [TEST_STEP][PASSED] - "---------------------------------": null

2019-11-26 15:40:24 - [TEST_STEP][PASSED] - "THIS TAB - Membership           |": null

2019-11-26 15:40:24 - [TEST_STEP][PASSED] - verifyTextPresent(findTestData("Members_Test_Data").getValue("MEMBER_ID", 1), false): Text '218630' is present on page 

2019-11-26 15:40:25 - [MESSAGE][PASSED] - Text '218630' is present on page 

2019-11-26 15:40:25 - [TEST_STEP][PASSED] - verifyTextPresent("MEMBER ID", false): Text 'MEMBER ID' is present on page 

2019-11-26 15:40:25 - [MESSAGE][PASSED] - Text 'MEMBER ID' is present on page 

2019-11-26 15:40:25 - [TEST_STEP][PASSED] - verifyTextPresent("Website Membership", false): Text 'Website Membership' is present on page 

2019-11-26 15:40:25 - [MESSAGE][PASSED] - Text 'Website Membership' is present on page 

2019-11-26 15:40:25 - [TEST_STEP][PASSED] - verifyTextPresent("Renew or Upgrade your Membership Now!", false): Text 'Renew or Upgrade your Membership Now!' is present on page 

2019-11-26 15:40:26 - [MESSAGE][PASSED] - Text 'Renew or Upgrade your Membership Now!' is present on page 

2019-11-26 15:40:26 - [TEST_STEP][PASSED] - verifyTextPresent("Renew my Membership", false): Text 'Renew my Membership' is present on page 

2019-11-26 15:40:26 - [MESSAGE][PASSED] - Text 'Renew my Membership' is present on page 

2019-11-26 15:40:26 - [TEST_STEP][PASSED] - scrollToElement(findTestObject("Object Repository/Membership/Page_Members Area/button_Save Password"), 2): Scroll to object 'Object Repository/Membership/Page_Members Area/button_Save Password' successfully

2019-11-26 15:40:26 - [MESSAGE][PASSED] - Scroll to object 'Object Repository/Membership/Page_Members Area/button_Save Password' successfully

2019-11-26 15:40:26 - [TEST_STEP][PASSED] - verifyTextPresent("Passwords must match", false): Text 'Passwords must match' is present on page 

2019-11-26 15:40:26 - [MESSAGE][PASSED] - Text 'Passwords must match' is present on page 

2019-11-26 15:40:26 - [TEST_STEP][PASSED] - click(findTestObject("Object Repository/Membership/Page_Members Area/input_Renew Website Membership_renewMembershipControl")): Object: 'Object Repository/Membership/Page_Members Area/input_Renew Website Membership_renewMembershipControl' is clicked on

2019-11-26 15:40:27 - [MESSAGE][PASSED] - Object: 'Object Repository/Membership/Page_Members Area/input_Renew Website Membership_renewMembershipControl' is clicked on

2019-11-26 15:40:27 - [TEST_STEP][PASSED] - click(findTestObject("Object Repository/Membership/Page_Members Area/button_Renew my Membership")): Object: 'Object Repository/Membership/Page_Members Area/button_Renew my Membership' is clicked on

2019-11-26 15:40:27 - [MESSAGE][PASSED] - Object: 'Object Repository/Membership/Page_Members Area/button_Renew my Membership' is clicked on

2019-11-26 15:40:27 - [TEST_STEP][PASSED] - setText(findTestObject("Object Repository/Membership/Page_Members Area/input_Change Your Username or Password_username"), "check1234"): Text 'check1234' is set on object 'Object Repository/Membership/Page_Members Area/input_Change Your Username or Password_username'

2019-11-26 15:40:27 - [MESSAGE][PASSED] - Text 'check1234' is set on object 'Object Repository/Membership/Page_Members Area/input_Change Your Username or Password_username'

2019-11-26 15:40:27 - [TEST_STEP][PASSED] - click(findTestObject("Object Repository/Membership/Page_Members Area/button_Save Username")): Object: 'Object Repository/Membership/Page_Members Area/button_Save Username' is clicked on

2019-11-26 15:40:28 - [MESSAGE][PASSED] - Object: 'Object Repository/Membership/Page_Members Area/button_Save Username' is clicked on

2019-11-26 15:40:28 - [TEST_STEP][PASSED] - "----------------------------------------------": null

2019-11-26 15:40:28 - [TEST_STEP][PASSED] - waitForElementPresent(findTestObject("Object Repository/Membership/Page_Members Area/Error_Occured_Username_Taken"), 60): Object 'Object Repository/Membership/Page_Members Area/Error_Occured_Username_Taken' is present

2019-11-26 15:40:28 - [MESSAGE][PASSED] - Object 'Object Repository/Membership/Page_Members Area/Error_Occured_Username_Taken' is present

2019-11-26 15:40:28 - [TEST_STEP][PASSED] - verifyTextPresent("Error occured: That username has already been taken, please choose another username.", false): Text 'Error occured: That username has already been taken, please choose another username.' is present on page 

2019-11-26 15:40:28 - [MESSAGE][PASSED] - Text 'Error occured: That username has already been taken, please choose another username.' is present on page 

2019-11-26 15:40:28 - [TEST_STEP][PASSED] - "----------------------------------------------": null

2019-11-26 15:40:28 - [TEST_STEP][PASSED] - setEncryptedText(findTestObject("Object Repository/Membership/Page_Members Area/input_Save Username_currentPassword"), "fzqqY0qJjYTuJiVJRZh4ag=="): Text ****** has been set on object 'Object Repository/Membership/Page_Members Area/input_Save Username_currentPassword'

2019-11-26 15:40:28 - [MESSAGE][PASSED] - Text ****** has been set on object 'Object Repository/Membership/Page_Members Area/input_Save Username_currentPassword'

2019-11-26 15:40:28 - [TEST_STEP][PASSED] - setEncryptedText(findTestObject("Object Repository/Membership/Page_Members Area/input_Save Username_newPassword"), "fzqqY0qJjYTuJiVJRZh4ag=="): Text ****** has been set on object 'Object Repository/Membership/Page_Members Area/input_Save Username_newPassword'

2019-11-26 15:40:28 - [MESSAGE][PASSED] - Text ****** has been set on object 'Object Repository/Membership/Page_Members Area/input_Save Username_newPassword'

2019-11-26 15:40:28 - [TEST_STEP][PASSED] - setEncryptedText(findTestObject("Object Repository/Membership/Page_Members Area/input_Passwords must match_confirmPassword"), "fzqqY0qJjYRF7GtSaAUy8w=="): Text ****** has been set on object 'Object Repository/Membership/Page_Members Area/input_Passwords must match_confirmPassword'

2019-11-26 15:40:29 - [MESSAGE][PASSED] - Text ****** has been set on object 'Object Repository/Membership/Page_Members Area/input_Passwords must match_confirmPassword'

2019-11-26 15:40:29 - [TEST_STEP][PASSED] - setEncryptedText(findTestObject("Object Repository/Membership/Page_Members Area/input_Save Username_confirmPassword"), "fzqqY0qJjYTuJiVJRZh4ag=="): Text ****** has been set on object 'Object Repository/Membership/Page_Members Area/input_Save Username_confirmPassword'

2019-11-26 15:40:29 - [MESSAGE][PASSED] - Text ****** has been set on object 'Object Repository/Membership/Page_Members Area/input_Save Username_confirmPassword'

2019-11-26 15:40:29 - [TEST_STEP][PASSED] - verifyElementClickable(findTestObject("Object Repository/Membership/Page_Members Area/button_Save Password")): Object 'Object Repository/Membership/Page_Members Area/button_Save Password' is clickable

2019-11-26 15:40:29 - [MESSAGE][PASSED] - Object 'Object Repository/Membership/Page_Members Area/button_Save Password' is clickable

2019-11-26 15:40:29 - [TEST_STEP][PASSED] - click(findTestObject("Object Repository/Membership/Page_Members Area/button_Save Password")): Object: 'Object Repository/Membership/Page_Members Area/button_Save Password' is clicked on

2019-11-26 15:40:29 - [MESSAGE][PASSED] - Object: 'Object Repository/Membership/Page_Members Area/button_Save Password' is clicked on

2019-11-26 15:40:29 - [TEST_STEP][PASSED] - verifyTextNotPresent("Passwords must match", false): Text 'Passwords must match' is not present on page

2019-11-26 15:40:29 - [MESSAGE][PASSED] - Text 'Passwords must match' is not present on page

2019-11-26 15:40:29 - [TEST_STEP][PASSED] - verifyTextPresent("Save Username", false): Text 'Save Username' is present on page 

2019-11-26 15:40:30 - [MESSAGE][PASSED] - Text 'Save Username' is present on page 

2019-11-26 15:40:30 - [TEST_STEP][PASSED] - verifyTextPresent("Save Password", false): Text 'Save Password' is present on page 

2019-11-26 15:40:30 - [MESSAGE][PASSED] - Text 'Save Password' is present on page 

2019-11-26 15:40:30 - [MESSAGE][INFO] - =================== Smart XPath Report =======================

2019-11-26 15:40:30 - [MESSAGE][INFO] - Refer to the link below to preview and approve auto healing on broken test objects.

2019-11-26 15:40:30 - [MESSAGE][INFO] - https://docs.katalon.com/katalon-studio/docs/auto-healing-smart-xpath.html

2019-11-26 15:40:30 - [MESSAGE][INFO] - ===============================================================

2019-11-26 15:40:30 - [MESSAGE][PASSED] - Call Test Case 'Test Cases/Reusable_Test_Sequences/Members_Area/Validation/Membership' successfully

2019-11-26 15:40:30 - [TEST_STEP][PASSED] - callTestCase(findTestCase("Reusable_Test_Sequences/Members_Area/Banner_Menu/log_Off"), [:], OPTIONAL): Call Test Case 'Test Cases/Reusable_Test_Sequences/Members_Area/Banner_Menu/log_Off' successfully

2019-11-26 15:40:30 - [TEST_CASE][PASSED] - Test Cases/Reusable_Test_Sequences/Members_Area/Banner_Menu/log_Off: Test Cases/Reusable_Test_Sequences/Members_Area/Banner_Menu/log_Off

2019-11-26 15:40:30 - [TEST_STEP][PASSED] - waitForElementClickable(findTestObject("Object Repository/Page_Members Area/a_Log off"), 60): Object 'Object Repository/Page_Members Area/a_Log off' is clickable

2019-11-26 15:40:31 - [MESSAGE][PASSED] - Object 'Object Repository/Page_Members Area/a_Log off' is clickable

2019-11-26 15:40:31 - [TEST_STEP][PASSED] - scrollToElement(findTestObject("Object Repository/Page_Members Area/a_Log off"), 2): Scroll to object 'Object Repository/Page_Members Area/a_Log off' successfully

2019-11-26 15:40:31 - [MESSAGE][PASSED] - Scroll to object 'Object Repository/Page_Members Area/a_Log off' successfully

2019-11-26 15:40:31 - [TEST_STEP][PASSED] - click(findTestObject("Object Repository/Page_Members Area/a_Log off")): Object: 'Object Repository/Page_Members Area/a_Log off' is clicked on

2019-11-26 15:40:31 - [MESSAGE][PASSED] - Object: 'Object Repository/Page_Members Area/a_Log off' is clicked on

2019-11-26 15:40:31 - [MESSAGE][INFO] - =================== Smart XPath Report =======================

2019-11-26 15:40:31 - [MESSAGE][INFO] - Refer to the link below to preview and approve auto healing on broken test objects.

2019-11-26 15:40:31 - [MESSAGE][INFO] - https://docs.katalon.com/katalon-studio/docs/auto-healing-smart-xpath.html

2019-11-26 15:40:31 - [MESSAGE][INFO] - ===============================================================

2019-11-26 15:40:31 - [MESSAGE][PASSED] - Call Test Case 'Test Cases/Reusable_Test_Sequences/Members_Area/Banner_Menu/log_Off' successfully]]></system-out>
         <system-err><![CDATA[]]></system-err>
      </testcase>
      <system-out><![CDATA[2019-11-26 15:39:29 - [TEST_SUITE][PASSED] - Members_My_Membership: Test Cases/Members_Area/My_Membership]]></system-out>
      <system-err><![CDATA[]]></system-err>
   </testsuite>
</testsuites>
