<?xml version="1.0" encoding="UTF-8"?>
<testsuites name="Mobile_Devices" time="163.815" tests="1" failures="0" errors="0">
   <testsuite name="Mobile_Devices" tests="1" failures="0" errors="0" time="163.815" timestamp="2020-04-27 11:23:14" hostname="DavidHo - 192.168.1.237" id="Test Suites/Mobile_Devices">
      <properties>
         <property name="deviceName" value=""/>
         <property name="devicePlatform" value=""/>
         <property name="logFolder" value="C:\\Users\\davidho\\git\\src\\Reports\\20200427_112251\\Mobile_Devices\\20200427_112253"/>
         <property name="logFiles" value="C:\\Users\\davidho\\git\\src\\Reports\\20200427_112251\\Mobile_Devices\\20200427_112253\\execution0.log"/>
         <property name="attachments" value=""/>
         <property name="hostName" value="DavidHo - 192.168.1.237"/>
         <property name="os" value="Windows 10 32bit"/>
         <property name="katalonVersion" value="7.4.0.1"/>
         <property name="browser" value="Chrome 81.0.4044.122"/>
         <property name="hostAddress" value="192.168.1.237"/>
         <property name="sessionId" value="05bec213c8d6f94368bce6c28a1c4005"/>
         <property name="seleniumVersion" value="3.141.59"/>
         <property name="proxyInformation" value="ProxyInformation{proxyOption=NO_PROXY, proxyServerType=HTTP, password=, proxyServerAddress=, proxyServerPort=0, executionList=}"/>
         <property name="platform" value="Windows 10"/>
      </properties>
      <testcase name="Test Cases/Mobile_Devices/Default_Device_Dev" time="163.428" classname="Test Cases/Mobile_Devices/Default_Device_Dev" status="PASSED">
         <system-out><![CDATA[2020-04-27 11:23:14 - [TEST_CASE][PASSED] - Test Cases/Mobile_Devices/Default_Device_Dev: Test Cases/Mobile_Devices/Default_Device_Dev

2020-04-27 11:23:14 - [TEST_STEP][PASSED] - "-----------------------------------------": null

2020-04-27 11:23:14 - [TEST_STEP][PASSED] - " CONFIGURED TO RUN ON CHROME ONLY!       |": null

2020-04-27 11:23:14 - [TEST_STEP][PASSED] - "-----------------------------------------": null

2020-04-27 11:23:14 - [TEST_STEP][PASSED] - "------------------------------------------------------------------------------------------------------": null

2020-04-27 11:23:14 - [TEST_STEP][PASSED] - "TODO script need to be Restructure - Using browser Capabilities rather than setViewPortSize           |": null

2020-04-27 11:23:14 - [TEST_STEP][PASSED] - "------------------------------------------------------------------------------------------------------": null

2020-04-27 11:23:14 - [TEST_STEP][PASSED] - for ([row = 1, row <= findTestData("Mobile_Test_Data").getRowNumbers(), (internal.GlobalVariable.row++)]): Call Test Case 'Test Cases/Reusable_Test_Sequences/CAT_Teardown' successfully

2020-04-27 11:23:16 - [TEST_STEP][PASSED] - "------------------------------": null

2020-04-27 11:23:16 - [TEST_STEP][PASSED] - " Set Mobile Device Testing    |": null

2020-04-27 11:23:16 - [TEST_STEP][PASSED] - Mobile_Flag = "false": null

2020-04-27 11:23:16 - [TEST_STEP][PASSED] - "------------------------------": null

2020-04-27 11:23:16 - [TEST_STEP][PASSED] - " Set Mobile Device Testing    |": null

2020-04-27 11:23:16 - [TEST_STEP][PASSED] - callTestCase(findTestCase("Reusable_Test_Sequences/CAT_Setup"), [:], OPTIONAL): Call Test Case 'Test Cases/Reusable_Test_Sequences/CAT_Setup' successfully

2020-04-27 11:23:16 - [TEST_CASE][PASSED] - Test Cases/Reusable_Test_Sequences/CAT_Setup: Test Cases/Reusable_Test_Sequences/CAT_Setup

2020-04-27 11:23:17 - [TEST_STEP][PASSED] - "------------------------------": null

2020-04-27 11:23:17 - [TEST_STEP][PASSED] - " Set Mobile Device Testing    |": null

2020-04-27 11:23:17 - [TEST_STEP][PASSED] - if (Mobile_Flag == "true"): null

2020-04-27 11:23:17 - [TEST_STEP][PASSED] - "------------------------------": null

2020-04-27 11:23:17 - [TEST_STEP][PASSED] - " Set Mobile Device Testing    |": null

2020-04-27 11:23:17 - [TEST_STEP][PASSED] - "------------------------------": null

2020-04-27 11:23:17 - [TEST_STEP][PASSED] - "URL - Set from the ENVIRONMENT PROFILE ": null

2020-04-27 11:23:17 - [TEST_STEP][PASSED] - openBrowser(URL): Browser is opened with url: 'https://www.preview.checkatrade.com/'

2020-04-27 11:23:17 - [MESSAGE][INFO] - Starting 'Chrome' driver

2020-04-27 11:23:17 - [MESSAGE][INFO] - Action delay is set to 0 milliseconds

2020-04-27 11:23:28 - [MESSAGE][PASSED] - Browser is opened with url: 'https://www.preview.checkatrade.com/'

2020-04-27 11:23:28 - [TEST_STEP][PASSED] - maximizeWindow(): Current window maximized

2020-04-27 11:23:30 - [MESSAGE][PASSED] - Current window maximized

2020-04-27 11:23:30 - [TEST_STEP][PASSED] - waitForPageLoad(60): Wait for page load successfully

2020-04-27 11:23:31 - [MESSAGE][PASSED] - Wait for page load successfully

2020-04-27 11:23:31 - [TEST_STEP][PASSED] - "Previous Functionalilty Left Commented For Ease Of reversion": null

2020-04-27 11:23:31 - [TEST_STEP][PASSED] - " Katalon Try/Catches currently have issues? SEE HEADER": null

2020-04-27 11:23:31 - [TEST_STEP][PASSED] - try: Text 'Cookie Policy' is not present on page

2020-04-27 11:23:31 - [TEST_STEP][PASSED] - verifyElementPresent(findTestObject("Object Repository/Cookies/Page_Checkatrade Find a tradesperson you can trust/button_Accept All"), 5, OPTIONAL): Object 'Object Repository/Cookies/Page_Checkatrade Find a tradesperson you can trust/button_Accept All' is present

2020-04-27 11:23:31 - [MESSAGE][PASSED] - Object 'Object Repository/Cookies/Page_Checkatrade Find a tradesperson you can trust/button_Accept All' is present

2020-04-27 11:23:31 - [TEST_STEP][PASSED] - click(findTestObject("Object Repository/Cookies/Page_Checkatrade Find a tradesperson you can trust/button_Accept All"), OPTIONAL): Object: 'Object Repository/Cookies/Page_Checkatrade Find a tradesperson you can trust/button_Accept All' is clicked on

2020-04-27 11:23:32 - [MESSAGE][PASSED] - Object: 'Object Repository/Cookies/Page_Checkatrade Find a tradesperson you can trust/button_Accept All' is clicked on

2020-04-27 11:23:32 - [TEST_STEP][PASSED] - "---------------------------------": null

2020-04-27 11:23:32 - [TEST_STEP][PASSED] - "COOKIE POPOUT REMOVED - Confirmed": null

2020-04-27 11:23:32 - [TEST_STEP][PASSED] - delay(1): Delayed 1 second(s)

2020-04-27 11:23:33 - [MESSAGE][PASSED] - Delayed 1 second(s)

2020-04-27 11:23:33 - [TEST_STEP][PASSED] - verifyTextNotPresent("We use cookies to personalise content and ads, to provide social media features and to analyse our traffic", false): Text 'We use cookies to personalise content and ads, to provide social media features and to analyse our traffic' is not present on page

2020-04-27 11:23:35 - [MESSAGE][PASSED] - Text 'We use cookies to personalise content and ads, to provide social media features and to analyse our traffic' is not present on page

2020-04-27 11:23:35 - [TEST_STEP][PASSED] - verifyTextNotPresent(" We also share information about your use of our site with our social media, advertising and analytics partners", false): Text ' We also share information about your use of our site with our social media, advertising and analytics partners' is not present on page

2020-04-27 11:23:35 - [MESSAGE][PASSED] - Text ' We also share information about your use of our site with our social media, advertising and analytics partners' is not present on page

2020-04-27 11:23:35 - [TEST_STEP][PASSED] - verifyTextNotPresent("Cookie Policy", false): Text 'Cookie Policy' is not present on page

2020-04-27 11:23:36 - [MESSAGE][PASSED] - Text 'Cookie Policy' is not present on page

2020-04-27 11:23:36 - [TEST_STEP][PASSED] - waitForPageLoad(60): Wait for page load successfully

2020-04-27 11:23:36 - [MESSAGE][PASSED] - Wait for page load successfully

2020-04-27 11:23:36 - [TEST_STEP][PASSED] - "COOKIE - ORIGINAL": null

2020-04-27 11:23:36 - [TEST_STEP][PASSED] - if (waitForElementVisible(findTestObject("Object Repository/Feedback/Page_Checkatrade Give your feedback/input_Member_to_Review"), 5)): Web element with id: 'Object Repository/Feedback/Page_Checkatrade Give your feedback/input_Member_to_Review' located by 'By.xpath: //input[@id='feedback-form__company_autocomplete_input']' not found

2020-04-27 11:23:41 - [MESSAGE][INFO] - Unable to find the element located by 'By.xpath: //input[@id='feedback-form__company_autocomplete_input']'. Please recheck the objects properties to make sure the desired element is located. 

2020-04-27 11:23:41 - [MESSAGE][WARNING] - Web element with id: 'Object Repository/Feedback/Page_Checkatrade Give your feedback/input_Member_to_Review' located by 'By.xpath: //input[@id='feedback-form__company_autocomplete_input']' not found

2020-04-27 11:23:41 - [TEST_STEP][PASSED] - else: The <<<OLD>>> Website was detected by the STARTUP Process

2020-04-27 11:23:41 - [TEST_STEP][PASSED] - if (!(verifyElementVisible(findTestObject("Object Repository/Checkatrade_Trade_Search_Page/Page_Checkatrade Find a tradesperson you can trust/input_Search_Button_FF")))): Object 'Object Repository/Checkatrade_Trade_Search_Page/Page_Checkatrade Find a tradesperson you can trust/input_Search_Button_FF' is visible

2020-04-27 11:23:41 - [MESSAGE][PASSED] - Object 'Object Repository/Checkatrade_Trade_Search_Page/Page_Checkatrade Find a tradesperson you can trust/input_Search_Button_FF' is visible

2020-04-27 11:23:41 - [TEST_STEP][PASSED] - else: The <<<OLD>>> Website was detected by the STARTUP Process

2020-04-27 11:23:41 - [TEST_STEP][PASSED] - Website_Version = "old": null

2020-04-27 11:23:41 - [TEST_STEP][PASSED] - logInfo("The <<<OLD>>> Website was detected by the STARTUP Process"): The <<<OLD>>> Website was detected by the STARTUP Process

2020-04-27 11:23:41 - [MESSAGE][INFO] - The <<<OLD>>> Website was detected by the STARTUP Process

2020-04-27 11:23:41 - [MESSAGE][PASSED] - Call Test Case 'Test Cases/Reusable_Test_Sequences/CAT_Setup' successfully

2020-04-27 11:23:41 - [TEST_STEP][PASSED] - " ALTERNATIVE SCREEN RESOLUTION SELECTION METHOD": null

2020-04-27 11:23:41 - [TEST_STEP][PASSED] - " Block Comment Start": null

2020-04-27 11:23:41 - [TEST_STEP][PASSED] - " ACTUAL SCREEN RESOLUTION SELECTION METHOD USED": null

2020-04-27 11:23:41 - [TEST_STEP][PASSED] - XCOORD = Integer.parseInt(findTestData("searchTestData").getValue("X_COORD", row)): null

2020-04-27 11:23:41 - [TEST_STEP][PASSED] - YCOORD = Integer.parseInt(findTestData("searchTestData").getValue("Y_COORD", row)): null

2020-04-27 11:23:41 - [TEST_STEP][PASSED] - setViewPortSize(XCOORD, YCOORD): Viewport is set to new size with width = 800 and height = 1000

2020-04-27 11:23:42 - [MESSAGE][PASSED] - Viewport is set to new size with width = 800 and height = 1000

2020-04-27 11:23:42 - [TEST_STEP][PASSED] - waitForPageLoad(60): Wait for page load successfully

2020-04-27 11:23:42 - [MESSAGE][PASSED] - Wait for page load successfully

2020-04-27 11:23:42 - [TEST_STEP][PASSED] - markPassed("Set View Port Size is currently SET to X AXIS " + XCOORD + " Y AXIS " + YCOORD): Set View Port Size is currently SET to X AXIS 800 Y AXIS 1000

2020-04-27 11:23:42 - [MESSAGE][PASSED] - Set View Port Size is currently SET to X AXIS 800 Y AXIS 1000

2020-04-27 11:23:42 - [TEST_STEP][PASSED] - markPassed("Set View Port Size is currently SET to X AXIS " + XCOORD + " Y AXIS " + YCOORD): Set View Port Size is currently SET to X AXIS 800 Y AXIS 1000

2020-04-27 11:23:42 - [MESSAGE][PASSED] - Set View Port Size is currently SET to X AXIS 800 Y AXIS 1000

2020-04-27 11:23:42 - [TEST_STEP][PASSED] - " Block Commen End": null

2020-04-27 11:23:42 - [TEST_STEP][PASSED] - "---------------------------------------": null

2020-04-27 11:23:42 - [TEST_STEP][PASSED] - " Set and SEARCH TRADE CLASSIFICATION   |": null

2020-04-27 11:23:42 - [TEST_STEP][PASSED] - callTestCase(findTestCase("Reusable_Test_Sequences/CAT_Enter_Trade_Classification"), [:], CONTINUE_ON_FAILURE): Call Test Case 'Test Cases/Reusable_Test_Sequences/CAT_Enter_Trade_Classification' successfully

2020-04-27 11:23:42 - [TEST_CASE][PASSED] - Test Cases/Reusable_Test_Sequences/CAT_Enter_Trade_Classification: Test Cases/Reusable_Test_Sequences/CAT_Enter_Trade_Classification

2020-04-27 11:23:42 - [TEST_STEP][PASSED] - "---------------------------------": null

2020-04-27 11:23:42 - [TEST_STEP][PASSED] - "Set and SEARCH SELECTED TRADE": null

2020-04-27 11:23:42 - [TEST_STEP][PASSED] - if (Website_Version == "new"): null

2020-04-27 11:23:42 - [TEST_STEP][PASSED] - else: Object: 'Object Repository/Checkatrade_Trade_Search_Page/Page_Checkatrade Find a tradesperson you can trust/input_Search_Button_FF' is clicked on

2020-04-27 11:23:42 - [TEST_STEP][PASSED] - waitForElementPresent(findTestObject("Object Repository/Checkatrade_Trade_Search_Page/Page_Checkatrade Find a tradesperson you can trust/input_Search_Button_FF"), 60): Object 'Object Repository/Checkatrade_Trade_Search_Page/Page_Checkatrade Find a tradesperson you can trust/input_Search_Button_FF' is present

2020-04-27 11:23:42 - [MESSAGE][PASSED] - Object 'Object Repository/Checkatrade_Trade_Search_Page/Page_Checkatrade Find a tradesperson you can trust/input_Search_Button_FF' is present

2020-04-27 11:23:42 - [TEST_STEP][PASSED] - click(findTestObject("Object Repository/Checkatrade_Trade_Search_Page/Page_Checkatrade Find a tradesperson you can trust/input_Search_Button_FF")): Object: 'Object Repository/Checkatrade_Trade_Search_Page/Page_Checkatrade Find a tradesperson you can trust/input_Search_Button_FF' is clicked on

2020-04-27 11:23:42 - [MESSAGE][PASSED] - Object: 'Object Repository/Checkatrade_Trade_Search_Page/Page_Checkatrade Find a tradesperson you can trust/input_Search_Button_FF' is clicked on

2020-04-27 11:23:42 - [TEST_STEP][PASSED] - setText(findTestObject("Object Repository/Checkatrade_Trade_Search_Page/Page_Checkatrade Find a tradesperson you can trust/input_Search_Button_FF"), findTestData("searchTestData").getValue("tradeClassification", row)): Text 'Tree Surgeon' is set on object 'Object Repository/Checkatrade_Trade_Search_Page/Page_Checkatrade Find a tradesperson you can trust/input_Search_Button_FF'

2020-04-27 11:23:44 - [MESSAGE][PASSED] - Text 'Tree Surgeon' is set on object 'Object Repository/Checkatrade_Trade_Search_Page/Page_Checkatrade Find a tradesperson you can trust/input_Search_Button_FF'

2020-04-27 11:23:44 - [TEST_STEP][PASSED] - click(findTestObject("Object Repository/Checkatrade_Trade_Search_Page/Page_Checkatrade Find a tradesperson you can trust/input_Search_Button_FF")): Object: 'Object Repository/Checkatrade_Trade_Search_Page/Page_Checkatrade Find a tradesperson you can trust/input_Search_Button_FF' is clicked on

2020-04-27 11:23:44 - [MESSAGE][PASSED] - Object: 'Object Repository/Checkatrade_Trade_Search_Page/Page_Checkatrade Find a tradesperson you can trust/input_Search_Button_FF' is clicked on

2020-04-27 11:23:44 - [MESSAGE][PASSED] - Call Test Case 'Test Cases/Reusable_Test_Sequences/CAT_Enter_Trade_Classification' successfully

2020-04-27 11:23:44 - [TEST_STEP][PASSED] - "---------------------------------------": null

2020-04-27 11:23:44 - [TEST_STEP][PASSED] - " Set and SEARCH TRADE LOCATION         |": null

2020-04-27 11:23:44 - [TEST_STEP][PASSED] - callTestCase(findTestCase("Reusable_Test_Sequences/CAT_Enter_Trade_Location"), [:], CONTINUE_ON_FAILURE): Call Test Case 'Test Cases/Reusable_Test_Sequences/CAT_Enter_Trade_Location' successfully

2020-04-27 11:23:44 - [TEST_CASE][PASSED] - Test Cases/Reusable_Test_Sequences/CAT_Enter_Trade_Location: Test Cases/Reusable_Test_Sequences/CAT_Enter_Trade_Location

2020-04-27 11:23:44 - [TEST_STEP][PASSED] - "---------------------------------": null

2020-04-27 11:23:44 - [TEST_STEP][PASSED] - "Set and SEARCH SELECTED LOCATION |": null

2020-04-27 11:23:44 - [TEST_STEP][PASSED] - if (Website_Version != "new"): Text 'Gosport' is set on object 'Object Repository/Checkatrade_Trade_Search_Page/Page_Checkatrade Find a tradesperson you can trust/input_Not here_location'

2020-04-27 11:23:44 - [TEST_STEP][PASSED] - click(findTestObject("Object Repository/Checkatrade_Trade_Search_Page/Page_Checkatrade Find a tradesperson you can trust/input_Not here_location")): Object: 'Object Repository/Checkatrade_Trade_Search_Page/Page_Checkatrade Find a tradesperson you can trust/input_Not here_location' is clicked on

2020-04-27 11:23:44 - [MESSAGE][PASSED] - Object: 'Object Repository/Checkatrade_Trade_Search_Page/Page_Checkatrade Find a tradesperson you can trust/input_Not here_location' is clicked on

2020-04-27 11:23:44 - [TEST_STEP][PASSED] - setText(findTestObject("Object Repository/Checkatrade_Trade_Search_Page/Page_Checkatrade Find a tradesperson you can trust/input_Not here_location"), findTestData("searchTestData").getValue("tradeLocation", row)): Text 'Gosport' is set on object 'Object Repository/Checkatrade_Trade_Search_Page/Page_Checkatrade Find a tradesperson you can trust/input_Not here_location'

2020-04-27 11:23:45 - [MESSAGE][PASSED] - Text 'Gosport' is set on object 'Object Repository/Checkatrade_Trade_Search_Page/Page_Checkatrade Find a tradesperson you can trust/input_Not here_location'

2020-04-27 11:23:45 - [TEST_STEP][PASSED] - if (verifyTextNotPresent("Sorry, no results found", false)): null

2020-04-27 11:23:45 - [MESSAGE][PASSED] - Text 'Sorry, no results found' is not present on page

2020-04-27 11:23:45 - [TEST_STEP][PASSED] - markPassed("The Expected Lookup Result(s) ARE being returned by the Lookup Service, AS EXPECTED"): The Expected Lookup Result(s) ARE being returned by the Lookup Service, AS EXPECTED

2020-04-27 11:23:45 - [MESSAGE][PASSED] - The Expected Lookup Result(s) ARE being returned by the Lookup Service, AS EXPECTED

2020-04-27 11:23:45 - [MESSAGE][PASSED] - Call Test Case 'Test Cases/Reusable_Test_Sequences/CAT_Enter_Trade_Location' successfully

2020-04-27 11:23:45 - [TEST_STEP][PASSED] - "---------------------------------------": null

2020-04-27 11:23:45 - [TEST_STEP][PASSED] - " Scroll Search Button into View        |": null

2020-04-27 11:23:45 - [TEST_STEP][PASSED] - "---------------------------------------": null

2020-04-27 11:23:45 - [TEST_STEP][PASSED] - "---------------------------------------": null

2020-04-27 11:23:45 - [TEST_STEP][PASSED] - " Dispel New trades Header              |": null

2020-04-27 11:23:45 - [TEST_STEP][PASSED] - "---------------------------------------": null

2020-04-27 11:23:45 - [TEST_STEP][PASSED] - "---------------------------------------": null

2020-04-27 11:23:45 - [TEST_STEP][PASSED] - " Hit Search Button                     |": null

2020-04-27 11:23:45 - [TEST_STEP][PASSED] - callTestCase(findTestCase("Reusable_Test_Sequences/CAT_Hit_Search_Button"), [:], CONTINUE_ON_FAILURE): Call Test Case 'Test Cases/Reusable_Test_Sequences/CAT_Hit_Search_Button' successfully

2020-04-27 11:23:45 - [TEST_CASE][PASSED] - Test Cases/Reusable_Test_Sequences/CAT_Hit_Search_Button: Test Cases/Reusable_Test_Sequences/CAT_Hit_Search_Button

2020-04-27 11:23:45 - [TEST_STEP][PASSED] - "---------------------------------": null

2020-04-27 11:23:45 - [TEST_STEP][PASSED] - "HIT SEARCH": null

2020-04-27 11:23:45 - [TEST_STEP][PASSED] - "---------------------------------": null

2020-04-27 11:23:45 - [TEST_STEP][PASSED] - if (Website_Version == "new"): null

2020-04-27 11:23:45 - [TEST_STEP][PASSED] - else: Object: 'Object Repository/Page_Checkatrade Find a tradesperson you can trust/a_Search' is clicked on

2020-04-27 11:23:45 - [TEST_STEP][PASSED] - waitForElementClickable(findTestObject("Object Repository/Page_Checkatrade Find a tradesperson you can trust/a_Search"), 25): Object 'Object Repository/Page_Checkatrade Find a tradesperson you can trust/a_Search' is clickable

2020-04-27 11:23:46 - [MESSAGE][PASSED] - Object 'Object Repository/Page_Checkatrade Find a tradesperson you can trust/a_Search' is clickable

2020-04-27 11:23:46 - [TEST_STEP][PASSED] - click(findTestObject("Object Repository/Page_Checkatrade Find a tradesperson you can trust/a_Search")): Object: 'Object Repository/Page_Checkatrade Find a tradesperson you can trust/a_Search' is clicked on

2020-04-27 11:23:49 - [MESSAGE][PASSED] - Object: 'Object Repository/Page_Checkatrade Find a tradesperson you can trust/a_Search' is clicked on

2020-04-27 11:23:49 - [MESSAGE][PASSED] - Call Test Case 'Test Cases/Reusable_Test_Sequences/CAT_Hit_Search_Button' successfully

2020-04-27 11:23:49 - [TEST_STEP][PASSED] - "---------------------------------------": null

2020-04-27 11:23:49 - [TEST_STEP][PASSED] - " Verify Returned Page is as Expected   |": null

2020-04-27 11:23:49 - [TEST_STEP][PASSED] - callTestCase(findTestCase("Reusable_Test_Sequences/CAT_Verification"), [:], STOP_ON_FAILURE): Call Test Case 'Test Cases/Reusable_Test_Sequences/CAT_Verification' successfully

2020-04-27 11:23:49 - [TEST_CASE][PASSED] - Test Cases/Reusable_Test_Sequences/CAT_Verification: Test Cases/Reusable_Test_Sequences/CAT_Verification

2020-04-27 11:23:49 - [TEST_STEP][PASSED] - "Updated 05/12/2019 due to wholesale Home page changes": null

2020-04-27 11:23:49 - [TEST_STEP][PASSED] - "Expected cantantenated text is Returned": null

2020-04-27 11:23:49 - [TEST_STEP][PASSED] - " DYNAMIC DELAY - Wait for <SEARCH> Button to Re-Appear after Search is completed": null

2020-04-27 11:23:49 - [TEST_STEP][PASSED] - delay(3): Delayed 3 second(s)

2020-04-27 11:23:52 - [MESSAGE][PASSED] - Delayed 3 second(s)

2020-04-27 11:23:52 - [TEST_STEP][PASSED] - waitForPageLoad(60): Wait for page load successfully

2020-04-27 11:23:52 - [MESSAGE][PASSED] - Wait for page load successfully

2020-04-27 11:23:52 - [TEST_STEP][PASSED] - delay(1): Delayed 1 second(s)

2020-04-27 11:23:53 - [MESSAGE][PASSED] - Delayed 1 second(s)

2020-04-27 11:23:53 - [TEST_STEP][PASSED] - "--------------------": null

2020-04-27 11:23:53 - [TEST_STEP][PASSED] - "----------------------------------------------------------------------------------------------------": null

2020-04-27 11:23:53 - [TEST_STEP][PASSED] - "PREVIEW INCONSISTENCY - SOMETIME THE FIRST ITERATION RETURNS 404 - SEEMS TO BE A PREVIEW GLITCH THAT OCCURS TOO OFTEN   |  23/03/2020 - DH": null

2020-04-27 11:23:53 - [TEST_STEP][PASSED] - "------------------------------------------------------------------------------------------------------------------------": null

2020-04-27 11:23:53 - [TEST_STEP][PASSED] - "NEW Approach - Detect IMPROVE SEARCH PoPout and Syn on THIS": null

2020-04-27 11:23:53 - [TEST_STEP][PASSED] - verifyTextPresent(findTestData("searchTestData").getValue("tradeClassification", row), false): Text 'Tree Surgeon' is present on page 

2020-04-27 11:23:53 - [MESSAGE][PASSED] - Text 'Tree Surgeon' is present on page 

2020-04-27 11:23:53 - [TEST_STEP][PASSED] - verifyTextPresent(findTestData("searchTestData").getValue("tradeLocation", row), false): Text 'Gosport' is present on page 

2020-04-27 11:23:53 - [MESSAGE][PASSED] - Text 'Gosport' is present on page 

2020-04-27 11:23:53 - [MESSAGE][PASSED] - Call Test Case 'Test Cases/Reusable_Test_Sequences/CAT_Verification' successfully

2020-04-27 11:23:53 - [TEST_STEP][PASSED] - "--------------------------": null

2020-04-27 11:23:53 - [TEST_STEP][PASSED] - " Teardown - CLose Browser |": null

2020-04-27 11:23:53 - [TEST_STEP][PASSED] - callTestCase(findTestCase("Reusable_Test_Sequences/CAT_Teardown"), [:], OPTIONAL): Call Test Case 'Test Cases/Reusable_Test_Sequences/CAT_Teardown' successfully

2020-04-27 11:23:54 - [TEST_CASE][PASSED] - Test Cases/Reusable_Test_Sequences/CAT_Teardown: Test Cases/Reusable_Test_Sequences/CAT_Teardown

2020-04-27 11:23:54 - [TEST_STEP][PASSED] - closeBrowser(): Browser is closed

2020-04-27 11:23:55 - [MESSAGE][PASSED] - Browser is closed

2020-04-27 11:23:55 - [TEST_STEP][PASSED] - super.finalize(): null

2020-04-27 11:23:55 - [TEST_STEP][PASSED] - System.gc(): null

2020-04-27 11:23:55 - [MESSAGE][PASSED] - Call Test Case 'Test Cases/Reusable_Test_Sequences/CAT_Teardown' successfully

2020-04-27 11:23:55 - [TEST_STEP][PASSED] - "------------------------------": null

2020-04-27 11:23:55 - [TEST_STEP][PASSED] - " Set Mobile Device Testing    |": null

2020-04-27 11:23:55 - [TEST_STEP][PASSED] - Mobile_Flag = "false": null

2020-04-27 11:23:55 - [TEST_STEP][PASSED] - "------------------------------": null

2020-04-27 11:23:55 - [TEST_STEP][PASSED] - " Set Mobile Device Testing    |": null

2020-04-27 11:23:55 - [TEST_STEP][PASSED] - callTestCase(findTestCase("Reusable_Test_Sequences/CAT_Setup"), [:], OPTIONAL): Call Test Case 'Test Cases/Reusable_Test_Sequences/CAT_Setup' successfully

2020-04-27 11:23:55 - [TEST_CASE][PASSED] - Test Cases/Reusable_Test_Sequences/CAT_Setup: Test Cases/Reusable_Test_Sequences/CAT_Setup

2020-04-27 11:23:55 - [TEST_STEP][PASSED] - "------------------------------": null

2020-04-27 11:23:55 - [TEST_STEP][PASSED] - " Set Mobile Device Testing    |": null

2020-04-27 11:23:55 - [TEST_STEP][PASSED] - if (Mobile_Flag == "true"): null

2020-04-27 11:23:55 - [TEST_STEP][PASSED] - "------------------------------": null

2020-04-27 11:23:55 - [TEST_STEP][PASSED] - " Set Mobile Device Testing    |": null

2020-04-27 11:23:55 - [TEST_STEP][PASSED] - "------------------------------": null

2020-04-27 11:23:55 - [TEST_STEP][PASSED] - "URL - Set from the ENVIRONMENT PROFILE ": null

2020-04-27 11:23:55 - [TEST_STEP][PASSED] - openBrowser(URL): Browser is opened with url: 'https://www.preview.checkatrade.com/'

2020-04-27 11:23:55 - [MESSAGE][INFO] - Starting 'Chrome' driver

2020-04-27 11:23:55 - [MESSAGE][INFO] - Action delay is set to 0 milliseconds

2020-04-27 11:24:02 - [MESSAGE][PASSED] - Browser is opened with url: 'https://www.preview.checkatrade.com/'

2020-04-27 11:24:02 - [TEST_STEP][PASSED] - maximizeWindow(): Current window maximized

2020-04-27 11:24:04 - [MESSAGE][PASSED] - Current window maximized

2020-04-27 11:24:04 - [TEST_STEP][PASSED] - waitForPageLoad(60): Wait for page load successfully

2020-04-27 11:24:04 - [MESSAGE][PASSED] - Wait for page load successfully

2020-04-27 11:24:04 - [TEST_STEP][PASSED] - "Previous Functionalilty Left Commented For Ease Of reversion": null

2020-04-27 11:24:04 - [TEST_STEP][PASSED] - " Katalon Try/Catches currently have issues? SEE HEADER": null

2020-04-27 11:24:04 - [TEST_STEP][PASSED] - try: Text 'Cookie Policy' is not present on page

2020-04-27 11:24:04 - [TEST_STEP][PASSED] - verifyElementPresent(findTestObject("Object Repository/Cookies/Page_Checkatrade Find a tradesperson you can trust/button_Accept All"), 5, OPTIONAL): Object 'Object Repository/Cookies/Page_Checkatrade Find a tradesperson you can trust/button_Accept All' is present

2020-04-27 11:24:04 - [MESSAGE][PASSED] - Object 'Object Repository/Cookies/Page_Checkatrade Find a tradesperson you can trust/button_Accept All' is present

2020-04-27 11:24:04 - [TEST_STEP][PASSED] - click(findTestObject("Object Repository/Cookies/Page_Checkatrade Find a tradesperson you can trust/button_Accept All"), OPTIONAL): Object: 'Object Repository/Cookies/Page_Checkatrade Find a tradesperson you can trust/button_Accept All' is clicked on

2020-04-27 11:24:04 - [MESSAGE][PASSED] - Object: 'Object Repository/Cookies/Page_Checkatrade Find a tradesperson you can trust/button_Accept All' is clicked on

2020-04-27 11:24:04 - [TEST_STEP][PASSED] - "---------------------------------": null

2020-04-27 11:24:04 - [TEST_STEP][PASSED] - "COOKIE POPOUT REMOVED - Confirmed": null

2020-04-27 11:24:04 - [TEST_STEP][PASSED] - delay(1): Delayed 1 second(s)

2020-04-27 11:24:05 - [MESSAGE][PASSED] - Delayed 1 second(s)

2020-04-27 11:24:05 - [TEST_STEP][PASSED] - verifyTextNotPresent("We use cookies to personalise content and ads, to provide social media features and to analyse our traffic", false): Text 'We use cookies to personalise content and ads, to provide social media features and to analyse our traffic' is not present on page

2020-04-27 11:24:06 - [MESSAGE][PASSED] - Text 'We use cookies to personalise content and ads, to provide social media features and to analyse our traffic' is not present on page

2020-04-27 11:24:06 - [TEST_STEP][PASSED] - verifyTextNotPresent(" We also share information about your use of our site with our social media, advertising and analytics partners", false): Text ' We also share information about your use of our site with our social media, advertising and analytics partners' is not present on page

2020-04-27 11:24:06 - [MESSAGE][PASSED] - Text ' We also share information about your use of our site with our social media, advertising and analytics partners' is not present on page

2020-04-27 11:24:06 - [TEST_STEP][PASSED] - verifyTextNotPresent("Cookie Policy", false): Text 'Cookie Policy' is not present on page

2020-04-27 11:24:06 - [MESSAGE][PASSED] - Text 'Cookie Policy' is not present on page

2020-04-27 11:24:06 - [TEST_STEP][PASSED] - waitForPageLoad(60): Wait for page load successfully

2020-04-27 11:24:06 - [MESSAGE][PASSED] - Wait for page load successfully

2020-04-27 11:24:06 - [TEST_STEP][PASSED] - "COOKIE - ORIGINAL": null

2020-04-27 11:24:06 - [TEST_STEP][PASSED] - if (waitForElementVisible(findTestObject("Object Repository/Feedback/Page_Checkatrade Give your feedback/input_Member_to_Review"), 5)): Web element with id: 'Object Repository/Feedback/Page_Checkatrade Give your feedback/input_Member_to_Review' located by 'By.xpath: //input[@id='feedback-form__company_autocomplete_input']' not found

2020-04-27 11:24:12 - [MESSAGE][INFO] - Unable to find the element located by 'By.xpath: //input[@id='feedback-form__company_autocomplete_input']'. Please recheck the objects properties to make sure the desired element is located. 

2020-04-27 11:24:12 - [MESSAGE][WARNING] - Web element with id: 'Object Repository/Feedback/Page_Checkatrade Give your feedback/input_Member_to_Review' located by 'By.xpath: //input[@id='feedback-form__company_autocomplete_input']' not found

2020-04-27 11:24:12 - [TEST_STEP][PASSED] - else: The <<<OLD>>> Website was detected by the STARTUP Process

2020-04-27 11:24:12 - [TEST_STEP][PASSED] - if (!(verifyElementVisible(findTestObject("Object Repository/Checkatrade_Trade_Search_Page/Page_Checkatrade Find a tradesperson you can trust/input_Search_Button_FF")))): Object 'Object Repository/Checkatrade_Trade_Search_Page/Page_Checkatrade Find a tradesperson you can trust/input_Search_Button_FF' is visible

2020-04-27 11:24:12 - [MESSAGE][PASSED] - Object 'Object Repository/Checkatrade_Trade_Search_Page/Page_Checkatrade Find a tradesperson you can trust/input_Search_Button_FF' is visible

2020-04-27 11:24:12 - [TEST_STEP][PASSED] - else: The <<<OLD>>> Website was detected by the STARTUP Process

2020-04-27 11:24:12 - [TEST_STEP][PASSED] - Website_Version = "old": null

2020-04-27 11:24:12 - [TEST_STEP][PASSED] - logInfo("The <<<OLD>>> Website was detected by the STARTUP Process"): The <<<OLD>>> Website was detected by the STARTUP Process

2020-04-27 11:24:12 - [MESSAGE][INFO] - The <<<OLD>>> Website was detected by the STARTUP Process

2020-04-27 11:24:12 - [MESSAGE][PASSED] - Call Test Case 'Test Cases/Reusable_Test_Sequences/CAT_Setup' successfully

2020-04-27 11:24:12 - [TEST_STEP][PASSED] - " ALTERNATIVE SCREEN RESOLUTION SELECTION METHOD": null

2020-04-27 11:24:12 - [TEST_STEP][PASSED] - " Block Comment Start": null

2020-04-27 11:24:12 - [TEST_STEP][PASSED] - " ACTUAL SCREEN RESOLUTION SELECTION METHOD USED": null

2020-04-27 11:24:12 - [TEST_STEP][PASSED] - XCOORD = Integer.parseInt(findTestData("searchTestData").getValue("X_COORD", row)): null

2020-04-27 11:24:12 - [TEST_STEP][PASSED] - YCOORD = Integer.parseInt(findTestData("searchTestData").getValue("Y_COORD", row)): null

2020-04-27 11:24:12 - [TEST_STEP][PASSED] - setViewPortSize(XCOORD, YCOORD): Viewport is set to new size with width = 400 and height = 600

2020-04-27 11:24:12 - [MESSAGE][PASSED] - Viewport is set to new size with width = 400 and height = 600

2020-04-27 11:24:12 - [TEST_STEP][PASSED] - waitForPageLoad(60): Wait for page load successfully

2020-04-27 11:24:12 - [MESSAGE][PASSED] - Wait for page load successfully

2020-04-27 11:24:12 - [TEST_STEP][PASSED] - markPassed("Set View Port Size is currently SET to X AXIS " + XCOORD + " Y AXIS " + YCOORD): Set View Port Size is currently SET to X AXIS 400 Y AXIS 600

2020-04-27 11:24:12 - [MESSAGE][PASSED] - Set View Port Size is currently SET to X AXIS 400 Y AXIS 600

2020-04-27 11:24:12 - [TEST_STEP][PASSED] - markPassed("Set View Port Size is currently SET to X AXIS " + XCOORD + " Y AXIS " + YCOORD): Set View Port Size is currently SET to X AXIS 400 Y AXIS 600

2020-04-27 11:24:12 - [MESSAGE][PASSED] - Set View Port Size is currently SET to X AXIS 400 Y AXIS 600

2020-04-27 11:24:12 - [TEST_STEP][PASSED] - " Block Commen End": null

2020-04-27 11:24:12 - [TEST_STEP][PASSED] - "---------------------------------------": null

2020-04-27 11:24:12 - [TEST_STEP][PASSED] - " Set and SEARCH TRADE CLASSIFICATION   |": null

2020-04-27 11:24:12 - [TEST_STEP][PASSED] - callTestCase(findTestCase("Reusable_Test_Sequences/CAT_Enter_Trade_Classification"), [:], CONTINUE_ON_FAILURE): Call Test Case 'Test Cases/Reusable_Test_Sequences/CAT_Enter_Trade_Classification' successfully

2020-04-27 11:24:12 - [TEST_CASE][PASSED] - Test Cases/Reusable_Test_Sequences/CAT_Enter_Trade_Classification: Test Cases/Reusable_Test_Sequences/CAT_Enter_Trade_Classification

2020-04-27 11:24:12 - [TEST_STEP][PASSED] - "---------------------------------": null

2020-04-27 11:24:12 - [TEST_STEP][PASSED] - "Set and SEARCH SELECTED TRADE": null

2020-04-27 11:24:12 - [TEST_STEP][PASSED] - if (Website_Version == "new"): null

2020-04-27 11:24:12 - [TEST_STEP][PASSED] - else: Object: 'Object Repository/Checkatrade_Trade_Search_Page/Page_Checkatrade Find a tradesperson you can trust/input_Search_Button_FF' is clicked on

2020-04-27 11:24:12 - [TEST_STEP][PASSED] - waitForElementPresent(findTestObject("Object Repository/Checkatrade_Trade_Search_Page/Page_Checkatrade Find a tradesperson you can trust/input_Search_Button_FF"), 60): Object 'Object Repository/Checkatrade_Trade_Search_Page/Page_Checkatrade Find a tradesperson you can trust/input_Search_Button_FF' is present

2020-04-27 11:24:12 - [MESSAGE][PASSED] - Object 'Object Repository/Checkatrade_Trade_Search_Page/Page_Checkatrade Find a tradesperson you can trust/input_Search_Button_FF' is present

2020-04-27 11:24:12 - [TEST_STEP][PASSED] - click(findTestObject("Object Repository/Checkatrade_Trade_Search_Page/Page_Checkatrade Find a tradesperson you can trust/input_Search_Button_FF")): Object: 'Object Repository/Checkatrade_Trade_Search_Page/Page_Checkatrade Find a tradesperson you can trust/input_Search_Button_FF' is clicked on

2020-04-27 11:24:13 - [MESSAGE][PASSED] - Object: 'Object Repository/Checkatrade_Trade_Search_Page/Page_Checkatrade Find a tradesperson you can trust/input_Search_Button_FF' is clicked on

2020-04-27 11:24:13 - [TEST_STEP][PASSED] - setText(findTestObject("Object Repository/Checkatrade_Trade_Search_Page/Page_Checkatrade Find a tradesperson you can trust/input_Search_Button_FF"), findTestData("searchTestData").getValue("tradeClassification", row)): Text 'Tree Surgeon' is set on object 'Object Repository/Checkatrade_Trade_Search_Page/Page_Checkatrade Find a tradesperson you can trust/input_Search_Button_FF'

2020-04-27 11:24:13 - [MESSAGE][PASSED] - Text 'Tree Surgeon' is set on object 'Object Repository/Checkatrade_Trade_Search_Page/Page_Checkatrade Find a tradesperson you can trust/input_Search_Button_FF'

2020-04-27 11:24:13 - [TEST_STEP][PASSED] - click(findTestObject("Object Repository/Checkatrade_Trade_Search_Page/Page_Checkatrade Find a tradesperson you can trust/input_Search_Button_FF")): Object: 'Object Repository/Checkatrade_Trade_Search_Page/Page_Checkatrade Find a tradesperson you can trust/input_Search_Button_FF' is clicked on

2020-04-27 11:24:13 - [MESSAGE][PASSED] - Object: 'Object Repository/Checkatrade_Trade_Search_Page/Page_Checkatrade Find a tradesperson you can trust/input_Search_Button_FF' is clicked on

2020-04-27 11:24:13 - [MESSAGE][PASSED] - Call Test Case 'Test Cases/Reusable_Test_Sequences/CAT_Enter_Trade_Classification' successfully

2020-04-27 11:24:13 - [TEST_STEP][PASSED] - "---------------------------------------": null

2020-04-27 11:24:13 - [TEST_STEP][PASSED] - " Set and SEARCH TRADE LOCATION         |": null

2020-04-27 11:24:13 - [TEST_STEP][PASSED] - callTestCase(findTestCase("Reusable_Test_Sequences/CAT_Enter_Trade_Location"), [:], CONTINUE_ON_FAILURE): Call Test Case 'Test Cases/Reusable_Test_Sequences/CAT_Enter_Trade_Location' successfully

2020-04-27 11:24:13 - [TEST_CASE][PASSED] - Test Cases/Reusable_Test_Sequences/CAT_Enter_Trade_Location: Test Cases/Reusable_Test_Sequences/CAT_Enter_Trade_Location

2020-04-27 11:24:13 - [TEST_STEP][PASSED] - "---------------------------------": null

2020-04-27 11:24:13 - [TEST_STEP][PASSED] - "Set and SEARCH SELECTED LOCATION |": null

2020-04-27 11:24:13 - [TEST_STEP][PASSED] - if (Website_Version != "new"): Text 'PO12 2HE' is set on object 'Object Repository/Checkatrade_Trade_Search_Page/Page_Checkatrade Find a tradesperson you can trust/input_Not here_location'

2020-04-27 11:24:13 - [TEST_STEP][PASSED] - click(findTestObject("Object Repository/Checkatrade_Trade_Search_Page/Page_Checkatrade Find a tradesperson you can trust/input_Not here_location")): Object: 'Object Repository/Checkatrade_Trade_Search_Page/Page_Checkatrade Find a tradesperson you can trust/input_Not here_location' is clicked on

2020-04-27 11:24:14 - [MESSAGE][PASSED] - Object: 'Object Repository/Checkatrade_Trade_Search_Page/Page_Checkatrade Find a tradesperson you can trust/input_Not here_location' is clicked on

2020-04-27 11:24:14 - [TEST_STEP][PASSED] - setText(findTestObject("Object Repository/Checkatrade_Trade_Search_Page/Page_Checkatrade Find a tradesperson you can trust/input_Not here_location"), findTestData("searchTestData").getValue("tradeLocation", row)): Text 'PO12 2HE' is set on object 'Object Repository/Checkatrade_Trade_Search_Page/Page_Checkatrade Find a tradesperson you can trust/input_Not here_location'

2020-04-27 11:24:14 - [MESSAGE][PASSED] - Text 'PO12 2HE' is set on object 'Object Repository/Checkatrade_Trade_Search_Page/Page_Checkatrade Find a tradesperson you can trust/input_Not here_location'

2020-04-27 11:24:14 - [TEST_STEP][PASSED] - if (verifyTextNotPresent("Sorry, no results found", false)): null

2020-04-27 11:24:14 - [MESSAGE][PASSED] - Text 'Sorry, no results found' is not present on page

2020-04-27 11:24:14 - [TEST_STEP][PASSED] - markPassed("The Expected Lookup Result(s) ARE being returned by the Lookup Service, AS EXPECTED"): The Expected Lookup Result(s) ARE being returned by the Lookup Service, AS EXPECTED

2020-04-27 11:24:14 - [MESSAGE][PASSED] - The Expected Lookup Result(s) ARE being returned by the Lookup Service, AS EXPECTED

2020-04-27 11:24:14 - [MESSAGE][PASSED] - Call Test Case 'Test Cases/Reusable_Test_Sequences/CAT_Enter_Trade_Location' successfully

2020-04-27 11:24:14 - [TEST_STEP][PASSED] - "---------------------------------------": null

2020-04-27 11:24:14 - [TEST_STEP][PASSED] - " Scroll Search Button into View        |": null

2020-04-27 11:24:14 - [TEST_STEP][PASSED] - "---------------------------------------": null

2020-04-27 11:24:14 - [TEST_STEP][PASSED] - "---------------------------------------": null

2020-04-27 11:24:14 - [TEST_STEP][PASSED] - " Dispel New trades Header              |": null

2020-04-27 11:24:14 - [TEST_STEP][PASSED] - "---------------------------------------": null

2020-04-27 11:24:14 - [TEST_STEP][PASSED] - "---------------------------------------": null

2020-04-27 11:24:14 - [TEST_STEP][PASSED] - " Hit Search Button                     |": null

2020-04-27 11:24:14 - [TEST_STEP][PASSED] - callTestCase(findTestCase("Reusable_Test_Sequences/CAT_Hit_Search_Button"), [:], CONTINUE_ON_FAILURE): Call Test Case 'Test Cases/Reusable_Test_Sequences/CAT_Hit_Search_Button' successfully

2020-04-27 11:24:14 - [TEST_CASE][PASSED] - Test Cases/Reusable_Test_Sequences/CAT_Hit_Search_Button: Test Cases/Reusable_Test_Sequences/CAT_Hit_Search_Button

2020-04-27 11:24:14 - [TEST_STEP][PASSED] - "---------------------------------": null

2020-04-27 11:24:14 - [TEST_STEP][PASSED] - "HIT SEARCH": null

2020-04-27 11:24:14 - [TEST_STEP][PASSED] - "---------------------------------": null

2020-04-27 11:24:14 - [TEST_STEP][PASSED] - if (Website_Version == "new"): null

2020-04-27 11:24:14 - [TEST_STEP][PASSED] - else: Object: 'Object Repository/Page_Checkatrade Find a tradesperson you can trust/a_Search' is clicked on

2020-04-27 11:24:14 - [TEST_STEP][PASSED] - waitForElementClickable(findTestObject("Object Repository/Page_Checkatrade Find a tradesperson you can trust/a_Search"), 25): Object 'Object Repository/Page_Checkatrade Find a tradesperson you can trust/a_Search' is clickable

2020-04-27 11:24:14 - [MESSAGE][PASSED] - Object 'Object Repository/Page_Checkatrade Find a tradesperson you can trust/a_Search' is clickable

2020-04-27 11:24:14 - [TEST_STEP][PASSED] - click(findTestObject("Object Repository/Page_Checkatrade Find a tradesperson you can trust/a_Search")): Object: 'Object Repository/Page_Checkatrade Find a tradesperson you can trust/a_Search' is clicked on

2020-04-27 11:24:16 - [MESSAGE][PASSED] - Object: 'Object Repository/Page_Checkatrade Find a tradesperson you can trust/a_Search' is clicked on

2020-04-27 11:24:16 - [MESSAGE][PASSED] - Call Test Case 'Test Cases/Reusable_Test_Sequences/CAT_Hit_Search_Button' successfully

2020-04-27 11:24:16 - [TEST_STEP][PASSED] - "---------------------------------------": null

2020-04-27 11:24:16 - [TEST_STEP][PASSED] - " Verify Returned Page is as Expected   |": null

2020-04-27 11:24:16 - [TEST_STEP][PASSED] - callTestCase(findTestCase("Reusable_Test_Sequences/CAT_Verification"), [:], STOP_ON_FAILURE): Call Test Case 'Test Cases/Reusable_Test_Sequences/CAT_Verification' successfully

2020-04-27 11:24:17 - [TEST_CASE][PASSED] - Test Cases/Reusable_Test_Sequences/CAT_Verification: Test Cases/Reusable_Test_Sequences/CAT_Verification

2020-04-27 11:24:17 - [TEST_STEP][PASSED] - "Updated 05/12/2019 due to wholesale Home page changes": null

2020-04-27 11:24:17 - [TEST_STEP][PASSED] - "Expected cantantenated text is Returned": null

2020-04-27 11:24:17 - [TEST_STEP][PASSED] - " DYNAMIC DELAY - Wait for <SEARCH> Button to Re-Appear after Search is completed": null

2020-04-27 11:24:17 - [TEST_STEP][PASSED] - delay(3): Delayed 3 second(s)

2020-04-27 11:24:20 - [MESSAGE][PASSED] - Delayed 3 second(s)

2020-04-27 11:24:20 - [TEST_STEP][PASSED] - waitForPageLoad(60): Wait for page load successfully

2020-04-27 11:24:20 - [MESSAGE][PASSED] - Wait for page load successfully

2020-04-27 11:24:20 - [TEST_STEP][PASSED] - delay(1): Delayed 1 second(s)

2020-04-27 11:24:21 - [MESSAGE][PASSED] - Delayed 1 second(s)

2020-04-27 11:24:21 - [TEST_STEP][PASSED] - "--------------------": null

2020-04-27 11:24:21 - [TEST_STEP][PASSED] - "----------------------------------------------------------------------------------------------------": null

2020-04-27 11:24:21 - [TEST_STEP][PASSED] - "PREVIEW INCONSISTENCY - SOMETIME THE FIRST ITERATION RETURNS 404 - SEEMS TO BE A PREVIEW GLITCH THAT OCCURS TOO OFTEN   |  23/03/2020 - DH": null

2020-04-27 11:24:21 - [TEST_STEP][PASSED] - "------------------------------------------------------------------------------------------------------------------------": null

2020-04-27 11:24:21 - [TEST_STEP][PASSED] - "NEW Approach - Detect IMPROVE SEARCH PoPout and Syn on THIS": null

2020-04-27 11:24:21 - [TEST_STEP][PASSED] - verifyTextPresent(findTestData("searchTestData").getValue("tradeClassification", row), false): Text 'Tree Surgeon' is present on page 

2020-04-27 11:24:21 - [MESSAGE][PASSED] - Text 'Tree Surgeon' is present on page 

2020-04-27 11:24:21 - [TEST_STEP][PASSED] - verifyTextPresent(findTestData("searchTestData").getValue("tradeLocation", row), false): Text 'PO12 2HE' is present on page 

2020-04-27 11:24:21 - [MESSAGE][PASSED] - Text 'PO12 2HE' is present on page 

2020-04-27 11:24:21 - [MESSAGE][PASSED] - Call Test Case 'Test Cases/Reusable_Test_Sequences/CAT_Verification' successfully

2020-04-27 11:24:21 - [TEST_STEP][PASSED] - "--------------------------": null

2020-04-27 11:24:21 - [TEST_STEP][PASSED] - " Teardown - CLose Browser |": null

2020-04-27 11:24:21 - [TEST_STEP][PASSED] - callTestCase(findTestCase("Reusable_Test_Sequences/CAT_Teardown"), [:], OPTIONAL): Call Test Case 'Test Cases/Reusable_Test_Sequences/CAT_Teardown' successfully

2020-04-27 11:24:21 - [TEST_CASE][PASSED] - Test Cases/Reusable_Test_Sequences/CAT_Teardown: Test Cases/Reusable_Test_Sequences/CAT_Teardown

2020-04-27 11:24:21 - [TEST_STEP][PASSED] - closeBrowser(): Browser is closed

2020-04-27 11:24:23 - [MESSAGE][PASSED] - Browser is closed

2020-04-27 11:24:23 - [TEST_STEP][PASSED] - super.finalize(): null

2020-04-27 11:24:23 - [TEST_STEP][PASSED] - System.gc(): null

2020-04-27 11:24:23 - [MESSAGE][PASSED] - Call Test Case 'Test Cases/Reusable_Test_Sequences/CAT_Teardown' successfully

2020-04-27 11:24:23 - [TEST_STEP][PASSED] - "------------------------------": null

2020-04-27 11:24:23 - [TEST_STEP][PASSED] - " Set Mobile Device Testing    |": null

2020-04-27 11:24:23 - [TEST_STEP][PASSED] - Mobile_Flag = "false": null

2020-04-27 11:24:23 - [TEST_STEP][PASSED] - "------------------------------": null

2020-04-27 11:24:23 - [TEST_STEP][PASSED] - " Set Mobile Device Testing    |": null

2020-04-27 11:24:23 - [TEST_STEP][PASSED] - callTestCase(findTestCase("Reusable_Test_Sequences/CAT_Setup"), [:], OPTIONAL): Call Test Case 'Test Cases/Reusable_Test_Sequences/CAT_Setup' successfully

2020-04-27 11:24:23 - [TEST_CASE][PASSED] - Test Cases/Reusable_Test_Sequences/CAT_Setup: Test Cases/Reusable_Test_Sequences/CAT_Setup

2020-04-27 11:24:23 - [TEST_STEP][PASSED] - "------------------------------": null

2020-04-27 11:24:23 - [TEST_STEP][PASSED] - " Set Mobile Device Testing    |": null

2020-04-27 11:24:23 - [TEST_STEP][PASSED] - if (Mobile_Flag == "true"): null

2020-04-27 11:24:23 - [TEST_STEP][PASSED] - "------------------------------": null

2020-04-27 11:24:23 - [TEST_STEP][PASSED] - " Set Mobile Device Testing    |": null

2020-04-27 11:24:23 - [TEST_STEP][PASSED] - "------------------------------": null

2020-04-27 11:24:23 - [TEST_STEP][PASSED] - "URL - Set from the ENVIRONMENT PROFILE ": null

2020-04-27 11:24:23 - [TEST_STEP][PASSED] - openBrowser(URL): Browser is opened with url: 'https://www.preview.checkatrade.com/'

2020-04-27 11:24:23 - [MESSAGE][INFO] - Starting 'Chrome' driver

2020-04-27 11:24:23 - [MESSAGE][INFO] - Action delay is set to 0 milliseconds

2020-04-27 11:24:31 - [MESSAGE][PASSED] - Browser is opened with url: 'https://www.preview.checkatrade.com/'

2020-04-27 11:24:31 - [TEST_STEP][PASSED] - maximizeWindow(): Current window maximized

2020-04-27 11:24:33 - [MESSAGE][PASSED] - Current window maximized

2020-04-27 11:24:33 - [TEST_STEP][PASSED] - waitForPageLoad(60): Wait for page load successfully

2020-04-27 11:24:33 - [MESSAGE][PASSED] - Wait for page load successfully

2020-04-27 11:24:33 - [TEST_STEP][PASSED] - "Previous Functionalilty Left Commented For Ease Of reversion": null

2020-04-27 11:24:33 - [TEST_STEP][PASSED] - " Katalon Try/Catches currently have issues? SEE HEADER": null

2020-04-27 11:24:33 - [TEST_STEP][PASSED] - try: Text 'Cookie Policy' is not present on page

2020-04-27 11:24:33 - [TEST_STEP][PASSED] - verifyElementPresent(findTestObject("Object Repository/Cookies/Page_Checkatrade Find a tradesperson you can trust/button_Accept All"), 5, OPTIONAL): Object 'Object Repository/Cookies/Page_Checkatrade Find a tradesperson you can trust/button_Accept All' is present

2020-04-27 11:24:34 - [MESSAGE][PASSED] - Object 'Object Repository/Cookies/Page_Checkatrade Find a tradesperson you can trust/button_Accept All' is present

2020-04-27 11:24:34 - [TEST_STEP][PASSED] - click(findTestObject("Object Repository/Cookies/Page_Checkatrade Find a tradesperson you can trust/button_Accept All"), OPTIONAL): Object: 'Object Repository/Cookies/Page_Checkatrade Find a tradesperson you can trust/button_Accept All' is clicked on

2020-04-27 11:24:34 - [MESSAGE][PASSED] - Object: 'Object Repository/Cookies/Page_Checkatrade Find a tradesperson you can trust/button_Accept All' is clicked on

2020-04-27 11:24:34 - [TEST_STEP][PASSED] - "---------------------------------": null

2020-04-27 11:24:34 - [TEST_STEP][PASSED] - "COOKIE POPOUT REMOVED - Confirmed": null

2020-04-27 11:24:34 - [TEST_STEP][PASSED] - delay(1): Delayed 1 second(s)

2020-04-27 11:24:35 - [MESSAGE][PASSED] - Delayed 1 second(s)

2020-04-27 11:24:35 - [TEST_STEP][PASSED] - verifyTextNotPresent("We use cookies to personalise content and ads, to provide social media features and to analyse our traffic", false): Text 'We use cookies to personalise content and ads, to provide social media features and to analyse our traffic' is not present on page

2020-04-27 11:24:36 - [MESSAGE][PASSED] - Text 'We use cookies to personalise content and ads, to provide social media features and to analyse our traffic' is not present on page

2020-04-27 11:24:36 - [TEST_STEP][PASSED] - verifyTextNotPresent(" We also share information about your use of our site with our social media, advertising and analytics partners", false): Text ' We also share information about your use of our site with our social media, advertising and analytics partners' is not present on page

2020-04-27 11:24:36 - [MESSAGE][PASSED] - Text ' We also share information about your use of our site with our social media, advertising and analytics partners' is not present on page

2020-04-27 11:24:36 - [TEST_STEP][PASSED] - verifyTextNotPresent("Cookie Policy", false): Text 'Cookie Policy' is not present on page

2020-04-27 11:24:36 - [MESSAGE][PASSED] - Text 'Cookie Policy' is not present on page

2020-04-27 11:24:36 - [TEST_STEP][PASSED] - waitForPageLoad(60): Wait for page load successfully

2020-04-27 11:24:36 - [MESSAGE][PASSED] - Wait for page load successfully

2020-04-27 11:24:36 - [TEST_STEP][PASSED] - "COOKIE - ORIGINAL": null

2020-04-27 11:24:36 - [TEST_STEP][PASSED] - if (waitForElementVisible(findTestObject("Object Repository/Feedback/Page_Checkatrade Give your feedback/input_Member_to_Review"), 5)): Web element with id: 'Object Repository/Feedback/Page_Checkatrade Give your feedback/input_Member_to_Review' located by 'By.xpath: //input[@id='feedback-form__company_autocomplete_input']' not found

2020-04-27 11:24:41 - [MESSAGE][INFO] - Unable to find the element located by 'By.xpath: //input[@id='feedback-form__company_autocomplete_input']'. Please recheck the objects properties to make sure the desired element is located. 

2020-04-27 11:24:41 - [MESSAGE][WARNING] - Web element with id: 'Object Repository/Feedback/Page_Checkatrade Give your feedback/input_Member_to_Review' located by 'By.xpath: //input[@id='feedback-form__company_autocomplete_input']' not found

2020-04-27 11:24:41 - [TEST_STEP][PASSED] - else: The <<<OLD>>> Website was detected by the STARTUP Process

2020-04-27 11:24:41 - [TEST_STEP][PASSED] - if (!(verifyElementVisible(findTestObject("Object Repository/Checkatrade_Trade_Search_Page/Page_Checkatrade Find a tradesperson you can trust/input_Search_Button_FF")))): Object 'Object Repository/Checkatrade_Trade_Search_Page/Page_Checkatrade Find a tradesperson you can trust/input_Search_Button_FF' is visible

2020-04-27 11:24:42 - [MESSAGE][PASSED] - Object 'Object Repository/Checkatrade_Trade_Search_Page/Page_Checkatrade Find a tradesperson you can trust/input_Search_Button_FF' is visible

2020-04-27 11:24:42 - [TEST_STEP][PASSED] - else: The <<<OLD>>> Website was detected by the STARTUP Process

2020-04-27 11:24:42 - [TEST_STEP][PASSED] - Website_Version = "old": null

2020-04-27 11:24:42 - [TEST_STEP][PASSED] - logInfo("The <<<OLD>>> Website was detected by the STARTUP Process"): The <<<OLD>>> Website was detected by the STARTUP Process

2020-04-27 11:24:42 - [MESSAGE][INFO] - The <<<OLD>>> Website was detected by the STARTUP Process

2020-04-27 11:24:42 - [MESSAGE][PASSED] - Call Test Case 'Test Cases/Reusable_Test_Sequences/CAT_Setup' successfully

2020-04-27 11:24:42 - [TEST_STEP][PASSED] - " ALTERNATIVE SCREEN RESOLUTION SELECTION METHOD": null

2020-04-27 11:24:42 - [TEST_STEP][PASSED] - " Block Comment Start": null

2020-04-27 11:24:42 - [TEST_STEP][PASSED] - " ACTUAL SCREEN RESOLUTION SELECTION METHOD USED": null

2020-04-27 11:24:42 - [TEST_STEP][PASSED] - XCOORD = Integer.parseInt(findTestData("searchTestData").getValue("X_COORD", row)): null

2020-04-27 11:24:42 - [TEST_STEP][PASSED] - YCOORD = Integer.parseInt(findTestData("searchTestData").getValue("Y_COORD", row)): null

2020-04-27 11:24:42 - [TEST_STEP][PASSED] - setViewPortSize(XCOORD, YCOORD): Viewport is set to new size with width = 500 and height = 700

2020-04-27 11:24:42 - [MESSAGE][PASSED] - Viewport is set to new size with width = 500 and height = 700

2020-04-27 11:24:42 - [TEST_STEP][PASSED] - waitForPageLoad(60): Wait for page load successfully

2020-04-27 11:24:42 - [MESSAGE][PASSED] - Wait for page load successfully

2020-04-27 11:24:42 - [TEST_STEP][PASSED] - markPassed("Set View Port Size is currently SET to X AXIS " + XCOORD + " Y AXIS " + YCOORD): Set View Port Size is currently SET to X AXIS 500 Y AXIS 700

2020-04-27 11:24:42 - [MESSAGE][PASSED] - Set View Port Size is currently SET to X AXIS 500 Y AXIS 700

2020-04-27 11:24:42 - [TEST_STEP][PASSED] - markPassed("Set View Port Size is currently SET to X AXIS " + XCOORD + " Y AXIS " + YCOORD): Set View Port Size is currently SET to X AXIS 500 Y AXIS 700

2020-04-27 11:24:42 - [MESSAGE][PASSED] - Set View Port Size is currently SET to X AXIS 500 Y AXIS 700

2020-04-27 11:24:42 - [TEST_STEP][PASSED] - " Block Commen End": null

2020-04-27 11:24:42 - [TEST_STEP][PASSED] - "---------------------------------------": null

2020-04-27 11:24:42 - [TEST_STEP][PASSED] - " Set and SEARCH TRADE CLASSIFICATION   |": null

2020-04-27 11:24:42 - [TEST_STEP][PASSED] - callTestCase(findTestCase("Reusable_Test_Sequences/CAT_Enter_Trade_Classification"), [:], CONTINUE_ON_FAILURE): Call Test Case 'Test Cases/Reusable_Test_Sequences/CAT_Enter_Trade_Classification' successfully

2020-04-27 11:24:42 - [TEST_CASE][PASSED] - Test Cases/Reusable_Test_Sequences/CAT_Enter_Trade_Classification: Test Cases/Reusable_Test_Sequences/CAT_Enter_Trade_Classification

2020-04-27 11:24:42 - [TEST_STEP][PASSED] - "---------------------------------": null

2020-04-27 11:24:42 - [TEST_STEP][PASSED] - "Set and SEARCH SELECTED TRADE": null

2020-04-27 11:24:42 - [TEST_STEP][PASSED] - if (Website_Version == "new"): null

2020-04-27 11:24:42 - [TEST_STEP][PASSED] - else: Object: 'Object Repository/Checkatrade_Trade_Search_Page/Page_Checkatrade Find a tradesperson you can trust/input_Search_Button_FF' is clicked on

2020-04-27 11:24:42 - [TEST_STEP][PASSED] - waitForElementPresent(findTestObject("Object Repository/Checkatrade_Trade_Search_Page/Page_Checkatrade Find a tradesperson you can trust/input_Search_Button_FF"), 60): Object 'Object Repository/Checkatrade_Trade_Search_Page/Page_Checkatrade Find a tradesperson you can trust/input_Search_Button_FF' is present

2020-04-27 11:24:42 - [MESSAGE][PASSED] - Object 'Object Repository/Checkatrade_Trade_Search_Page/Page_Checkatrade Find a tradesperson you can trust/input_Search_Button_FF' is present

2020-04-27 11:24:42 - [TEST_STEP][PASSED] - click(findTestObject("Object Repository/Checkatrade_Trade_Search_Page/Page_Checkatrade Find a tradesperson you can trust/input_Search_Button_FF")): Object: 'Object Repository/Checkatrade_Trade_Search_Page/Page_Checkatrade Find a tradesperson you can trust/input_Search_Button_FF' is clicked on

2020-04-27 11:24:43 - [MESSAGE][PASSED] - Object: 'Object Repository/Checkatrade_Trade_Search_Page/Page_Checkatrade Find a tradesperson you can trust/input_Search_Button_FF' is clicked on

2020-04-27 11:24:43 - [TEST_STEP][PASSED] - setText(findTestObject("Object Repository/Checkatrade_Trade_Search_Page/Page_Checkatrade Find a tradesperson you can trust/input_Search_Button_FF"), findTestData("searchTestData").getValue("tradeClassification", row)): Text 'Electrician' is set on object 'Object Repository/Checkatrade_Trade_Search_Page/Page_Checkatrade Find a tradesperson you can trust/input_Search_Button_FF'

2020-04-27 11:24:43 - [MESSAGE][PASSED] - Text 'Electrician' is set on object 'Object Repository/Checkatrade_Trade_Search_Page/Page_Checkatrade Find a tradesperson you can trust/input_Search_Button_FF'

2020-04-27 11:24:43 - [TEST_STEP][PASSED] - click(findTestObject("Object Repository/Checkatrade_Trade_Search_Page/Page_Checkatrade Find a tradesperson you can trust/input_Search_Button_FF")): Object: 'Object Repository/Checkatrade_Trade_Search_Page/Page_Checkatrade Find a tradesperson you can trust/input_Search_Button_FF' is clicked on

2020-04-27 11:24:45 - [MESSAGE][PASSED] - Object: 'Object Repository/Checkatrade_Trade_Search_Page/Page_Checkatrade Find a tradesperson you can trust/input_Search_Button_FF' is clicked on

2020-04-27 11:24:45 - [MESSAGE][PASSED] - Call Test Case 'Test Cases/Reusable_Test_Sequences/CAT_Enter_Trade_Classification' successfully

2020-04-27 11:24:45 - [TEST_STEP][PASSED] - "---------------------------------------": null

2020-04-27 11:24:45 - [TEST_STEP][PASSED] - " Set and SEARCH TRADE LOCATION         |": null

2020-04-27 11:24:45 - [TEST_STEP][PASSED] - callTestCase(findTestCase("Reusable_Test_Sequences/CAT_Enter_Trade_Location"), [:], CONTINUE_ON_FAILURE): Call Test Case 'Test Cases/Reusable_Test_Sequences/CAT_Enter_Trade_Location' successfully

2020-04-27 11:24:45 - [TEST_CASE][PASSED] - Test Cases/Reusable_Test_Sequences/CAT_Enter_Trade_Location: Test Cases/Reusable_Test_Sequences/CAT_Enter_Trade_Location

2020-04-27 11:24:45 - [TEST_STEP][PASSED] - "---------------------------------": null

2020-04-27 11:24:45 - [TEST_STEP][PASSED] - "Set and SEARCH SELECTED LOCATION |": null

2020-04-27 11:24:45 - [TEST_STEP][PASSED] - if (Website_Version != "new"): Text 'Hayling Island' is set on object 'Object Repository/Checkatrade_Trade_Search_Page/Page_Checkatrade Find a tradesperson you can trust/input_Not here_location'

2020-04-27 11:24:45 - [TEST_STEP][PASSED] - click(findTestObject("Object Repository/Checkatrade_Trade_Search_Page/Page_Checkatrade Find a tradesperson you can trust/input_Not here_location")): Object: 'Object Repository/Checkatrade_Trade_Search_Page/Page_Checkatrade Find a tradesperson you can trust/input_Not here_location' is clicked on

2020-04-27 11:24:45 - [MESSAGE][PASSED] - Object: 'Object Repository/Checkatrade_Trade_Search_Page/Page_Checkatrade Find a tradesperson you can trust/input_Not here_location' is clicked on

2020-04-27 11:24:45 - [TEST_STEP][PASSED] - setText(findTestObject("Object Repository/Checkatrade_Trade_Search_Page/Page_Checkatrade Find a tradesperson you can trust/input_Not here_location"), findTestData("searchTestData").getValue("tradeLocation", row)): Text 'Hayling Island' is set on object 'Object Repository/Checkatrade_Trade_Search_Page/Page_Checkatrade Find a tradesperson you can trust/input_Not here_location'

2020-04-27 11:24:45 - [MESSAGE][PASSED] - Text 'Hayling Island' is set on object 'Object Repository/Checkatrade_Trade_Search_Page/Page_Checkatrade Find a tradesperson you can trust/input_Not here_location'

2020-04-27 11:24:45 - [TEST_STEP][PASSED] - if (verifyTextNotPresent("Sorry, no results found", false)): null

2020-04-27 11:24:45 - [MESSAGE][PASSED] - Text 'Sorry, no results found' is not present on page

2020-04-27 11:24:45 - [TEST_STEP][PASSED] - markPassed("The Expected Lookup Result(s) ARE being returned by the Lookup Service, AS EXPECTED"): The Expected Lookup Result(s) ARE being returned by the Lookup Service, AS EXPECTED

2020-04-27 11:24:45 - [MESSAGE][PASSED] - The Expected Lookup Result(s) ARE being returned by the Lookup Service, AS EXPECTED

2020-04-27 11:24:45 - [MESSAGE][PASSED] - Call Test Case 'Test Cases/Reusable_Test_Sequences/CAT_Enter_Trade_Location' successfully

2020-04-27 11:24:45 - [TEST_STEP][PASSED] - "---------------------------------------": null

2020-04-27 11:24:45 - [TEST_STEP][PASSED] - " Scroll Search Button into View        |": null

2020-04-27 11:24:45 - [TEST_STEP][PASSED] - "---------------------------------------": null

2020-04-27 11:24:45 - [TEST_STEP][PASSED] - "---------------------------------------": null

2020-04-27 11:24:45 - [TEST_STEP][PASSED] - " Dispel New trades Header              |": null

2020-04-27 11:24:45 - [TEST_STEP][PASSED] - "---------------------------------------": null

2020-04-27 11:24:45 - [TEST_STEP][PASSED] - "---------------------------------------": null

2020-04-27 11:24:45 - [TEST_STEP][PASSED] - " Hit Search Button                     |": null

2020-04-27 11:24:45 - [TEST_STEP][PASSED] - callTestCase(findTestCase("Reusable_Test_Sequences/CAT_Hit_Search_Button"), [:], CONTINUE_ON_FAILURE): Call Test Case 'Test Cases/Reusable_Test_Sequences/CAT_Hit_Search_Button' successfully

2020-04-27 11:24:46 - [TEST_CASE][PASSED] - Test Cases/Reusable_Test_Sequences/CAT_Hit_Search_Button: Test Cases/Reusable_Test_Sequences/CAT_Hit_Search_Button

2020-04-27 11:24:46 - [TEST_STEP][PASSED] - "---------------------------------": null

2020-04-27 11:24:46 - [TEST_STEP][PASSED] - "HIT SEARCH": null

2020-04-27 11:24:46 - [TEST_STEP][PASSED] - "---------------------------------": null

2020-04-27 11:24:46 - [TEST_STEP][PASSED] - if (Website_Version == "new"): null

2020-04-27 11:24:46 - [TEST_STEP][PASSED] - else: Object: 'Object Repository/Page_Checkatrade Find a tradesperson you can trust/a_Search' is clicked on

2020-04-27 11:24:46 - [TEST_STEP][PASSED] - waitForElementClickable(findTestObject("Object Repository/Page_Checkatrade Find a tradesperson you can trust/a_Search"), 25): Object 'Object Repository/Page_Checkatrade Find a tradesperson you can trust/a_Search' is clickable

2020-04-27 11:24:46 - [MESSAGE][PASSED] - Object 'Object Repository/Page_Checkatrade Find a tradesperson you can trust/a_Search' is clickable

2020-04-27 11:24:46 - [TEST_STEP][PASSED] - click(findTestObject("Object Repository/Page_Checkatrade Find a tradesperson you can trust/a_Search")): Object: 'Object Repository/Page_Checkatrade Find a tradesperson you can trust/a_Search' is clicked on

2020-04-27 11:24:47 - [MESSAGE][PASSED] - Object: 'Object Repository/Page_Checkatrade Find a tradesperson you can trust/a_Search' is clicked on

2020-04-27 11:24:47 - [MESSAGE][PASSED] - Call Test Case 'Test Cases/Reusable_Test_Sequences/CAT_Hit_Search_Button' successfully

2020-04-27 11:24:47 - [TEST_STEP][PASSED] - "---------------------------------------": null

2020-04-27 11:24:47 - [TEST_STEP][PASSED] - " Verify Returned Page is as Expected   |": null

2020-04-27 11:24:47 - [TEST_STEP][PASSED] - callTestCase(findTestCase("Reusable_Test_Sequences/CAT_Verification"), [:], STOP_ON_FAILURE): Call Test Case 'Test Cases/Reusable_Test_Sequences/CAT_Verification' successfully

2020-04-27 11:24:47 - [TEST_CASE][PASSED] - Test Cases/Reusable_Test_Sequences/CAT_Verification: Test Cases/Reusable_Test_Sequences/CAT_Verification

2020-04-27 11:24:47 - [TEST_STEP][PASSED] - "Updated 05/12/2019 due to wholesale Home page changes": null

2020-04-27 11:24:47 - [TEST_STEP][PASSED] - "Expected cantantenated text is Returned": null

2020-04-27 11:24:47 - [TEST_STEP][PASSED] - " DYNAMIC DELAY - Wait for <SEARCH> Button to Re-Appear after Search is completed": null

2020-04-27 11:24:47 - [TEST_STEP][PASSED] - delay(3): Delayed 3 second(s)

2020-04-27 11:24:50 - [MESSAGE][PASSED] - Delayed 3 second(s)

2020-04-27 11:24:50 - [TEST_STEP][PASSED] - waitForPageLoad(60): Wait for page load successfully

2020-04-27 11:24:51 - [MESSAGE][PASSED] - Wait for page load successfully

2020-04-27 11:24:51 - [TEST_STEP][PASSED] - delay(1): Delayed 1 second(s)

2020-04-27 11:24:52 - [MESSAGE][PASSED] - Delayed 1 second(s)

2020-04-27 11:24:52 - [TEST_STEP][PASSED] - "--------------------": null

2020-04-27 11:24:52 - [TEST_STEP][PASSED] - "----------------------------------------------------------------------------------------------------": null

2020-04-27 11:24:52 - [TEST_STEP][PASSED] - "PREVIEW INCONSISTENCY - SOMETIME THE FIRST ITERATION RETURNS 404 - SEEMS TO BE A PREVIEW GLITCH THAT OCCURS TOO OFTEN   |  23/03/2020 - DH": null

2020-04-27 11:24:52 - [TEST_STEP][PASSED] - "------------------------------------------------------------------------------------------------------------------------": null

2020-04-27 11:24:52 - [TEST_STEP][PASSED] - "NEW Approach - Detect IMPROVE SEARCH PoPout and Syn on THIS": null

2020-04-27 11:24:52 - [TEST_STEP][PASSED] - verifyTextPresent(findTestData("searchTestData").getValue("tradeClassification", row), false): Text 'Electrician' is present on page 

2020-04-27 11:24:52 - [MESSAGE][PASSED] - Text 'Electrician' is present on page 

2020-04-27 11:24:52 - [TEST_STEP][PASSED] - verifyTextPresent(findTestData("searchTestData").getValue("tradeLocation", row), false): Text 'Hayling Island' is present on page 

2020-04-27 11:24:52 - [MESSAGE][PASSED] - Text 'Hayling Island' is present on page 

2020-04-27 11:24:52 - [MESSAGE][PASSED] - Call Test Case 'Test Cases/Reusable_Test_Sequences/CAT_Verification' successfully

2020-04-27 11:24:52 - [TEST_STEP][PASSED] - "--------------------------": null

2020-04-27 11:24:52 - [TEST_STEP][PASSED] - " Teardown - CLose Browser |": null

2020-04-27 11:24:52 - [TEST_STEP][PASSED] - callTestCase(findTestCase("Reusable_Test_Sequences/CAT_Teardown"), [:], OPTIONAL): Call Test Case 'Test Cases/Reusable_Test_Sequences/CAT_Teardown' successfully

2020-04-27 11:24:52 - [TEST_CASE][PASSED] - Test Cases/Reusable_Test_Sequences/CAT_Teardown: Test Cases/Reusable_Test_Sequences/CAT_Teardown

2020-04-27 11:24:52 - [TEST_STEP][PASSED] - closeBrowser(): Browser is closed

2020-04-27 11:25:01 - [MESSAGE][PASSED] - Browser is closed

2020-04-27 11:25:01 - [TEST_STEP][PASSED] - super.finalize(): null

2020-04-27 11:25:01 - [TEST_STEP][PASSED] - System.gc(): null

2020-04-27 11:25:01 - [MESSAGE][PASSED] - Call Test Case 'Test Cases/Reusable_Test_Sequences/CAT_Teardown' successfully

2020-04-27 11:25:01 - [TEST_STEP][PASSED] - "------------------------------": null

2020-04-27 11:25:01 - [TEST_STEP][PASSED] - " Set Mobile Device Testing    |": null

2020-04-27 11:25:01 - [TEST_STEP][PASSED] - Mobile_Flag = "false": null

2020-04-27 11:25:01 - [TEST_STEP][PASSED] - "------------------------------": null

2020-04-27 11:25:01 - [TEST_STEP][PASSED] - " Set Mobile Device Testing    |": null

2020-04-27 11:25:01 - [TEST_STEP][PASSED] - callTestCase(findTestCase("Reusable_Test_Sequences/CAT_Setup"), [:], OPTIONAL): Call Test Case 'Test Cases/Reusable_Test_Sequences/CAT_Setup' successfully

2020-04-27 11:25:01 - [TEST_CASE][PASSED] - Test Cases/Reusable_Test_Sequences/CAT_Setup: Test Cases/Reusable_Test_Sequences/CAT_Setup

2020-04-27 11:25:01 - [TEST_STEP][PASSED] - "------------------------------": null

2020-04-27 11:25:01 - [TEST_STEP][PASSED] - " Set Mobile Device Testing    |": null

2020-04-27 11:25:01 - [TEST_STEP][PASSED] - if (Mobile_Flag == "true"): null

2020-04-27 11:25:01 - [TEST_STEP][PASSED] - "------------------------------": null

2020-04-27 11:25:01 - [TEST_STEP][PASSED] - " Set Mobile Device Testing    |": null

2020-04-27 11:25:01 - [TEST_STEP][PASSED] - "------------------------------": null

2020-04-27 11:25:01 - [TEST_STEP][PASSED] - "URL - Set from the ENVIRONMENT PROFILE ": null

2020-04-27 11:25:01 - [TEST_STEP][PASSED] - openBrowser(URL): Browser is opened with url: 'https://www.preview.checkatrade.com/'

2020-04-27 11:25:01 - [MESSAGE][INFO] - Starting 'Chrome' driver

2020-04-27 11:25:01 - [MESSAGE][INFO] - Action delay is set to 0 milliseconds

2020-04-27 11:25:07 - [MESSAGE][PASSED] - Browser is opened with url: 'https://www.preview.checkatrade.com/'

2020-04-27 11:25:07 - [TEST_STEP][PASSED] - maximizeWindow(): Current window maximized

2020-04-27 11:25:10 - [MESSAGE][PASSED] - Current window maximized

2020-04-27 11:25:10 - [TEST_STEP][PASSED] - waitForPageLoad(60): Wait for page load successfully

2020-04-27 11:25:10 - [MESSAGE][PASSED] - Wait for page load successfully

2020-04-27 11:25:10 - [TEST_STEP][PASSED] - "Previous Functionalilty Left Commented For Ease Of reversion": null

2020-04-27 11:25:10 - [TEST_STEP][PASSED] - " Katalon Try/Catches currently have issues? SEE HEADER": null

2020-04-27 11:25:10 - [TEST_STEP][PASSED] - try: Text 'Cookie Policy' is not present on page

2020-04-27 11:25:10 - [TEST_STEP][PASSED] - verifyElementPresent(findTestObject("Object Repository/Cookies/Page_Checkatrade Find a tradesperson you can trust/button_Accept All"), 5, OPTIONAL): Object 'Object Repository/Cookies/Page_Checkatrade Find a tradesperson you can trust/button_Accept All' is present

2020-04-27 11:25:10 - [MESSAGE][PASSED] - Object 'Object Repository/Cookies/Page_Checkatrade Find a tradesperson you can trust/button_Accept All' is present

2020-04-27 11:25:10 - [TEST_STEP][PASSED] - click(findTestObject("Object Repository/Cookies/Page_Checkatrade Find a tradesperson you can trust/button_Accept All"), OPTIONAL): Object: 'Object Repository/Cookies/Page_Checkatrade Find a tradesperson you can trust/button_Accept All' is clicked on

2020-04-27 11:25:11 - [MESSAGE][PASSED] - Object: 'Object Repository/Cookies/Page_Checkatrade Find a tradesperson you can trust/button_Accept All' is clicked on

2020-04-27 11:25:11 - [TEST_STEP][PASSED] - "---------------------------------": null

2020-04-27 11:25:11 - [TEST_STEP][PASSED] - "COOKIE POPOUT REMOVED - Confirmed": null

2020-04-27 11:25:11 - [TEST_STEP][PASSED] - delay(1): Delayed 1 second(s)

2020-04-27 11:25:12 - [MESSAGE][PASSED] - Delayed 1 second(s)

2020-04-27 11:25:12 - [TEST_STEP][PASSED] - verifyTextNotPresent("We use cookies to personalise content and ads, to provide social media features and to analyse our traffic", false): Text 'We use cookies to personalise content and ads, to provide social media features and to analyse our traffic' is not present on page

2020-04-27 11:25:12 - [MESSAGE][PASSED] - Text 'We use cookies to personalise content and ads, to provide social media features and to analyse our traffic' is not present on page

2020-04-27 11:25:12 - [TEST_STEP][PASSED] - verifyTextNotPresent(" We also share information about your use of our site with our social media, advertising and analytics partners", false): Text ' We also share information about your use of our site with our social media, advertising and analytics partners' is not present on page

2020-04-27 11:25:13 - [MESSAGE][PASSED] - Text ' We also share information about your use of our site with our social media, advertising and analytics partners' is not present on page

2020-04-27 11:25:13 - [TEST_STEP][PASSED] - verifyTextNotPresent("Cookie Policy", false): Text 'Cookie Policy' is not present on page

2020-04-27 11:25:13 - [MESSAGE][PASSED] - Text 'Cookie Policy' is not present on page

2020-04-27 11:25:13 - [TEST_STEP][PASSED] - waitForPageLoad(60): Wait for page load successfully

2020-04-27 11:25:13 - [MESSAGE][PASSED] - Wait for page load successfully

2020-04-27 11:25:13 - [TEST_STEP][PASSED] - "COOKIE - ORIGINAL": null

2020-04-27 11:25:13 - [TEST_STEP][PASSED] - if (waitForElementVisible(findTestObject("Object Repository/Feedback/Page_Checkatrade Give your feedback/input_Member_to_Review"), 5)): Web element with id: 'Object Repository/Feedback/Page_Checkatrade Give your feedback/input_Member_to_Review' located by 'By.xpath: //input[@id='feedback-form__company_autocomplete_input']' not found

2020-04-27 11:25:18 - [MESSAGE][INFO] - Unable to find the element located by 'By.xpath: //input[@id='feedback-form__company_autocomplete_input']'. Please recheck the objects properties to make sure the desired element is located. 

2020-04-27 11:25:18 - [MESSAGE][WARNING] - Web element with id: 'Object Repository/Feedback/Page_Checkatrade Give your feedback/input_Member_to_Review' located by 'By.xpath: //input[@id='feedback-form__company_autocomplete_input']' not found

2020-04-27 11:25:18 - [TEST_STEP][PASSED] - else: The <<<OLD>>> Website was detected by the STARTUP Process

2020-04-27 11:25:18 - [TEST_STEP][PASSED] - if (!(verifyElementVisible(findTestObject("Object Repository/Checkatrade_Trade_Search_Page/Page_Checkatrade Find a tradesperson you can trust/input_Search_Button_FF")))): Object 'Object Repository/Checkatrade_Trade_Search_Page/Page_Checkatrade Find a tradesperson you can trust/input_Search_Button_FF' is visible

2020-04-27 11:25:18 - [MESSAGE][PASSED] - Object 'Object Repository/Checkatrade_Trade_Search_Page/Page_Checkatrade Find a tradesperson you can trust/input_Search_Button_FF' is visible

2020-04-27 11:25:18 - [TEST_STEP][PASSED] - else: The <<<OLD>>> Website was detected by the STARTUP Process

2020-04-27 11:25:18 - [TEST_STEP][PASSED] - Website_Version = "old": null

2020-04-27 11:25:18 - [TEST_STEP][PASSED] - logInfo("The <<<OLD>>> Website was detected by the STARTUP Process"): The <<<OLD>>> Website was detected by the STARTUP Process

2020-04-27 11:25:18 - [MESSAGE][INFO] - The <<<OLD>>> Website was detected by the STARTUP Process

2020-04-27 11:25:18 - [MESSAGE][PASSED] - Call Test Case 'Test Cases/Reusable_Test_Sequences/CAT_Setup' successfully

2020-04-27 11:25:18 - [TEST_STEP][PASSED] - " ALTERNATIVE SCREEN RESOLUTION SELECTION METHOD": null

2020-04-27 11:25:18 - [TEST_STEP][PASSED] - " Block Comment Start": null

2020-04-27 11:25:18 - [TEST_STEP][PASSED] - " ACTUAL SCREEN RESOLUTION SELECTION METHOD USED": null

2020-04-27 11:25:18 - [TEST_STEP][PASSED] - XCOORD = Integer.parseInt(findTestData("searchTestData").getValue("X_COORD", row)): null

2020-04-27 11:25:18 - [TEST_STEP][PASSED] - YCOORD = Integer.parseInt(findTestData("searchTestData").getValue("Y_COORD", row)): null

2020-04-27 11:25:18 - [TEST_STEP][PASSED] - setViewPortSize(XCOORD, YCOORD): Viewport is set to new size with width = 700 and height = 900

2020-04-27 11:25:19 - [MESSAGE][PASSED] - Viewport is set to new size with width = 700 and height = 900

2020-04-27 11:25:19 - [TEST_STEP][PASSED] - waitForPageLoad(60): Wait for page load successfully

2020-04-27 11:25:19 - [MESSAGE][PASSED] - Wait for page load successfully

2020-04-27 11:25:19 - [TEST_STEP][PASSED] - markPassed("Set View Port Size is currently SET to X AXIS " + XCOORD + " Y AXIS " + YCOORD): Set View Port Size is currently SET to X AXIS 700 Y AXIS 900

2020-04-27 11:25:19 - [MESSAGE][PASSED] - Set View Port Size is currently SET to X AXIS 700 Y AXIS 900

2020-04-27 11:25:19 - [TEST_STEP][PASSED] - markPassed("Set View Port Size is currently SET to X AXIS " + XCOORD + " Y AXIS " + YCOORD): Set View Port Size is currently SET to X AXIS 700 Y AXIS 900

2020-04-27 11:25:19 - [MESSAGE][PASSED] - Set View Port Size is currently SET to X AXIS 700 Y AXIS 900

2020-04-27 11:25:19 - [TEST_STEP][PASSED] - " Block Commen End": null

2020-04-27 11:25:19 - [TEST_STEP][PASSED] - "---------------------------------------": null

2020-04-27 11:25:19 - [TEST_STEP][PASSED] - " Set and SEARCH TRADE CLASSIFICATION   |": null

2020-04-27 11:25:19 - [TEST_STEP][PASSED] - callTestCase(findTestCase("Reusable_Test_Sequences/CAT_Enter_Trade_Classification"), [:], CONTINUE_ON_FAILURE): Call Test Case 'Test Cases/Reusable_Test_Sequences/CAT_Enter_Trade_Classification' successfully

2020-04-27 11:25:19 - [TEST_CASE][PASSED] - Test Cases/Reusable_Test_Sequences/CAT_Enter_Trade_Classification: Test Cases/Reusable_Test_Sequences/CAT_Enter_Trade_Classification

2020-04-27 11:25:19 - [TEST_STEP][PASSED] - "---------------------------------": null

2020-04-27 11:25:19 - [TEST_STEP][PASSED] - "Set and SEARCH SELECTED TRADE": null

2020-04-27 11:25:19 - [TEST_STEP][PASSED] - if (Website_Version == "new"): null

2020-04-27 11:25:19 - [TEST_STEP][PASSED] - else: Object: 'Object Repository/Checkatrade_Trade_Search_Page/Page_Checkatrade Find a tradesperson you can trust/input_Search_Button_FF' is clicked on

2020-04-27 11:25:19 - [TEST_STEP][PASSED] - waitForElementPresent(findTestObject("Object Repository/Checkatrade_Trade_Search_Page/Page_Checkatrade Find a tradesperson you can trust/input_Search_Button_FF"), 60): Object 'Object Repository/Checkatrade_Trade_Search_Page/Page_Checkatrade Find a tradesperson you can trust/input_Search_Button_FF' is present

2020-04-27 11:25:19 - [MESSAGE][PASSED] - Object 'Object Repository/Checkatrade_Trade_Search_Page/Page_Checkatrade Find a tradesperson you can trust/input_Search_Button_FF' is present

2020-04-27 11:25:19 - [TEST_STEP][PASSED] - click(findTestObject("Object Repository/Checkatrade_Trade_Search_Page/Page_Checkatrade Find a tradesperson you can trust/input_Search_Button_FF")): Object: 'Object Repository/Checkatrade_Trade_Search_Page/Page_Checkatrade Find a tradesperson you can trust/input_Search_Button_FF' is clicked on

2020-04-27 11:25:19 - [MESSAGE][PASSED] - Object: 'Object Repository/Checkatrade_Trade_Search_Page/Page_Checkatrade Find a tradesperson you can trust/input_Search_Button_FF' is clicked on

2020-04-27 11:25:19 - [TEST_STEP][PASSED] - setText(findTestObject("Object Repository/Checkatrade_Trade_Search_Page/Page_Checkatrade Find a tradesperson you can trust/input_Search_Button_FF"), findTestData("searchTestData").getValue("tradeClassification", row)): Text 'Diagnostic Testing' is set on object 'Object Repository/Checkatrade_Trade_Search_Page/Page_Checkatrade Find a tradesperson you can trust/input_Search_Button_FF'

2020-04-27 11:25:19 - [MESSAGE][PASSED] - Text 'Diagnostic Testing' is set on object 'Object Repository/Checkatrade_Trade_Search_Page/Page_Checkatrade Find a tradesperson you can trust/input_Search_Button_FF'

2020-04-27 11:25:19 - [TEST_STEP][PASSED] - click(findTestObject("Object Repository/Checkatrade_Trade_Search_Page/Page_Checkatrade Find a tradesperson you can trust/input_Search_Button_FF")): Object: 'Object Repository/Checkatrade_Trade_Search_Page/Page_Checkatrade Find a tradesperson you can trust/input_Search_Button_FF' is clicked on

2020-04-27 11:25:19 - [MESSAGE][PASSED] - Object: 'Object Repository/Checkatrade_Trade_Search_Page/Page_Checkatrade Find a tradesperson you can trust/input_Search_Button_FF' is clicked on

2020-04-27 11:25:19 - [MESSAGE][PASSED] - Call Test Case 'Test Cases/Reusable_Test_Sequences/CAT_Enter_Trade_Classification' successfully

2020-04-27 11:25:19 - [TEST_STEP][PASSED] - "---------------------------------------": null

2020-04-27 11:25:19 - [TEST_STEP][PASSED] - " Set and SEARCH TRADE LOCATION         |": null

2020-04-27 11:25:19 - [TEST_STEP][PASSED] - callTestCase(findTestCase("Reusable_Test_Sequences/CAT_Enter_Trade_Location"), [:], CONTINUE_ON_FAILURE): Call Test Case 'Test Cases/Reusable_Test_Sequences/CAT_Enter_Trade_Location' successfully

2020-04-27 11:25:20 - [TEST_CASE][PASSED] - Test Cases/Reusable_Test_Sequences/CAT_Enter_Trade_Location: Test Cases/Reusable_Test_Sequences/CAT_Enter_Trade_Location

2020-04-27 11:25:20 - [TEST_STEP][PASSED] - "---------------------------------": null

2020-04-27 11:25:20 - [TEST_STEP][PASSED] - "Set and SEARCH SELECTED LOCATION |": null

2020-04-27 11:25:20 - [TEST_STEP][PASSED] - if (Website_Version != "new"): Text 'Angmering' is set on object 'Object Repository/Checkatrade_Trade_Search_Page/Page_Checkatrade Find a tradesperson you can trust/input_Not here_location'

2020-04-27 11:25:20 - [TEST_STEP][PASSED] - click(findTestObject("Object Repository/Checkatrade_Trade_Search_Page/Page_Checkatrade Find a tradesperson you can trust/input_Not here_location")): Object: 'Object Repository/Checkatrade_Trade_Search_Page/Page_Checkatrade Find a tradesperson you can trust/input_Not here_location' is clicked on

2020-04-27 11:25:20 - [MESSAGE][PASSED] - Object: 'Object Repository/Checkatrade_Trade_Search_Page/Page_Checkatrade Find a tradesperson you can trust/input_Not here_location' is clicked on

2020-04-27 11:25:20 - [TEST_STEP][PASSED] - setText(findTestObject("Object Repository/Checkatrade_Trade_Search_Page/Page_Checkatrade Find a tradesperson you can trust/input_Not here_location"), findTestData("searchTestData").getValue("tradeLocation", row)): Text 'Angmering' is set on object 'Object Repository/Checkatrade_Trade_Search_Page/Page_Checkatrade Find a tradesperson you can trust/input_Not here_location'

2020-04-27 11:25:20 - [MESSAGE][PASSED] - Text 'Angmering' is set on object 'Object Repository/Checkatrade_Trade_Search_Page/Page_Checkatrade Find a tradesperson you can trust/input_Not here_location'

2020-04-27 11:25:20 - [TEST_STEP][PASSED] - if (verifyTextNotPresent("Sorry, no results found", false)): null

2020-04-27 11:25:20 - [MESSAGE][PASSED] - Text 'Sorry, no results found' is not present on page

2020-04-27 11:25:20 - [TEST_STEP][PASSED] - markPassed("The Expected Lookup Result(s) ARE being returned by the Lookup Service, AS EXPECTED"): The Expected Lookup Result(s) ARE being returned by the Lookup Service, AS EXPECTED

2020-04-27 11:25:20 - [MESSAGE][PASSED] - The Expected Lookup Result(s) ARE being returned by the Lookup Service, AS EXPECTED

2020-04-27 11:25:20 - [MESSAGE][PASSED] - Call Test Case 'Test Cases/Reusable_Test_Sequences/CAT_Enter_Trade_Location' successfully

2020-04-27 11:25:20 - [TEST_STEP][PASSED] - "---------------------------------------": null

2020-04-27 11:25:20 - [TEST_STEP][PASSED] - " Scroll Search Button into View        |": null

2020-04-27 11:25:20 - [TEST_STEP][PASSED] - "---------------------------------------": null

2020-04-27 11:25:20 - [TEST_STEP][PASSED] - "---------------------------------------": null

2020-04-27 11:25:20 - [TEST_STEP][PASSED] - " Dispel New trades Header              |": null

2020-04-27 11:25:20 - [TEST_STEP][PASSED] - "---------------------------------------": null

2020-04-27 11:25:20 - [TEST_STEP][PASSED] - "---------------------------------------": null

2020-04-27 11:25:20 - [TEST_STEP][PASSED] - " Hit Search Button                     |": null

2020-04-27 11:25:20 - [TEST_STEP][PASSED] - callTestCase(findTestCase("Reusable_Test_Sequences/CAT_Hit_Search_Button"), [:], CONTINUE_ON_FAILURE): Call Test Case 'Test Cases/Reusable_Test_Sequences/CAT_Hit_Search_Button' successfully

2020-04-27 11:25:20 - [TEST_CASE][PASSED] - Test Cases/Reusable_Test_Sequences/CAT_Hit_Search_Button: Test Cases/Reusable_Test_Sequences/CAT_Hit_Search_Button

2020-04-27 11:25:20 - [TEST_STEP][PASSED] - "---------------------------------": null

2020-04-27 11:25:20 - [TEST_STEP][PASSED] - "HIT SEARCH": null

2020-04-27 11:25:20 - [TEST_STEP][PASSED] - "---------------------------------": null

2020-04-27 11:25:20 - [TEST_STEP][PASSED] - if (Website_Version == "new"): null

2020-04-27 11:25:20 - [TEST_STEP][PASSED] - else: Object: 'Object Repository/Page_Checkatrade Find a tradesperson you can trust/a_Search' is clicked on

2020-04-27 11:25:20 - [TEST_STEP][PASSED] - waitForElementClickable(findTestObject("Object Repository/Page_Checkatrade Find a tradesperson you can trust/a_Search"), 25): Object 'Object Repository/Page_Checkatrade Find a tradesperson you can trust/a_Search' is clickable

2020-04-27 11:25:20 - [MESSAGE][PASSED] - Object 'Object Repository/Page_Checkatrade Find a tradesperson you can trust/a_Search' is clickable

2020-04-27 11:25:20 - [TEST_STEP][PASSED] - click(findTestObject("Object Repository/Page_Checkatrade Find a tradesperson you can trust/a_Search")): Object: 'Object Repository/Page_Checkatrade Find a tradesperson you can trust/a_Search' is clicked on

2020-04-27 11:25:22 - [MESSAGE][PASSED] - Object: 'Object Repository/Page_Checkatrade Find a tradesperson you can trust/a_Search' is clicked on

2020-04-27 11:25:22 - [MESSAGE][PASSED] - Call Test Case 'Test Cases/Reusable_Test_Sequences/CAT_Hit_Search_Button' successfully

2020-04-27 11:25:22 - [TEST_STEP][PASSED] - "---------------------------------------": null

2020-04-27 11:25:22 - [TEST_STEP][PASSED] - " Verify Returned Page is as Expected   |": null

2020-04-27 11:25:22 - [TEST_STEP][PASSED] - callTestCase(findTestCase("Reusable_Test_Sequences/CAT_Verification"), [:], STOP_ON_FAILURE): Call Test Case 'Test Cases/Reusable_Test_Sequences/CAT_Verification' successfully

2020-04-27 11:25:22 - [TEST_CASE][PASSED] - Test Cases/Reusable_Test_Sequences/CAT_Verification: Test Cases/Reusable_Test_Sequences/CAT_Verification

2020-04-27 11:25:22 - [TEST_STEP][PASSED] - "Updated 05/12/2019 due to wholesale Home page changes": null

2020-04-27 11:25:22 - [TEST_STEP][PASSED] - "Expected cantantenated text is Returned": null

2020-04-27 11:25:22 - [TEST_STEP][PASSED] - " DYNAMIC DELAY - Wait for <SEARCH> Button to Re-Appear after Search is completed": null

2020-04-27 11:25:22 - [TEST_STEP][PASSED] - delay(3): Delayed 3 second(s)

2020-04-27 11:25:25 - [MESSAGE][PASSED] - Delayed 3 second(s)

2020-04-27 11:25:25 - [TEST_STEP][PASSED] - waitForPageLoad(60): Wait for page load successfully

2020-04-27 11:25:25 - [MESSAGE][PASSED] - Wait for page load successfully

2020-04-27 11:25:25 - [TEST_STEP][PASSED] - delay(1): Delayed 1 second(s)

2020-04-27 11:25:26 - [MESSAGE][PASSED] - Delayed 1 second(s)

2020-04-27 11:25:26 - [TEST_STEP][PASSED] - "--------------------": null

2020-04-27 11:25:26 - [TEST_STEP][PASSED] - "----------------------------------------------------------------------------------------------------": null

2020-04-27 11:25:26 - [TEST_STEP][PASSED] - "PREVIEW INCONSISTENCY - SOMETIME THE FIRST ITERATION RETURNS 404 - SEEMS TO BE A PREVIEW GLITCH THAT OCCURS TOO OFTEN   |  23/03/2020 - DH": null

2020-04-27 11:25:26 - [TEST_STEP][PASSED] - "------------------------------------------------------------------------------------------------------------------------": null

2020-04-27 11:25:26 - [TEST_STEP][PASSED] - "NEW Approach - Detect IMPROVE SEARCH PoPout and Syn on THIS": null

2020-04-27 11:25:26 - [TEST_STEP][PASSED] - verifyTextPresent(findTestData("searchTestData").getValue("tradeClassification", row), false): Text 'Diagnostic Testing' is present on page 

2020-04-27 11:25:26 - [MESSAGE][PASSED] - Text 'Diagnostic Testing' is present on page 

2020-04-27 11:25:26 - [TEST_STEP][PASSED] - verifyTextPresent(findTestData("searchTestData").getValue("tradeLocation", row), false): Text 'Angmering' is present on page 

2020-04-27 11:25:26 - [MESSAGE][PASSED] - Text 'Angmering' is present on page 

2020-04-27 11:25:26 - [MESSAGE][PASSED] - Call Test Case 'Test Cases/Reusable_Test_Sequences/CAT_Verification' successfully

2020-04-27 11:25:26 - [TEST_STEP][PASSED] - "--------------------------": null

2020-04-27 11:25:26 - [TEST_STEP][PASSED] - " Teardown - CLose Browser |": null

2020-04-27 11:25:26 - [TEST_STEP][PASSED] - callTestCase(findTestCase("Reusable_Test_Sequences/CAT_Teardown"), [:], OPTIONAL): Call Test Case 'Test Cases/Reusable_Test_Sequences/CAT_Teardown' successfully

2020-04-27 11:25:26 - [TEST_CASE][PASSED] - Test Cases/Reusable_Test_Sequences/CAT_Teardown: Test Cases/Reusable_Test_Sequences/CAT_Teardown

2020-04-27 11:25:26 - [TEST_STEP][PASSED] - closeBrowser(): Browser is closed

2020-04-27 11:25:27 - [MESSAGE][PASSED] - Browser is closed

2020-04-27 11:25:27 - [TEST_STEP][PASSED] - super.finalize(): null

2020-04-27 11:25:27 - [TEST_STEP][PASSED] - System.gc(): null

2020-04-27 11:25:27 - [MESSAGE][PASSED] - Call Test Case 'Test Cases/Reusable_Test_Sequences/CAT_Teardown' successfully

2020-04-27 11:25:27 - [TEST_STEP][PASSED] - "------------------------------": null

2020-04-27 11:25:27 - [TEST_STEP][PASSED] - " Set Mobile Device Testing    |": null

2020-04-27 11:25:27 - [TEST_STEP][PASSED] - Mobile_Flag = "false": null

2020-04-27 11:25:27 - [TEST_STEP][PASSED] - "------------------------------": null

2020-04-27 11:25:27 - [TEST_STEP][PASSED] - " Set Mobile Device Testing    |": null

2020-04-27 11:25:27 - [TEST_STEP][PASSED] - callTestCase(findTestCase("Reusable_Test_Sequences/CAT_Setup"), [:], OPTIONAL): Call Test Case 'Test Cases/Reusable_Test_Sequences/CAT_Setup' successfully

2020-04-27 11:25:27 - [TEST_CASE][PASSED] - Test Cases/Reusable_Test_Sequences/CAT_Setup: Test Cases/Reusable_Test_Sequences/CAT_Setup

2020-04-27 11:25:27 - [TEST_STEP][PASSED] - "------------------------------": null

2020-04-27 11:25:27 - [TEST_STEP][PASSED] - " Set Mobile Device Testing    |": null

2020-04-27 11:25:27 - [TEST_STEP][PASSED] - if (Mobile_Flag == "true"): null

2020-04-27 11:25:27 - [TEST_STEP][PASSED] - "------------------------------": null

2020-04-27 11:25:27 - [TEST_STEP][PASSED] - " Set Mobile Device Testing    |": null

2020-04-27 11:25:27 - [TEST_STEP][PASSED] - "------------------------------": null

2020-04-27 11:25:27 - [TEST_STEP][PASSED] - "URL - Set from the ENVIRONMENT PROFILE ": null

2020-04-27 11:25:27 - [TEST_STEP][PASSED] - openBrowser(URL): Browser is opened with url: 'https://www.preview.checkatrade.com/'

2020-04-27 11:25:27 - [MESSAGE][INFO] - Starting 'Chrome' driver

2020-04-27 11:25:27 - [MESSAGE][INFO] - Action delay is set to 0 milliseconds

2020-04-27 11:25:33 - [MESSAGE][PASSED] - Browser is opened with url: 'https://www.preview.checkatrade.com/'

2020-04-27 11:25:33 - [TEST_STEP][PASSED] - maximizeWindow(): Current window maximized

2020-04-27 11:25:36 - [MESSAGE][PASSED] - Current window maximized

2020-04-27 11:25:36 - [TEST_STEP][PASSED] - waitForPageLoad(60): Wait for page load successfully

2020-04-27 11:25:36 - [MESSAGE][PASSED] - Wait for page load successfully

2020-04-27 11:25:36 - [TEST_STEP][PASSED] - "Previous Functionalilty Left Commented For Ease Of reversion": null

2020-04-27 11:25:36 - [TEST_STEP][PASSED] - " Katalon Try/Catches currently have issues? SEE HEADER": null

2020-04-27 11:25:36 - [TEST_STEP][PASSED] - try: Text 'Cookie Policy' is not present on page

2020-04-27 11:25:36 - [TEST_STEP][PASSED] - verifyElementPresent(findTestObject("Object Repository/Cookies/Page_Checkatrade Find a tradesperson you can trust/button_Accept All"), 5, OPTIONAL): Object 'Object Repository/Cookies/Page_Checkatrade Find a tradesperson you can trust/button_Accept All' is present

2020-04-27 11:25:36 - [MESSAGE][PASSED] - Object 'Object Repository/Cookies/Page_Checkatrade Find a tradesperson you can trust/button_Accept All' is present

2020-04-27 11:25:36 - [TEST_STEP][PASSED] - click(findTestObject("Object Repository/Cookies/Page_Checkatrade Find a tradesperson you can trust/button_Accept All"), OPTIONAL): Object: 'Object Repository/Cookies/Page_Checkatrade Find a tradesperson you can trust/button_Accept All' is clicked on

2020-04-27 11:25:36 - [MESSAGE][PASSED] - Object: 'Object Repository/Cookies/Page_Checkatrade Find a tradesperson you can trust/button_Accept All' is clicked on

2020-04-27 11:25:36 - [TEST_STEP][PASSED] - "---------------------------------": null

2020-04-27 11:25:36 - [TEST_STEP][PASSED] - "COOKIE POPOUT REMOVED - Confirmed": null

2020-04-27 11:25:36 - [TEST_STEP][PASSED] - delay(1): Delayed 1 second(s)

2020-04-27 11:25:37 - [MESSAGE][PASSED] - Delayed 1 second(s)

2020-04-27 11:25:37 - [TEST_STEP][PASSED] - verifyTextNotPresent("We use cookies to personalise content and ads, to provide social media features and to analyse our traffic", false): Text 'We use cookies to personalise content and ads, to provide social media features and to analyse our traffic' is not present on page

2020-04-27 11:25:37 - [MESSAGE][PASSED] - Text 'We use cookies to personalise content and ads, to provide social media features and to analyse our traffic' is not present on page

2020-04-27 11:25:37 - [TEST_STEP][PASSED] - verifyTextNotPresent(" We also share information about your use of our site with our social media, advertising and analytics partners", false): Text ' We also share information about your use of our site with our social media, advertising and analytics partners' is not present on page

2020-04-27 11:25:38 - [MESSAGE][PASSED] - Text ' We also share information about your use of our site with our social media, advertising and analytics partners' is not present on page

2020-04-27 11:25:38 - [TEST_STEP][PASSED] - verifyTextNotPresent("Cookie Policy", false): Text 'Cookie Policy' is not present on page

2020-04-27 11:25:38 - [MESSAGE][PASSED] - Text 'Cookie Policy' is not present on page

2020-04-27 11:25:38 - [TEST_STEP][PASSED] - waitForPageLoad(60): Wait for page load successfully

2020-04-27 11:25:38 - [MESSAGE][PASSED] - Wait for page load successfully

2020-04-27 11:25:38 - [TEST_STEP][PASSED] - "COOKIE - ORIGINAL": null

2020-04-27 11:25:38 - [TEST_STEP][PASSED] - if (waitForElementVisible(findTestObject("Object Repository/Feedback/Page_Checkatrade Give your feedback/input_Member_to_Review"), 5)): Web element with id: 'Object Repository/Feedback/Page_Checkatrade Give your feedback/input_Member_to_Review' located by 'By.xpath: //input[@id='feedback-form__company_autocomplete_input']' not found

2020-04-27 11:25:44 - [MESSAGE][INFO] - Unable to find the element located by 'By.xpath: //input[@id='feedback-form__company_autocomplete_input']'. Please recheck the objects properties to make sure the desired element is located. 

2020-04-27 11:25:44 - [MESSAGE][WARNING] - Web element with id: 'Object Repository/Feedback/Page_Checkatrade Give your feedback/input_Member_to_Review' located by 'By.xpath: //input[@id='feedback-form__company_autocomplete_input']' not found

2020-04-27 11:25:44 - [TEST_STEP][PASSED] - else: The <<<OLD>>> Website was detected by the STARTUP Process

2020-04-27 11:25:44 - [TEST_STEP][PASSED] - if (!(verifyElementVisible(findTestObject("Object Repository/Checkatrade_Trade_Search_Page/Page_Checkatrade Find a tradesperson you can trust/input_Search_Button_FF")))): Object 'Object Repository/Checkatrade_Trade_Search_Page/Page_Checkatrade Find a tradesperson you can trust/input_Search_Button_FF' is visible

2020-04-27 11:25:44 - [MESSAGE][PASSED] - Object 'Object Repository/Checkatrade_Trade_Search_Page/Page_Checkatrade Find a tradesperson you can trust/input_Search_Button_FF' is visible

2020-04-27 11:25:44 - [TEST_STEP][PASSED] - else: The <<<OLD>>> Website was detected by the STARTUP Process

2020-04-27 11:25:44 - [TEST_STEP][PASSED] - Website_Version = "old": null

2020-04-27 11:25:44 - [TEST_STEP][PASSED] - logInfo("The <<<OLD>>> Website was detected by the STARTUP Process"): The <<<OLD>>> Website was detected by the STARTUP Process

2020-04-27 11:25:44 - [MESSAGE][INFO] - The <<<OLD>>> Website was detected by the STARTUP Process

2020-04-27 11:25:44 - [MESSAGE][PASSED] - Call Test Case 'Test Cases/Reusable_Test_Sequences/CAT_Setup' successfully

2020-04-27 11:25:44 - [TEST_STEP][PASSED] - " ALTERNATIVE SCREEN RESOLUTION SELECTION METHOD": null

2020-04-27 11:25:44 - [TEST_STEP][PASSED] - " Block Comment Start": null

2020-04-27 11:25:44 - [TEST_STEP][PASSED] - " ACTUAL SCREEN RESOLUTION SELECTION METHOD USED": null

2020-04-27 11:25:44 - [TEST_STEP][PASSED] - XCOORD = Integer.parseInt(findTestData("searchTestData").getValue("X_COORD", row)): null

2020-04-27 11:25:44 - [TEST_STEP][PASSED] - YCOORD = Integer.parseInt(findTestData("searchTestData").getValue("Y_COORD", row)): null

2020-04-27 11:25:44 - [TEST_STEP][PASSED] - setViewPortSize(XCOORD, YCOORD): Viewport is set to new size with width = 600 and height = 800

2020-04-27 11:25:44 - [MESSAGE][PASSED] - Viewport is set to new size with width = 600 and height = 800

2020-04-27 11:25:44 - [TEST_STEP][PASSED] - waitForPageLoad(60): Wait for page load successfully

2020-04-27 11:25:44 - [MESSAGE][PASSED] - Wait for page load successfully

2020-04-27 11:25:44 - [TEST_STEP][PASSED] - markPassed("Set View Port Size is currently SET to X AXIS " + XCOORD + " Y AXIS " + YCOORD): Set View Port Size is currently SET to X AXIS 600 Y AXIS 800

2020-04-27 11:25:44 - [MESSAGE][PASSED] - Set View Port Size is currently SET to X AXIS 600 Y AXIS 800

2020-04-27 11:25:44 - [TEST_STEP][PASSED] - markPassed("Set View Port Size is currently SET to X AXIS " + XCOORD + " Y AXIS " + YCOORD): Set View Port Size is currently SET to X AXIS 600 Y AXIS 800

2020-04-27 11:25:44 - [MESSAGE][PASSED] - Set View Port Size is currently SET to X AXIS 600 Y AXIS 800

2020-04-27 11:25:44 - [TEST_STEP][PASSED] - " Block Commen End": null

2020-04-27 11:25:44 - [TEST_STEP][PASSED] - "---------------------------------------": null

2020-04-27 11:25:44 - [TEST_STEP][PASSED] - " Set and SEARCH TRADE CLASSIFICATION   |": null

2020-04-27 11:25:44 - [TEST_STEP][PASSED] - callTestCase(findTestCase("Reusable_Test_Sequences/CAT_Enter_Trade_Classification"), [:], CONTINUE_ON_FAILURE): Call Test Case 'Test Cases/Reusable_Test_Sequences/CAT_Enter_Trade_Classification' successfully

2020-04-27 11:25:44 - [TEST_CASE][PASSED] - Test Cases/Reusable_Test_Sequences/CAT_Enter_Trade_Classification: Test Cases/Reusable_Test_Sequences/CAT_Enter_Trade_Classification

2020-04-27 11:25:44 - [TEST_STEP][PASSED] - "---------------------------------": null

2020-04-27 11:25:44 - [TEST_STEP][PASSED] - "Set and SEARCH SELECTED TRADE": null

2020-04-27 11:25:44 - [TEST_STEP][PASSED] - if (Website_Version == "new"): null

2020-04-27 11:25:44 - [TEST_STEP][PASSED] - else: Object: 'Object Repository/Checkatrade_Trade_Search_Page/Page_Checkatrade Find a tradesperson you can trust/input_Search_Button_FF' is clicked on

2020-04-27 11:25:44 - [TEST_STEP][PASSED] - waitForElementPresent(findTestObject("Object Repository/Checkatrade_Trade_Search_Page/Page_Checkatrade Find a tradesperson you can trust/input_Search_Button_FF"), 60): Object 'Object Repository/Checkatrade_Trade_Search_Page/Page_Checkatrade Find a tradesperson you can trust/input_Search_Button_FF' is present

2020-04-27 11:25:45 - [MESSAGE][PASSED] - Object 'Object Repository/Checkatrade_Trade_Search_Page/Page_Checkatrade Find a tradesperson you can trust/input_Search_Button_FF' is present

2020-04-27 11:25:45 - [TEST_STEP][PASSED] - click(findTestObject("Object Repository/Checkatrade_Trade_Search_Page/Page_Checkatrade Find a tradesperson you can trust/input_Search_Button_FF")): Object: 'Object Repository/Checkatrade_Trade_Search_Page/Page_Checkatrade Find a tradesperson you can trust/input_Search_Button_FF' is clicked on

2020-04-27 11:25:45 - [MESSAGE][PASSED] - Object: 'Object Repository/Checkatrade_Trade_Search_Page/Page_Checkatrade Find a tradesperson you can trust/input_Search_Button_FF' is clicked on

2020-04-27 11:25:45 - [TEST_STEP][PASSED] - setText(findTestObject("Object Repository/Checkatrade_Trade_Search_Page/Page_Checkatrade Find a tradesperson you can trust/input_Search_Button_FF"), findTestData("searchTestData").getValue("tradeClassification", row)): Text 'Garage/Vehicle Services' is set on object 'Object Repository/Checkatrade_Trade_Search_Page/Page_Checkatrade Find a tradesperson you can trust/input_Search_Button_FF'

2020-04-27 11:25:46 - [MESSAGE][PASSED] - Text 'Garage/Vehicle Services' is set on object 'Object Repository/Checkatrade_Trade_Search_Page/Page_Checkatrade Find a tradesperson you can trust/input_Search_Button_FF'

2020-04-27 11:25:46 - [TEST_STEP][PASSED] - click(findTestObject("Object Repository/Checkatrade_Trade_Search_Page/Page_Checkatrade Find a tradesperson you can trust/input_Search_Button_FF")): Object: 'Object Repository/Checkatrade_Trade_Search_Page/Page_Checkatrade Find a tradesperson you can trust/input_Search_Button_FF' is clicked on

2020-04-27 11:25:46 - [MESSAGE][PASSED] - Object: 'Object Repository/Checkatrade_Trade_Search_Page/Page_Checkatrade Find a tradesperson you can trust/input_Search_Button_FF' is clicked on

2020-04-27 11:25:46 - [MESSAGE][PASSED] - Call Test Case 'Test Cases/Reusable_Test_Sequences/CAT_Enter_Trade_Classification' successfully

2020-04-27 11:25:46 - [TEST_STEP][PASSED] - "---------------------------------------": null

2020-04-27 11:25:46 - [TEST_STEP][PASSED] - " Set and SEARCH TRADE LOCATION         |": null

2020-04-27 11:25:46 - [TEST_STEP][PASSED] - callTestCase(findTestCase("Reusable_Test_Sequences/CAT_Enter_Trade_Location"), [:], CONTINUE_ON_FAILURE): Call Test Case 'Test Cases/Reusable_Test_Sequences/CAT_Enter_Trade_Location' successfully

2020-04-27 11:25:46 - [TEST_CASE][PASSED] - Test Cases/Reusable_Test_Sequences/CAT_Enter_Trade_Location: Test Cases/Reusable_Test_Sequences/CAT_Enter_Trade_Location

2020-04-27 11:25:46 - [TEST_STEP][PASSED] - "---------------------------------": null

2020-04-27 11:25:46 - [TEST_STEP][PASSED] - "Set and SEARCH SELECTED LOCATION |": null

2020-04-27 11:25:46 - [TEST_STEP][PASSED] - if (Website_Version != "new"): Text 'Rustington' is set on object 'Object Repository/Checkatrade_Trade_Search_Page/Page_Checkatrade Find a tradesperson you can trust/input_Not here_location'

2020-04-27 11:25:46 - [TEST_STEP][PASSED] - click(findTestObject("Object Repository/Checkatrade_Trade_Search_Page/Page_Checkatrade Find a tradesperson you can trust/input_Not here_location")): Object: 'Object Repository/Checkatrade_Trade_Search_Page/Page_Checkatrade Find a tradesperson you can trust/input_Not here_location' is clicked on

2020-04-27 11:25:47 - [MESSAGE][PASSED] - Object: 'Object Repository/Checkatrade_Trade_Search_Page/Page_Checkatrade Find a tradesperson you can trust/input_Not here_location' is clicked on

2020-04-27 11:25:47 - [TEST_STEP][PASSED] - setText(findTestObject("Object Repository/Checkatrade_Trade_Search_Page/Page_Checkatrade Find a tradesperson you can trust/input_Not here_location"), findTestData("searchTestData").getValue("tradeLocation", row)): Text 'Rustington' is set on object 'Object Repository/Checkatrade_Trade_Search_Page/Page_Checkatrade Find a tradesperson you can trust/input_Not here_location'

2020-04-27 11:25:47 - [MESSAGE][PASSED] - Text 'Rustington' is set on object 'Object Repository/Checkatrade_Trade_Search_Page/Page_Checkatrade Find a tradesperson you can trust/input_Not here_location'

2020-04-27 11:25:47 - [TEST_STEP][PASSED] - if (verifyTextNotPresent("Sorry, no results found", false)): null

2020-04-27 11:25:47 - [MESSAGE][PASSED] - Text 'Sorry, no results found' is not present on page

2020-04-27 11:25:47 - [TEST_STEP][PASSED] - markPassed("The Expected Lookup Result(s) ARE being returned by the Lookup Service, AS EXPECTED"): The Expected Lookup Result(s) ARE being returned by the Lookup Service, AS EXPECTED

2020-04-27 11:25:47 - [MESSAGE][PASSED] - The Expected Lookup Result(s) ARE being returned by the Lookup Service, AS EXPECTED

2020-04-27 11:25:47 - [MESSAGE][PASSED] - Call Test Case 'Test Cases/Reusable_Test_Sequences/CAT_Enter_Trade_Location' successfully

2020-04-27 11:25:47 - [TEST_STEP][PASSED] - "---------------------------------------": null

2020-04-27 11:25:47 - [TEST_STEP][PASSED] - " Scroll Search Button into View        |": null

2020-04-27 11:25:47 - [TEST_STEP][PASSED] - "---------------------------------------": null

2020-04-27 11:25:47 - [TEST_STEP][PASSED] - "---------------------------------------": null

2020-04-27 11:25:47 - [TEST_STEP][PASSED] - " Dispel New trades Header              |": null

2020-04-27 11:25:47 - [TEST_STEP][PASSED] - "---------------------------------------": null

2020-04-27 11:25:47 - [TEST_STEP][PASSED] - "---------------------------------------": null

2020-04-27 11:25:47 - [TEST_STEP][PASSED] - " Hit Search Button                     |": null

2020-04-27 11:25:47 - [TEST_STEP][PASSED] - callTestCase(findTestCase("Reusable_Test_Sequences/CAT_Hit_Search_Button"), [:], CONTINUE_ON_FAILURE): Call Test Case 'Test Cases/Reusable_Test_Sequences/CAT_Hit_Search_Button' successfully

2020-04-27 11:25:47 - [TEST_CASE][PASSED] - Test Cases/Reusable_Test_Sequences/CAT_Hit_Search_Button: Test Cases/Reusable_Test_Sequences/CAT_Hit_Search_Button

2020-04-27 11:25:47 - [TEST_STEP][PASSED] - "---------------------------------": null

2020-04-27 11:25:47 - [TEST_STEP][PASSED] - "HIT SEARCH": null

2020-04-27 11:25:47 - [TEST_STEP][PASSED] - "---------------------------------": null

2020-04-27 11:25:47 - [TEST_STEP][PASSED] - if (Website_Version == "new"): null

2020-04-27 11:25:47 - [TEST_STEP][PASSED] - else: Object: 'Object Repository/Page_Checkatrade Find a tradesperson you can trust/a_Search' is clicked on

2020-04-27 11:25:47 - [TEST_STEP][PASSED] - waitForElementClickable(findTestObject("Object Repository/Page_Checkatrade Find a tradesperson you can trust/a_Search"), 25): Object 'Object Repository/Page_Checkatrade Find a tradesperson you can trust/a_Search' is clickable

2020-04-27 11:25:47 - [MESSAGE][PASSED] - Object 'Object Repository/Page_Checkatrade Find a tradesperson you can trust/a_Search' is clickable

2020-04-27 11:25:47 - [TEST_STEP][PASSED] - click(findTestObject("Object Repository/Page_Checkatrade Find a tradesperson you can trust/a_Search")): Object: 'Object Repository/Page_Checkatrade Find a tradesperson you can trust/a_Search' is clicked on

2020-04-27 11:25:51 - [MESSAGE][PASSED] - Object: 'Object Repository/Page_Checkatrade Find a tradesperson you can trust/a_Search' is clicked on

2020-04-27 11:25:51 - [MESSAGE][PASSED] - Call Test Case 'Test Cases/Reusable_Test_Sequences/CAT_Hit_Search_Button' successfully

2020-04-27 11:25:51 - [TEST_STEP][PASSED] - "---------------------------------------": null

2020-04-27 11:25:51 - [TEST_STEP][PASSED] - " Verify Returned Page is as Expected   |": null

2020-04-27 11:25:51 - [TEST_STEP][PASSED] - callTestCase(findTestCase("Reusable_Test_Sequences/CAT_Verification"), [:], STOP_ON_FAILURE): Call Test Case 'Test Cases/Reusable_Test_Sequences/CAT_Verification' successfully

2020-04-27 11:25:51 - [TEST_CASE][PASSED] - Test Cases/Reusable_Test_Sequences/CAT_Verification: Test Cases/Reusable_Test_Sequences/CAT_Verification

2020-04-27 11:25:51 - [TEST_STEP][PASSED] - "Updated 05/12/2019 due to wholesale Home page changes": null

2020-04-27 11:25:51 - [TEST_STEP][PASSED] - "Expected cantantenated text is Returned": null

2020-04-27 11:25:51 - [TEST_STEP][PASSED] - " DYNAMIC DELAY - Wait for <SEARCH> Button to Re-Appear after Search is completed": null

2020-04-27 11:25:51 - [TEST_STEP][PASSED] - delay(3): Delayed 3 second(s)

2020-04-27 11:25:54 - [MESSAGE][PASSED] - Delayed 3 second(s)

2020-04-27 11:25:54 - [TEST_STEP][PASSED] - waitForPageLoad(60): Wait for page load successfully

2020-04-27 11:25:54 - [MESSAGE][PASSED] - Wait for page load successfully

2020-04-27 11:25:54 - [TEST_STEP][PASSED] - delay(1): Delayed 1 second(s)

2020-04-27 11:25:55 - [MESSAGE][PASSED] - Delayed 1 second(s)

2020-04-27 11:25:55 - [TEST_STEP][PASSED] - "--------------------": null

2020-04-27 11:25:55 - [TEST_STEP][PASSED] - "----------------------------------------------------------------------------------------------------": null

2020-04-27 11:25:55 - [TEST_STEP][PASSED] - "PREVIEW INCONSISTENCY - SOMETIME THE FIRST ITERATION RETURNS 404 - SEEMS TO BE A PREVIEW GLITCH THAT OCCURS TOO OFTEN   |  23/03/2020 - DH": null

2020-04-27 11:25:55 - [TEST_STEP][PASSED] - "------------------------------------------------------------------------------------------------------------------------": null

2020-04-27 11:25:55 - [TEST_STEP][PASSED] - "NEW Approach - Detect IMPROVE SEARCH PoPout and Syn on THIS": null

2020-04-27 11:25:55 - [TEST_STEP][PASSED] - verifyTextPresent(findTestData("searchTestData").getValue("tradeClassification", row), false): Text 'Garage/Vehicle Services' is present on page 

2020-04-27 11:25:56 - [MESSAGE][PASSED] - Text 'Garage/Vehicle Services' is present on page 

2020-04-27 11:25:56 - [TEST_STEP][PASSED] - verifyTextPresent(findTestData("searchTestData").getValue("tradeLocation", row), false): Text 'Rustington' is present on page 

2020-04-27 11:25:56 - [MESSAGE][PASSED] - Text 'Rustington' is present on page 

2020-04-27 11:25:56 - [MESSAGE][PASSED] - Call Test Case 'Test Cases/Reusable_Test_Sequences/CAT_Verification' successfully

2020-04-27 11:25:56 - [TEST_STEP][PASSED] - "--------------------------": null

2020-04-27 11:25:56 - [TEST_STEP][PASSED] - " Teardown - CLose Browser |": null

2020-04-27 11:25:56 - [TEST_STEP][PASSED] - callTestCase(findTestCase("Reusable_Test_Sequences/CAT_Teardown"), [:], OPTIONAL): Call Test Case 'Test Cases/Reusable_Test_Sequences/CAT_Teardown' successfully

2020-04-27 11:25:56 - [TEST_CASE][PASSED] - Test Cases/Reusable_Test_Sequences/CAT_Teardown: Test Cases/Reusable_Test_Sequences/CAT_Teardown

2020-04-27 11:25:56 - [TEST_STEP][PASSED] - closeBrowser(): Browser is closed

2020-04-27 11:25:57 - [MESSAGE][PASSED] - Browser is closed

2020-04-27 11:25:57 - [TEST_STEP][PASSED] - super.finalize(): null

2020-04-27 11:25:57 - [TEST_STEP][PASSED] - System.gc(): null

2020-04-27 11:25:57 - [MESSAGE][PASSED] - Call Test Case 'Test Cases/Reusable_Test_Sequences/CAT_Teardown' successfully]]></system-out>
         <system-err><![CDATA[]]></system-err>
      </testcase>
      <system-out><![CDATA[2020-04-27 11:23:14 - [TEST_SUITE][PASSED] - Mobile_Devices: Test Cases/Mobile_Devices/Default_Device_Dev]]></system-out>
      <system-err><![CDATA[]]></system-err>
   </testsuite>
</testsuites>
