<?xml version="1.0" encoding="UTF-8"?>
<testsuites name="Members_Achievements" time="39.632" tests="1" failures="0" errors="0">
   <testsuite name="Members_Achievements" tests="1" failures="0" errors="0" time="39.632" timestamp="2019-12-10 08:25:26" hostname="DavidHo - VETTEDSP36RF.check.local" id="Test Suites/Members_Achievements">
      <properties>
         <property name="deviceName" value=""/>
         <property name="devicePlatform" value=""/>
         <property name="logFolder" value="C:\\Users\\davidho\\Katalon Studio\\Start\\Reports\\20191210_082453\\Members_Achievements\\20191210_082455"/>
         <property name="logFiles" value="C:\\Users\\davidho\\Katalon Studio\\Start\\Reports\\20191210_082453\\Members_Achievements\\20191210_082455\\execution0.log"/>
         <property name="attachments" value=""/>
         <property name="hostName" value="DavidHo - VETTEDSP36RF.check.local"/>
         <property name="os" value="Windows 10 32bit"/>
         <property name="katalonVersion" value="7.1.0.1"/>
         <property name="browser" value="Chrome 78.0.3904.108"/>
         <property name="hostAddress" value="10.0.11.243"/>
         <property name="sessionId" value="6f5f7f050ac360102aed4f4841d4b9cf"/>
         <property name="seleniumVersion" value="3.141.59"/>
         <property name="proxyInformation" value="ProxyInformation{proxyOption=NO_PROXY, proxyServerType=HTTP, password=, proxyServerAddress=, proxyServerPort=0}"/>
         <property name="platform" value="Windows 10"/>
      </properties>
      <testcase name="Test Cases/Members_Area/Members_Achievements" time="38.163" classname="Test Cases/Members_Area/Members_Achievements" status="PASSED">
         <system-out><![CDATA[2019-12-10 08:25:26 - [TEST_CASE][PASSED] - Test Cases/Members_Area/Members_Achievements: Test Cases/Members_Area/Members_Achievements

2019-12-10 08:25:27 - [TEST_STEP][PASSED] - PAGE = "member-achievements": null

2019-12-10 08:25:27 - [TEST_STEP][PASSED] - for ([row = 1, row <= findTestData("Members_Test_Data").getRowNumbers(), (internal.GlobalVariable.row++)]): Call Test Case 'Test Cases/Reusable_Test_Sequences/Members_Area/Banner_Menu/log_Off' successfully

2019-12-10 08:25:28 - [TEST_STEP][PASSED] - callTestCase(findTestCase("Reusable_Test_Sequences/Members_Area/Start_Up"), [:], OPTIONAL): Call Test Case 'Test Cases/Reusable_Test_Sequences/Members_Area/Start_Up' successfully

2019-12-10 08:25:28 - [TEST_CASE][PASSED] - Test Cases/Reusable_Test_Sequences/Members_Area/Start_Up: Test Cases/Reusable_Test_Sequences/Members_Area/Start_Up

2019-12-10 08:25:29 - [TEST_STEP][PASSED] - "----------------------------------------------------": null

2019-12-10 08:25:29 - [TEST_STEP][PASSED] - FUNCTION_AREA = "Members_Area": null

2019-12-10 08:25:29 - [TEST_STEP][PASSED] - "Do Some Magic with URL(s) See the comments within URL Handler ": null

2019-12-10 08:25:29 - [TEST_STEP][PASSED] - "URL - Set from the ENVIRONMENT PROFILE - Specific Page Address Provided By +GlobalVariable.MembersURL  ": null

2019-12-10 08:25:29 - [TEST_STEP][PASSED] - openBrowser(MembersURL): Browser is opened with url: 'https://preview-ma.checkatrade.com/'

2019-12-10 08:25:29 - [MESSAGE][INFO] - Starting 'Chrome' driver

2019-12-10 08:25:29 - [MESSAGE][INFO] - Action delay is set to 0 seconds

2019-12-10 08:25:42 - [MESSAGE][PASSED] - Browser is opened with url: 'https://preview-ma.checkatrade.com/'

2019-12-10 08:25:42 - [TEST_STEP][PASSED] - waitForPageLoad(60): Wait for page load successfully

2019-12-10 08:25:45 - [MESSAGE][PASSED] - Wait for page load successfully

2019-12-10 08:25:45 - [TEST_STEP][PASSED] - maximizeWindow(): Current window maximized

2019-12-10 08:25:49 - [MESSAGE][PASSED] - Current window maximized

2019-12-10 08:25:49 - [TEST_STEP][PASSED] - verifyTextPresent("EXCLUSIVE ACCESS FOR CHECKATRADE MEMBERS ONLY", false): Text 'EXCLUSIVE ACCESS FOR CHECKATRADE MEMBERS ONLY' is present on page 

2019-12-10 08:25:49 - [MESSAGE][PASSED] - Text 'EXCLUSIVE ACCESS FOR CHECKATRADE MEMBERS ONLY' is present on page 

2019-12-10 08:25:49 - [TEST_STEP][PASSED] - verifyTextPresent("Forgotten password?", false): Text 'Forgotten password?' is present on page 

2019-12-10 08:25:49 - [MESSAGE][PASSED] - Text 'Forgotten password?' is present on page 

2019-12-10 08:25:49 - [TEST_STEP][PASSED] - verifyTextPresent("Forgotten username?", false): Text 'Forgotten username?' is present on page 

2019-12-10 08:25:49 - [MESSAGE][PASSED] - Text 'Forgotten username?' is present on page 

2019-12-10 08:25:49 - [TEST_STEP][PASSED] - verifyTextPresent("Trouble logging in? No username and password? Contact Checkatrade Member Services by", false): Text 'Trouble logging in? No username and password? Contact Checkatrade Member Services by' is present on page 

2019-12-10 08:25:50 - [MESSAGE][PASSED] - Text 'Trouble logging in? No username and password? Contact Checkatrade Member Services by' is present on page 

2019-12-10 08:25:50 - [TEST_STEP][PASSED] - verifyTextPresent("memberservices@checkatrade.com", false): Text 'memberservices@checkatrade.com' is present on page 

2019-12-10 08:25:50 - [MESSAGE][PASSED] - Text 'memberservices@checkatrade.com' is present on page 

2019-12-10 08:25:50 - [MESSAGE][PASSED] - Call Test Case 'Test Cases/Reusable_Test_Sequences/Members_Area/Start_Up' successfully

2019-12-10 08:25:50 - [TEST_STEP][PASSED] - callTestCase(findTestCase("Reusable_Test_Sequences/Members_Area/log_On"), [:], OPTIONAL): Call Test Case 'Test Cases/Reusable_Test_Sequences/Members_Area/log_On' successfully

2019-12-10 08:25:50 - [TEST_CASE][PASSED] - Test Cases/Reusable_Test_Sequences/Members_Area/log_On: Test Cases/Reusable_Test_Sequences/Members_Area/log_On

2019-12-10 08:25:50 - [TEST_STEP][PASSED] - waitForElementPresent(findTestObject("Object Repository/Members/Page_Members Area/button_Log in"), 10): Object 'Object Repository/Members/Page_Members Area/button_Log in' is present

2019-12-10 08:25:51 - [MESSAGE][PASSED] - Object 'Object Repository/Members/Page_Members Area/button_Log in' is present

2019-12-10 08:25:51 - [TEST_STEP][PASSED] - click(findTestObject("Object Repository/Members/Page_Members Area/input_Username_username")): Object: 'Object Repository/Members/Page_Members Area/input_Username_username' is clicked on

2019-12-10 08:25:51 - [MESSAGE][PASSED] - Object: 'Object Repository/Members/Page_Members Area/input_Username_username' is clicked on

2019-12-10 08:25:51 - [TEST_STEP][PASSED] - setText(findTestObject("Object Repository/Members/Page_Members Area/input_Username_username"), Username): Text 'check1234' is set on object 'Object Repository/Members/Page_Members Area/input_Username_username'

2019-12-10 08:25:51 - [MESSAGE][PASSED] - Text 'check1234' is set on object 'Object Repository/Members/Page_Members Area/input_Username_username'

2019-12-10 08:25:51 - [TEST_STEP][PASSED] - click(findTestObject("Object Repository/Members/Page_Members Area/input_Password_password")): Object: 'Object Repository/Members/Page_Members Area/input_Password_password' is clicked on

2019-12-10 08:25:52 - [MESSAGE][PASSED] - Object: 'Object Repository/Members/Page_Members Area/input_Password_password' is clicked on

2019-12-10 08:25:52 - [TEST_STEP][PASSED] - setText(findTestObject("Object Repository/Members/Page_Members Area/input_Password_password"), Password): Text 'testing123' is set on object 'Object Repository/Members/Page_Members Area/input_Password_password'

2019-12-10 08:25:52 - [MESSAGE][PASSED] - Text 'testing123' is set on object 'Object Repository/Members/Page_Members Area/input_Password_password'

2019-12-10 08:25:52 - [TEST_STEP][PASSED] - click(findTestObject("Object Repository/Members/Page_Members Area/button_Log in")): Object: 'Object Repository/Members/Page_Members Area/button_Log in' is clicked on

2019-12-10 08:25:52 - [MESSAGE][PASSED] - Object: 'Object Repository/Members/Page_Members Area/button_Log in' is clicked on

2019-12-10 08:25:52 - [TEST_STEP][PASSED] - waitForElementNotPresent(findTestObject("Object Repository/Members/Page_Members Area/button_Log in"), 25): Web element with id: 'Object Repository/Members/Page_Members Area/button_Log in' located by 'By.xpath: //button[@type = 'submit' and (text() = ' Log in ' or . = ' Log in ')]' is not present after '25' second(s)

2019-12-10 08:25:53 - [MESSAGE][PASSED] - Web element with id: 'Object Repository/Members/Page_Members Area/button_Log in' located by 'By.xpath: //button[@type = 'submit' and (text() = ' Log in ' or . = ' Log in ')]' is not present after '25' second(s)

2019-12-10 08:25:53 - [TEST_STEP][PASSED] - waitForPageLoad(60): Wait for page load successfully

2019-12-10 08:25:53 - [MESSAGE][PASSED] - Wait for page load successfully

2019-12-10 08:25:53 - [TEST_STEP][PASSED] - if ("Object Repository/Page_Members Area/Header_Attention_Text"): Call Test Case 'Test Cases/Reusable_Test_Sequences/Utils/Popout_Handler' successfully

2019-12-10 08:25:53 - [TEST_STEP][PASSED] - waitForElementPresent(findTestObject("Object Repository/Page_Members Area/Header_Attention_Text"), 60): Object 'Object Repository/Page_Members Area/Header_Attention_Text' is present

2019-12-10 08:25:54 - [MESSAGE][PASSED] - Object 'Object Repository/Page_Members Area/Header_Attention_Text' is present

2019-12-10 08:25:54 - [TEST_STEP][PASSED] - callTestCase(findTestCase("Reusable_Test_Sequences/Utils/Popout_Handler"), [:], CONTINUE_ON_FAILURE): Call Test Case 'Test Cases/Reusable_Test_Sequences/Utils/Popout_Handler' successfully

2019-12-10 08:25:54 - [TEST_CASE][PASSED] - Test Cases/Reusable_Test_Sequences/Utils/Popout_Handler: Test Cases/Reusable_Test_Sequences/Utils/Popout_Handler

2019-12-10 08:25:54 - [TEST_STEP][PASSED] - delay(2): Delayed 2 second(s)

2019-12-10 08:25:56 - [MESSAGE][PASSED] - Delayed 2 second(s)

2019-12-10 08:25:56 - [TEST_STEP][PASSED] - waitForPageLoad(60): Wait for page load successfully

2019-12-10 08:25:56 - [MESSAGE][PASSED] - Wait for page load successfully

2019-12-10 08:25:56 - [TEST_STEP][PASSED] - try:  View Our New Website POPOUT Displayed

2019-12-10 08:25:56 - [TEST_STEP][PASSED] - if ("Object Repository/Popout/go_Away"):  View Our New Website POPOUT Displayed

2019-12-10 08:25:56 - [TEST_STEP][PASSED] - click(findTestObject("Object Repository/Popout/go_Away")): Object: 'Object Repository/Popout/go_Away' is clicked on

2019-12-10 08:25:56 - [MESSAGE][PASSED] - Object: 'Object Repository/Popout/go_Away' is clicked on

2019-12-10 08:25:56 - [TEST_STEP][PASSED] - markPassed(" View Our New Website POPOUT Displayed"):  View Our New Website POPOUT Displayed

2019-12-10 08:25:56 - [MESSAGE][PASSED] -  View Our New Website POPOUT Displayed

2019-12-10 08:25:56 - [MESSAGE][PASSED] - Call Test Case 'Test Cases/Reusable_Test_Sequences/Utils/Popout_Handler' successfully

2019-12-10 08:25:56 - [MESSAGE][PASSED] - Call Test Case 'Test Cases/Reusable_Test_Sequences/Members_Area/log_On' successfully

2019-12-10 08:25:56 - [TEST_STEP][PASSED] - callTestCase(findTestCase("Reusable_Test_Sequences/Members_Area/Area_Menu/Non_Dashboard_Navigation/Members_Achievements"), [:], CONTINUE_ON_FAILURE): Call Test Case 'Test Cases/Reusable_Test_Sequences/Members_Area/Area_Menu/Non_Dashboard_Navigation/Members_Achievements' successfully

2019-12-10 08:25:57 - [TEST_CASE][PASSED] - Test Cases/Reusable_Test_Sequences/Members_Area/Area_Menu/Non_Dashboard_Navigation/Members_Achievements: Test Cases/Reusable_Test_Sequences/Members_Area/Area_Menu/Non_Dashboard_Navigation/Members_Achievements

2019-12-10 08:25:57 - [TEST_STEP][PASSED] - waitForElementPresent(findTestObject("Object Repository/Page_Members Area/Header_Menus/Page_Members Area/a_Your Account"), 60): Object 'Object Repository/Page_Members Area/Header_Menus/Page_Members Area/a_Your Account' is present

2019-12-10 08:25:57 - [MESSAGE][PASSED] - Object 'Object Repository/Page_Members Area/Header_Menus/Page_Members Area/a_Your Account' is present

2019-12-10 08:25:57 - [TEST_STEP][PASSED] - mouseOver(findTestObject("Object Repository/Page_Members Area/Header_Menus/Page_Members Area/a_Your Account")): Object: 'Object Repository/Page_Members Area/Header_Menus/Page_Members Area/a_Your Account' is hovered

2019-12-10 08:25:57 - [MESSAGE][PASSED] - Object: 'Object Repository/Page_Members Area/Header_Menus/Page_Members Area/a_Your Account' is hovered

2019-12-10 08:25:57 - [TEST_STEP][PASSED] - click(findTestObject("Object Repository/Page_Members Area/Header_Menus/Page_Members Area/a_Member Achievements")): Object: 'Object Repository/Page_Members Area/Header_Menus/Page_Members Area/a_Member Achievements' is clicked on

2019-12-10 08:25:57 - [MESSAGE][PASSED] - Object: 'Object Repository/Page_Members Area/Header_Menus/Page_Members Area/a_Member Achievements' is clicked on

2019-12-10 08:25:57 - [MESSAGE][PASSED] - Call Test Case 'Test Cases/Reusable_Test_Sequences/Members_Area/Area_Menu/Non_Dashboard_Navigation/Members_Achievements' successfully

2019-12-10 08:25:57 - [TEST_STEP][PASSED] - callTestCase(findTestCase("Reusable_Test_Sequences/Members_Area/Validation/Members_Achievements"), [:], CONTINUE_ON_FAILURE): Call Test Case 'Test Cases/Reusable_Test_Sequences/Members_Area/Validation/Members_Achievements' successfully

2019-12-10 08:25:58 - [TEST_CASE][PASSED] - Test Cases/Reusable_Test_Sequences/Members_Area/Validation/Members_Achievements: Test Cases/Reusable_Test_Sequences/Members_Area/Validation/Members_Achievements

2019-12-10 08:25:58 - [TEST_STEP][PASSED] - waitForPageLoad(60): Wait for page load successfully

2019-12-10 08:25:58 - [MESSAGE][PASSED] - Wait for page load successfully

2019-12-10 08:25:58 - [TEST_STEP][PASSED] - callTestCase(findTestCase("Reusable_Test_Sequences/Utils/Check_URL"), [:], CONTINUE_ON_FAILURE): Call Test Case 'Test Cases/Reusable_Test_Sequences/Utils/Check_URL' successfully

2019-12-10 08:25:58 - [TEST_CASE][PASSED] - Test Cases/Reusable_Test_Sequences/Utils/Check_URL: Test Cases/Reusable_Test_Sequences/Utils/Check_URL

2019-12-10 08:25:59 - [TEST_STEP][PASSED] - waitForPageLoad(10): Wait for page load successfully

2019-12-10 08:25:59 - [MESSAGE][PASSED] - Wait for page load successfully

2019-12-10 08:25:59 - [TEST_STEP][PASSED] - CurrentUrl = getUrl(): Current window's url is: 'https://preview-ma.checkatrade.com/member-achievements'

2019-12-10 08:25:59 - [MESSAGE][PASSED] - Current window's url is: 'https://preview-ma.checkatrade.com/member-achievements'

2019-12-10 08:25:59 - [TEST_STEP][PASSED] - step_Passed = "We have been redirected, correctly to the EXPECTED <MEMBERS> URL Page"+GlobalVariable.CurrentUrl": null

2019-12-10 08:25:59 - [TEST_STEP][PASSED] - step_Failed = "We have been redirected, incorrectly to this page "+GlobalVariable.CurrentUrl+" We should be on "+GlobalVariable.MembersURL+GlobalVariable.PAGE": null

2019-12-10 08:25:59 - [TEST_STEP][PASSED] - if (CurrentUrl == MembersURL + PAGE): We have been redirected, correctly to the EXPECTED <MEMBERS> URL Page"+GlobalVariable.CurrentUrl

2019-12-10 08:25:59 - [TEST_STEP][PASSED] - out.println(step_Passed): null

2019-12-10 08:25:59 - [TEST_STEP][PASSED] - markPassed(step_Passed): We have been redirected, correctly to the EXPECTED <MEMBERS> URL Page"+GlobalVariable.CurrentUrl

2019-12-10 08:25:59 - [MESSAGE][PASSED] - We have been redirected, correctly to the EXPECTED <MEMBERS> URL Page"+GlobalVariable.CurrentUrl

2019-12-10 08:25:59 - [MESSAGE][PASSED] - Call Test Case 'Test Cases/Reusable_Test_Sequences/Utils/Check_URL' successfully

2019-12-10 08:25:59 - [TEST_STEP][PASSED] - "----------------------------------------------": null

2019-12-10 08:25:59 - [TEST_STEP][PASSED] - "DEFAULT TAB - None - 1 Page Returned          |": null

2019-12-10 08:25:59 - [TEST_STEP][PASSED] - verifyTextPresent(findTestData("Members_Test_Data").getValue("MEMBER_ID", 1), false): Text '218630' is present on page 

2019-12-10 08:25:59 - [MESSAGE][PASSED] - Text '218630' is present on page 

2019-12-10 08:25:59 - [TEST_STEP][PASSED] - verifyTextPresent("MEMBER ID", false): Text 'MEMBER ID' is present on page 

2019-12-10 08:26:00 - [MESSAGE][PASSED] - Text 'MEMBER ID' is present on page 

2019-12-10 08:26:00 - [TEST_STEP][PASSED] - verifyTextPresent("Member Achievements", false): Text 'Member Achievements' is present on page 

2019-12-10 08:26:00 - [MESSAGE][PASSED] - Text 'Member Achievements' is present on page 

2019-12-10 08:26:00 - [TEST_STEP][PASSED] - verifyTextPresent("Checkatrade always like to hear from members when they have received an award", false): Text 'Checkatrade always like to hear from members when they have received an award' is present on page 

2019-12-10 08:26:01 - [MESSAGE][PASSED] - Text 'Checkatrade always like to hear from members when they have received an award' is present on page 

2019-12-10 08:26:01 - [TEST_STEP][PASSED] - verifyTextPresent("raised money for charity or gone above and beyond for some reason", false): Text 'raised money for charity or gone above and beyond for some reason' is present on page 

2019-12-10 08:26:01 - [MESSAGE][PASSED] - Text 'raised money for charity or gone above and beyond for some reason' is present on page 

2019-12-10 08:26:01 - [TEST_STEP][PASSED] - verifyTextPresent("If you have something you are proud of and would like us to shout about for you", false): Text 'If you have something you are proud of and would like us to shout about for you' is present on page 

2019-12-10 08:26:01 - [MESSAGE][PASSED] - Text 'If you have something you are proud of and would like us to shout about for you' is present on page 

2019-12-10 08:26:01 - [TEST_STEP][PASSED] - verifyTextPresent("We are proud of our members and also acknowledge when they have hit certain levels of feedback", false): Text 'We are proud of our members and also acknowledge when they have hit certain levels of feedback' is present on page 

2019-12-10 08:26:02 - [MESSAGE][PASSED] - Text 'We are proud of our members and also acknowledge when they have hit certain levels of feedback' is present on page 

2019-12-10 08:26:02 - [TEST_STEP][PASSED] - verifyTextPresent("So we have added this section for members to share their achievements with you all", false): Text 'So we have added this section for members to share their achievements with you all' is present on page 

2019-12-10 08:26:02 - [MESSAGE][PASSED] - Text 'So we have added this section for members to share their achievements with you all' is present on page 

2019-12-10 08:26:02 - [TEST_STEP][PASSED] - verifyTextPresent("contact the Marketing Department", false): Text 'contact the Marketing Department' is present on page 

2019-12-10 08:26:02 - [MESSAGE][PASSED] - Text 'contact the Marketing Department' is present on page 

2019-12-10 08:26:02 - [MESSAGE][PASSED] - Call Test Case 'Test Cases/Reusable_Test_Sequences/Members_Area/Validation/Members_Achievements' successfully

2019-12-10 08:26:02 - [TEST_STEP][PASSED] - callTestCase(findTestCase("Reusable_Test_Sequences/Members_Area/Banner_Menu/log_Off"), [:], OPTIONAL): Call Test Case 'Test Cases/Reusable_Test_Sequences/Members_Area/Banner_Menu/log_Off' successfully

2019-12-10 08:26:02 - [TEST_CASE][PASSED] - Test Cases/Reusable_Test_Sequences/Members_Area/Banner_Menu/log_Off: Test Cases/Reusable_Test_Sequences/Members_Area/Banner_Menu/log_Off

2019-12-10 08:26:03 - [TEST_STEP][PASSED] - delay(1): Delayed 1 second(s)

2019-12-10 08:26:04 - [MESSAGE][PASSED] - Delayed 1 second(s)

2019-12-10 08:26:04 - [TEST_STEP][PASSED] - waitForElementClickable(findTestObject("Object Repository/Page_Members Area/a_Log off"), 60): Object 'Object Repository/Page_Members Area/a_Log off' is clickable

2019-12-10 08:26:04 - [MESSAGE][PASSED] - Object 'Object Repository/Page_Members Area/a_Log off' is clickable

2019-12-10 08:26:04 - [TEST_STEP][PASSED] - scrollToElement(findTestObject("Object Repository/Page_Members Area/a_Log off"), 2): Scroll to object 'Object Repository/Page_Members Area/a_Log off' successfully

2019-12-10 08:26:04 - [MESSAGE][PASSED] - Scroll to object 'Object Repository/Page_Members Area/a_Log off' successfully

2019-12-10 08:26:04 - [TEST_STEP][PASSED] - click(findTestObject("Object Repository/Page_Members Area/a_Log off")): Object: 'Object Repository/Page_Members Area/a_Log off' is clicked on

2019-12-10 08:26:04 - [MESSAGE][PASSED] - Object: 'Object Repository/Page_Members Area/a_Log off' is clicked on

2019-12-10 08:26:04 - [MESSAGE][PASSED] - Call Test Case 'Test Cases/Reusable_Test_Sequences/Members_Area/Banner_Menu/log_Off' successfully]]></system-out>
         <system-err><![CDATA[]]></system-err>
      </testcase>
      <system-out><![CDATA[2019-12-10 08:25:26 - [TEST_SUITE][PASSED] - Members_Achievements: Test Cases/Members_Area/Members_Achievements]]></system-out>
      <system-err><![CDATA[]]></system-err>
   </testsuite>
</testsuites>
