<?xml version="1.0" encoding="UTF-8"?>
<testsuites name="Members_Advertising" time="42.893" tests="1" failures="0" errors="0">
   <testsuite name="Members_Advertising" tests="1" failures="0" errors="0" time="42.893" timestamp="2019-11-27 09:30:13" hostname="DavidHo - VETTEDSP36RF.check.local" id="Test Suites/Members_Advertising">
      <properties>
         <property name="deviceName" value=""/>
         <property name="devicePlatform" value=""/>
         <property name="logFolder" value="C:\\Users\\davidho\\Katalon Studio\\Start\\Reports\\20191127_092907\\Members_Advertising\\20191127_092917"/>
         <property name="logFiles" value="C:\\Users\\davidho\\Katalon Studio\\Start\\Reports\\20191127_092907\\Members_Advertising\\20191127_092917\\execution0.log"/>
         <property name="attachments" value=""/>
         <property name="hostName" value="DavidHo - VETTEDSP36RF.check.local"/>
         <property name="os" value="Windows 10 32bit"/>
         <property name="katalonVersion" value="7.1.0.1"/>
         <property name="browser" value="Chrome 78.0.3904.108"/>
         <property name="hostAddress" value="10.0.11.243"/>
         <property name="sessionId" value="32c50e2dcb43a75eb13258d88393f723"/>
         <property name="seleniumVersion" value="3.141.59"/>
         <property name="proxyInformation" value="ProxyInformation{proxyOption=NO_PROXY, proxyServerType=HTTP, password=, proxyServerAddress=, proxyServerPort=0}"/>
         <property name="platform" value="Windows 10"/>
      </properties>
      <testcase name="Test Cases/Members_Area/Advertise_Directory" time="41.972" classname="Test Cases/Members_Area/Advertise_Directory" status="PASSED">
         <system-out><![CDATA[2019-11-27 09:30:13 - [TEST_CASE][PASSED] - Test Cases/Members_Area/Advertise_Directory: Test Cases/Members_Area/Advertise_Directory

2019-11-27 09:30:14 - [TEST_STEP][PASSED] - PAGE = "/other-useful-documents": null

2019-11-27 09:30:14 - [TEST_STEP][PASSED] - for ([row = 1, row <= findTestData("Members_Test_Data").getRowNumbers(), (internal.GlobalVariable.row++)]): Call Test Case 'Test Cases/Reusable_Test_Sequences/Members_Area/Banner_Menu/log_Off' successfully

2019-11-27 09:30:15 - [TEST_STEP][PASSED] - callTestCase(findTestCase("Reusable_Test_Sequences/Members_Area/Start_Up"), [:], OPTIONAL): Call Test Case 'Test Cases/Reusable_Test_Sequences/Members_Area/Start_Up' successfully

2019-11-27 09:30:15 - [TEST_CASE][PASSED] - Test Cases/Reusable_Test_Sequences/Members_Area/Start_Up: Test Cases/Reusable_Test_Sequences/Members_Area/Start_Up

2019-11-27 09:30:15 - [TEST_STEP][PASSED] - "----------------------------------------------------": null

2019-11-27 09:30:15 - [TEST_STEP][PASSED] - FUNCTION_AREA = "Members_Area": null

2019-11-27 09:30:15 - [TEST_STEP][PASSED] - "Do Some Magic with URL(s) See the comments within URL Handler ": null

2019-11-27 09:30:15 - [TEST_STEP][PASSED] - "URL - Set from the ENVIRONMENT PROFILE - Specific Page Address Provided By +GlobalVariable.MembersURL  ": null

2019-11-27 09:30:15 - [TEST_STEP][PASSED] - openBrowser(MembersURL): Browser is opened with url: 'https://preview-ma.checkatrade.com/'

2019-11-27 09:30:15 - [MESSAGE][INFO] - Starting 'Chrome' driver

2019-11-27 09:30:15 - [MESSAGE][INFO] - Action delay is set to 0 seconds

2019-11-27 09:30:26 - [MESSAGE][PASSED] - Browser is opened with url: 'https://preview-ma.checkatrade.com/'

2019-11-27 09:30:26 - [TEST_STEP][PASSED] - waitForPageLoad(60): Wait for page load successfully

2019-11-27 09:30:26 - [MESSAGE][PASSED] - Wait for page load successfully

2019-11-27 09:30:26 - [TEST_STEP][PASSED] - maximizeWindow(): Current window maximized

2019-11-27 09:30:31 - [MESSAGE][PASSED] - Current window maximized

2019-11-27 09:30:31 - [TEST_STEP][PASSED] - verifyTextPresent("EXCLUSIVE ACCESS FOR CHECKATRADE MEMBERS ONLY", false): Text 'EXCLUSIVE ACCESS FOR CHECKATRADE MEMBERS ONLY' is present on page 

2019-11-27 09:30:31 - [MESSAGE][PASSED] - Text 'EXCLUSIVE ACCESS FOR CHECKATRADE MEMBERS ONLY' is present on page 

2019-11-27 09:30:31 - [TEST_STEP][PASSED] - verifyTextPresent("Forgotten password?", false): Text 'Forgotten password?' is present on page 

2019-11-27 09:30:32 - [MESSAGE][PASSED] - Text 'Forgotten password?' is present on page 

2019-11-27 09:30:32 - [TEST_STEP][PASSED] - verifyTextPresent("Forgotten username?", false): Text 'Forgotten username?' is present on page 

2019-11-27 09:30:32 - [MESSAGE][PASSED] - Text 'Forgotten username?' is present on page 

2019-11-27 09:30:32 - [TEST_STEP][PASSED] - verifyTextPresent("Trouble logging in? No username and password? Contact Checkatrade Member Services by", false): Text 'Trouble logging in? No username and password? Contact Checkatrade Member Services by' is present on page 

2019-11-27 09:30:32 - [MESSAGE][PASSED] - Text 'Trouble logging in? No username and password? Contact Checkatrade Member Services by' is present on page 

2019-11-27 09:30:32 - [TEST_STEP][PASSED] - verifyTextPresent("memberservices@checkatrade.com", false): Text 'memberservices@checkatrade.com' is present on page 

2019-11-27 09:30:32 - [MESSAGE][PASSED] - Text 'memberservices@checkatrade.com' is present on page 

2019-11-27 09:30:32 - [MESSAGE][INFO] - =================== Smart XPath Report =======================

2019-11-27 09:30:32 - [MESSAGE][INFO] - Refer to the link below to preview and approve auto healing on broken test objects.

2019-11-27 09:30:32 - [MESSAGE][INFO] - https://docs.katalon.com/katalon-studio/docs/auto-healing-smart-xpath.html

2019-11-27 09:30:32 - [MESSAGE][INFO] - ===============================================================

2019-11-27 09:30:32 - [MESSAGE][PASSED] - Call Test Case 'Test Cases/Reusable_Test_Sequences/Members_Area/Start_Up' successfully

2019-11-27 09:30:32 - [TEST_STEP][PASSED] - callTestCase(findTestCase("Reusable_Test_Sequences/Members_Area/log_On"), [:], OPTIONAL): Call Test Case 'Test Cases/Reusable_Test_Sequences/Members_Area/log_On' successfully

2019-11-27 09:30:32 - [TEST_CASE][PASSED] - Test Cases/Reusable_Test_Sequences/Members_Area/log_On: Test Cases/Reusable_Test_Sequences/Members_Area/log_On

2019-11-27 09:30:33 - [TEST_STEP][PASSED] - waitForElementPresent(findTestObject("Object Repository/Members/Page_Members Area/button_Log in"), 10): Object 'Object Repository/Members/Page_Members Area/button_Log in' is present

2019-11-27 09:30:33 - [MESSAGE][PASSED] - Object 'Object Repository/Members/Page_Members Area/button_Log in' is present

2019-11-27 09:30:33 - [TEST_STEP][PASSED] - click(findTestObject("Object Repository/Members/Page_Members Area/input_Username_username")): Object: 'Object Repository/Members/Page_Members Area/input_Username_username' is clicked on

2019-11-27 09:30:33 - [MESSAGE][PASSED] - Object: 'Object Repository/Members/Page_Members Area/input_Username_username' is clicked on

2019-11-27 09:30:33 - [TEST_STEP][PASSED] - setText(findTestObject("Object Repository/Members/Page_Members Area/input_Username_username"), Username): Text 'check1234' is set on object 'Object Repository/Members/Page_Members Area/input_Username_username'

2019-11-27 09:30:33 - [MESSAGE][PASSED] - Text 'check1234' is set on object 'Object Repository/Members/Page_Members Area/input_Username_username'

2019-11-27 09:30:33 - [TEST_STEP][PASSED] - click(findTestObject("Object Repository/Members/Page_Members Area/input_Password_password")): Object: 'Object Repository/Members/Page_Members Area/input_Password_password' is clicked on

2019-11-27 09:30:33 - [MESSAGE][PASSED] - Object: 'Object Repository/Members/Page_Members Area/input_Password_password' is clicked on

2019-11-27 09:30:33 - [TEST_STEP][PASSED] - setText(findTestObject("Object Repository/Members/Page_Members Area/input_Password_password"), Password): Text 'testing123' is set on object 'Object Repository/Members/Page_Members Area/input_Password_password'

2019-11-27 09:30:34 - [MESSAGE][PASSED] - Text 'testing123' is set on object 'Object Repository/Members/Page_Members Area/input_Password_password'

2019-11-27 09:30:34 - [TEST_STEP][PASSED] - click(findTestObject("Object Repository/Members/Page_Members Area/button_Log in")): Object: 'Object Repository/Members/Page_Members Area/button_Log in' is clicked on

2019-11-27 09:30:34 - [MESSAGE][PASSED] - Object: 'Object Repository/Members/Page_Members Area/button_Log in' is clicked on

2019-11-27 09:30:34 - [TEST_STEP][PASSED] - waitForElementNotPresent(findTestObject("Object Repository/Members/Page_Members Area/button_Log in"), 25): Web element with id: 'Object Repository/Members/Page_Members Area/button_Log in' located by 'By.xpath: //button[@type = 'submit' and (text() = ' Log in ' or . = ' Log in ')]' is not present after '25' second(s)

2019-11-27 09:30:44 - [MESSAGE][PASSED] - Web element with id: 'Object Repository/Members/Page_Members Area/button_Log in' located by 'By.xpath: //button[@type = 'submit' and (text() = ' Log in ' or . = ' Log in ')]' is not present after '25' second(s)

2019-11-27 09:30:44 - [TEST_STEP][PASSED] - waitForPageLoad(60): Wait for page load successfully

2019-11-27 09:30:44 - [MESSAGE][PASSED] - Wait for page load successfully

2019-11-27 09:30:44 - [TEST_STEP][PASSED] - if ("Object Repository/Page_Members Area/Header_Attention_Text"): Call Test Case 'Test Cases/Reusable_Test_Sequences/Utils/Popout_Handler' successfully

2019-11-27 09:30:44 - [TEST_STEP][PASSED] - waitForElementPresent(findTestObject("Object Repository/Page_Members Area/Header_Attention_Text"), 60): Object 'Object Repository/Page_Members Area/Header_Attention_Text' is present

2019-11-27 09:30:50 - [MESSAGE][PASSED] - Object 'Object Repository/Page_Members Area/Header_Attention_Text' is present

2019-11-27 09:30:50 - [TEST_STEP][PASSED] - callTestCase(findTestCase("Reusable_Test_Sequences/Utils/Popout_Handler"), [:], CONTINUE_ON_FAILURE): Call Test Case 'Test Cases/Reusable_Test_Sequences/Utils/Popout_Handler' successfully

2019-11-27 09:30:50 - [TEST_CASE][PASSED] - Test Cases/Reusable_Test_Sequences/Utils/Popout_Handler: Test Cases/Reusable_Test_Sequences/Utils/Popout_Handler

2019-11-27 09:30:50 - [TEST_STEP][PASSED] - delay(2): Delayed 2 second(s)

2019-11-27 09:30:52 - [MESSAGE][PASSED] - Delayed 2 second(s)

2019-11-27 09:30:52 - [TEST_STEP][PASSED] - waitForPageLoad(60): Wait for page load successfully

2019-11-27 09:30:52 - [MESSAGE][PASSED] - Wait for page load successfully

2019-11-27 09:30:52 - [TEST_STEP][PASSED] - try: null

2019-11-27 09:30:52 - [TEST_STEP][PASSED] - if ("Object Repository/Popout/go_Away"): null

2019-11-27 09:30:52 - [TEST_STEP][PASSED] - click(findTestObject("Object Repository/Popout/go_Away")): Object: 'Object Repository/Popout/go_Away' is clicked on

2019-11-27 09:30:52 - [MESSAGE][PASSED] - Object: 'Object Repository/Popout/go_Away' is clicked on

2019-11-27 09:30:52 - [TEST_STEP][PASSED] - out.println("View are NEW Website - popup presented"): null

2019-11-27 09:30:52 - [MESSAGE][INFO] - =================== Smart XPath Report =======================

2019-11-27 09:30:52 - [MESSAGE][INFO] - Refer to the link below to preview and approve auto healing on broken test objects.

2019-11-27 09:30:52 - [MESSAGE][INFO] - https://docs.katalon.com/katalon-studio/docs/auto-healing-smart-xpath.html

2019-11-27 09:30:52 - [MESSAGE][INFO] - ===============================================================

2019-11-27 09:30:52 - [MESSAGE][PASSED] - Call Test Case 'Test Cases/Reusable_Test_Sequences/Utils/Popout_Handler' successfully

2019-11-27 09:30:52 - [MESSAGE][INFO] - =================== Smart XPath Report =======================

2019-11-27 09:30:52 - [MESSAGE][INFO] - Refer to the link below to preview and approve auto healing on broken test objects.

2019-11-27 09:30:52 - [MESSAGE][INFO] - https://docs.katalon.com/katalon-studio/docs/auto-healing-smart-xpath.html

2019-11-27 09:30:52 - [MESSAGE][INFO] - ===============================================================

2019-11-27 09:30:52 - [MESSAGE][PASSED] - Call Test Case 'Test Cases/Reusable_Test_Sequences/Members_Area/log_On' successfully

2019-11-27 09:30:52 - [TEST_STEP][PASSED] - callTestCase(findTestCase("Reusable_Test_Sequences/Members_Area/Area_Menu/Grow_You_Business/Advertise"), [:], CONTINUE_ON_FAILURE): Call Test Case 'Test Cases/Reusable_Test_Sequences/Members_Area/Area_Menu/Grow_You_Business/Advertise' successfully

2019-11-27 09:30:53 - [TEST_CASE][PASSED] - Test Cases/Reusable_Test_Sequences/Members_Area/Area_Menu/Grow_You_Business/Advertise: Test Cases/Reusable_Test_Sequences/Members_Area/Area_Menu/Grow_You_Business/Advertise

2019-11-27 09:30:53 - [TEST_STEP][PASSED] - waitForElementPresent(findTestObject("Object Repository/Page_Members Area/div_Advertise in a Directory"), 5): Object 'Object Repository/Page_Members Area/div_Advertise in a Directory' is present

2019-11-27 09:30:53 - [MESSAGE][PASSED] - Object 'Object Repository/Page_Members Area/div_Advertise in a Directory' is present

2019-11-27 09:30:53 - [TEST_STEP][PASSED] - click(findTestObject("Object Repository/Page_Members Area/div_Advertise in a Directory")): Object: 'Object Repository/Page_Members Area/div_Advertise in a Directory' is clicked on

2019-11-27 09:30:53 - [MESSAGE][PASSED] - Object: 'Object Repository/Page_Members Area/div_Advertise in a Directory' is clicked on

2019-11-27 09:30:53 - [MESSAGE][INFO] - =================== Smart XPath Report =======================

2019-11-27 09:30:53 - [MESSAGE][INFO] - Refer to the link below to preview and approve auto healing on broken test objects.

2019-11-27 09:30:53 - [MESSAGE][INFO] - https://docs.katalon.com/katalon-studio/docs/auto-healing-smart-xpath.html

2019-11-27 09:30:53 - [MESSAGE][INFO] - ===============================================================

2019-11-27 09:30:53 - [MESSAGE][PASSED] - Call Test Case 'Test Cases/Reusable_Test_Sequences/Members_Area/Area_Menu/Grow_You_Business/Advertise' successfully

2019-11-27 09:30:53 - [TEST_STEP][PASSED] - callTestCase(findTestCase("Reusable_Test_Sequences/Members_Area/Validation/Advertise"), [:], CONTINUE_ON_FAILURE): Call Test Case 'Test Cases/Reusable_Test_Sequences/Members_Area/Validation/Advertise' successfully

2019-11-27 09:30:54 - [TEST_CASE][PASSED] - Test Cases/Reusable_Test_Sequences/Members_Area/Validation/Advertise: Test Cases/Reusable_Test_Sequences/Members_Area/Validation/Advertise

2019-11-27 09:30:54 - [TEST_STEP][PASSED] - "---------------------------------": null

2019-11-27 09:30:54 - [TEST_STEP][PASSED] - "DEFAULT TAB - Advertise          ": null

2019-11-27 09:30:54 - [TEST_STEP][PASSED] - verifyTextPresent(findTestData("Members_Test_Data").getValue("MEMBER_ID", 1), false): Text '218630' is present on page 

2019-11-27 09:30:54 - [MESSAGE][PASSED] - Text '218630' is present on page 

2019-11-27 09:30:54 - [TEST_STEP][PASSED] - verifyTextPresent("MEMBER ID", false): Text 'MEMBER ID' is present on page 

2019-11-27 09:30:54 - [MESSAGE][PASSED] - Text 'MEMBER ID' is present on page 

2019-11-27 09:30:54 - [TEST_STEP][PASSED] - verifyTextPresent("Directory Information", false): Text 'Directory Information' is present on page 

2019-11-27 09:30:54 - [MESSAGE][PASSED] - Text 'Directory Information' is present on page 

2019-11-27 09:30:54 - [TEST_STEP][PASSED] - verifyTextPresent("You can opt to upgrade your membership to be included in one of the printed directories", false): Text 'You can opt to upgrade your membership to be included in one of the printed directories' is present on page 

2019-11-27 09:30:54 - [MESSAGE][PASSED] - Text 'You can opt to upgrade your membership to be included in one of the printed directories' is present on page 

2019-11-27 09:30:54 - [TEST_STEP][PASSED] - verifyTextPresent("households within your working area", false): Text 'households within your working area' is present on page 

2019-11-27 09:30:54 - [MESSAGE][PASSED] - Text 'households within your working area' is present on page 

2019-11-27 09:30:54 - [TEST_STEP][PASSED] - verifyTextPresent("We allow several allocations for each trade and these vary depending on consumer demand", false): Text 'We allow several allocations for each trade and these vary depending on consumer demand' is present on page 

2019-11-27 09:30:54 - [MESSAGE][PASSED] - Text 'We allow several allocations for each trade and these vary depending on consumer demand' is present on page 

2019-11-27 09:30:54 - [TEST_STEP][PASSED] - verifyTextPresent("so if you would like to see if there is space available in an area which suits you", false): Text 'so if you would like to see if there is space available in an area which suits you' is present on page 

2019-11-27 09:30:54 - [MESSAGE][PASSED] - Text 'so if you would like to see if there is space available in an area which suits you' is present on page 

2019-11-27 09:30:54 - [TEST_STEP][PASSED] - verifyTextPresent("best to speak with us directly so that we can give you further information and run through pricing and payment options", false): Text 'best to speak with us directly so that we can give you further information and run through pricing and payment options' is present on page 

2019-11-27 09:30:55 - [MESSAGE][PASSED] - Text 'best to speak with us directly so that we can give you further information and run through pricing and payment options' is present on page 

2019-11-27 09:30:55 - [MESSAGE][INFO] - =================== Smart XPath Report =======================

2019-11-27 09:30:55 - [MESSAGE][INFO] - Refer to the link below to preview and approve auto healing on broken test objects.

2019-11-27 09:30:55 - [MESSAGE][INFO] - https://docs.katalon.com/katalon-studio/docs/auto-healing-smart-xpath.html

2019-11-27 09:30:55 - [MESSAGE][INFO] - ===============================================================

2019-11-27 09:30:55 - [MESSAGE][PASSED] - Call Test Case 'Test Cases/Reusable_Test_Sequences/Members_Area/Validation/Advertise' successfully

2019-11-27 09:30:55 - [TEST_STEP][PASSED] - callTestCase(findTestCase("Reusable_Test_Sequences/Members_Area/Banner_Menu/log_Off"), [:], OPTIONAL): Call Test Case 'Test Cases/Reusable_Test_Sequences/Members_Area/Banner_Menu/log_Off' successfully

2019-11-27 09:30:55 - [TEST_CASE][PASSED] - Test Cases/Reusable_Test_Sequences/Members_Area/Banner_Menu/log_Off: Test Cases/Reusable_Test_Sequences/Members_Area/Banner_Menu/log_Off

2019-11-27 09:30:55 - [TEST_STEP][PASSED] - waitForElementClickable(findTestObject("Object Repository/Page_Members Area/a_Log off"), 60): Object 'Object Repository/Page_Members Area/a_Log off' is clickable

2019-11-27 09:30:55 - [MESSAGE][PASSED] - Object 'Object Repository/Page_Members Area/a_Log off' is clickable

2019-11-27 09:30:55 - [TEST_STEP][PASSED] - scrollToElement(findTestObject("Object Repository/Page_Members Area/a_Log off"), 2): Scroll to object 'Object Repository/Page_Members Area/a_Log off' successfully

2019-11-27 09:30:55 - [MESSAGE][PASSED] - Scroll to object 'Object Repository/Page_Members Area/a_Log off' successfully

2019-11-27 09:30:55 - [TEST_STEP][PASSED] - click(findTestObject("Object Repository/Page_Members Area/a_Log off")): Object: 'Object Repository/Page_Members Area/a_Log off' is clicked on

2019-11-27 09:30:55 - [MESSAGE][PASSED] - Object: 'Object Repository/Page_Members Area/a_Log off' is clicked on

2019-11-27 09:30:55 - [MESSAGE][INFO] - =================== Smart XPath Report =======================

2019-11-27 09:30:55 - [MESSAGE][INFO] - Refer to the link below to preview and approve auto healing on broken test objects.

2019-11-27 09:30:55 - [MESSAGE][INFO] - https://docs.katalon.com/katalon-studio/docs/auto-healing-smart-xpath.html

2019-11-27 09:30:55 - [MESSAGE][INFO] - ===============================================================

2019-11-27 09:30:55 - [MESSAGE][PASSED] - Call Test Case 'Test Cases/Reusable_Test_Sequences/Members_Area/Banner_Menu/log_Off' successfully]]></system-out>
         <system-err><![CDATA[]]></system-err>
      </testcase>
      <system-out><![CDATA[2019-11-27 09:30:13 - [TEST_SUITE][PASSED] - Members_Advertising: Test Cases/Members_Area/Advertise_Directory]]></system-out>
      <system-err><![CDATA[]]></system-err>
   </testsuite>
</testsuites>
